[35m[Appium][39m Welcome to Appium v1.20.2
[35m[Appium][39m Non-default server args:
[35m[Appium][39m   port: 55582
[35m[Appium][39m   loglevel: info
[35m[Appium][39m   tmpDir: /var/folders/fv/3lsmmqq16cj0hvn9c57pkryc0000gn/T//Katalon/Appium/Temp1615868994385
[35m[Appium][39m   chromedriverPort: 55583
[35m[Appium][39m Deprecated server args:
[35m[Appium][39m   [31m--chromedriver-port[39m => --default-capabilities
[35m[Appium][39m Default capabilities, which will be added to each request unless overridden by desired capabilities:
[35m[Appium][39m   chromedriverPort: 55583
[35m[Appium][39m Appium REST http interface listener started on 0.0.0.0:55582
[35m[HTTP][39m [37m-->[39m [37mGET[39m [37m/wd/hub/status[39m
[35m[HTTP][39m [90m{}[39m
[35m[HTTP][39m [37m<-- GET /wd/hub/status [39m[32m200[39m [90m5 ms - 68[39m
[35m[HTTP][39m [90m[39m
[35m[HTTP][39m [37m-->[39m [37mPOST[39m [37m/wd/hub/session[39m
[35m[HTTP][39m [90m{"desiredCapabilities":{"app":"/Users/a2274333/Downloads/AppClientes_327-clear-preprod-debug.apk","noReset":false,"deviceId":"","deviceName":"HUAWEI HUAWEI (Android 6.0.1)","fullReset":true,"platform":"ANDROID","newCommandTimeout":1800,"platformVersion":"6.0.1","autoGrantPermissions":true,"platformName":"Android","udid":"L5Y7N15A12003367","systemPort":55581},"capabilities":{"firstMatch":[{"appium:app":"/Users/a2274333/Downloads/AppClientes_327-clear-preprod-debug.apk","appium:autoGrantPermissions":true,"deviceId":"","appium:deviceName":"HUAWEI HUAWEI (Android 6.0.1)","appium:fullReset":true,"appium:newCommandTimeout":1800,"appium:noReset":false,"platform":"ANDROID","platformName":"android","appium:platformVersion":"6.0.1","appium:systemPort":55581,"appium:udid":"L5Y7N15A12003367"}]}}[39m
[35m[BaseDriver][39m The following capabilities are not standard capabilities and should have an extension prefix:
[35m[BaseDriver][39m   deviceId
[35m[BaseDriver][39m   platform
[35m[BaseDriver][39m   chromedriverPort
[35m[Appium][39m 
[35m[Appium][39m ======================================================================
[35m[Appium][39m   DEPRECATION WARNING:
[35m[Appium][39m 
[35m[Appium][39m   The 'automationName' capability was not provided in the desired 
[35m[Appium][39m   capabilities for this Android session
[35m[Appium][39m 
[35m[Appium][39m   Setting 'automationName=UiAutomator2' by default and using the 
[35m[Appium][39m   UiAutomator2 Driver
[35m[Appium][39m 
[35m[Appium][39m   The next major version of Appium (2.x) will **require** the 
[35m[Appium][39m   'automationName' capability to be set for all sessions on all 
[35m[Appium][39m   platforms
[35m[Appium][39m 
[35m[Appium][39m   In previous versions (Appium <= 1.13.x), the default was 
[35m[Appium][39m   'automationName=UiAutomator1'
[35m[Appium][39m 
[35m[Appium][39m   If you wish to use that automation instead of UiAutomator2, please 
[35m[Appium][39m   add 'automationName=UiAutomator1' to your desired capabilities
[35m[Appium][39m 
[35m[Appium][39m   For more information about drivers, please visit 
[35m[Appium][39m   http://appium.io/docs/en/about-appium/intro/ and explore the 
[35m[Appium][39m   'Drivers' menu
[35m[Appium][39m 
[35m[Appium][39m ======================================================================
[35m[Appium][39m 
[35m[Appium][39m Appium v1.20.2 creating new AndroidUiautomator2Driver (v1.61.2) session
[35m[BaseDriver][39m The following capabilities were provided, but are not recognized by Appium:
[35m[BaseDriver][39m   deviceId
[35m[BaseDriver][39m   platform
[35m[BaseDriver][39m Session created with session id: 4eb6d1b5-9db7-4b4f-b5d2-bc3e2235d232
[35m[BaseDriver][39m Using local app '/Users/a2274333/Downloads/AppClientes_327-clear-preprod-debug.apk'
[35m[ADB][39m Found 1 'build-tools' folders under '/Users/a2274333/.katalon/tools/android_sdk' (newest first):
[35m[ADB][39m     /Users/a2274333/.katalon/tools/android_sdk/build-tools/29.0.3
[35m[ADB][39m Using 'adb' from '/Users/a2274333/.katalon/tools/android_sdk/platform-tools/adb'
[35m[AndroidDriver][39m Retrieving device list
[35m[AndroidDriver][39m Using device: L5Y7N15A12003367
[35m[ADB][39m Using 'adb' from '/Users/a2274333/.katalon/tools/android_sdk/platform-tools/adb'
[35m[ADB][39m Package name: 'com.banorte.segurosdev'
[35m[ADB][39m Main activity name: 'com.banorte.seguros.vistas.general.EmptyStateScreen'
[35m[AndroidDriver][39m Granting permissions SET_ANIMATION_SCALE,CHANGE_CONFIGURATION,ACCESS_FINE_LOCATION to 'io.appium.settings'
[35m[ADB][39m Using 'apksigner.jar' from '/Users/a2274333/.katalon/tools/android_sdk/build-tools/29.0.3/lib/apksigner.jar'
[35m[ADB][39m '/Users/a2274333/node_modules/appium/node_modules/appium-uiautomator2-server/apks/appium-uiautomator2-server-v4.17.4.apk' is signed with the default certificate
[35m[ADB][39m '/Users/a2274333/node_modules/appium/node_modules/appium-uiautomator2-server/apks/appium-uiautomator2-server-debug-androidTest.apk' is signed with the default certificate
[35m[UiAutomator2][39m Server packages are not going to be (re)installed
[35m[ADB][39m Adding packages ["io.appium.settings","io.appium.uiautomator2.server","io.appium.uiautomator2.server.test"] to Doze whitelist
[35m[ADB][39m '/Users/a2274333/Downloads/AppClientes_327-clear-preprod-debug.apk' is signed with a non-default certificate
[35m[ADB][39m com.banorte.segurosdev was not uninstalled, because it was not present on the device
[35m[ADB][39m The application at '/Users/a2274333/Downloads/AppClientes_327-clear-preprod-debug.apk' is already cached to '/data/local/tmp/appium_cache/940849ba0c1b2fd651806cef90e91f0cb398620f.apk'
[35m[ADB][39m The installation of 'AppClientes_327-clear-preprod-debug.apk' took 35771ms
[35m[UiAutomator2][39m Starting UIAutomator2 server 4.17.4
[35m[UiAutomator2][39m Using UIAutomator2 server from '/Users/a2274333/node_modules/appium/node_modules/appium-uiautomator2-server/apks/appium-uiautomator2-server-v4.17.4.apk' and test from '/Users/a2274333/node_modules/appium/node_modules/appium-uiautomator2-server/apks/appium-uiautomator2-server-debug-androidTest.apk'
[35m[UiAutomator2][39m Waiting up to 30000ms for UiAutomator2 to be online...
[35m[WD Proxy][39m socket hang up
[35m[WD Proxy][39m socket hang up
[35m[WD Proxy][39m socket hang up
[35m[WD Proxy][39m socket hang up
[35m[WD Proxy][39m Determined the downstream protocol as 'W3C'
[35m[AndroidDriver][39m Screen already unlocked, doing nothing
[35m[UiAutomator2][39m Starting 'com.banorte.segurosdev/com.banorte.seguros.vistas.general.EmptyStateScreen and waiting for 'com.banorte.segurosdev/com.banorte.seguros.vistas.general.EmptyStateScreen'
[35m[Appium][39m New AndroidUiautomator2Driver session created successfully, session 4eb6d1b5-9db7-4b4f-b5d2-bc3e2235d232 added to master session list
[35m[HTTP][39m [37m<-- POST /wd/hub/session [39m[32m200[39m [90m55006 ms - 1269[39m
[35m[HTTP][39m [90m[39m
[35m[HTTP][39m [37m-->[39m [37mGET[39m [37m/wd/hub/session/4eb6d1b5-9db7-4b4f-b5d2-bc3e2235d232[39m
[35m[HTTP][39m [90m{}[39m
[35m[HTTP][39m [37m<-- GET /wd/hub/session/4eb6d1b5-9db7-4b4f-b5d2-bc3e2235d232 [39m[32m200[39m [90m11 ms - 1223[39m
[35m[HTTP][39m [90m[39m
[35m[HTTP][39m [37m-->[39m [37mGET[39m [37m/wd/hub/session/4eb6d1b5-9db7-4b4f-b5d2-bc3e2235d232[39m
[35m[HTTP][39m [90m{}[39m
[35m[HTTP][39m [37m<-- GET /wd/hub/session/4eb6d1b5-9db7-4b4f-b5d2-bc3e2235d232 [39m[32m200[39m [90m9 ms - 1223[39m
[35m[HTTP][39m [90m[39m
[35m[HTTP][39m [37m-->[39m [37mGET[39m [37m/wd/hub/status[39m
[35m[HTTP][39m [90m{}[39m
[35m[HTTP][39m [37m<-- GET /wd/hub/status [39m[32m200[39m [90m1 ms - 68[39m
[35m[HTTP][39m [90m[39m
[35m[HTTP][39m [37m-->[39m [37mPOST[39m [37m/wd/hub/session/4eb6d1b5-9db7-4b4f-b5d2-bc3e2235d232/timeouts[39m
[35m[HTTP][39m [90m{"implicit":30000}[39m
[35m[HTTP][39m [37m<-- POST /wd/hub/session/4eb6d1b5-9db7-4b4f-b5d2-bc3e2235d232/timeouts [39m[32m200[39m [90m2 ms - 14[39m
[35m[HTTP][39m [90m[39m
[35m[HTTP][39m [37m-->[39m [37mGET[39m [37m/wd/hub/session/4eb6d1b5-9db7-4b4f-b5d2-bc3e2235d232/screenshot[39m
[35m[HTTP][39m [90m{}[39m
[35m[HTTP][39m [37m<-- GET /wd/hub/session/4eb6d1b5-9db7-4b4f-b5d2-bc3e2235d232/screenshot [39m[32m200[39m [90m491 ms - 40790[39m
[35m[HTTP][39m [90m[39m
[35m[HTTP][39m [37m-->[39m [37mGET[39m [37m/wd/hub/session/4eb6d1b5-9db7-4b4f-b5d2-bc3e2235d232/window/rect[39m
[35m[HTTP][39m [90m{}[39m
[35m[HTTP][39m [37m<-- GET /wd/hub/session/4eb6d1b5-9db7-4b4f-b5d2-bc3e2235d232/window/rect [39m[32m200[39m [90m18 ms - 49[39m
[35m[HTTP][39m [90m[39m
[35m[HTTP][39m [37m-->[39m [37mGET[39m [37m/wd/hub/session/4eb6d1b5-9db7-4b4f-b5d2-bc3e2235d232/appium/device/system_bars[39m
[35m[HTTP][39m [90m{}[39m
[35m[HTTP][39m [37m<-- GET /wd/hub/session/4eb6d1b5-9db7-4b4f-b5d2-bc3e2235d232/appium/device/system_bars [39m[32m200[39m [90m63 ms - 148[39m
[35m[HTTP][39m [90m[39m
[35m[HTTP][39m [37m-->[39m [37mPOST[39m [37m/wd/hub/session/4eb6d1b5-9db7-4b4f-b5d2-bc3e2235d232/timeouts[39m
[35m[HTTP][39m [90m{"implicit":50}[39m
[35m[HTTP][39m [37m<-- POST /wd/hub/session/4eb6d1b5-9db7-4b4f-b5d2-bc3e2235d232/timeouts [39m[32m200[39m [90m2 ms - 14[39m
[35m[HTTP][39m [90m[39m
[35m[HTTP][39m [37m-->[39m [37mGET[39m [37m/wd/hub/session/4eb6d1b5-9db7-4b4f-b5d2-bc3e2235d232/window/rect[39m
[35m[HTTP][39m [90m{}[39m
[35m[HTTP][39m [37m<-- GET /wd/hub/session/4eb6d1b5-9db7-4b4f-b5d2-bc3e2235d232/window/rect [39m[32m200[39m [90m10 ms - 49[39m
[35m[HTTP][39m [90m[39m
[35m[HTTP][39m [37m-->[39m [37mPOST[39m [37m/wd/hub/session/4eb6d1b5-9db7-4b4f-b5d2-bc3e2235d232/elements[39m
[35m[HTTP][39m [90m{"using":"xpath","value":"//*[@class = 'android.widget.Button' and (@text = 'Permitir' or . = 'Permitir') and @resource-id = 'android:id/button1']"}[39m
[35m[HTTP][39m [37m<-- POST /wd/hub/session/4eb6d1b5-9db7-4b4f-b5d2-bc3e2235d232/elements [39m[32m200[39m [90m106 ms - 139[39m
[35m[HTTP][39m [90m[39m
[35m[HTTP][39m [37m-->[39m [37mGET[39m [37m/wd/hub/session/4eb6d1b5-9db7-4b4f-b5d2-bc3e2235d232/element/2d6f7ed8-062b-4cba-92d7-2b08042e6515/location[39m
[35m[HTTP][39m [90m{}[39m
[35m[W3C (4eb6d1b5)][39m Driver proxy active, passing request on via HTTP proxy
[35m[WD Proxy][39m Replacing sessionId 34d93024-734f-422c-8106-7af804004328 with 4eb6d1b5-9db7-4b4f-b5d2-bc3e2235d232
[35m[HTTP][39m [37m<-- GET /wd/hub/session/4eb6d1b5-9db7-4b4f-b5d2-bc3e2235d232/element/2d6f7ed8-062b-4cba-92d7-2b08042e6515/location [39m[32m200[39m [90m17 ms - 78[39m
[35m[HTTP][39m [90m[39m
[35m[HTTP][39m [37m-->[39m [37mPOST[39m [37m/wd/hub/session/4eb6d1b5-9db7-4b4f-b5d2-bc3e2235d232/timeouts[39m
[35m[HTTP][39m [90m{"implicit":30000}[39m
[35m[HTTP][39m [37m<-- POST /wd/hub/session/4eb6d1b5-9db7-4b4f-b5d2-bc3e2235d232/timeouts [39m[32m200[39m [90m1 ms - 14[39m
[35m[HTTP][39m [90m[39m
[35m[HTTP][39m [37m-->[39m [37mPOST[39m [37m/wd/hub/session/4eb6d1b5-9db7-4b4f-b5d2-bc3e2235d232/touch/perform[39m
[35m[HTTP][39m [90m{"actions":[{"action":"tap","options":{"x":1,"y":1,"element":"2d6f7ed8-062b-4cba-92d7-2b08042e6515"}},{"action":"release","options":{}}]}[39m
[35m[UiAutomator2][39m calling get location: 2d6f7ed8-062b-4cba-92d7-2b08042e6515
[35m[HTTP][39m [37m<-- POST /wd/hub/session/4eb6d1b5-9db7-4b4f-b5d2-bc3e2235d232/touch/perform [39m[32m200[39m [90m138 ms - 14[39m
[35m[HTTP][39m [90m[39m
[35m[HTTP][39m [37m-->[39m [37mPOST[39m [37m/wd/hub/session/4eb6d1b5-9db7-4b4f-b5d2-bc3e2235d232/timeouts[39m
[35m[HTTP][39m [90m{"implicit":50}[39m
[35m[HTTP][39m [37m<-- POST /wd/hub/session/4eb6d1b5-9db7-4b4f-b5d2-bc3e2235d232/timeouts [39m[32m200[39m [90m1 ms - 14[39m
[35m[HTTP][39m [90m[39m
[35m[HTTP][39m [37m-->[39m [37mGET[39m [37m/wd/hub/session/4eb6d1b5-9db7-4b4f-b5d2-bc3e2235d232/window/rect[39m
[35m[HTTP][39m [90m{}[39m
[35m[HTTP][39m [37m<-- GET /wd/hub/session/4eb6d1b5-9db7-4b4f-b5d2-bc3e2235d232/window/rect [39m[32m200[39m [90m10 ms - 49[39m
[35m[HTTP][39m [90m[39m
[35m[HTTP][39m [37m-->[39m [37mPOST[39m [37m/wd/hub/session/4eb6d1b5-9db7-4b4f-b5d2-bc3e2235d232/elements[39m
[35m[HTTP][39m [90m{"using":"xpath","value":"//*[@class = 'android.widget.Button' and (@text = 'Allow' or . = 'Allow') and @resource-id = 'com.android.packageinstaller:id/permission_allow_button']"}[39m
[35m[HTTP][39m [37m<-- POST /wd/hub/session/4eb6d1b5-9db7-4b4f-b5d2-bc3e2235d232/elements [39m[32m200[39m [90m1464 ms - 139[39m
[35m[HTTP][39m [90m[39m
[35m[HTTP][39m [37m-->[39m [37mGET[39m [37m/wd/hub/session/4eb6d1b5-9db7-4b4f-b5d2-bc3e2235d232/element/16c7156c-881d-4b4e-bb3c-39496096924f/location[39m
[35m[HTTP][39m [90m{}[39m
[35m[W3C (4eb6d1b5)][39m Driver proxy active, passing request on via HTTP proxy
[35m[WD Proxy][39m Replacing sessionId 34d93024-734f-422c-8106-7af804004328 with 4eb6d1b5-9db7-4b4f-b5d2-bc3e2235d232
[35m[HTTP][39m [37m<-- GET /wd/hub/session/4eb6d1b5-9db7-4b4f-b5d2-bc3e2235d232/element/16c7156c-881d-4b4e-bb3c-39496096924f/location [39m[32m200[39m [90m16 ms - 78[39m
[35m[HTTP][39m [90m[39m
[35m[HTTP][39m [37m-->[39m [37mPOST[39m [37m/wd/hub/session/4eb6d1b5-9db7-4b4f-b5d2-bc3e2235d232/timeouts[39m
[35m[HTTP][39m [90m{"implicit":30000}[39m
[35m[HTTP][39m [37m<-- POST /wd/hub/session/4eb6d1b5-9db7-4b4f-b5d2-bc3e2235d232/timeouts [39m[32m200[39m [90m1 ms - 14[39m
[35m[HTTP][39m [90m[39m
[35m[HTTP][39m [37m-->[39m [37mPOST[39m [37m/wd/hub/session/4eb6d1b5-9db7-4b4f-b5d2-bc3e2235d232/touch/perform[39m
[35m[HTTP][39m [90m{"actions":[{"action":"tap","options":{"x":1,"y":1,"element":"16c7156c-881d-4b4e-bb3c-39496096924f"}},{"action":"release","options":{}}]}[39m
[35m[UiAutomator2][39m calling get location: 16c7156c-881d-4b4e-bb3c-39496096924f
[35m[HTTP][39m [37m<-- POST /wd/hub/session/4eb6d1b5-9db7-4b4f-b5d2-bc3e2235d232/touch/perform [39m[32m200[39m [90m134 ms - 14[39m
[35m[HTTP][39m [90m[39m
[35m[HTTP][39m [37m-->[39m [37mGET[39m [37m/wd/hub/session/4eb6d1b5-9db7-4b4f-b5d2-bc3e2235d232/context[39m
[35m[HTTP][39m [90m{}[39m
[35m[HTTP][39m [37m<-- GET /wd/hub/session/4eb6d1b5-9db7-4b4f-b5d2-bc3e2235d232/context [39m[32m200[39m [90m1 ms - 22[39m
[35m[HTTP][39m [90m[39m
[35m[HTTP][39m [37m-->[39m [37mGET[39m [37m/wd/hub/session/4eb6d1b5-9db7-4b4f-b5d2-bc3e2235d232/contexts[39m
[35m[HTTP][39m [90m{}[39m
[35m[HTTP][39m [37m<-- GET /wd/hub/session/4eb6d1b5-9db7-4b4f-b5d2-bc3e2235d232/contexts [39m[32m200[39m [90m56 ms - 24[39m
[35m[HTTP][39m [90m[39m
[35m[HTTP][39m [37m-->[39m [37mPOST[39m [37m/wd/hub/session/4eb6d1b5-9db7-4b4f-b5d2-bc3e2235d232/context[39m
[35m[HTTP][39m [90m{"name":"NATIVE_APP"}[39m
[35m[HTTP][39m [37m<-- POST /wd/hub/session/4eb6d1b5-9db7-4b4f-b5d2-bc3e2235d232/context [39m[32m200[39m [90m1 ms - 14[39m
[35m[HTTP][39m [90m[39m
[35m[HTTP][39m [37m-->[39m [37mGET[39m [37m/wd/hub/session/4eb6d1b5-9db7-4b4f-b5d2-bc3e2235d232/screenshot[39m
[35m[HTTP][39m [90m{}[39m
[35m[HTTP][39m [37m<-- GET /wd/hub/session/4eb6d1b5-9db7-4b4f-b5d2-bc3e2235d232/screenshot [39m[32m200[39m [90m1615 ms - 1045850[39m
[35m[HTTP][39m [90m[39m
[35m[HTTP][39m [37m-->[39m [37mPOST[39m [37m/wd/hub/session/4eb6d1b5-9db7-4b4f-b5d2-bc3e2235d232/context[39m
[35m[HTTP][39m [90m{"name":"NATIVE_APP"}[39m
[35m[HTTP][39m [37m<-- POST /wd/hub/session/4eb6d1b5-9db7-4b4f-b5d2-bc3e2235d232/context [39m[32m200[39m [90m2 ms - 14[39m
[35m[HTTP][39m [90m[39m
[35m[HTTP][39m [37m-->[39m [37mPOST[39m [37m/wd/hub/session/4eb6d1b5-9db7-4b4f-b5d2-bc3e2235d232/timeouts[39m
[35m[HTTP][39m [90m{"implicit":50}[39m
[35m[HTTP][39m [37m<-- POST /wd/hub/session/4eb6d1b5-9db7-4b4f-b5d2-bc3e2235d232/timeouts [39m[32m200[39m [90m1 ms - 14[39m
[35m[HTTP][39m [90m[39m
[35m[HTTP][39m [37m-->[39m [37mGET[39m [37m/wd/hub/session/4eb6d1b5-9db7-4b4f-b5d2-bc3e2235d232/window/rect[39m
[35m[HTTP][39m [90m{}[39m
[35m[HTTP][39m [37m<-- GET /wd/hub/session/4eb6d1b5-9db7-4b4f-b5d2-bc3e2235d232/window/rect [39m[32m200[39m [90m15 ms - 49[39m
[35m[HTTP][39m [90m[39m
[35m[HTTP][39m [37m-->[39m [37mPOST[39m [37m/wd/hub/session/4eb6d1b5-9db7-4b4f-b5d2-bc3e2235d232/elements[39m
[35m[HTTP][39m [90m{"using":"xpath","value":"//*[@class = 'android.widget.Button' and (@text = 'Iniciar Sesión' or . = 'Iniciar Sesión') and @resource-id = 'com.banorte.segurosdev:id/btn_inicio']"}[39m
[35m[HTTP][39m [37m<-- POST /wd/hub/session/4eb6d1b5-9db7-4b4f-b5d2-bc3e2235d232/elements [39m[32m200[39m [90m51 ms - 139[39m
[35m[HTTP][39m [90m[39m
[35m[HTTP][39m [37m-->[39m [37mGET[39m [37m/wd/hub/session/4eb6d1b5-9db7-4b4f-b5d2-bc3e2235d232/element/844033a0-a9aa-4495-a16f-1e15514dd0e2/location[39m
[35m[HTTP][39m [90m{}[39m
[35m[W3C (4eb6d1b5)][39m Driver proxy active, passing request on via HTTP proxy
[35m[WD Proxy][39m Replacing sessionId 34d93024-734f-422c-8106-7af804004328 with 4eb6d1b5-9db7-4b4f-b5d2-bc3e2235d232
[35m[HTTP][39m [37m<-- GET /wd/hub/session/4eb6d1b5-9db7-4b4f-b5d2-bc3e2235d232/element/844033a0-a9aa-4495-a16f-1e15514dd0e2/location [39m[32m200[39m [90m15 ms - 79[39m
[35m[HTTP][39m [90m[39m
[35m[HTTP][39m [37m-->[39m [37mPOST[39m [37m/wd/hub/session/4eb6d1b5-9db7-4b4f-b5d2-bc3e2235d232/timeouts[39m
[35m[HTTP][39m [90m{"implicit":30000}[39m
[35m[HTTP][39m [37m<-- POST /wd/hub/session/4eb6d1b5-9db7-4b4f-b5d2-bc3e2235d232/timeouts [39m[32m200[39m [90m1 ms - 14[39m
[35m[HTTP][39m [90m[39m
[35m[HTTP][39m [37m-->[39m [37mPOST[39m [37m/wd/hub/session/4eb6d1b5-9db7-4b4f-b5d2-bc3e2235d232/touch/perform[39m
[35m[HTTP][39m [90m{"actions":[{"action":"tap","options":{"x":1,"y":1,"element":"844033a0-a9aa-4495-a16f-1e15514dd0e2"}},{"action":"release","options":{}}]}[39m
[35m[UiAutomator2][39m calling get location: 844033a0-a9aa-4495-a16f-1e15514dd0e2
[35m[HTTP][39m [37m<-- POST /wd/hub/session/4eb6d1b5-9db7-4b4f-b5d2-bc3e2235d232/touch/perform [39m[32m200[39m [90m669 ms - 14[39m
[35m[HTTP][39m [90m[39m
[35m[HTTP][39m [37m-->[39m [37mGET[39m [37m/wd/hub/session/4eb6d1b5-9db7-4b4f-b5d2-bc3e2235d232/context[39m
[35m[HTTP][39m [90m{}[39m
[35m[HTTP][39m [37m<-- GET /wd/hub/session/4eb6d1b5-9db7-4b4f-b5d2-bc3e2235d232/context [39m[32m200[39m [90m2 ms - 22[39m
[35m[HTTP][39m [90m[39m
[35m[HTTP][39m [37m-->[39m [37mGET[39m [37m/wd/hub/session/4eb6d1b5-9db7-4b4f-b5d2-bc3e2235d232/contexts[39m
[35m[HTTP][39m [90m{}[39m
[35m[HTTP][39m [37m<-- GET /wd/hub/session/4eb6d1b5-9db7-4b4f-b5d2-bc3e2235d232/contexts [39m[32m200[39m [90m56 ms - 24[39m
[35m[HTTP][39m [90m[39m
[35m[HTTP][39m [37m-->[39m [37mPOST[39m [37m/wd/hub/session/4eb6d1b5-9db7-4b4f-b5d2-bc3e2235d232/context[39m
[35m[HTTP][39m [90m{"name":"NATIVE_APP"}[39m
[35m[HTTP][39m [37m<-- POST /wd/hub/session/4eb6d1b5-9db7-4b4f-b5d2-bc3e2235d232/context [39m[32m200[39m [90m1 ms - 14[39m
[35m[HTTP][39m [90m[39m
[35m[HTTP][39m [37m-->[39m [37mGET[39m [37m/wd/hub/session/4eb6d1b5-9db7-4b4f-b5d2-bc3e2235d232/screenshot[39m
[35m[HTTP][39m [90m{}[39m
[35m[HTTP][39m [37m<-- GET /wd/hub/session/4eb6d1b5-9db7-4b4f-b5d2-bc3e2235d232/screenshot [39m[32m200[39m [90m1306 ms - 687924[39m
[35m[HTTP][39m [90m[39m
[35m[HTTP][39m [37m-->[39m [37mPOST[39m [37m/wd/hub/session/4eb6d1b5-9db7-4b4f-b5d2-bc3e2235d232/context[39m
[35m[HTTP][39m [90m{"name":"NATIVE_APP"}[39m
[35m[HTTP][39m [37m<-- POST /wd/hub/session/4eb6d1b5-9db7-4b4f-b5d2-bc3e2235d232/context [39m[32m200[39m [90m1 ms - 14[39m
[35m[HTTP][39m [90m[39m
[35m[HTTP][39m [37m-->[39m [37mPOST[39m [37m/wd/hub/session/4eb6d1b5-9db7-4b4f-b5d2-bc3e2235d232/timeouts[39m
[35m[HTTP][39m [90m{"implicit":50}[39m
[35m[HTTP][39m [37m<-- POST /wd/hub/session/4eb6d1b5-9db7-4b4f-b5d2-bc3e2235d232/timeouts [39m[32m200[39m [90m3 ms - 14[39m
[35m[HTTP][39m [90m[39m
[35m[HTTP][39m [37m-->[39m [37mGET[39m [37m/wd/hub/session/4eb6d1b5-9db7-4b4f-b5d2-bc3e2235d232/window/rect[39m
[35m[HTTP][39m [90m{}[39m
[35m[HTTP][39m [37m<-- GET /wd/hub/session/4eb6d1b5-9db7-4b4f-b5d2-bc3e2235d232/window/rect [39m[32m200[39m [90m12 ms - 49[39m
[35m[HTTP][39m [90m[39m
[35m[HTTP][39m [37m-->[39m [37mPOST[39m [37m/wd/hub/session/4eb6d1b5-9db7-4b4f-b5d2-bc3e2235d232/elements[39m
[35m[HTTP][39m [90m{"using":"xpath","value":"//*[@class = 'android.widget.EditText' and @resource-id = 'com.banorte.segurosdev:id/login_txt_usuario' and (@text = '' or . = '')]"}[39m
[35m[HTTP][39m [37m<-- POST /wd/hub/session/4eb6d1b5-9db7-4b4f-b5d2-bc3e2235d232/elements [39m[32m200[39m [90m74 ms - 139[39m
[35m[HTTP][39m [90m[39m
[35m[HTTP][39m [37m-->[39m [37mGET[39m [37m/wd/hub/session/4eb6d1b5-9db7-4b4f-b5d2-bc3e2235d232/element/d1db13ed-c697-46b3-b3de-e908937b7853/location[39m
[35m[HTTP][39m [90m{}[39m
[35m[W3C (4eb6d1b5)][39m Driver proxy active, passing request on via HTTP proxy
[35m[WD Proxy][39m Replacing sessionId 34d93024-734f-422c-8106-7af804004328 with 4eb6d1b5-9db7-4b4f-b5d2-bc3e2235d232
[35m[HTTP][39m [37m<-- GET /wd/hub/session/4eb6d1b5-9db7-4b4f-b5d2-bc3e2235d232/element/d1db13ed-c697-46b3-b3de-e908937b7853/location [39m[32m200[39m [90m16 ms - 77[39m
[35m[HTTP][39m [90m[39m
[35m[HTTP][39m [37m-->[39m [37mPOST[39m [37m/wd/hub/session/4eb6d1b5-9db7-4b4f-b5d2-bc3e2235d232/timeouts[39m
[35m[HTTP][39m [90m{"implicit":30000}[39m
[35m[HTTP][39m [37m<-- POST /wd/hub/session/4eb6d1b5-9db7-4b4f-b5d2-bc3e2235d232/timeouts [39m[32m200[39m [90m1 ms - 14[39m
[35m[HTTP][39m [90m[39m
[35m[HTTP][39m [37m-->[39m [37mPOST[39m [37m/wd/hub/session/4eb6d1b5-9db7-4b4f-b5d2-bc3e2235d232/element/d1db13ed-c697-46b3-b3de-e908937b7853/clear[39m
[35m[HTTP][39m [90m{"id":"d1db13ed-c697-46b3-b3de-e908937b7853"}[39m
[35m[HTTP][39m [37m<-- POST /wd/hub/session/4eb6d1b5-9db7-4b4f-b5d2-bc3e2235d232/element/d1db13ed-c697-46b3-b3de-e908937b7853/clear [39m[32m200[39m [90m29 ms - 14[39m
[35m[HTTP][39m [90m[39m
[35m[HTTP][39m [37m-->[39m [37mPOST[39m [37m/wd/hub/session/4eb6d1b5-9db7-4b4f-b5d2-bc3e2235d232/element/d1db13ed-c697-46b3-b3de-e908937b7853/value[39m
[35m[HTTP][39m [90m{"id":"d1db13ed-c697-46b3-b3de-e908937b7853","text":"testing.syp@banorte.com","value":["t","e","s","t","i","n","g",".","s","y","p","@","b","a","n","o","r","t","e",".","c","o","m"]}[39m
[35m[HTTP][39m [37m<-- POST /wd/hub/session/4eb6d1b5-9db7-4b4f-b5d2-bc3e2235d232/element/d1db13ed-c697-46b3-b3de-e908937b7853/value [39m[32m200[39m [90m502 ms - 14[39m
[35m[HTTP][39m [90m[39m
[35m[HTTP][39m [37m-->[39m [37mPOST[39m [37m/wd/hub/session/4eb6d1b5-9db7-4b4f-b5d2-bc3e2235d232/timeouts[39m
[35m[HTTP][39m [90m{"implicit":50}[39m
[35m[HTTP][39m [37m<-- POST /wd/hub/session/4eb6d1b5-9db7-4b4f-b5d2-bc3e2235d232/timeouts [39m[32m200[39m [90m1 ms - 14[39m
[35m[HTTP][39m [90m[39m
[35m[HTTP][39m [37m-->[39m [37mGET[39m [37m/wd/hub/session/4eb6d1b5-9db7-4b4f-b5d2-bc3e2235d232/window/rect[39m
[35m[HTTP][39m [90m{}[39m
[35m[HTTP][39m [37m<-- GET /wd/hub/session/4eb6d1b5-9db7-4b4f-b5d2-bc3e2235d232/window/rect [39m[32m200[39m [90m10 ms - 49[39m
[35m[HTTP][39m [90m[39m
[35m[HTTP][39m [37m-->[39m [37mPOST[39m [37m/wd/hub/session/4eb6d1b5-9db7-4b4f-b5d2-bc3e2235d232/elements[39m
[35m[HTTP][39m [90m{"using":"xpath","value":"//*[@class = 'android.widget.EditText' and @resource-id = 'com.banorte.segurosdev:id/login_txt_contrasena' and (@text = '' or . = '')]"}[39m
[35m[HTTP][39m [37m<-- POST /wd/hub/session/4eb6d1b5-9db7-4b4f-b5d2-bc3e2235d232/elements [39m[32m200[39m [90m476 ms - 139[39m
[35m[HTTP][39m [90m[39m
[35m[HTTP][39m [37m-->[39m [37mGET[39m [37m/wd/hub/session/4eb6d1b5-9db7-4b4f-b5d2-bc3e2235d232/element/b21af8af-b499-4fde-abd8-e52b6419a612/location[39m
[35m[HTTP][39m [90m{}[39m
[35m[W3C (4eb6d1b5)][39m Driver proxy active, passing request on via HTTP proxy
[35m[WD Proxy][39m Replacing sessionId 34d93024-734f-422c-8106-7af804004328 with 4eb6d1b5-9db7-4b4f-b5d2-bc3e2235d232
[35m[HTTP][39m [37m<-- GET /wd/hub/session/4eb6d1b5-9db7-4b4f-b5d2-bc3e2235d232/element/b21af8af-b499-4fde-abd8-e52b6419a612/location [39m[32m200[39m [90m13 ms - 77[39m
[35m[HTTP][39m [90m[39m
[35m[HTTP][39m [37m-->[39m [37mPOST[39m [37m/wd/hub/session/4eb6d1b5-9db7-4b4f-b5d2-bc3e2235d232/timeouts[39m
[35m[HTTP][39m [90m{"implicit":30000}[39m
[35m[HTTP][39m [37m<-- POST /wd/hub/session/4eb6d1b5-9db7-4b4f-b5d2-bc3e2235d232/timeouts [39m[32m200[39m [90m1 ms - 14[39m
[35m[HTTP][39m [90m[39m
[35m[HTTP][39m [37m-->[39m [37mPOST[39m [37m/wd/hub/session/4eb6d1b5-9db7-4b4f-b5d2-bc3e2235d232/element/b21af8af-b499-4fde-abd8-e52b6419a612/clear[39m
[35m[HTTP][39m [90m{"id":"b21af8af-b499-4fde-abd8-e52b6419a612"}[39m
[35m[HTTP][39m [37m<-- POST /wd/hub/session/4eb6d1b5-9db7-4b4f-b5d2-bc3e2235d232/element/b21af8af-b499-4fde-abd8-e52b6419a612/clear [39m[32m200[39m [90m20 ms - 14[39m
[35m[HTTP][39m [90m[39m
[35m[HTTP][39m [37m-->[39m [37mPOST[39m [37m/wd/hub/session/4eb6d1b5-9db7-4b4f-b5d2-bc3e2235d232/element/b21af8af-b499-4fde-abd8-e52b6419a612/value[39m
[35m[HTTP][39m [90m{"id":"b21af8af-b499-4fde-abd8-e52b6419a612","text":"Passw0rd","value":["P","a","s","s","w","0","r","d"]}[39m
[35m[HTTP][39m [37m<-- POST /wd/hub/session/4eb6d1b5-9db7-4b4f-b5d2-bc3e2235d232/element/b21af8af-b499-4fde-abd8-e52b6419a612/value [39m[32m200[39m [90m521 ms - 14[39m
[35m[HTTP][39m [90m[39m
[35m[HTTP][39m [37m-->[39m [37mPOST[39m [37m/wd/hub/session/4eb6d1b5-9db7-4b4f-b5d2-bc3e2235d232/timeouts[39m
[35m[HTTP][39m [90m{"implicit":50}[39m
[35m[HTTP][39m [37m<-- POST /wd/hub/session/4eb6d1b5-9db7-4b4f-b5d2-bc3e2235d232/timeouts [39m[32m200[39m [90m1 ms - 14[39m
[35m[HTTP][39m [90m[39m
[35m[HTTP][39m [37m-->[39m [37mGET[39m [37m/wd/hub/session/4eb6d1b5-9db7-4b4f-b5d2-bc3e2235d232/window/rect[39m
[35m[HTTP][39m [90m{}[39m
[35m[HTTP][39m [37m<-- GET /wd/hub/session/4eb6d1b5-9db7-4b4f-b5d2-bc3e2235d232/window/rect [39m[32m200[39m [90m12 ms - 49[39m
[35m[HTTP][39m [90m[39m
[35m[HTTP][39m [37m-->[39m [37mPOST[39m [37m/wd/hub/session/4eb6d1b5-9db7-4b4f-b5d2-bc3e2235d232/elements[39m
[35m[HTTP][39m [90m{"using":"xpath","value":"//*[@class = 'android.widget.Button' and (@text = 'Ingresar' or . = 'Ingresar') and @resource-id = 'com.banorte.segurosdev:id/btn_iniciar_sesion']"}[39m
[35m[HTTP][39m [37m<-- POST /wd/hub/session/4eb6d1b5-9db7-4b4f-b5d2-bc3e2235d232/elements [39m[32m200[39m [90m466 ms - 139[39m
[35m[HTTP][39m [90m[39m
[35m[HTTP][39m [37m-->[39m [37mGET[39m [37m/wd/hub/session/4eb6d1b5-9db7-4b4f-b5d2-bc3e2235d232/element/51595c41-4097-4914-9fb3-090dd404c8a2/location[39m
[35m[HTTP][39m [90m{}[39m
[35m[W3C (4eb6d1b5)][39m Driver proxy active, passing request on via HTTP proxy
[35m[WD Proxy][39m Replacing sessionId 34d93024-734f-422c-8106-7af804004328 with 4eb6d1b5-9db7-4b4f-b5d2-bc3e2235d232
[35m[HTTP][39m [37m<-- GET /wd/hub/session/4eb6d1b5-9db7-4b4f-b5d2-bc3e2235d232/element/51595c41-4097-4914-9fb3-090dd404c8a2/location [39m[32m200[39m [90m12 ms - 77[39m
[35m[HTTP][39m [90m[39m
[35m[HTTP][39m [37m-->[39m [37mPOST[39m [37m/wd/hub/session/4eb6d1b5-9db7-4b4f-b5d2-bc3e2235d232/timeouts[39m
[35m[HTTP][39m [90m{"implicit":30000}[39m
[35m[HTTP][39m [37m<-- POST /wd/hub/session/4eb6d1b5-9db7-4b4f-b5d2-bc3e2235d232/timeouts [39m[32m200[39m [90m1 ms - 14[39m
[35m[HTTP][39m [90m[39m
[35m[HTTP][39m [37m-->[39m [37mPOST[39m [37m/wd/hub/session/4eb6d1b5-9db7-4b4f-b5d2-bc3e2235d232/touch/perform[39m
[35m[HTTP][39m [90m{"actions":[{"action":"tap","options":{"x":1,"y":1,"element":"51595c41-4097-4914-9fb3-090dd404c8a2"}},{"action":"release","options":{}}]}[39m
[35m[UiAutomator2][39m calling get location: 51595c41-4097-4914-9fb3-090dd404c8a2
[35m[HTTP][39m [37m<-- POST /wd/hub/session/4eb6d1b5-9db7-4b4f-b5d2-bc3e2235d232/touch/perform [39m[32m200[39m [90m137 ms - 14[39m
[35m[HTTP][39m [90m[39m
[35m[HTTP][39m [37m-->[39m [37mGET[39m [37m/wd/hub/session/4eb6d1b5-9db7-4b4f-b5d2-bc3e2235d232/context[39m
[35m[HTTP][39m [90m{}[39m
[35m[HTTP][39m [37m<-- GET /wd/hub/session/4eb6d1b5-9db7-4b4f-b5d2-bc3e2235d232/context [39m[32m200[39m [90m1 ms - 22[39m
[35m[HTTP][39m [90m[39m
[35m[HTTP][39m [37m-->[39m [37mGET[39m [37m/wd/hub/session/4eb6d1b5-9db7-4b4f-b5d2-bc3e2235d232/contexts[39m
[35m[HTTP][39m [90m{}[39m
[35m[HTTP][39m [37m<-- GET /wd/hub/session/4eb6d1b5-9db7-4b4f-b5d2-bc3e2235d232/contexts [39m[32m200[39m [90m57 ms - 24[39m
[35m[HTTP][39m [90m[39m
[35m[HTTP][39m [37m-->[39m [37mPOST[39m [37m/wd/hub/session/4eb6d1b5-9db7-4b4f-b5d2-bc3e2235d232/context[39m
[35m[HTTP][39m [90m{"name":"NATIVE_APP"}[39m
[35m[HTTP][39m [37m<-- POST /wd/hub/session/4eb6d1b5-9db7-4b4f-b5d2-bc3e2235d232/context [39m[32m200[39m [90m1 ms - 14[39m
[35m[HTTP][39m [90m[39m
[35m[HTTP][39m [37m-->[39m [37mGET[39m [37m/wd/hub/session/4eb6d1b5-9db7-4b4f-b5d2-bc3e2235d232/screenshot[39m
[35m[HTTP][39m [90m{}[39m
[35m[HTTP][39m [37m<-- GET /wd/hub/session/4eb6d1b5-9db7-4b4f-b5d2-bc3e2235d232/screenshot [39m[32m200[39m [90m1377 ms - 677008[39m
[35m[HTTP][39m [90m[39m
[35m[HTTP][39m [37m-->[39m [37mPOST[39m [37m/wd/hub/session/4eb6d1b5-9db7-4b4f-b5d2-bc3e2235d232/context[39m
[35m[HTTP][39m [90m{"name":"NATIVE_APP"}[39m
[35m[HTTP][39m [37m<-- POST /wd/hub/session/4eb6d1b5-9db7-4b4f-b5d2-bc3e2235d232/context [39m[32m200[39m [90m1 ms - 14[39m
[35m[HTTP][39m [90m[39m
[35m[HTTP][39m [37m-->[39m [37mDELETE[39m [37m/wd/hub/session/4eb6d1b5-9db7-4b4f-b5d2-bc3e2235d232[39m
[35m[HTTP][39m [90m{}[39m
[35m[Appium][39m Removing session 4eb6d1b5-9db7-4b4f-b5d2-bc3e2235d232 from our master session list
[35m[ADB][39m com.banorte.segurosdev was successfully uninstalled
[35m[HTTP][39m [37m<-- DELETE /wd/hub/session/4eb6d1b5-9db7-4b4f-b5d2-bc3e2235d232 [39m[32m200[39m [90m3812 ms - 14[39m
[35m[HTTP][39m [90m[39m
