[35m[Appium][39m Welcome to Appium v1.20.2
[35m[Appium][39m Non-default server args:
[35m[Appium][39m   port: 56592
[35m[Appium][39m   loglevel: info
[35m[Appium][39m   tmpDir: /var/folders/fv/3lsmmqq16cj0hvn9c57pkryc0000gn/T//Katalon/Appium/Temp1615875373490
[35m[Appium][39m   chromedriverPort: 56593
[35m[Appium][39m Deprecated server args:
[35m[Appium][39m   [31m--chromedriver-port[39m => --default-capabilities
[35m[Appium][39m Default capabilities, which will be added to each request unless overridden by desired capabilities:
[35m[Appium][39m   chromedriverPort: 56593
[35m[Appium][39m Appium REST http interface listener started on 0.0.0.0:56592
[35m[HTTP][39m [37m-->[39m [37mGET[39m [37m/wd/hub/status[39m
[35m[HTTP][39m [90m{}[39m
[35m[HTTP][39m [37m<-- GET /wd/hub/status [39m[32m200[39m [90m4 ms - 68[39m
[35m[HTTP][39m [90m[39m
[35m[HTTP][39m [37m-->[39m [37mPOST[39m [37m/wd/hub/session[39m
[35m[HTTP][39m [90m{"desiredCapabilities":{"app":"/Users/a2274333/Downloads/AppClientes_327-clear-preprod-debug.apk","noReset":false,"deviceId":"","deviceName":"HUAWEI HUAWEI (Android 6.0.1)","fullReset":true,"platform":"ANDROID","newCommandTimeout":1800,"platformVersion":"6.0.1","autoGrantPermissions":true,"platformName":"Android","udid":"L5Y7N15A12003367","systemPort":56591},"capabilities":{"firstMatch":[{"appium:app":"/Users/a2274333/Downloads/AppClientes_327-clear-preprod-debug.apk","appium:autoGrantPermissions":true,"deviceId":"","appium:deviceName":"HUAWEI HUAWEI (Android 6.0.1)","appium:fullReset":true,"appium:newCommandTimeout":1800,"appium:noReset":false,"platform":"ANDROID","platformName":"android","appium:platformVersion":"6.0.1","appium:systemPort":56591,"appium:udid":"L5Y7N15A12003367"}]}}[39m
[35m[BaseDriver][39m The following capabilities are not standard capabilities and should have an extension prefix:
[35m[BaseDriver][39m   deviceId
[35m[BaseDriver][39m   platform
[35m[BaseDriver][39m   chromedriverPort
[35m[Appium][39m 
[35m[Appium][39m ======================================================================
[35m[Appium][39m   DEPRECATION WARNING:
[35m[Appium][39m 
[35m[Appium][39m   The 'automationName' capability was not provided in the desired 
[35m[Appium][39m   capabilities for this Android session
[35m[Appium][39m 
[35m[Appium][39m   Setting 'automationName=UiAutomator2' by default and using the 
[35m[Appium][39m   UiAutomator2 Driver
[35m[Appium][39m 
[35m[Appium][39m   The next major version of Appium (2.x) will **require** the 
[35m[Appium][39m   'automationName' capability to be set for all sessions on all 
[35m[Appium][39m   platforms
[35m[Appium][39m 
[35m[Appium][39m   In previous versions (Appium <= 1.13.x), the default was 
[35m[Appium][39m   'automationName=UiAutomator1'
[35m[Appium][39m 
[35m[Appium][39m   If you wish to use that automation instead of UiAutomator2, please 
[35m[Appium][39m   add 'automationName=UiAutomator1' to your desired capabilities
[35m[Appium][39m 
[35m[Appium][39m   For more information about drivers, please visit 
[35m[Appium][39m   http://appium.io/docs/en/about-appium/intro/ and explore the 
[35m[Appium][39m   'Drivers' menu
[35m[Appium][39m 
[35m[Appium][39m ======================================================================
[35m[Appium][39m 
[35m[Appium][39m Appium v1.20.2 creating new AndroidUiautomator2Driver (v1.61.2) session
[35m[BaseDriver][39m The following capabilities were provided, but are not recognized by Appium:
[35m[BaseDriver][39m   deviceId
[35m[BaseDriver][39m   platform
[35m[BaseDriver][39m Session created with session id: 92635220-7851-4aa0-b6ee-fa2231da572b
[35m[BaseDriver][39m Using local app '/Users/a2274333/Downloads/AppClientes_327-clear-preprod-debug.apk'
[35m[ADB][39m Found 1 'build-tools' folders under '/Users/a2274333/.katalon/tools/android_sdk' (newest first):
[35m[ADB][39m     /Users/a2274333/.katalon/tools/android_sdk/build-tools/29.0.3
[35m[ADB][39m Using 'adb' from '/Users/a2274333/.katalon/tools/android_sdk/platform-tools/adb'
[35m[AndroidDriver][39m Retrieving device list
[35m[AndroidDriver][39m Using device: L5Y7N15A12003367
[35m[ADB][39m Using 'adb' from '/Users/a2274333/.katalon/tools/android_sdk/platform-tools/adb'
[35m[ADB][39m Package name: 'com.banorte.segurosdev'
[35m[ADB][39m Main activity name: 'com.banorte.seguros.vistas.general.EmptyStateScreen'
[35m[AndroidDriver][39m Granting permissions SET_ANIMATION_SCALE,CHANGE_CONFIGURATION,ACCESS_FINE_LOCATION to 'io.appium.settings'
[35m[ADB][39m Using 'apksigner.jar' from '/Users/a2274333/.katalon/tools/android_sdk/build-tools/29.0.3/lib/apksigner.jar'
[35m[ADB][39m '/Users/a2274333/node_modules/appium/node_modules/appium-uiautomator2-server/apks/appium-uiautomator2-server-v4.17.4.apk' is signed with the default certificate
[35m[ADB][39m '/Users/a2274333/node_modules/appium/node_modules/appium-uiautomator2-server/apks/appium-uiautomator2-server-debug-androidTest.apk' is signed with the default certificate
[35m[UiAutomator2][39m Server packages are not going to be (re)installed
[35m[ADB][39m Adding packages ["io.appium.settings","io.appium.uiautomator2.server","io.appium.uiautomator2.server.test"] to Doze whitelist
[35m[ADB][39m '/Users/a2274333/Downloads/AppClientes_327-clear-preprod-debug.apk' is signed with a non-default certificate
[35m[ADB][39m com.banorte.segurosdev was not uninstalled, because it was not present on the device
[35m[ADB][39m The application at '/Users/a2274333/Downloads/AppClientes_327-clear-preprod-debug.apk' is already cached to '/data/local/tmp/appium_cache/940849ba0c1b2fd651806cef90e91f0cb398620f.apk'
[35m[ADB][39m The installation of 'AppClientes_327-clear-preprod-debug.apk' took 36015ms
[35m[UiAutomator2][39m Starting UIAutomator2 server 4.17.4
[35m[UiAutomator2][39m Using UIAutomator2 server from '/Users/a2274333/node_modules/appium/node_modules/appium-uiautomator2-server/apks/appium-uiautomator2-server-v4.17.4.apk' and test from '/Users/a2274333/node_modules/appium/node_modules/appium-uiautomator2-server/apks/appium-uiautomator2-server-debug-androidTest.apk'
[35m[UiAutomator2][39m Waiting up to 30000ms for UiAutomator2 to be online...
[35m[WD Proxy][39m socket hang up
[35m[WD Proxy][39m socket hang up
[35m[WD Proxy][39m socket hang up
[35m[WD Proxy][39m socket hang up
[35m[WD Proxy][39m Determined the downstream protocol as 'W3C'
[35m[AndroidDriver][39m Screen already unlocked, doing nothing
[35m[UiAutomator2][39m Starting 'com.banorte.segurosdev/com.banorte.seguros.vistas.general.EmptyStateScreen and waiting for 'com.banorte.segurosdev/com.banorte.seguros.vistas.general.EmptyStateScreen'
[35m[Appium][39m New AndroidUiautomator2Driver session created successfully, session 92635220-7851-4aa0-b6ee-fa2231da572b added to master session list
[35m[HTTP][39m [37m<-- POST /wd/hub/session [39m[32m200[39m [90m56055 ms - 1269[39m
[35m[HTTP][39m [90m[39m
[35m[HTTP][39m [37m-->[39m [37mGET[39m [37m/wd/hub/session/92635220-7851-4aa0-b6ee-fa2231da572b[39m
[35m[HTTP][39m [90m{}[39m
[35m[HTTP][39m [37m<-- GET /wd/hub/session/92635220-7851-4aa0-b6ee-fa2231da572b [39m[32m200[39m [90m12 ms - 1223[39m
[35m[HTTP][39m [90m[39m
[35m[HTTP][39m [37m-->[39m [37mGET[39m [37m/wd/hub/session/92635220-7851-4aa0-b6ee-fa2231da572b[39m
[35m[HTTP][39m [90m{}[39m
[35m[HTTP][39m [37m<-- GET /wd/hub/session/92635220-7851-4aa0-b6ee-fa2231da572b [39m[32m200[39m [90m10 ms - 1223[39m
[35m[HTTP][39m [90m[39m
[35m[HTTP][39m [37m-->[39m [37mGET[39m [37m/wd/hub/status[39m
[35m[HTTP][39m [90m{}[39m
[35m[HTTP][39m [37m<-- GET /wd/hub/status [39m[32m200[39m [90m1 ms - 68[39m
[35m[HTTP][39m [90m[39m
[35m[HTTP][39m [37m-->[39m [37mPOST[39m [37m/wd/hub/session/92635220-7851-4aa0-b6ee-fa2231da572b/timeouts[39m
[35m[HTTP][39m [90m{"implicit":30000}[39m
[35m[HTTP][39m [37m<-- POST /wd/hub/session/92635220-7851-4aa0-b6ee-fa2231da572b/timeouts [39m[32m200[39m [90m2 ms - 14[39m
[35m[HTTP][39m [90m[39m
[35m[HTTP][39m [37m-->[39m [37mGET[39m [37m/wd/hub/session/92635220-7851-4aa0-b6ee-fa2231da572b/screenshot[39m
[35m[HTTP][39m [90m{}[39m
[35m[HTTP][39m [37m<-- GET /wd/hub/session/92635220-7851-4aa0-b6ee-fa2231da572b/screenshot [39m[32m200[39m [90m497 ms - 40716[39m
[35m[HTTP][39m [90m[39m
[35m[HTTP][39m [37m-->[39m [37mGET[39m [37m/wd/hub/session/92635220-7851-4aa0-b6ee-fa2231da572b/window/rect[39m
[35m[HTTP][39m [90m{}[39m
[35m[HTTP][39m [37m<-- GET /wd/hub/session/92635220-7851-4aa0-b6ee-fa2231da572b/window/rect [39m[32m200[39m [90m16 ms - 49[39m
[35m[HTTP][39m [90m[39m
[35m[HTTP][39m [37m-->[39m [37mGET[39m [37m/wd/hub/session/92635220-7851-4aa0-b6ee-fa2231da572b/appium/device/system_bars[39m
[35m[HTTP][39m [90m{}[39m
[35m[HTTP][39m [37m<-- GET /wd/hub/session/92635220-7851-4aa0-b6ee-fa2231da572b/appium/device/system_bars [39m[32m200[39m [90m551 ms - 148[39m
[35m[HTTP][39m [90m[39m
[35m[HTTP][39m [37m-->[39m [37mPOST[39m [37m/wd/hub/session/92635220-7851-4aa0-b6ee-fa2231da572b/timeouts[39m
[35m[HTTP][39m [90m{"implicit":50}[39m
[35m[HTTP][39m [37m<-- POST /wd/hub/session/92635220-7851-4aa0-b6ee-fa2231da572b/timeouts [39m[32m200[39m [90m2 ms - 14[39m
[35m[HTTP][39m [90m[39m
[35m[HTTP][39m [37m-->[39m [37mGET[39m [37m/wd/hub/session/92635220-7851-4aa0-b6ee-fa2231da572b/window/rect[39m
[35m[HTTP][39m [90m{}[39m
[35m[HTTP][39m [37m<-- GET /wd/hub/session/92635220-7851-4aa0-b6ee-fa2231da572b/window/rect [39m[32m200[39m [90m12 ms - 49[39m
[35m[HTTP][39m [90m[39m
[35m[HTTP][39m [37m-->[39m [37mPOST[39m [37m/wd/hub/session/92635220-7851-4aa0-b6ee-fa2231da572b/elements[39m
[35m[HTTP][39m [90m{"using":"xpath","value":"//*[@class = 'android.widget.Button' and (@text = 'Permitir' or . = 'Permitir') and @resource-id = 'android:id/button1']"}[39m
[35m[HTTP][39m [37m<-- POST /wd/hub/session/92635220-7851-4aa0-b6ee-fa2231da572b/elements [39m[32m200[39m [90m434 ms - 139[39m
[35m[HTTP][39m [90m[39m
[35m[HTTP][39m [37m-->[39m [37mGET[39m [37m/wd/hub/session/92635220-7851-4aa0-b6ee-fa2231da572b/element/7b8b0b3a-1d88-4ec7-a524-f7b76bebe7b3/location[39m
[35m[HTTP][39m [90m{}[39m
[35m[W3C (92635220)][39m Driver proxy active, passing request on via HTTP proxy
[35m[WD Proxy][39m Replacing sessionId 41e3fa72-7181-4be1-8cc0-72de69d2643e with 92635220-7851-4aa0-b6ee-fa2231da572b
[35m[HTTP][39m [37m<-- GET /wd/hub/session/92635220-7851-4aa0-b6ee-fa2231da572b/element/7b8b0b3a-1d88-4ec7-a524-f7b76bebe7b3/location [39m[32m200[39m [90m16 ms - 78[39m
[35m[HTTP][39m [90m[39m
[35m[HTTP][39m [37m-->[39m [37mPOST[39m [37m/wd/hub/session/92635220-7851-4aa0-b6ee-fa2231da572b/timeouts[39m
[35m[HTTP][39m [90m{"implicit":30000}[39m
[35m[HTTP][39m [37m<-- POST /wd/hub/session/92635220-7851-4aa0-b6ee-fa2231da572b/timeouts [39m[32m200[39m [90m1 ms - 14[39m
[35m[HTTP][39m [90m[39m
[35m[HTTP][39m [37m-->[39m [37mPOST[39m [37m/wd/hub/session/92635220-7851-4aa0-b6ee-fa2231da572b/touch/perform[39m
[35m[HTTP][39m [90m{"actions":[{"action":"tap","options":{"x":1,"y":1,"element":"7b8b0b3a-1d88-4ec7-a524-f7b76bebe7b3"}},{"action":"release","options":{}}]}[39m
[35m[UiAutomator2][39m calling get location: 7b8b0b3a-1d88-4ec7-a524-f7b76bebe7b3
[35m[HTTP][39m [37m<-- POST /wd/hub/session/92635220-7851-4aa0-b6ee-fa2231da572b/touch/perform [39m[32m200[39m [90m144 ms - 14[39m
[35m[HTTP][39m [90m[39m
[35m[HTTP][39m [37m-->[39m [37mPOST[39m [37m/wd/hub/session/92635220-7851-4aa0-b6ee-fa2231da572b/timeouts[39m
[35m[HTTP][39m [90m{"implicit":50}[39m
[35m[HTTP][39m [37m<-- POST /wd/hub/session/92635220-7851-4aa0-b6ee-fa2231da572b/timeouts [39m[32m200[39m [90m1 ms - 14[39m
[35m[HTTP][39m [90m[39m
[35m[HTTP][39m [37m-->[39m [37mGET[39m [37m/wd/hub/session/92635220-7851-4aa0-b6ee-fa2231da572b/window/rect[39m
[35m[HTTP][39m [90m{}[39m
[35m[HTTP][39m [37m<-- GET /wd/hub/session/92635220-7851-4aa0-b6ee-fa2231da572b/window/rect [39m[32m200[39m [90m15 ms - 49[39m
[35m[HTTP][39m [90m[39m
[35m[HTTP][39m [37m-->[39m [37mPOST[39m [37m/wd/hub/session/92635220-7851-4aa0-b6ee-fa2231da572b/elements[39m
[35m[HTTP][39m [90m{"using":"xpath","value":"//*[@class = 'android.widget.Button' and (@text = 'Allow' or . = 'Allow') and @resource-id = 'com.android.packageinstaller:id/permission_allow_button']"}[39m
[35m[HTTP][39m [37m<-- POST /wd/hub/session/92635220-7851-4aa0-b6ee-fa2231da572b/elements [39m[32m200[39m [90m1094 ms - 139[39m
[35m[HTTP][39m [90m[39m
[35m[HTTP][39m [37m-->[39m [37mGET[39m [37m/wd/hub/session/92635220-7851-4aa0-b6ee-fa2231da572b/element/25a382ed-0baa-48f0-9644-75bef2013b00/location[39m
[35m[HTTP][39m [90m{}[39m
[35m[W3C (92635220)][39m Driver proxy active, passing request on via HTTP proxy
[35m[WD Proxy][39m Replacing sessionId 41e3fa72-7181-4be1-8cc0-72de69d2643e with 92635220-7851-4aa0-b6ee-fa2231da572b
[35m[HTTP][39m [37m<-- GET /wd/hub/session/92635220-7851-4aa0-b6ee-fa2231da572b/element/25a382ed-0baa-48f0-9644-75bef2013b00/location [39m[32m200[39m [90m24 ms - 78[39m
[35m[HTTP][39m [90m[39m
[35m[HTTP][39m [37m-->[39m [37mPOST[39m [37m/wd/hub/session/92635220-7851-4aa0-b6ee-fa2231da572b/timeouts[39m
[35m[HTTP][39m [90m{"implicit":30000}[39m
[35m[HTTP][39m [37m<-- POST /wd/hub/session/92635220-7851-4aa0-b6ee-fa2231da572b/timeouts [39m[32m200[39m [90m1 ms - 14[39m
[35m[HTTP][39m [90m[39m
[35m[HTTP][39m [37m-->[39m [37mPOST[39m [37m/wd/hub/session/92635220-7851-4aa0-b6ee-fa2231da572b/touch/perform[39m
[35m[HTTP][39m [90m{"actions":[{"action":"tap","options":{"x":1,"y":1,"element":"25a382ed-0baa-48f0-9644-75bef2013b00"}},{"action":"release","options":{}}]}[39m
[35m[UiAutomator2][39m calling get location: 25a382ed-0baa-48f0-9644-75bef2013b00
[35m[HTTP][39m [37m<-- POST /wd/hub/session/92635220-7851-4aa0-b6ee-fa2231da572b/touch/perform [39m[32m200[39m [90m151 ms - 14[39m
[35m[HTTP][39m [90m[39m
[35m[HTTP][39m [37m-->[39m [37mGET[39m [37m/wd/hub/session/92635220-7851-4aa0-b6ee-fa2231da572b/context[39m
[35m[HTTP][39m [90m{}[39m
[35m[HTTP][39m [37m<-- GET /wd/hub/session/92635220-7851-4aa0-b6ee-fa2231da572b/context [39m[32m200[39m [90m2 ms - 22[39m
[35m[HTTP][39m [90m[39m
[35m[HTTP][39m [37m-->[39m [37mGET[39m [37m/wd/hub/session/92635220-7851-4aa0-b6ee-fa2231da572b/contexts[39m
[35m[HTTP][39m [90m{}[39m
[35m[HTTP][39m [37m<-- GET /wd/hub/session/92635220-7851-4aa0-b6ee-fa2231da572b/contexts [39m[32m200[39m [90m34 ms - 24[39m
[35m[HTTP][39m [90m[39m
[35m[HTTP][39m [37m-->[39m [37mPOST[39m [37m/wd/hub/session/92635220-7851-4aa0-b6ee-fa2231da572b/context[39m
[35m[HTTP][39m [90m{"name":"NATIVE_APP"}[39m
[35m[HTTP][39m [37m<-- POST /wd/hub/session/92635220-7851-4aa0-b6ee-fa2231da572b/context [39m[32m200[39m [90m1 ms - 14[39m
[35m[HTTP][39m [90m[39m
[35m[HTTP][39m [37m-->[39m [37mGET[39m [37m/wd/hub/session/92635220-7851-4aa0-b6ee-fa2231da572b/screenshot[39m
[35m[HTTP][39m [90m{}[39m
[35m[HTTP][39m [37m<-- GET /wd/hub/session/92635220-7851-4aa0-b6ee-fa2231da572b/screenshot [39m[32m200[39m [90m1827 ms - 1148042[39m
[35m[HTTP][39m [90m[39m
[35m[HTTP][39m [37m-->[39m [37mPOST[39m [37m/wd/hub/session/92635220-7851-4aa0-b6ee-fa2231da572b/context[39m
[35m[HTTP][39m [90m{"name":"NATIVE_APP"}[39m
[35m[HTTP][39m [37m<-- POST /wd/hub/session/92635220-7851-4aa0-b6ee-fa2231da572b/context [39m[32m200[39m [90m1 ms - 14[39m
[35m[HTTP][39m [90m[39m
[35m[HTTP][39m [37m-->[39m [37mPOST[39m [37m/wd/hub/session/92635220-7851-4aa0-b6ee-fa2231da572b/timeouts[39m
[35m[HTTP][39m [90m{"implicit":50}[39m
[35m[HTTP][39m [37m<-- POST /wd/hub/session/92635220-7851-4aa0-b6ee-fa2231da572b/timeouts [39m[32m200[39m [90m1 ms - 14[39m
[35m[HTTP][39m [90m[39m
[35m[HTTP][39m [37m-->[39m [37mGET[39m [37m/wd/hub/session/92635220-7851-4aa0-b6ee-fa2231da572b/window/rect[39m
[35m[HTTP][39m [90m{}[39m
[35m[HTTP][39m [37m<-- GET /wd/hub/session/92635220-7851-4aa0-b6ee-fa2231da572b/window/rect [39m[32m200[39m [90m15 ms - 49[39m
[35m[HTTP][39m [90m[39m
[35m[HTTP][39m [37m-->[39m [37mPOST[39m [37m/wd/hub/session/92635220-7851-4aa0-b6ee-fa2231da572b/elements[39m
[35m[HTTP][39m [90m{"using":"xpath","value":"//*[@class = 'android.widget.Button' and (@text = 'Registrarme' or . = 'Registrarme') and @resource-id = 'com.banorte.segurosdev:id/btn_registro']"}[39m
[35m[HTTP][39m [37m<-- POST /wd/hub/session/92635220-7851-4aa0-b6ee-fa2231da572b/elements [39m[32m200[39m [90m132 ms - 139[39m
[35m[HTTP][39m [90m[39m
[35m[HTTP][39m [37m-->[39m [37mGET[39m [37m/wd/hub/session/92635220-7851-4aa0-b6ee-fa2231da572b/element/b7c2552a-8a24-49e6-909b-1133ad69d1e3/location[39m
[35m[HTTP][39m [90m{}[39m
[35m[W3C (92635220)][39m Driver proxy active, passing request on via HTTP proxy
[35m[WD Proxy][39m Replacing sessionId 41e3fa72-7181-4be1-8cc0-72de69d2643e with 92635220-7851-4aa0-b6ee-fa2231da572b
[35m[HTTP][39m [37m<-- GET /wd/hub/session/92635220-7851-4aa0-b6ee-fa2231da572b/element/b7c2552a-8a24-49e6-909b-1133ad69d1e3/location [39m[32m200[39m [90m20 ms - 77[39m
[35m[HTTP][39m [90m[39m
[35m[HTTP][39m [37m-->[39m [37mPOST[39m [37m/wd/hub/session/92635220-7851-4aa0-b6ee-fa2231da572b/timeouts[39m
[35m[HTTP][39m [90m{"implicit":30000}[39m
[35m[HTTP][39m [37m<-- POST /wd/hub/session/92635220-7851-4aa0-b6ee-fa2231da572b/timeouts [39m[32m200[39m [90m1 ms - 14[39m
[35m[HTTP][39m [90m[39m
[35m[HTTP][39m [37m-->[39m [37mPOST[39m [37m/wd/hub/session/92635220-7851-4aa0-b6ee-fa2231da572b/touch/perform[39m
[35m[HTTP][39m [90m{"actions":[{"action":"tap","options":{"x":1,"y":1,"element":"b7c2552a-8a24-49e6-909b-1133ad69d1e3"}},{"action":"release","options":{}}]}[39m
[35m[UiAutomator2][39m calling get location: b7c2552a-8a24-49e6-909b-1133ad69d1e3
[35m[HTTP][39m [37m<-- POST /wd/hub/session/92635220-7851-4aa0-b6ee-fa2231da572b/touch/perform [39m[32m200[39m [90m164 ms - 14[39m
[35m[HTTP][39m [90m[39m
[35m[HTTP][39m [37m-->[39m [37mGET[39m [37m/wd/hub/session/92635220-7851-4aa0-b6ee-fa2231da572b/context[39m
[35m[HTTP][39m [90m{}[39m
[35m[HTTP][39m [37m<-- GET /wd/hub/session/92635220-7851-4aa0-b6ee-fa2231da572b/context [39m[32m200[39m [90m1 ms - 22[39m
[35m[HTTP][39m [90m[39m
[35m[HTTP][39m [37m-->[39m [37mGET[39m [37m/wd/hub/session/92635220-7851-4aa0-b6ee-fa2231da572b/contexts[39m
[35m[HTTP][39m [90m{}[39m
[35m[HTTP][39m [37m<-- GET /wd/hub/session/92635220-7851-4aa0-b6ee-fa2231da572b/contexts [39m[32m200[39m [90m44 ms - 24[39m
[35m[HTTP][39m [90m[39m
[35m[HTTP][39m [37m-->[39m [37mPOST[39m [37m/wd/hub/session/92635220-7851-4aa0-b6ee-fa2231da572b/context[39m
[35m[HTTP][39m [90m{"name":"NATIVE_APP"}[39m
[35m[HTTP][39m [37m<-- POST /wd/hub/session/92635220-7851-4aa0-b6ee-fa2231da572b/context [39m[32m200[39m [90m1 ms - 14[39m
[35m[HTTP][39m [90m[39m
[35m[HTTP][39m [37m-->[39m [37mPOST[39m [37m/wd/hub/session/92635220-7851-4aa0-b6ee-fa2231da572b/appium/device/hide_keyboard[39m
[35m[HTTP][39m [90m{}[39m
[35m[HTTP][39m [37m<-- POST /wd/hub/session/92635220-7851-4aa0-b6ee-fa2231da572b/appium/device/hide_keyboard [39m[32m200[39m [90m1647 ms - 14[39m
[35m[HTTP][39m [90m[39m
[35m[HTTP][39m [37m-->[39m [37mPOST[39m [37m/wd/hub/session/92635220-7851-4aa0-b6ee-fa2231da572b/context[39m
[35m[HTTP][39m [90m{"name":"NATIVE_APP"}[39m
[35m[HTTP][39m [37m<-- POST /wd/hub/session/92635220-7851-4aa0-b6ee-fa2231da572b/context [39m[32m200[39m [90m1 ms - 14[39m
[35m[HTTP][39m [90m[39m
[35m[HTTP][39m [37m-->[39m [37mPOST[39m [37m/wd/hub/session/92635220-7851-4aa0-b6ee-fa2231da572b/timeouts[39m
[35m[HTTP][39m [90m{"implicit":50}[39m
[35m[HTTP][39m [37m<-- POST /wd/hub/session/92635220-7851-4aa0-b6ee-fa2231da572b/timeouts [39m[32m200[39m [90m3 ms - 14[39m
[35m[HTTP][39m [90m[39m
[35m[HTTP][39m [37m-->[39m [37mGET[39m [37m/wd/hub/session/92635220-7851-4aa0-b6ee-fa2231da572b/window/rect[39m
[35m[HTTP][39m [90m{}[39m
[35m[HTTP][39m [37m<-- GET /wd/hub/session/92635220-7851-4aa0-b6ee-fa2231da572b/window/rect [39m[32m200[39m [90m11 ms - 49[39m
[35m[HTTP][39m [90m[39m
[35m[HTTP][39m [37m-->[39m [37mPOST[39m [37m/wd/hub/session/92635220-7851-4aa0-b6ee-fa2231da572b/elements[39m
[35m[HTTP][39m [90m{"using":"xpath","value":"//*[@class = 'android.widget.EditText' and (@text = 'Ingresa tu nombre' or . = 'Ingresa tu nombre') and @resource-id = 'com.banorte.segurosdev:id/txt_nombre']"}[39m
[35m[HTTP][39m [37m<-- POST /wd/hub/session/92635220-7851-4aa0-b6ee-fa2231da572b/elements [39m[32m200[39m [90m339 ms - 139[39m
[35m[HTTP][39m [90m[39m
[35m[HTTP][39m [37m-->[39m [37mGET[39m [37m/wd/hub/session/92635220-7851-4aa0-b6ee-fa2231da572b/element/7eeb2214-e756-4660-8d70-894c6d3b6f70/location[39m
[35m[HTTP][39m [90m{}[39m
[35m[W3C (92635220)][39m Driver proxy active, passing request on via HTTP proxy
[35m[WD Proxy][39m Replacing sessionId 41e3fa72-7181-4be1-8cc0-72de69d2643e with 92635220-7851-4aa0-b6ee-fa2231da572b
[35m[HTTP][39m [37m<-- GET /wd/hub/session/92635220-7851-4aa0-b6ee-fa2231da572b/element/7eeb2214-e756-4660-8d70-894c6d3b6f70/location [39m[32m200[39m [90m16 ms - 77[39m
[35m[HTTP][39m [90m[39m
[35m[HTTP][39m [37m-->[39m [37mPOST[39m [37m/wd/hub/session/92635220-7851-4aa0-b6ee-fa2231da572b/timeouts[39m
[35m[HTTP][39m [90m{"implicit":30000}[39m
[35m[HTTP][39m [37m<-- POST /wd/hub/session/92635220-7851-4aa0-b6ee-fa2231da572b/timeouts [39m[32m200[39m [90m1 ms - 14[39m
[35m[HTTP][39m [90m[39m
[35m[HTTP][39m [37m-->[39m [37mPOST[39m [37m/wd/hub/session/92635220-7851-4aa0-b6ee-fa2231da572b/element/7eeb2214-e756-4660-8d70-894c6d3b6f70/clear[39m
[35m[HTTP][39m [90m{"id":"7eeb2214-e756-4660-8d70-894c6d3b6f70"}[39m
[35m[HTTP][39m [37m<-- POST /wd/hub/session/92635220-7851-4aa0-b6ee-fa2231da572b/element/7eeb2214-e756-4660-8d70-894c6d3b6f70/clear [39m[32m200[39m [90m97 ms - 14[39m
[35m[HTTP][39m [90m[39m
[35m[HTTP][39m [37m-->[39m [37mPOST[39m [37m/wd/hub/session/92635220-7851-4aa0-b6ee-fa2231da572b/element/7eeb2214-e756-4660-8d70-894c6d3b6f70/value[39m
[35m[HTTP][39m [90m{"id":"7eeb2214-e756-4660-8d70-894c6d3b6f70","text":"Fernando","value":["F","e","r","n","a","n","d","o"]}[39m
[35m[HTTP][39m [37m<-- POST /wd/hub/session/92635220-7851-4aa0-b6ee-fa2231da572b/element/7eeb2214-e756-4660-8d70-894c6d3b6f70/value [39m[32m200[39m [90m1049 ms - 14[39m
[35m[HTTP][39m [90m[39m
[35m[HTTP][39m [37m-->[39m [37mGET[39m [37m/wd/hub/session/92635220-7851-4aa0-b6ee-fa2231da572b/context[39m
[35m[HTTP][39m [90m{}[39m
[35m[HTTP][39m [37m<-- GET /wd/hub/session/92635220-7851-4aa0-b6ee-fa2231da572b/context [39m[32m200[39m [90m1 ms - 22[39m
[35m[HTTP][39m [90m[39m
[35m[HTTP][39m [37m-->[39m [37mGET[39m [37m/wd/hub/session/92635220-7851-4aa0-b6ee-fa2231da572b/contexts[39m
[35m[HTTP][39m [90m{}[39m
[35m[HTTP][39m [37m<-- GET /wd/hub/session/92635220-7851-4aa0-b6ee-fa2231da572b/contexts [39m[32m200[39m [90m44 ms - 24[39m
[35m[HTTP][39m [90m[39m
[35m[HTTP][39m [37m-->[39m [37mPOST[39m [37m/wd/hub/session/92635220-7851-4aa0-b6ee-fa2231da572b/context[39m
[35m[HTTP][39m [90m{"name":"NATIVE_APP"}[39m
[35m[HTTP][39m [37m<-- POST /wd/hub/session/92635220-7851-4aa0-b6ee-fa2231da572b/context [39m[32m200[39m [90m1 ms - 14[39m
[35m[HTTP][39m [90m[39m
[35m[HTTP][39m [37m-->[39m [37mGET[39m [37m/wd/hub/session/92635220-7851-4aa0-b6ee-fa2231da572b/screenshot[39m
[35m[HTTP][39m [90m{}[39m
[35m[HTTP][39m [37m<-- GET /wd/hub/session/92635220-7851-4aa0-b6ee-fa2231da572b/screenshot [39m[32m200[39m [90m496 ms - 85180[39m
[35m[HTTP][39m [90m[39m
[35m[HTTP][39m [37m-->[39m [37mPOST[39m [37m/wd/hub/session/92635220-7851-4aa0-b6ee-fa2231da572b/context[39m
[35m[HTTP][39m [90m{"name":"NATIVE_APP"}[39m
[35m[HTTP][39m [37m<-- POST /wd/hub/session/92635220-7851-4aa0-b6ee-fa2231da572b/context [39m[32m200[39m [90m1 ms - 14[39m
[35m[HTTP][39m [90m[39m
[35m[HTTP][39m [37m-->[39m [37mPOST[39m [37m/wd/hub/session/92635220-7851-4aa0-b6ee-fa2231da572b/timeouts[39m
[35m[HTTP][39m [90m{"implicit":50}[39m
[35m[HTTP][39m [37m<-- POST /wd/hub/session/92635220-7851-4aa0-b6ee-fa2231da572b/timeouts [39m[32m200[39m [90m1 ms - 14[39m
[35m[HTTP][39m [90m[39m
[35m[HTTP][39m [37m-->[39m [37mGET[39m [37m/wd/hub/session/92635220-7851-4aa0-b6ee-fa2231da572b/window/rect[39m
[35m[HTTP][39m [90m{}[39m
[35m[HTTP][39m [37m<-- GET /wd/hub/session/92635220-7851-4aa0-b6ee-fa2231da572b/window/rect [39m[32m200[39m [90m11 ms - 49[39m
[35m[HTTP][39m [90m[39m
[35m[HTTP][39m [37m-->[39m [37mPOST[39m [37m/wd/hub/session/92635220-7851-4aa0-b6ee-fa2231da572b/elements[39m
[35m[HTTP][39m [90m{"using":"xpath","value":"//*[@class = 'android.widget.EditText'  and @resource-id = 'com.banorte.segurosdev:id/txt_apellido_paterno']"}[39m
[35m[HTTP][39m [37m<-- POST /wd/hub/session/92635220-7851-4aa0-b6ee-fa2231da572b/elements [39m[32m200[39m [90m59 ms - 139[39m
[35m[HTTP][39m [90m[39m
[35m[HTTP][39m [37m-->[39m [37mGET[39m [37m/wd/hub/session/92635220-7851-4aa0-b6ee-fa2231da572b/element/9204b860-0d73-4c9b-b767-a6a51df575a3/location[39m
[35m[HTTP][39m [90m{}[39m
[35m[W3C (92635220)][39m Driver proxy active, passing request on via HTTP proxy
[35m[WD Proxy][39m Replacing sessionId 41e3fa72-7181-4be1-8cc0-72de69d2643e with 92635220-7851-4aa0-b6ee-fa2231da572b
[35m[HTTP][39m [37m<-- GET /wd/hub/session/92635220-7851-4aa0-b6ee-fa2231da572b/element/9204b860-0d73-4c9b-b767-a6a51df575a3/location [39m[32m200[39m [90m16 ms - 77[39m
[35m[HTTP][39m [90m[39m
[35m[HTTP][39m [37m-->[39m [37mPOST[39m [37m/wd/hub/session/92635220-7851-4aa0-b6ee-fa2231da572b/timeouts[39m
[35m[HTTP][39m [90m{"implicit":30000}[39m
[35m[HTTP][39m [37m<-- POST /wd/hub/session/92635220-7851-4aa0-b6ee-fa2231da572b/timeouts [39m[32m200[39m [90m1 ms - 14[39m
[35m[HTTP][39m [90m[39m
[35m[HTTP][39m [37m-->[39m [37mPOST[39m [37m/wd/hub/session/92635220-7851-4aa0-b6ee-fa2231da572b/element/9204b860-0d73-4c9b-b767-a6a51df575a3/clear[39m
[35m[HTTP][39m [90m{"id":"9204b860-0d73-4c9b-b767-a6a51df575a3"}[39m
[35m[HTTP][39m [37m<-- POST /wd/hub/session/92635220-7851-4aa0-b6ee-fa2231da572b/element/9204b860-0d73-4c9b-b767-a6a51df575a3/clear [39m[32m200[39m [90m27 ms - 14[39m
[35m[HTTP][39m [90m[39m
[35m[HTTP][39m [37m-->[39m [37mPOST[39m [37m/wd/hub/session/92635220-7851-4aa0-b6ee-fa2231da572b/element/9204b860-0d73-4c9b-b767-a6a51df575a3/value[39m
[35m[HTTP][39m [90m{"id":"9204b860-0d73-4c9b-b767-a6a51df575a3","text":"Martinez","value":["M","a","r","t","i","n","e","z"]}[39m
[35m[HTTP][39m [37m<-- POST /wd/hub/session/92635220-7851-4aa0-b6ee-fa2231da572b/element/9204b860-0d73-4c9b-b767-a6a51df575a3/value [39m[32m200[39m [90m1018 ms - 14[39m
[35m[HTTP][39m [90m[39m
[35m[HTTP][39m [37m-->[39m [37mPOST[39m [37m/wd/hub/session/92635220-7851-4aa0-b6ee-fa2231da572b/timeouts[39m
[35m[HTTP][39m [90m{"implicit":50}[39m
[35m[HTTP][39m [37m<-- POST /wd/hub/session/92635220-7851-4aa0-b6ee-fa2231da572b/timeouts [39m[32m200[39m [90m1 ms - 14[39m
[35m[HTTP][39m [90m[39m
[35m[HTTP][39m [37m-->[39m [37mGET[39m [37m/wd/hub/session/92635220-7851-4aa0-b6ee-fa2231da572b/window/rect[39m
[35m[HTTP][39m [90m{}[39m
[35m[HTTP][39m [37m<-- GET /wd/hub/session/92635220-7851-4aa0-b6ee-fa2231da572b/window/rect [39m[32m200[39m [90m11 ms - 49[39m
[35m[HTTP][39m [90m[39m
[35m[HTTP][39m [37m-->[39m [37mPOST[39m [37m/wd/hub/session/92635220-7851-4aa0-b6ee-fa2231da572b/elements[39m
[35m[HTTP][39m [90m{"using":"xpath","value":"//*[@class = 'android.widget.EditText' and @resource-id = 'com.banorte.segurosdev:id/txt_apellido_materno']"}[39m
[35m[HTTP][39m [37m<-- POST /wd/hub/session/92635220-7851-4aa0-b6ee-fa2231da572b/elements [39m[32m200[39m [90m467 ms - 139[39m
[35m[HTTP][39m [90m[39m
[35m[HTTP][39m [37m-->[39m [37mGET[39m [37m/wd/hub/session/92635220-7851-4aa0-b6ee-fa2231da572b/element/94f3c982-cd7d-47b0-b5d8-3603e4733d3f/location[39m
[35m[HTTP][39m [90m{}[39m
[35m[W3C (92635220)][39m Driver proxy active, passing request on via HTTP proxy
[35m[WD Proxy][39m Replacing sessionId 41e3fa72-7181-4be1-8cc0-72de69d2643e with 92635220-7851-4aa0-b6ee-fa2231da572b
[35m[HTTP][39m [37m<-- GET /wd/hub/session/92635220-7851-4aa0-b6ee-fa2231da572b/element/94f3c982-cd7d-47b0-b5d8-3603e4733d3f/location [39m[32m200[39m [90m14 ms - 77[39m
[35m[HTTP][39m [90m[39m
[35m[HTTP][39m [37m-->[39m [37mPOST[39m [37m/wd/hub/session/92635220-7851-4aa0-b6ee-fa2231da572b/timeouts[39m
[35m[HTTP][39m [90m{"implicit":30000}[39m
[35m[HTTP][39m [37m<-- POST /wd/hub/session/92635220-7851-4aa0-b6ee-fa2231da572b/timeouts [39m[32m200[39m [90m1 ms - 14[39m
[35m[HTTP][39m [90m[39m
[35m[HTTP][39m [37m-->[39m [37mPOST[39m [37m/wd/hub/session/92635220-7851-4aa0-b6ee-fa2231da572b/element/94f3c982-cd7d-47b0-b5d8-3603e4733d3f/clear[39m
[35m[HTTP][39m [90m{"id":"94f3c982-cd7d-47b0-b5d8-3603e4733d3f"}[39m
[35m[HTTP][39m [37m<-- POST /wd/hub/session/92635220-7851-4aa0-b6ee-fa2231da572b/element/94f3c982-cd7d-47b0-b5d8-3603e4733d3f/clear [39m[32m200[39m [90m30 ms - 14[39m
[35m[HTTP][39m [90m[39m
[35m[HTTP][39m [37m-->[39m [37mPOST[39m [37m/wd/hub/session/92635220-7851-4aa0-b6ee-fa2231da572b/element/94f3c982-cd7d-47b0-b5d8-3603e4733d3f/value[39m
[35m[HTTP][39m [90m{"id":"94f3c982-cd7d-47b0-b5d8-3603e4733d3f","text":"Quezada","value":["Q","u","e","z","a","d","a"]}[39m
[35m[HTTP][39m [37m<-- POST /wd/hub/session/92635220-7851-4aa0-b6ee-fa2231da572b/element/94f3c982-cd7d-47b0-b5d8-3603e4733d3f/value [39m[32m200[39m [90m1459 ms - 14[39m
[35m[HTTP][39m [90m[39m
[35m[HTTP][39m [37m-->[39m [37mGET[39m [37m/wd/hub/session/92635220-7851-4aa0-b6ee-fa2231da572b/context[39m
[35m[HTTP][39m [90m{}[39m
[35m[HTTP][39m [37m<-- GET /wd/hub/session/92635220-7851-4aa0-b6ee-fa2231da572b/context [39m[32m200[39m [90m1 ms - 22[39m
[35m[HTTP][39m [90m[39m
[35m[HTTP][39m [37m-->[39m [37mGET[39m [37m/wd/hub/session/92635220-7851-4aa0-b6ee-fa2231da572b/contexts[39m
[35m[HTTP][39m [90m{}[39m
[35m[HTTP][39m [37m<-- GET /wd/hub/session/92635220-7851-4aa0-b6ee-fa2231da572b/contexts [39m[32m200[39m [90m40 ms - 24[39m
[35m[HTTP][39m [90m[39m
[35m[HTTP][39m [37m-->[39m [37mPOST[39m [37m/wd/hub/session/92635220-7851-4aa0-b6ee-fa2231da572b/context[39m
[35m[HTTP][39m [90m{"name":"NATIVE_APP"}[39m
[35m[HTTP][39m [37m<-- POST /wd/hub/session/92635220-7851-4aa0-b6ee-fa2231da572b/context [39m[32m200[39m [90m1 ms - 14[39m
[35m[HTTP][39m [90m[39m
[35m[HTTP][39m [37m-->[39m [37mPOST[39m [37m/wd/hub/session/92635220-7851-4aa0-b6ee-fa2231da572b/element[39m
[35m[HTTP][39m [90m{"using":"-android uiautomator","value":"new UiScrollable(new UiSelector().scrollable(true).instance(0)).scrollIntoView(new UiSelector().textContains(\"Mujer\"))"}[39m
[35m[HTTP][39m [37m<-- POST /wd/hub/session/92635220-7851-4aa0-b6ee-fa2231da572b/element [39m[32m200[39m [90m3421 ms - 137[39m
[35m[HTTP][39m [90m[39m
[35m[HTTP][39m [37m-->[39m [37mPOST[39m [37m/wd/hub/session/92635220-7851-4aa0-b6ee-fa2231da572b/context[39m
[35m[HTTP][39m [90m{"name":"NATIVE_APP"}[39m
[35m[HTTP][39m [37m<-- POST /wd/hub/session/92635220-7851-4aa0-b6ee-fa2231da572b/context [39m[32m200[39m [90m1 ms - 14[39m
[35m[HTTP][39m [90m[39m
[35m[HTTP][39m [37m-->[39m [37mDELETE[39m [37m/wd/hub/session/92635220-7851-4aa0-b6ee-fa2231da572b[39m
[35m[HTTP][39m [90m{}[39m
[35m[Appium][39m Removing session 92635220-7851-4aa0-b6ee-fa2231da572b from our master session list
[35m[ADB][39m com.banorte.segurosdev was successfully uninstalled
[35m[HTTP][39m [37m<-- DELETE /wd/hub/session/92635220-7851-4aa0-b6ee-fa2231da572b [39m[32m200[39m [90m3746 ms - 14[39m
[35m[HTTP][39m [90m[39m
