[35m[Appium][39m Welcome to Appium v1.20.2
[35m[Appium][39m Non-default server args:
[35m[Appium][39m   port: 58252
[35m[Appium][39m   loglevel: info
[35m[Appium][39m   tmpDir: /var/folders/fv/3lsmmqq16cj0hvn9c57pkryc0000gn/T//Katalon/Appium/Temp1615880272843
[35m[Appium][39m   chromedriverPort: 58253
[35m[Appium][39m Deprecated server args:
[35m[Appium][39m   [31m--chromedriver-port[39m => --default-capabilities
[35m[Appium][39m Default capabilities, which will be added to each request unless overridden by desired capabilities:
[35m[Appium][39m   chromedriverPort: 58253
[35m[Appium][39m Appium REST http interface listener started on 0.0.0.0:58252
[35m[HTTP][39m [37m-->[39m [37mGET[39m [37m/wd/hub/status[39m
[35m[HTTP][39m [90m{}[39m
[35m[HTTP][39m [37m<-- GET /wd/hub/status [39m[32m200[39m [90m5 ms - 68[39m
[35m[HTTP][39m [90m[39m
[35m[HTTP][39m [37m-->[39m [37mPOST[39m [37m/wd/hub/session[39m
[35m[HTTP][39m [90m{"desiredCapabilities":{"app":"/Users/a2274333/Downloads/AppClientes_327-clear-preprod-debug.apk","noReset":false,"deviceId":"","deviceName":"HUAWEI HUAWEI (Android 6.0.1)","fullReset":true,"platform":"ANDROID","newCommandTimeout":1800,"platformVersion":"6.0.1","autoGrantPermissions":true,"platformName":"Android","udid":"L5Y7N15A12003367","systemPort":58251},"capabilities":{"firstMatch":[{"appium:app":"/Users/a2274333/Downloads/AppClientes_327-clear-preprod-debug.apk","appium:autoGrantPermissions":true,"deviceId":"","appium:deviceName":"HUAWEI HUAWEI (Android 6.0.1)","appium:fullReset":true,"appium:newCommandTimeout":1800,"appium:noReset":false,"platform":"ANDROID","platformName":"android","appium:platformVersion":"6.0.1","appium:systemPort":58251,"appium:udid":"L5Y7N15A12003367"}]}}[39m
[35m[BaseDriver][39m The following capabilities are not standard capabilities and should have an extension prefix:
[35m[BaseDriver][39m   deviceId
[35m[BaseDriver][39m   platform
[35m[BaseDriver][39m   chromedriverPort
[35m[Appium][39m 
[35m[Appium][39m ======================================================================
[35m[Appium][39m   DEPRECATION WARNING:
[35m[Appium][39m 
[35m[Appium][39m   The 'automationName' capability was not provided in the desired 
[35m[Appium][39m   capabilities for this Android session
[35m[Appium][39m 
[35m[Appium][39m   Setting 'automationName=UiAutomator2' by default and using the 
[35m[Appium][39m   UiAutomator2 Driver
[35m[Appium][39m 
[35m[Appium][39m   The next major version of Appium (2.x) will **require** the 
[35m[Appium][39m   'automationName' capability to be set for all sessions on all 
[35m[Appium][39m   platforms
[35m[Appium][39m 
[35m[Appium][39m   In previous versions (Appium <= 1.13.x), the default was 
[35m[Appium][39m   'automationName=UiAutomator1'
[35m[Appium][39m 
[35m[Appium][39m   If you wish to use that automation instead of UiAutomator2, please 
[35m[Appium][39m   add 'automationName=UiAutomator1' to your desired capabilities
[35m[Appium][39m 
[35m[Appium][39m   For more information about drivers, please visit 
[35m[Appium][39m   http://appium.io/docs/en/about-appium/intro/ and explore the 
[35m[Appium][39m   'Drivers' menu
[35m[Appium][39m 
[35m[Appium][39m ======================================================================
[35m[Appium][39m 
[35m[Appium][39m Appium v1.20.2 creating new AndroidUiautomator2Driver (v1.61.2) session
[35m[BaseDriver][39m The following capabilities were provided, but are not recognized by Appium:
[35m[BaseDriver][39m   deviceId
[35m[BaseDriver][39m   platform
[35m[BaseDriver][39m Session created with session id: ff509808-4cd1-46d1-a8e5-ca8a4a85708d
[35m[BaseDriver][39m Using local app '/Users/a2274333/Downloads/AppClientes_327-clear-preprod-debug.apk'
[35m[ADB][39m Found 1 'build-tools' folders under '/Users/a2274333/.katalon/tools/android_sdk' (newest first):
[35m[ADB][39m     /Users/a2274333/.katalon/tools/android_sdk/build-tools/29.0.3
[35m[ADB][39m Using 'adb' from '/Users/a2274333/.katalon/tools/android_sdk/platform-tools/adb'
[35m[AndroidDriver][39m Retrieving device list
[35m[AndroidDriver][39m Using device: L5Y7N15A12003367
[35m[ADB][39m Using 'adb' from '/Users/a2274333/.katalon/tools/android_sdk/platform-tools/adb'
[35m[ADB][39m Package name: 'com.banorte.segurosdev'
[35m[ADB][39m Main activity name: 'com.banorte.seguros.vistas.general.EmptyStateScreen'
[35m[AndroidDriver][39m Granting permissions SET_ANIMATION_SCALE,CHANGE_CONFIGURATION,ACCESS_FINE_LOCATION to 'io.appium.settings'
[35m[ADB][39m Using 'apksigner.jar' from '/Users/a2274333/.katalon/tools/android_sdk/build-tools/29.0.3/lib/apksigner.jar'
[35m[ADB][39m '/Users/a2274333/node_modules/appium/node_modules/appium-uiautomator2-server/apks/appium-uiautomator2-server-v4.17.4.apk' is signed with the default certificate
[35m[ADB][39m '/Users/a2274333/node_modules/appium/node_modules/appium-uiautomator2-server/apks/appium-uiautomator2-server-debug-androidTest.apk' is signed with the default certificate
[35m[UiAutomator2][39m Server packages are not going to be (re)installed
[35m[ADB][39m Adding packages ["io.appium.settings","io.appium.uiautomator2.server","io.appium.uiautomator2.server.test"] to Doze whitelist
[35m[ADB][39m '/Users/a2274333/Downloads/AppClientes_327-clear-preprod-debug.apk' is signed with a non-default certificate
[35m[ADB][39m com.banorte.segurosdev was not uninstalled, because it was not present on the device
[35m[ADB][39m The application at '/Users/a2274333/Downloads/AppClientes_327-clear-preprod-debug.apk' is already cached to '/data/local/tmp/appium_cache/940849ba0c1b2fd651806cef90e91f0cb398620f.apk'
[35m[ADB][39m The installation of 'AppClientes_327-clear-preprod-debug.apk' took 37948ms
[35m[UiAutomator2][39m Starting UIAutomator2 server 4.17.4
[35m[UiAutomator2][39m Using UIAutomator2 server from '/Users/a2274333/node_modules/appium/node_modules/appium-uiautomator2-server/apks/appium-uiautomator2-server-v4.17.4.apk' and test from '/Users/a2274333/node_modules/appium/node_modules/appium-uiautomator2-server/apks/appium-uiautomator2-server-debug-androidTest.apk'
[35m[UiAutomator2][39m Waiting up to 30000ms for UiAutomator2 to be online...
[35m[WD Proxy][39m socket hang up
[35m[WD Proxy][39m socket hang up
[35m[WD Proxy][39m socket hang up
[35m[WD Proxy][39m socket hang up
[35m[WD Proxy][39m Determined the downstream protocol as 'W3C'
[35m[AndroidDriver][39m Screen already unlocked, doing nothing
[35m[UiAutomator2][39m Starting 'com.banorte.segurosdev/com.banorte.seguros.vistas.general.EmptyStateScreen and waiting for 'com.banorte.segurosdev/com.banorte.seguros.vistas.general.EmptyStateScreen'
[35m[Appium][39m New AndroidUiautomator2Driver session created successfully, session ff509808-4cd1-46d1-a8e5-ca8a4a85708d added to master session list
[35m[HTTP][39m [37m<-- POST /wd/hub/session [39m[32m200[39m [90m57981 ms - 1269[39m
[35m[HTTP][39m [90m[39m
[35m[HTTP][39m [37m-->[39m [37mGET[39m [37m/wd/hub/session/ff509808-4cd1-46d1-a8e5-ca8a4a85708d[39m
[35m[HTTP][39m [90m{}[39m
[35m[HTTP][39m [37m<-- GET /wd/hub/session/ff509808-4cd1-46d1-a8e5-ca8a4a85708d [39m[32m200[39m [90m10 ms - 1223[39m
[35m[HTTP][39m [90m[39m
[35m[HTTP][39m [37m-->[39m [37mGET[39m [37m/wd/hub/session/ff509808-4cd1-46d1-a8e5-ca8a4a85708d[39m
[35m[HTTP][39m [90m{}[39m
[35m[HTTP][39m [37m<-- GET /wd/hub/session/ff509808-4cd1-46d1-a8e5-ca8a4a85708d [39m[32m200[39m [90m8 ms - 1223[39m
[35m[HTTP][39m [90m[39m
[35m[HTTP][39m [37m-->[39m [37mGET[39m [37m/wd/hub/status[39m
[35m[HTTP][39m [90m{}[39m
[35m[HTTP][39m [37m<-- GET /wd/hub/status [39m[32m200[39m [90m1 ms - 68[39m
[35m[HTTP][39m [90m[39m
[35m[HTTP][39m [37m-->[39m [37mPOST[39m [37m/wd/hub/session/ff509808-4cd1-46d1-a8e5-ca8a4a85708d/timeouts[39m
[35m[HTTP][39m [90m{"implicit":30000}[39m
[35m[HTTP][39m [37m<-- POST /wd/hub/session/ff509808-4cd1-46d1-a8e5-ca8a4a85708d/timeouts [39m[32m200[39m [90m2 ms - 14[39m
[35m[HTTP][39m [90m[39m
[35m[HTTP][39m [37m-->[39m [37mGET[39m [37m/wd/hub/session/ff509808-4cd1-46d1-a8e5-ca8a4a85708d/screenshot[39m
[35m[HTTP][39m [90m{}[39m
[35m[HTTP][39m [37m<-- GET /wd/hub/session/ff509808-4cd1-46d1-a8e5-ca8a4a85708d/screenshot [39m[32m200[39m [90m466 ms - 41358[39m
[35m[HTTP][39m [90m[39m
[35m[HTTP][39m [37m-->[39m [37mGET[39m [37m/wd/hub/session/ff509808-4cd1-46d1-a8e5-ca8a4a85708d/window/rect[39m
[35m[HTTP][39m [90m{}[39m
[35m[HTTP][39m [37m<-- GET /wd/hub/session/ff509808-4cd1-46d1-a8e5-ca8a4a85708d/window/rect [39m[32m200[39m [90m17 ms - 49[39m
[35m[HTTP][39m [90m[39m
[35m[HTTP][39m [37m-->[39m [37mGET[39m [37m/wd/hub/session/ff509808-4cd1-46d1-a8e5-ca8a4a85708d/appium/device/system_bars[39m
[35m[HTTP][39m [90m{}[39m
[35m[HTTP][39m [37m<-- GET /wd/hub/session/ff509808-4cd1-46d1-a8e5-ca8a4a85708d/appium/device/system_bars [39m[32m200[39m [90m52 ms - 148[39m
[35m[HTTP][39m [90m[39m
[35m[HTTP][39m [37m-->[39m [37mPOST[39m [37m/wd/hub/session/ff509808-4cd1-46d1-a8e5-ca8a4a85708d/timeouts[39m
[35m[HTTP][39m [90m{"implicit":50}[39m
[35m[HTTP][39m [37m<-- POST /wd/hub/session/ff509808-4cd1-46d1-a8e5-ca8a4a85708d/timeouts [39m[32m200[39m [90m2 ms - 14[39m
[35m[HTTP][39m [90m[39m
[35m[HTTP][39m [37m-->[39m [37mGET[39m [37m/wd/hub/session/ff509808-4cd1-46d1-a8e5-ca8a4a85708d/window/rect[39m
[35m[HTTP][39m [90m{}[39m
[35m[HTTP][39m [37m<-- GET /wd/hub/session/ff509808-4cd1-46d1-a8e5-ca8a4a85708d/window/rect [39m[32m200[39m [90m17 ms - 49[39m
[35m[HTTP][39m [90m[39m
[35m[HTTP][39m [37m-->[39m [37mPOST[39m [37m/wd/hub/session/ff509808-4cd1-46d1-a8e5-ca8a4a85708d/elements[39m
[35m[HTTP][39m [90m{"using":"xpath","value":"//*[@class = 'android.widget.Button' and (@text = 'Permitir' or . = 'Permitir') and @resource-id = 'android:id/button1']"}[39m
[35m[HTTP][39m [37m<-- POST /wd/hub/session/ff509808-4cd1-46d1-a8e5-ca8a4a85708d/elements [39m[32m200[39m [90m359 ms - 139[39m
[35m[HTTP][39m [90m[39m
[35m[HTTP][39m [37m-->[39m [37mGET[39m [37m/wd/hub/session/ff509808-4cd1-46d1-a8e5-ca8a4a85708d/element/5e1dbe91-ad67-4d2f-aba1-b68f23dc47ec/location[39m
[35m[HTTP][39m [90m{}[39m
[35m[W3C (ff509808)][39m Driver proxy active, passing request on via HTTP proxy
[35m[WD Proxy][39m Replacing sessionId 2d111248-fb4c-4a3e-8a85-19697798f81a with ff509808-4cd1-46d1-a8e5-ca8a4a85708d
[35m[HTTP][39m [37m<-- GET /wd/hub/session/ff509808-4cd1-46d1-a8e5-ca8a4a85708d/element/5e1dbe91-ad67-4d2f-aba1-b68f23dc47ec/location [39m[32m200[39m [90m472 ms - 78[39m
[35m[HTTP][39m [90m[39m
[35m[HTTP][39m [37m-->[39m [37mPOST[39m [37m/wd/hub/session/ff509808-4cd1-46d1-a8e5-ca8a4a85708d/timeouts[39m
[35m[HTTP][39m [90m{"implicit":30000}[39m
[35m[HTTP][39m [37m<-- POST /wd/hub/session/ff509808-4cd1-46d1-a8e5-ca8a4a85708d/timeouts [39m[32m200[39m [90m1 ms - 14[39m
[35m[HTTP][39m [90m[39m
[35m[HTTP][39m [37m-->[39m [37mPOST[39m [37m/wd/hub/session/ff509808-4cd1-46d1-a8e5-ca8a4a85708d/touch/perform[39m
[35m[HTTP][39m [90m{"actions":[{"action":"tap","options":{"x":1,"y":1,"element":"5e1dbe91-ad67-4d2f-aba1-b68f23dc47ec"}},{"action":"release","options":{}}]}[39m
[35m[UiAutomator2][39m calling get location: 5e1dbe91-ad67-4d2f-aba1-b68f23dc47ec
[35m[HTTP][39m [37m<-- POST /wd/hub/session/ff509808-4cd1-46d1-a8e5-ca8a4a85708d/touch/perform [39m[32m200[39m [90m636 ms - 14[39m
[35m[HTTP][39m [90m[39m
[35m[HTTP][39m [37m-->[39m [37mPOST[39m [37m/wd/hub/session/ff509808-4cd1-46d1-a8e5-ca8a4a85708d/timeouts[39m
[35m[HTTP][39m [90m{"implicit":50}[39m
[35m[HTTP][39m [37m<-- POST /wd/hub/session/ff509808-4cd1-46d1-a8e5-ca8a4a85708d/timeouts [39m[32m200[39m [90m5 ms - 14[39m
[35m[HTTP][39m [90m[39m
[35m[HTTP][39m [37m-->[39m [37mGET[39m [37m/wd/hub/session/ff509808-4cd1-46d1-a8e5-ca8a4a85708d/window/rect[39m
[35m[HTTP][39m [90m{}[39m
[35m[HTTP][39m [37m<-- GET /wd/hub/session/ff509808-4cd1-46d1-a8e5-ca8a4a85708d/window/rect [39m[32m200[39m [90m15 ms - 49[39m
[35m[HTTP][39m [90m[39m
[35m[HTTP][39m [37m-->[39m [37mPOST[39m [37m/wd/hub/session/ff509808-4cd1-46d1-a8e5-ca8a4a85708d/elements[39m
[35m[HTTP][39m [90m{"using":"xpath","value":"//*[@class = 'android.widget.Button' and (@text = 'Allow' or . = 'Allow') and @resource-id = 'com.android.packageinstaller:id/permission_allow_button']"}[39m
[35m[HTTP][39m [37m<-- POST /wd/hub/session/ff509808-4cd1-46d1-a8e5-ca8a4a85708d/elements [39m[32m200[39m [90m340 ms - 139[39m
[35m[HTTP][39m [90m[39m
[35m[HTTP][39m [37m-->[39m [37mGET[39m [37m/wd/hub/session/ff509808-4cd1-46d1-a8e5-ca8a4a85708d/element/167dcc33-1ff8-45df-8606-ca50685646ea/location[39m
[35m[HTTP][39m [90m{}[39m
[35m[W3C (ff509808)][39m Driver proxy active, passing request on via HTTP proxy
[35m[WD Proxy][39m Replacing sessionId 2d111248-fb4c-4a3e-8a85-19697798f81a with ff509808-4cd1-46d1-a8e5-ca8a4a85708d
[35m[HTTP][39m [37m<-- GET /wd/hub/session/ff509808-4cd1-46d1-a8e5-ca8a4a85708d/element/167dcc33-1ff8-45df-8606-ca50685646ea/location [39m[32m200[39m [90m821 ms - 78[39m
[35m[HTTP][39m [90m[39m
[35m[HTTP][39m [37m-->[39m [37mPOST[39m [37m/wd/hub/session/ff509808-4cd1-46d1-a8e5-ca8a4a85708d/timeouts[39m
[35m[HTTP][39m [90m{"implicit":30000}[39m
[35m[HTTP][39m [37m<-- POST /wd/hub/session/ff509808-4cd1-46d1-a8e5-ca8a4a85708d/timeouts [39m[32m200[39m [90m1 ms - 14[39m
[35m[HTTP][39m [90m[39m
[35m[HTTP][39m [37m-->[39m [37mPOST[39m [37m/wd/hub/session/ff509808-4cd1-46d1-a8e5-ca8a4a85708d/touch/perform[39m
[35m[HTTP][39m [90m{"actions":[{"action":"tap","options":{"x":1,"y":1,"element":"167dcc33-1ff8-45df-8606-ca50685646ea"}},{"action":"release","options":{}}]}[39m
[35m[UiAutomator2][39m calling get location: 167dcc33-1ff8-45df-8606-ca50685646ea
[35m[HTTP][39m [37m<-- POST /wd/hub/session/ff509808-4cd1-46d1-a8e5-ca8a4a85708d/touch/perform [39m[32m200[39m [90m150 ms - 14[39m
[35m[HTTP][39m [90m[39m
[35m[HTTP][39m [37m-->[39m [37mGET[39m [37m/wd/hub/session/ff509808-4cd1-46d1-a8e5-ca8a4a85708d/context[39m
[35m[HTTP][39m [90m{}[39m
[35m[HTTP][39m [37m<-- GET /wd/hub/session/ff509808-4cd1-46d1-a8e5-ca8a4a85708d/context [39m[32m200[39m [90m6 ms - 22[39m
[35m[HTTP][39m [90m[39m
[35m[HTTP][39m [37m-->[39m [37mGET[39m [37m/wd/hub/session/ff509808-4cd1-46d1-a8e5-ca8a4a85708d/contexts[39m
[35m[HTTP][39m [90m{}[39m
[35m[HTTP][39m [37m<-- GET /wd/hub/session/ff509808-4cd1-46d1-a8e5-ca8a4a85708d/contexts [39m[32m200[39m [90m48 ms - 24[39m
[35m[HTTP][39m [90m[39m
[35m[HTTP][39m [37m-->[39m [37mPOST[39m [37m/wd/hub/session/ff509808-4cd1-46d1-a8e5-ca8a4a85708d/context[39m
[35m[HTTP][39m [90m{"name":"NATIVE_APP"}[39m
[35m[HTTP][39m [37m<-- POST /wd/hub/session/ff509808-4cd1-46d1-a8e5-ca8a4a85708d/context [39m[32m200[39m [90m1 ms - 14[39m
[35m[HTTP][39m [90m[39m
[35m[HTTP][39m [37m-->[39m [37mGET[39m [37m/wd/hub/session/ff509808-4cd1-46d1-a8e5-ca8a4a85708d/screenshot[39m
[35m[HTTP][39m [90m{}[39m
[35m[HTTP][39m [37m<-- GET /wd/hub/session/ff509808-4cd1-46d1-a8e5-ca8a4a85708d/screenshot [39m[32m200[39m [90m1881 ms - 1148620[39m
[35m[HTTP][39m [90m[39m
[35m[HTTP][39m [37m-->[39m [37mPOST[39m [37m/wd/hub/session/ff509808-4cd1-46d1-a8e5-ca8a4a85708d/context[39m
[35m[HTTP][39m [90m{"name":"NATIVE_APP"}[39m
[35m[HTTP][39m [37m<-- POST /wd/hub/session/ff509808-4cd1-46d1-a8e5-ca8a4a85708d/context [39m[32m200[39m [90m1 ms - 14[39m
[35m[HTTP][39m [90m[39m
[35m[HTTP][39m [37m-->[39m [37mPOST[39m [37m/wd/hub/session/ff509808-4cd1-46d1-a8e5-ca8a4a85708d/timeouts[39m
[35m[HTTP][39m [90m{"implicit":50}[39m
[35m[HTTP][39m [37m<-- POST /wd/hub/session/ff509808-4cd1-46d1-a8e5-ca8a4a85708d/timeouts [39m[32m200[39m [90m1 ms - 14[39m
[35m[HTTP][39m [90m[39m
[35m[HTTP][39m [37m-->[39m [37mGET[39m [37m/wd/hub/session/ff509808-4cd1-46d1-a8e5-ca8a4a85708d/window/rect[39m
[35m[HTTP][39m [90m{}[39m
[35m[HTTP][39m [37m<-- GET /wd/hub/session/ff509808-4cd1-46d1-a8e5-ca8a4a85708d/window/rect [39m[32m200[39m [90m16 ms - 49[39m
[35m[HTTP][39m [90m[39m
[35m[HTTP][39m [37m-->[39m [37mPOST[39m [37m/wd/hub/session/ff509808-4cd1-46d1-a8e5-ca8a4a85708d/elements[39m
[35m[HTTP][39m [90m{"using":"xpath","value":"//*[@class = 'android.widget.Button' and (@text = 'Registrarme' or . = 'Registrarme') and @resource-id = 'com.banorte.segurosdev:id/btn_registro']"}[39m
[35m[HTTP][39m [37m<-- POST /wd/hub/session/ff509808-4cd1-46d1-a8e5-ca8a4a85708d/elements [39m[32m200[39m [90m50 ms - 139[39m
[35m[HTTP][39m [90m[39m
[35m[HTTP][39m [37m-->[39m [37mGET[39m [37m/wd/hub/session/ff509808-4cd1-46d1-a8e5-ca8a4a85708d/element/51ccf1c8-5d3d-478d-bc71-dd1221a119c6/location[39m
[35m[HTTP][39m [90m{}[39m
[35m[W3C (ff509808)][39m Driver proxy active, passing request on via HTTP proxy
[35m[WD Proxy][39m Replacing sessionId 2d111248-fb4c-4a3e-8a85-19697798f81a with ff509808-4cd1-46d1-a8e5-ca8a4a85708d
[35m[HTTP][39m [37m<-- GET /wd/hub/session/ff509808-4cd1-46d1-a8e5-ca8a4a85708d/element/51ccf1c8-5d3d-478d-bc71-dd1221a119c6/location [39m[32m200[39m [90m16 ms - 77[39m
[35m[HTTP][39m [90m[39m
[35m[HTTP][39m [37m-->[39m [37mPOST[39m [37m/wd/hub/session/ff509808-4cd1-46d1-a8e5-ca8a4a85708d/timeouts[39m
[35m[HTTP][39m [90m{"implicit":30000}[39m
[35m[HTTP][39m [37m<-- POST /wd/hub/session/ff509808-4cd1-46d1-a8e5-ca8a4a85708d/timeouts [39m[32m200[39m [90m1 ms - 14[39m
[35m[HTTP][39m [90m[39m
[35m[HTTP][39m [37m-->[39m [37mPOST[39m [37m/wd/hub/session/ff509808-4cd1-46d1-a8e5-ca8a4a85708d/touch/perform[39m
[35m[HTTP][39m [90m{"actions":[{"action":"tap","options":{"x":1,"y":1,"element":"51ccf1c8-5d3d-478d-bc71-dd1221a119c6"}},{"action":"release","options":{}}]}[39m
[35m[UiAutomator2][39m calling get location: 51ccf1c8-5d3d-478d-bc71-dd1221a119c6
[35m[HTTP][39m [37m<-- POST /wd/hub/session/ff509808-4cd1-46d1-a8e5-ca8a4a85708d/touch/perform [39m[32m200[39m [90m172 ms - 14[39m
[35m[HTTP][39m [90m[39m
[35m[HTTP][39m [37m-->[39m [37mGET[39m [37m/wd/hub/session/ff509808-4cd1-46d1-a8e5-ca8a4a85708d/context[39m
[35m[HTTP][39m [90m{}[39m
[35m[HTTP][39m [37m<-- GET /wd/hub/session/ff509808-4cd1-46d1-a8e5-ca8a4a85708d/context [39m[32m200[39m [90m4 ms - 22[39m
[35m[HTTP][39m [90m[39m
[35m[HTTP][39m [37m-->[39m [37mGET[39m [37m/wd/hub/session/ff509808-4cd1-46d1-a8e5-ca8a4a85708d/contexts[39m
[35m[HTTP][39m [90m{}[39m
[35m[HTTP][39m [37m<-- GET /wd/hub/session/ff509808-4cd1-46d1-a8e5-ca8a4a85708d/contexts [39m[32m200[39m [90m53 ms - 24[39m
[35m[HTTP][39m [90m[39m
[35m[HTTP][39m [37m-->[39m [37mPOST[39m [37m/wd/hub/session/ff509808-4cd1-46d1-a8e5-ca8a4a85708d/context[39m
[35m[HTTP][39m [90m{"name":"NATIVE_APP"}[39m
[35m[HTTP][39m [37m<-- POST /wd/hub/session/ff509808-4cd1-46d1-a8e5-ca8a4a85708d/context [39m[32m200[39m [90m1 ms - 14[39m
[35m[HTTP][39m [90m[39m
[35m[HTTP][39m [37m-->[39m [37mPOST[39m [37m/wd/hub/session/ff509808-4cd1-46d1-a8e5-ca8a4a85708d/appium/device/hide_keyboard[39m
[35m[HTTP][39m [90m{}[39m
[35m[HTTP][39m [37m<-- POST /wd/hub/session/ff509808-4cd1-46d1-a8e5-ca8a4a85708d/appium/device/hide_keyboard [39m[32m200[39m [90m1614 ms - 14[39m
[35m[HTTP][39m [90m[39m
[35m[HTTP][39m [37m-->[39m [37mPOST[39m [37m/wd/hub/session/ff509808-4cd1-46d1-a8e5-ca8a4a85708d/context[39m
[35m[HTTP][39m [90m{"name":"NATIVE_APP"}[39m
[35m[HTTP][39m [37m<-- POST /wd/hub/session/ff509808-4cd1-46d1-a8e5-ca8a4a85708d/context [39m[32m200[39m [90m1 ms - 14[39m
[35m[HTTP][39m [90m[39m
[35m[HTTP][39m [37m-->[39m [37mPOST[39m [37m/wd/hub/session/ff509808-4cd1-46d1-a8e5-ca8a4a85708d/timeouts[39m
[35m[HTTP][39m [90m{"implicit":50}[39m
[35m[HTTP][39m [37m<-- POST /wd/hub/session/ff509808-4cd1-46d1-a8e5-ca8a4a85708d/timeouts [39m[32m200[39m [90m5 ms - 14[39m
[35m[HTTP][39m [90m[39m
[35m[HTTP][39m [37m-->[39m [37mGET[39m [37m/wd/hub/session/ff509808-4cd1-46d1-a8e5-ca8a4a85708d/window/rect[39m
[35m[HTTP][39m [90m{}[39m
[35m[HTTP][39m [37m<-- GET /wd/hub/session/ff509808-4cd1-46d1-a8e5-ca8a4a85708d/window/rect [39m[32m200[39m [90m12 ms - 49[39m
[35m[HTTP][39m [90m[39m
[35m[HTTP][39m [37m-->[39m [37mPOST[39m [37m/wd/hub/session/ff509808-4cd1-46d1-a8e5-ca8a4a85708d/elements[39m
[35m[HTTP][39m [90m{"using":"xpath","value":"//*[@class = 'android.widget.EditText' and (@text = 'Ingresa tu nombre' or . = 'Ingresa tu nombre') and @resource-id = 'com.banorte.segurosdev:id/txt_nombre']"}[39m
[35m[HTTP][39m [37m<-- POST /wd/hub/session/ff509808-4cd1-46d1-a8e5-ca8a4a85708d/elements [39m[32m200[39m [90m322 ms - 139[39m
[35m[HTTP][39m [90m[39m
[35m[HTTP][39m [37m-->[39m [37mGET[39m [37m/wd/hub/session/ff509808-4cd1-46d1-a8e5-ca8a4a85708d/element/190ac0ba-d877-4005-a27f-116d2dda2935/location[39m
[35m[HTTP][39m [90m{}[39m
[35m[W3C (ff509808)][39m Driver proxy active, passing request on via HTTP proxy
[35m[WD Proxy][39m Replacing sessionId 2d111248-fb4c-4a3e-8a85-19697798f81a with ff509808-4cd1-46d1-a8e5-ca8a4a85708d
[35m[HTTP][39m [37m<-- GET /wd/hub/session/ff509808-4cd1-46d1-a8e5-ca8a4a85708d/element/190ac0ba-d877-4005-a27f-116d2dda2935/location [39m[32m200[39m [90m12 ms - 77[39m
[35m[HTTP][39m [90m[39m
[35m[HTTP][39m [37m-->[39m [37mPOST[39m [37m/wd/hub/session/ff509808-4cd1-46d1-a8e5-ca8a4a85708d/timeouts[39m
[35m[HTTP][39m [90m{"implicit":30000}[39m
[35m[HTTP][39m [37m<-- POST /wd/hub/session/ff509808-4cd1-46d1-a8e5-ca8a4a85708d/timeouts [39m[32m200[39m [90m2 ms - 14[39m
[35m[HTTP][39m [90m[39m
[35m[HTTP][39m [37m-->[39m [37mPOST[39m [37m/wd/hub/session/ff509808-4cd1-46d1-a8e5-ca8a4a85708d/element/190ac0ba-d877-4005-a27f-116d2dda2935/clear[39m
[35m[HTTP][39m [90m{"id":"190ac0ba-d877-4005-a27f-116d2dda2935"}[39m
[35m[HTTP][39m [37m<-- POST /wd/hub/session/ff509808-4cd1-46d1-a8e5-ca8a4a85708d/element/190ac0ba-d877-4005-a27f-116d2dda2935/clear [39m[32m200[39m [90m25 ms - 14[39m
[35m[HTTP][39m [90m[39m
[35m[HTTP][39m [37m-->[39m [37mPOST[39m [37m/wd/hub/session/ff509808-4cd1-46d1-a8e5-ca8a4a85708d/element/190ac0ba-d877-4005-a27f-116d2dda2935/value[39m
[35m[HTTP][39m [90m{"id":"190ac0ba-d877-4005-a27f-116d2dda2935","text":"Fernando","value":["F","e","r","n","a","n","d","o"]}[39m
[35m[HTTP][39m [37m<-- POST /wd/hub/session/ff509808-4cd1-46d1-a8e5-ca8a4a85708d/element/190ac0ba-d877-4005-a27f-116d2dda2935/value [39m[32m200[39m [90m1053 ms - 14[39m
[35m[HTTP][39m [90m[39m
[35m[HTTP][39m [37m-->[39m [37mGET[39m [37m/wd/hub/session/ff509808-4cd1-46d1-a8e5-ca8a4a85708d/context[39m
[35m[HTTP][39m [90m{}[39m
[35m[HTTP][39m [37m<-- GET /wd/hub/session/ff509808-4cd1-46d1-a8e5-ca8a4a85708d/context [39m[32m200[39m [90m1 ms - 22[39m
[35m[HTTP][39m [90m[39m
[35m[HTTP][39m [37m-->[39m [37mGET[39m [37m/wd/hub/session/ff509808-4cd1-46d1-a8e5-ca8a4a85708d/contexts[39m
[35m[HTTP][39m [90m{}[39m
[35m[HTTP][39m [37m<-- GET /wd/hub/session/ff509808-4cd1-46d1-a8e5-ca8a4a85708d/contexts [39m[32m200[39m [90m47 ms - 24[39m
[35m[HTTP][39m [90m[39m
[35m[HTTP][39m [37m-->[39m [37mPOST[39m [37m/wd/hub/session/ff509808-4cd1-46d1-a8e5-ca8a4a85708d/context[39m
[35m[HTTP][39m [90m{"name":"NATIVE_APP"}[39m
[35m[HTTP][39m [37m<-- POST /wd/hub/session/ff509808-4cd1-46d1-a8e5-ca8a4a85708d/context [39m[32m200[39m [90m1 ms - 14[39m
[35m[HTTP][39m [90m[39m
[35m[HTTP][39m [37m-->[39m [37mGET[39m [37m/wd/hub/session/ff509808-4cd1-46d1-a8e5-ca8a4a85708d/screenshot[39m
[35m[HTTP][39m [90m{}[39m
[35m[HTTP][39m [37m<-- GET /wd/hub/session/ff509808-4cd1-46d1-a8e5-ca8a4a85708d/screenshot [39m[32m200[39m [90m492 ms - 85578[39m
[35m[HTTP][39m [90m[39m
[35m[HTTP][39m [37m-->[39m [37mPOST[39m [37m/wd/hub/session/ff509808-4cd1-46d1-a8e5-ca8a4a85708d/context[39m
[35m[HTTP][39m [90m{"name":"NATIVE_APP"}[39m
[35m[HTTP][39m [37m<-- POST /wd/hub/session/ff509808-4cd1-46d1-a8e5-ca8a4a85708d/context [39m[32m200[39m [90m1 ms - 14[39m
[35m[HTTP][39m [90m[39m
[35m[HTTP][39m [37m-->[39m [37mPOST[39m [37m/wd/hub/session/ff509808-4cd1-46d1-a8e5-ca8a4a85708d/timeouts[39m
[35m[HTTP][39m [90m{"implicit":50}[39m
[35m[HTTP][39m [37m<-- POST /wd/hub/session/ff509808-4cd1-46d1-a8e5-ca8a4a85708d/timeouts [39m[32m200[39m [90m2 ms - 14[39m
[35m[HTTP][39m [90m[39m
[35m[HTTP][39m [37m-->[39m [37mGET[39m [37m/wd/hub/session/ff509808-4cd1-46d1-a8e5-ca8a4a85708d/window/rect[39m
[35m[HTTP][39m [90m{}[39m
[35m[HTTP][39m [37m<-- GET /wd/hub/session/ff509808-4cd1-46d1-a8e5-ca8a4a85708d/window/rect [39m[32m200[39m [90m11 ms - 49[39m
[35m[HTTP][39m [90m[39m
[35m[HTTP][39m [37m-->[39m [37mPOST[39m [37m/wd/hub/session/ff509808-4cd1-46d1-a8e5-ca8a4a85708d/elements[39m
[35m[HTTP][39m [90m{"using":"xpath","value":"//*[@class = 'android.widget.EditText'  and @resource-id = 'com.banorte.segurosdev:id/txt_apellido_paterno']"}[39m
[35m[HTTP][39m [37m<-- POST /wd/hub/session/ff509808-4cd1-46d1-a8e5-ca8a4a85708d/elements [39m[32m200[39m [90m61 ms - 139[39m
[35m[HTTP][39m [90m[39m
[35m[HTTP][39m [37m-->[39m [37mGET[39m [37m/wd/hub/session/ff509808-4cd1-46d1-a8e5-ca8a4a85708d/element/632ed387-3fd0-4022-83ec-382004dea827/location[39m
[35m[HTTP][39m [90m{}[39m
[35m[W3C (ff509808)][39m Driver proxy active, passing request on via HTTP proxy
[35m[WD Proxy][39m Replacing sessionId 2d111248-fb4c-4a3e-8a85-19697798f81a with ff509808-4cd1-46d1-a8e5-ca8a4a85708d
[35m[HTTP][39m [37m<-- GET /wd/hub/session/ff509808-4cd1-46d1-a8e5-ca8a4a85708d/element/632ed387-3fd0-4022-83ec-382004dea827/location [39m[32m200[39m [90m13 ms - 77[39m
[35m[HTTP][39m [90m[39m
[35m[HTTP][39m [37m-->[39m [37mPOST[39m [37m/wd/hub/session/ff509808-4cd1-46d1-a8e5-ca8a4a85708d/timeouts[39m
[35m[HTTP][39m [90m{"implicit":30000}[39m
[35m[HTTP][39m [37m<-- POST /wd/hub/session/ff509808-4cd1-46d1-a8e5-ca8a4a85708d/timeouts [39m[32m200[39m [90m1 ms - 14[39m
[35m[HTTP][39m [90m[39m
[35m[HTTP][39m [37m-->[39m [37mPOST[39m [37m/wd/hub/session/ff509808-4cd1-46d1-a8e5-ca8a4a85708d/element/632ed387-3fd0-4022-83ec-382004dea827/clear[39m
[35m[HTTP][39m [90m{"id":"632ed387-3fd0-4022-83ec-382004dea827"}[39m
[35m[HTTP][39m [37m<-- POST /wd/hub/session/ff509808-4cd1-46d1-a8e5-ca8a4a85708d/element/632ed387-3fd0-4022-83ec-382004dea827/clear [39m[32m200[39m [90m19 ms - 14[39m
[35m[HTTP][39m [90m[39m
[35m[HTTP][39m [37m-->[39m [37mPOST[39m [37m/wd/hub/session/ff509808-4cd1-46d1-a8e5-ca8a4a85708d/element/632ed387-3fd0-4022-83ec-382004dea827/value[39m
[35m[HTTP][39m [90m{"id":"632ed387-3fd0-4022-83ec-382004dea827","text":"Martinez","value":["M","a","r","t","i","n","e","z"]}[39m
[35m[HTTP][39m [37m<-- POST /wd/hub/session/ff509808-4cd1-46d1-a8e5-ca8a4a85708d/element/632ed387-3fd0-4022-83ec-382004dea827/value [39m[32m200[39m [90m1028 ms - 14[39m
[35m[HTTP][39m [90m[39m
[35m[HTTP][39m [37m-->[39m [37mPOST[39m [37m/wd/hub/session/ff509808-4cd1-46d1-a8e5-ca8a4a85708d/timeouts[39m
[35m[HTTP][39m [90m{"implicit":50}[39m
[35m[HTTP][39m [37m<-- POST /wd/hub/session/ff509808-4cd1-46d1-a8e5-ca8a4a85708d/timeouts [39m[32m200[39m [90m1 ms - 14[39m
[35m[HTTP][39m [90m[39m
[35m[HTTP][39m [37m-->[39m [37mGET[39m [37m/wd/hub/session/ff509808-4cd1-46d1-a8e5-ca8a4a85708d/window/rect[39m
[35m[HTTP][39m [90m{}[39m
[35m[HTTP][39m [37m<-- GET /wd/hub/session/ff509808-4cd1-46d1-a8e5-ca8a4a85708d/window/rect [39m[32m200[39m [90m13 ms - 49[39m
[35m[HTTP][39m [90m[39m
[35m[HTTP][39m [37m-->[39m [37mPOST[39m [37m/wd/hub/session/ff509808-4cd1-46d1-a8e5-ca8a4a85708d/elements[39m
[35m[HTTP][39m [90m{"using":"xpath","value":"//*[@class = 'android.widget.EditText' and @resource-id = 'com.banorte.segurosdev:id/txt_apellido_materno']"}[39m
[35m[HTTP][39m [37m<-- POST /wd/hub/session/ff509808-4cd1-46d1-a8e5-ca8a4a85708d/elements [39m[32m200[39m [90m465 ms - 139[39m
[35m[HTTP][39m [90m[39m
[35m[HTTP][39m [37m-->[39m [37mGET[39m [37m/wd/hub/session/ff509808-4cd1-46d1-a8e5-ca8a4a85708d/element/4aff8853-14e2-4deb-a9b2-8388575a7d9a/location[39m
[35m[HTTP][39m [90m{}[39m
[35m[W3C (ff509808)][39m Driver proxy active, passing request on via HTTP proxy
[35m[WD Proxy][39m Replacing sessionId 2d111248-fb4c-4a3e-8a85-19697798f81a with ff509808-4cd1-46d1-a8e5-ca8a4a85708d
[35m[HTTP][39m [37m<-- GET /wd/hub/session/ff509808-4cd1-46d1-a8e5-ca8a4a85708d/element/4aff8853-14e2-4deb-a9b2-8388575a7d9a/location [39m[32m200[39m [90m13 ms - 77[39m
[35m[HTTP][39m [90m[39m
[35m[HTTP][39m [37m-->[39m [37mPOST[39m [37m/wd/hub/session/ff509808-4cd1-46d1-a8e5-ca8a4a85708d/timeouts[39m
[35m[HTTP][39m [90m{"implicit":30000}[39m
[35m[HTTP][39m [37m<-- POST /wd/hub/session/ff509808-4cd1-46d1-a8e5-ca8a4a85708d/timeouts [39m[32m200[39m [90m1 ms - 14[39m
[35m[HTTP][39m [90m[39m
[35m[HTTP][39m [37m-->[39m [37mPOST[39m [37m/wd/hub/session/ff509808-4cd1-46d1-a8e5-ca8a4a85708d/element/4aff8853-14e2-4deb-a9b2-8388575a7d9a/clear[39m
[35m[HTTP][39m [90m{"id":"4aff8853-14e2-4deb-a9b2-8388575a7d9a"}[39m
[35m[HTTP][39m [37m<-- POST /wd/hub/session/ff509808-4cd1-46d1-a8e5-ca8a4a85708d/element/4aff8853-14e2-4deb-a9b2-8388575a7d9a/clear [39m[32m200[39m [90m17 ms - 14[39m
[35m[HTTP][39m [90m[39m
[35m[HTTP][39m [37m-->[39m [37mPOST[39m [37m/wd/hub/session/ff509808-4cd1-46d1-a8e5-ca8a4a85708d/element/4aff8853-14e2-4deb-a9b2-8388575a7d9a/value[39m
[35m[HTTP][39m [90m{"id":"4aff8853-14e2-4deb-a9b2-8388575a7d9a","text":"Quezada","value":["Q","u","e","z","a","d","a"]}[39m
[35m[HTTP][39m [37m<-- POST /wd/hub/session/ff509808-4cd1-46d1-a8e5-ca8a4a85708d/element/4aff8853-14e2-4deb-a9b2-8388575a7d9a/value [39m[32m200[39m [90m1015 ms - 14[39m
[35m[HTTP][39m [90m[39m
[35m[HTTP][39m [37m-->[39m [37mGET[39m [37m/wd/hub/session/ff509808-4cd1-46d1-a8e5-ca8a4a85708d/context[39m
[35m[HTTP][39m [90m{}[39m
[35m[HTTP][39m [37m<-- GET /wd/hub/session/ff509808-4cd1-46d1-a8e5-ca8a4a85708d/context [39m[32m200[39m [90m1 ms - 22[39m
[35m[HTTP][39m [90m[39m
[35m[HTTP][39m [37m-->[39m [37mGET[39m [37m/wd/hub/session/ff509808-4cd1-46d1-a8e5-ca8a4a85708d/contexts[39m
[35m[HTTP][39m [90m{}[39m
[35m[HTTP][39m [37m<-- GET /wd/hub/session/ff509808-4cd1-46d1-a8e5-ca8a4a85708d/contexts [39m[32m200[39m [90m42 ms - 24[39m
[35m[HTTP][39m [90m[39m
[35m[HTTP][39m [37m-->[39m [37mPOST[39m [37m/wd/hub/session/ff509808-4cd1-46d1-a8e5-ca8a4a85708d/context[39m
[35m[HTTP][39m [90m{"name":"NATIVE_APP"}[39m
[35m[HTTP][39m [37m<-- POST /wd/hub/session/ff509808-4cd1-46d1-a8e5-ca8a4a85708d/context [39m[32m200[39m [90m1 ms - 14[39m
[35m[HTTP][39m [90m[39m
[35m[HTTP][39m [37m-->[39m [37mPOST[39m [37m/wd/hub/session/ff509808-4cd1-46d1-a8e5-ca8a4a85708d/element[39m
[35m[HTTP][39m [90m{"using":"-android uiautomator","value":"new UiScrollable(new UiSelector().scrollable(true).instance(0)).scrollIntoView(new UiSelector().textContains(\"Mujer\"))"}[39m
[35m[HTTP][39m [37m<-- POST /wd/hub/session/ff509808-4cd1-46d1-a8e5-ca8a4a85708d/element [39m[32m200[39m [90m3377 ms - 137[39m
[35m[HTTP][39m [90m[39m
[35m[HTTP][39m [37m-->[39m [37mPOST[39m [37m/wd/hub/session/ff509808-4cd1-46d1-a8e5-ca8a4a85708d/context[39m
[35m[HTTP][39m [90m{"name":"NATIVE_APP"}[39m
[35m[HTTP][39m [37m<-- POST /wd/hub/session/ff509808-4cd1-46d1-a8e5-ca8a4a85708d/context [39m[32m200[39m [90m1 ms - 14[39m
[35m[HTTP][39m [90m[39m
[35m[HTTP][39m [37m-->[39m [37mPOST[39m [37m/wd/hub/session/ff509808-4cd1-46d1-a8e5-ca8a4a85708d/timeouts[39m
[35m[HTTP][39m [90m{"implicit":50}[39m
[35m[HTTP][39m [37m<-- POST /wd/hub/session/ff509808-4cd1-46d1-a8e5-ca8a4a85708d/timeouts [39m[32m200[39m [90m1 ms - 14[39m
[35m[HTTP][39m [90m[39m
[35m[HTTP][39m [37m-->[39m [37mGET[39m [37m/wd/hub/session/ff509808-4cd1-46d1-a8e5-ca8a4a85708d/window/rect[39m
[35m[HTTP][39m [90m{}[39m
[35m[HTTP][39m [37m<-- GET /wd/hub/session/ff509808-4cd1-46d1-a8e5-ca8a4a85708d/window/rect [39m[32m200[39m [90m12 ms - 49[39m
[35m[HTTP][39m [90m[39m
[35m[HTTP][39m [37m-->[39m [37mPOST[39m [37m/wd/hub/session/ff509808-4cd1-46d1-a8e5-ca8a4a85708d/elements[39m
[35m[HTTP][39m [90m{"using":"xpath","value":"//*[@class = 'android.widget.TextView' and (@text = 'Hombre' or . = 'Hombre')]"}[39m
[35m[HTTP][39m [37m<-- POST /wd/hub/session/ff509808-4cd1-46d1-a8e5-ca8a4a85708d/elements [39m[32m200[39m [90m68 ms - 139[39m
[35m[HTTP][39m [90m[39m
[35m[HTTP][39m [37m-->[39m [37mGET[39m [37m/wd/hub/session/ff509808-4cd1-46d1-a8e5-ca8a4a85708d/element/dc1213a8-d430-4f42-a153-d04ffc07a3d0/location[39m
[35m[HTTP][39m [90m{}[39m
[35m[W3C (ff509808)][39m Driver proxy active, passing request on via HTTP proxy
[35m[WD Proxy][39m Replacing sessionId 2d111248-fb4c-4a3e-8a85-19697798f81a with ff509808-4cd1-46d1-a8e5-ca8a4a85708d
[35m[HTTP][39m [37m<-- GET /wd/hub/session/ff509808-4cd1-46d1-a8e5-ca8a4a85708d/element/dc1213a8-d430-4f42-a153-d04ffc07a3d0/location [39m[32m200[39m [90m18 ms - 78[39m
[35m[HTTP][39m [90m[39m
[35m[HTTP][39m [37m-->[39m [37mPOST[39m [37m/wd/hub/session/ff509808-4cd1-46d1-a8e5-ca8a4a85708d/timeouts[39m
[35m[HTTP][39m [90m{"implicit":30000}[39m
[35m[HTTP][39m [37m<-- POST /wd/hub/session/ff509808-4cd1-46d1-a8e5-ca8a4a85708d/timeouts [39m[32m200[39m [90m1 ms - 14[39m
[35m[HTTP][39m [90m[39m
[35m[HTTP][39m [37m-->[39m [37mPOST[39m [37m/wd/hub/session/ff509808-4cd1-46d1-a8e5-ca8a4a85708d/touch/perform[39m
[35m[HTTP][39m [90m{"actions":[{"action":"tap","options":{"x":1,"y":1,"element":"dc1213a8-d430-4f42-a153-d04ffc07a3d0"}},{"action":"release","options":{}}]}[39m
[35m[UiAutomator2][39m calling get location: dc1213a8-d430-4f42-a153-d04ffc07a3d0
[35m[HTTP][39m [37m<-- POST /wd/hub/session/ff509808-4cd1-46d1-a8e5-ca8a4a85708d/touch/perform [39m[32m200[39m [90m133 ms - 14[39m
[35m[HTTP][39m [90m[39m
[35m[HTTP][39m [37m-->[39m [37mPOST[39m [37m/wd/hub/session/ff509808-4cd1-46d1-a8e5-ca8a4a85708d/timeouts[39m
[35m[HTTP][39m [90m{"implicit":50}[39m
[35m[HTTP][39m [37m<-- POST /wd/hub/session/ff509808-4cd1-46d1-a8e5-ca8a4a85708d/timeouts [39m[32m200[39m [90m2 ms - 14[39m
[35m[HTTP][39m [90m[39m
[35m[HTTP][39m [37m-->[39m [37mGET[39m [37m/wd/hub/session/ff509808-4cd1-46d1-a8e5-ca8a4a85708d/window/rect[39m
[35m[HTTP][39m [90m{}[39m
[35m[HTTP][39m [37m<-- GET /wd/hub/session/ff509808-4cd1-46d1-a8e5-ca8a4a85708d/window/rect [39m[32m200[39m [90m21 ms - 49[39m
[35m[HTTP][39m [90m[39m
[35m[HTTP][39m [37m-->[39m [37mPOST[39m [37m/wd/hub/session/ff509808-4cd1-46d1-a8e5-ca8a4a85708d/elements[39m
[35m[HTTP][39m [90m{"using":"xpath","value":"//*[@class = 'android.widget.EditText' and (@text = 'Ingresa tu número' or . = 'Ingresa tu número') and @resource-id = 'com.banorte.segurosdev:id/txt_numero_celular']"}[39m
[35m[HTTP][39m [37m<-- POST /wd/hub/session/ff509808-4cd1-46d1-a8e5-ca8a4a85708d/elements [39m[32m200[39m [90m530 ms - 139[39m
[35m[HTTP][39m [90m[39m
[35m[HTTP][39m [37m-->[39m [37mGET[39m [37m/wd/hub/session/ff509808-4cd1-46d1-a8e5-ca8a4a85708d/element/edc2f547-eb1c-4414-b077-acb5e9ad6bf2/location[39m
[35m[HTTP][39m [90m{}[39m
[35m[W3C (ff509808)][39m Driver proxy active, passing request on via HTTP proxy
[35m[WD Proxy][39m Replacing sessionId 2d111248-fb4c-4a3e-8a85-19697798f81a with ff509808-4cd1-46d1-a8e5-ca8a4a85708d
[35m[HTTP][39m [37m<-- GET /wd/hub/session/ff509808-4cd1-46d1-a8e5-ca8a4a85708d/element/edc2f547-eb1c-4414-b077-acb5e9ad6bf2/location [39m[32m200[39m [90m15 ms - 77[39m
[35m[HTTP][39m [90m[39m
[35m[HTTP][39m [37m-->[39m [37mPOST[39m [37m/wd/hub/session/ff509808-4cd1-46d1-a8e5-ca8a4a85708d/timeouts[39m
[35m[HTTP][39m [90m{"implicit":30000}[39m
[35m[HTTP][39m [37m<-- POST /wd/hub/session/ff509808-4cd1-46d1-a8e5-ca8a4a85708d/timeouts [39m[32m200[39m [90m1 ms - 14[39m
[35m[HTTP][39m [90m[39m
[35m[HTTP][39m [37m-->[39m [37mPOST[39m [37m/wd/hub/session/ff509808-4cd1-46d1-a8e5-ca8a4a85708d/element/edc2f547-eb1c-4414-b077-acb5e9ad6bf2/clear[39m
[35m[HTTP][39m [90m{"id":"edc2f547-eb1c-4414-b077-acb5e9ad6bf2"}[39m
[35m[HTTP][39m [37m<-- POST /wd/hub/session/ff509808-4cd1-46d1-a8e5-ca8a4a85708d/element/edc2f547-eb1c-4414-b077-acb5e9ad6bf2/clear [39m[32m200[39m [90m30 ms - 14[39m
[35m[HTTP][39m [90m[39m
[35m[HTTP][39m [37m-->[39m [37mPOST[39m [37m/wd/hub/session/ff509808-4cd1-46d1-a8e5-ca8a4a85708d/element/edc2f547-eb1c-4414-b077-acb5e9ad6bf2/value[39m
[35m[HTTP][39m [90m{"id":"edc2f547-eb1c-4414-b077-acb5e9ad6bf2","text":"8121715239","value":["8","1","2","1","7","1","5","2","3","9"]}[39m
[35m[HTTP][39m [37m<-- POST /wd/hub/session/ff509808-4cd1-46d1-a8e5-ca8a4a85708d/element/edc2f547-eb1c-4414-b077-acb5e9ad6bf2/value [39m[32m200[39m [90m1126 ms - 14[39m
[35m[HTTP][39m [90m[39m
[35m[HTTP][39m [37m-->[39m [37mPOST[39m [37m/wd/hub/session/ff509808-4cd1-46d1-a8e5-ca8a4a85708d/timeouts[39m
[35m[HTTP][39m [90m{"implicit":50}[39m
[35m[HTTP][39m [37m<-- POST /wd/hub/session/ff509808-4cd1-46d1-a8e5-ca8a4a85708d/timeouts [39m[32m200[39m [90m1 ms - 14[39m
[35m[HTTP][39m [90m[39m
[35m[HTTP][39m [37m-->[39m [37mGET[39m [37m/wd/hub/session/ff509808-4cd1-46d1-a8e5-ca8a4a85708d/window/rect[39m
[35m[HTTP][39m [90m{}[39m
[35m[HTTP][39m [37m<-- GET /wd/hub/session/ff509808-4cd1-46d1-a8e5-ca8a4a85708d/window/rect [39m[32m200[39m [90m11 ms - 49[39m
[35m[HTTP][39m [90m[39m
[35m[HTTP][39m [37m-->[39m [37mPOST[39m [37m/wd/hub/session/ff509808-4cd1-46d1-a8e5-ca8a4a85708d/elements[39m
[35m[HTTP][39m [90m{"using":"xpath","value":"//*[@class = 'android.widget.EditText' and (@text = 'Correo electrónico' or . = 'Correo electrónico') and @resource-id = 'com.banorte.segurosdev:id/txt_correo_electronico']"}[39m
[35m[HTTP][39m [37m<-- POST /wd/hub/session/ff509808-4cd1-46d1-a8e5-ca8a4a85708d/elements [39m[32m200[39m [90m445 ms - 139[39m
[35m[HTTP][39m [90m[39m
[35m[HTTP][39m [37m-->[39m [37mGET[39m [37m/wd/hub/session/ff509808-4cd1-46d1-a8e5-ca8a4a85708d/element/c0657121-d2ec-42a9-b830-413631fd55b3/location[39m
[35m[HTTP][39m [90m{}[39m
[35m[W3C (ff509808)][39m Driver proxy active, passing request on via HTTP proxy
[35m[WD Proxy][39m Replacing sessionId 2d111248-fb4c-4a3e-8a85-19697798f81a with ff509808-4cd1-46d1-a8e5-ca8a4a85708d
[35m[HTTP][39m [37m<-- GET /wd/hub/session/ff509808-4cd1-46d1-a8e5-ca8a4a85708d/element/c0657121-d2ec-42a9-b830-413631fd55b3/location [39m[32m200[39m [90m14 ms - 77[39m
[35m[HTTP][39m [90m[39m
[35m[HTTP][39m [37m-->[39m [37mPOST[39m [37m/wd/hub/session/ff509808-4cd1-46d1-a8e5-ca8a4a85708d/timeouts[39m
[35m[HTTP][39m [90m{"implicit":30000}[39m
[35m[HTTP][39m [37m<-- POST /wd/hub/session/ff509808-4cd1-46d1-a8e5-ca8a4a85708d/timeouts [39m[32m200[39m [90m1 ms - 14[39m
[35m[HTTP][39m [90m[39m
[35m[HTTP][39m [37m-->[39m [37mPOST[39m [37m/wd/hub/session/ff509808-4cd1-46d1-a8e5-ca8a4a85708d/element/c0657121-d2ec-42a9-b830-413631fd55b3/clear[39m
[35m[HTTP][39m [90m{"id":"c0657121-d2ec-42a9-b830-413631fd55b3"}[39m
[35m[HTTP][39m [37m<-- POST /wd/hub/session/ff509808-4cd1-46d1-a8e5-ca8a4a85708d/element/c0657121-d2ec-42a9-b830-413631fd55b3/clear [39m[32m200[39m [90m23 ms - 14[39m
[35m[HTTP][39m [90m[39m
[35m[HTTP][39m [37m-->[39m [37mPOST[39m [37m/wd/hub/session/ff509808-4cd1-46d1-a8e5-ca8a4a85708d/element/c0657121-d2ec-42a9-b830-413631fd55b3/value[39m
[35m[HTTP][39m [90m{"id":"c0657121-d2ec-42a9-b830-413631fd55b3","text":"testing.syp@gmail.com","value":["t","e","s","t","i","n","g",".","s","y","p","@","g","m","a","i","l",".","c","o","m"]}[39m
[35m[HTTP][39m [37m<-- POST /wd/hub/session/ff509808-4cd1-46d1-a8e5-ca8a4a85708d/element/c0657121-d2ec-42a9-b830-413631fd55b3/value [39m[32m200[39m [90m1126 ms - 14[39m
[35m[HTTP][39m [90m[39m
[35m[HTTP][39m [37m-->[39m [37mGET[39m [37m/wd/hub/session/ff509808-4cd1-46d1-a8e5-ca8a4a85708d/context[39m
[35m[HTTP][39m [90m{}[39m
[35m[HTTP][39m [37m<-- GET /wd/hub/session/ff509808-4cd1-46d1-a8e5-ca8a4a85708d/context [39m[32m200[39m [90m1 ms - 22[39m
[35m[HTTP][39m [90m[39m
[35m[HTTP][39m [37m-->[39m [37mGET[39m [37m/wd/hub/session/ff509808-4cd1-46d1-a8e5-ca8a4a85708d/contexts[39m
[35m[HTTP][39m [90m{}[39m
[35m[HTTP][39m [37m<-- GET /wd/hub/session/ff509808-4cd1-46d1-a8e5-ca8a4a85708d/contexts [39m[32m200[39m [90m44 ms - 24[39m
[35m[HTTP][39m [90m[39m
[35m[HTTP][39m [37m-->[39m [37mPOST[39m [37m/wd/hub/session/ff509808-4cd1-46d1-a8e5-ca8a4a85708d/context[39m
[35m[HTTP][39m [90m{"name":"NATIVE_APP"}[39m
[35m[HTTP][39m [37m<-- POST /wd/hub/session/ff509808-4cd1-46d1-a8e5-ca8a4a85708d/context [39m[32m200[39m [90m1 ms - 14[39m
[35m[HTTP][39m [90m[39m
[35m[HTTP][39m [37m-->[39m [37mGET[39m [37m/wd/hub/session/ff509808-4cd1-46d1-a8e5-ca8a4a85708d/screenshot[39m
[35m[HTTP][39m [90m{}[39m
[35m[HTTP][39m [37m<-- GET /wd/hub/session/ff509808-4cd1-46d1-a8e5-ca8a4a85708d/screenshot [39m[32m200[39m [90m505 ms - 97036[39m
[35m[HTTP][39m [90m[39m
[35m[HTTP][39m [37m-->[39m [37mPOST[39m [37m/wd/hub/session/ff509808-4cd1-46d1-a8e5-ca8a4a85708d/context[39m
[35m[HTTP][39m [90m{"name":"NATIVE_APP"}[39m
[35m[HTTP][39m [37m<-- POST /wd/hub/session/ff509808-4cd1-46d1-a8e5-ca8a4a85708d/context [39m[32m200[39m [90m1 ms - 14[39m
[35m[HTTP][39m [90m[39m
[35m[HTTP][39m [37m-->[39m [37mPOST[39m [37m/wd/hub/session/ff509808-4cd1-46d1-a8e5-ca8a4a85708d/timeouts[39m
[35m[HTTP][39m [90m{"implicit":50}[39m
[35m[HTTP][39m [37m<-- POST /wd/hub/session/ff509808-4cd1-46d1-a8e5-ca8a4a85708d/timeouts [39m[32m200[39m [90m1 ms - 14[39m
[35m[HTTP][39m [90m[39m
[35m[HTTP][39m [37m-->[39m [37mGET[39m [37m/wd/hub/session/ff509808-4cd1-46d1-a8e5-ca8a4a85708d/window/rect[39m
[35m[HTTP][39m [90m{}[39m
[35m[HTTP][39m [37m<-- GET /wd/hub/session/ff509808-4cd1-46d1-a8e5-ca8a4a85708d/window/rect [39m[32m200[39m [90m13 ms - 49[39m
[35m[HTTP][39m [90m[39m
[35m[HTTP][39m [37m-->[39m [37mPOST[39m [37m/wd/hub/session/ff509808-4cd1-46d1-a8e5-ca8a4a85708d/elements[39m
[35m[HTTP][39m [90m{"using":"xpath","value":"//*[@class = 'android.widget.Button' and (@text = 'Continuar' or . = 'Continuar') and @resource-id = 'com.banorte.segurosdev:id/continuar']"}[39m
[35m[HTTP][39m [37m<-- POST /wd/hub/session/ff509808-4cd1-46d1-a8e5-ca8a4a85708d/elements [39m[32m200[39m [90m65 ms - 139[39m
[35m[HTTP][39m [90m[39m
[35m[HTTP][39m [37m-->[39m [37mGET[39m [37m/wd/hub/session/ff509808-4cd1-46d1-a8e5-ca8a4a85708d/element/7bc97ca4-8e48-4908-aedf-c6940b92d69d/location[39m
[35m[HTTP][39m [90m{}[39m
[35m[W3C (ff509808)][39m Driver proxy active, passing request on via HTTP proxy
[35m[WD Proxy][39m Replacing sessionId 2d111248-fb4c-4a3e-8a85-19697798f81a with ff509808-4cd1-46d1-a8e5-ca8a4a85708d
[35m[HTTP][39m [37m<-- GET /wd/hub/session/ff509808-4cd1-46d1-a8e5-ca8a4a85708d/element/7bc97ca4-8e48-4908-aedf-c6940b92d69d/location [39m[32m200[39m [90m14 ms - 78[39m
[35m[HTTP][39m [90m[39m
[35m[HTTP][39m [37m-->[39m [37mPOST[39m [37m/wd/hub/session/ff509808-4cd1-46d1-a8e5-ca8a4a85708d/timeouts[39m
[35m[HTTP][39m [90m{"implicit":30000}[39m
[35m[HTTP][39m [37m<-- POST /wd/hub/session/ff509808-4cd1-46d1-a8e5-ca8a4a85708d/timeouts [39m[32m200[39m [90m1 ms - 14[39m
[35m[HTTP][39m [90m[39m
[35m[HTTP][39m [37m-->[39m [37mPOST[39m [37m/wd/hub/session/ff509808-4cd1-46d1-a8e5-ca8a4a85708d/touch/perform[39m
[35m[HTTP][39m [90m{"actions":[{"action":"tap","options":{"x":1,"y":1,"element":"7bc97ca4-8e48-4908-aedf-c6940b92d69d"}},{"action":"release","options":{}}]}[39m
[35m[UiAutomator2][39m calling get location: 7bc97ca4-8e48-4908-aedf-c6940b92d69d
[35m[HTTP][39m [37m<-- POST /wd/hub/session/ff509808-4cd1-46d1-a8e5-ca8a4a85708d/touch/perform [39m[32m200[39m [90m142 ms - 14[39m
[35m[HTTP][39m [90m[39m
[35m[HTTP][39m [37m-->[39m [37mPOST[39m [37m/wd/hub/session/ff509808-4cd1-46d1-a8e5-ca8a4a85708d/timeouts[39m
[35m[HTTP][39m [90m{"implicit":50}[39m
[35m[HTTP][39m [37m<-- POST /wd/hub/session/ff509808-4cd1-46d1-a8e5-ca8a4a85708d/timeouts [39m[32m200[39m [90m1 ms - 14[39m
[35m[HTTP][39m [90m[39m
[35m[HTTP][39m [37m-->[39m [37mGET[39m [37m/wd/hub/session/ff509808-4cd1-46d1-a8e5-ca8a4a85708d/window/rect[39m
[35m[HTTP][39m [90m{}[39m
[35m[HTTP][39m [37m<-- GET /wd/hub/session/ff509808-4cd1-46d1-a8e5-ca8a4a85708d/window/rect [39m[32m200[39m [90m15 ms - 49[39m
[35m[HTTP][39m [90m[39m
[35m[HTTP][39m [37m-->[39m [37mPOST[39m [37m/wd/hub/session/ff509808-4cd1-46d1-a8e5-ca8a4a85708d/elements[39m
[35m[HTTP][39m [90m{"using":"xpath","value":"//*[@class = 'android.widget.EditText' and @resource-id = 'com.banorte.segurosdev:id/txt_contrasena' and (@text = '' or . = '')]"}[39m
[35m[HTTP][39m [37m<-- POST /wd/hub/session/ff509808-4cd1-46d1-a8e5-ca8a4a85708d/elements [39m[32m200[39m [90m1365 ms - 139[39m
[35m[HTTP][39m [90m[39m
[35m[HTTP][39m [37m-->[39m [37mGET[39m [37m/wd/hub/session/ff509808-4cd1-46d1-a8e5-ca8a4a85708d/element/575d335d-c72a-43de-a8f3-5d85a7aca11f/location[39m
[35m[HTTP][39m [90m{}[39m
[35m[W3C (ff509808)][39m Driver proxy active, passing request on via HTTP proxy
[35m[WD Proxy][39m Replacing sessionId 2d111248-fb4c-4a3e-8a85-19697798f81a with ff509808-4cd1-46d1-a8e5-ca8a4a85708d
[35m[HTTP][39m [37m<-- GET /wd/hub/session/ff509808-4cd1-46d1-a8e5-ca8a4a85708d/element/575d335d-c72a-43de-a8f3-5d85a7aca11f/location [39m[32m200[39m [90m14 ms - 77[39m
[35m[HTTP][39m [90m[39m
[35m[HTTP][39m [37m-->[39m [37mPOST[39m [37m/wd/hub/session/ff509808-4cd1-46d1-a8e5-ca8a4a85708d/timeouts[39m
[35m[HTTP][39m [90m{"implicit":30000}[39m
[35m[HTTP][39m [37m<-- POST /wd/hub/session/ff509808-4cd1-46d1-a8e5-ca8a4a85708d/timeouts [39m[32m200[39m [90m1 ms - 14[39m
[35m[HTTP][39m [90m[39m
[35m[HTTP][39m [37m-->[39m [37mPOST[39m [37m/wd/hub/session/ff509808-4cd1-46d1-a8e5-ca8a4a85708d/element/575d335d-c72a-43de-a8f3-5d85a7aca11f/clear[39m
[35m[HTTP][39m [90m{"id":"575d335d-c72a-43de-a8f3-5d85a7aca11f"}[39m
[35m[HTTP][39m [37m<-- POST /wd/hub/session/ff509808-4cd1-46d1-a8e5-ca8a4a85708d/element/575d335d-c72a-43de-a8f3-5d85a7aca11f/clear [39m[32m200[39m [90m25 ms - 14[39m
[35m[HTTP][39m [90m[39m
[35m[HTTP][39m [37m-->[39m [37mPOST[39m [37m/wd/hub/session/ff509808-4cd1-46d1-a8e5-ca8a4a85708d/element/575d335d-c72a-43de-a8f3-5d85a7aca11f/value[39m
[35m[HTTP][39m [90m{"id":"575d335d-c72a-43de-a8f3-5d85a7aca11f","text":"Passw0rd","value":["P","a","s","s","w","0","r","d"]}[39m
[35m[HTTP][39m [37m<-- POST /wd/hub/session/ff509808-4cd1-46d1-a8e5-ca8a4a85708d/element/575d335d-c72a-43de-a8f3-5d85a7aca11f/value [39m[32m200[39m [90m655 ms - 14[39m
[35m[HTTP][39m [90m[39m
[35m[HTTP][39m [37m-->[39m [37mGET[39m [37m/wd/hub/session/ff509808-4cd1-46d1-a8e5-ca8a4a85708d/context[39m
[35m[HTTP][39m [90m{}[39m
[35m[HTTP][39m [37m<-- GET /wd/hub/session/ff509808-4cd1-46d1-a8e5-ca8a4a85708d/context [39m[32m200[39m [90m1 ms - 22[39m
[35m[HTTP][39m [90m[39m
[35m[HTTP][39m [37m-->[39m [37mGET[39m [37m/wd/hub/session/ff509808-4cd1-46d1-a8e5-ca8a4a85708d/contexts[39m
[35m[HTTP][39m [90m{}[39m
[35m[HTTP][39m [37m<-- GET /wd/hub/session/ff509808-4cd1-46d1-a8e5-ca8a4a85708d/contexts [39m[32m200[39m [90m80 ms - 24[39m
[35m[HTTP][39m [90m[39m
[35m[HTTP][39m [37m-->[39m [37mPOST[39m [37m/wd/hub/session/ff509808-4cd1-46d1-a8e5-ca8a4a85708d/context[39m
[35m[HTTP][39m [90m{"name":"NATIVE_APP"}[39m
[35m[HTTP][39m [37m<-- POST /wd/hub/session/ff509808-4cd1-46d1-a8e5-ca8a4a85708d/context [39m[32m200[39m [90m1 ms - 14[39m
[35m[HTTP][39m [90m[39m
[35m[HTTP][39m [37m-->[39m [37mGET[39m [37m/wd/hub/session/ff509808-4cd1-46d1-a8e5-ca8a4a85708d/screenshot[39m
[35m[HTTP][39m [90m{}[39m
[35m[HTTP][39m [37m<-- GET /wd/hub/session/ff509808-4cd1-46d1-a8e5-ca8a4a85708d/screenshot [39m[32m200[39m [90m561 ms - 148800[39m
[35m[HTTP][39m [90m[39m
[35m[HTTP][39m [37m-->[39m [37mPOST[39m [37m/wd/hub/session/ff509808-4cd1-46d1-a8e5-ca8a4a85708d/context[39m
[35m[HTTP][39m [90m{"name":"NATIVE_APP"}[39m
[35m[HTTP][39m [37m<-- POST /wd/hub/session/ff509808-4cd1-46d1-a8e5-ca8a4a85708d/context [39m[32m200[39m [90m1 ms - 14[39m
[35m[HTTP][39m [90m[39m
[35m[HTTP][39m [37m-->[39m [37mPOST[39m [37m/wd/hub/session/ff509808-4cd1-46d1-a8e5-ca8a4a85708d/timeouts[39m
[35m[HTTP][39m [90m{"implicit":50}[39m
[35m[HTTP][39m [37m<-- POST /wd/hub/session/ff509808-4cd1-46d1-a8e5-ca8a4a85708d/timeouts [39m[32m200[39m [90m1 ms - 14[39m
[35m[HTTP][39m [90m[39m
[35m[HTTP][39m [37m-->[39m [37mGET[39m [37m/wd/hub/session/ff509808-4cd1-46d1-a8e5-ca8a4a85708d/window/rect[39m
[35m[HTTP][39m [90m{}[39m
[35m[HTTP][39m [37m<-- GET /wd/hub/session/ff509808-4cd1-46d1-a8e5-ca8a4a85708d/window/rect [39m[32m200[39m [90m11 ms - 49[39m
[35m[HTTP][39m [90m[39m
[35m[HTTP][39m [37m-->[39m [37mPOST[39m [37m/wd/hub/session/ff509808-4cd1-46d1-a8e5-ca8a4a85708d/elements[39m
[35m[HTTP][39m [90m{"using":"xpath","value":"//*[@class = 'android.widget.Button' and (@text = 'Continuar' or . = 'Continuar') and @resource-id = 'com.banorte.segurosdev:id/continuar']"}[39m
[35m[HTTP][39m [37m<-- POST /wd/hub/session/ff509808-4cd1-46d1-a8e5-ca8a4a85708d/elements [39m[32m200[39m [90m53 ms - 139[39m
[35m[HTTP][39m [90m[39m
[35m[HTTP][39m [37m-->[39m [37mGET[39m [37m/wd/hub/session/ff509808-4cd1-46d1-a8e5-ca8a4a85708d/element/7bda57d3-ba8b-4a39-bc9c-71de9a5a0f74/location[39m
[35m[HTTP][39m [90m{}[39m
[35m[W3C (ff509808)][39m Driver proxy active, passing request on via HTTP proxy
[35m[WD Proxy][39m Replacing sessionId 2d111248-fb4c-4a3e-8a85-19697798f81a with ff509808-4cd1-46d1-a8e5-ca8a4a85708d
[35m[HTTP][39m [37m<-- GET /wd/hub/session/ff509808-4cd1-46d1-a8e5-ca8a4a85708d/element/7bda57d3-ba8b-4a39-bc9c-71de9a5a0f74/location [39m[32m200[39m [90m11 ms - 78[39m
[35m[HTTP][39m [90m[39m
[35m[HTTP][39m [37m-->[39m [37mPOST[39m [37m/wd/hub/session/ff509808-4cd1-46d1-a8e5-ca8a4a85708d/timeouts[39m
[35m[HTTP][39m [90m{"implicit":30000}[39m
[35m[HTTP][39m [37m<-- POST /wd/hub/session/ff509808-4cd1-46d1-a8e5-ca8a4a85708d/timeouts [39m[32m200[39m [90m1 ms - 14[39m
[35m[HTTP][39m [90m[39m
[35m[HTTP][39m [37m-->[39m [37mPOST[39m [37m/wd/hub/session/ff509808-4cd1-46d1-a8e5-ca8a4a85708d/touch/perform[39m
[35m[HTTP][39m [90m{"actions":[{"action":"tap","options":{"x":1,"y":1,"element":"7bda57d3-ba8b-4a39-bc9c-71de9a5a0f74"}},{"action":"release","options":{}}]}[39m
[35m[UiAutomator2][39m calling get location: 7bda57d3-ba8b-4a39-bc9c-71de9a5a0f74
[35m[HTTP][39m [37m<-- POST /wd/hub/session/ff509808-4cd1-46d1-a8e5-ca8a4a85708d/touch/perform [39m[32m200[39m [90m156 ms - 14[39m
[35m[HTTP][39m [90m[39m
[35m[HTTP][39m [37m-->[39m [37mPOST[39m [37m/wd/hub/session/ff509808-4cd1-46d1-a8e5-ca8a4a85708d/timeouts[39m
[35m[HTTP][39m [90m{"implicit":50}[39m
[35m[HTTP][39m [37m<-- POST /wd/hub/session/ff509808-4cd1-46d1-a8e5-ca8a4a85708d/timeouts [39m[32m200[39m [90m1 ms - 14[39m
[35m[HTTP][39m [90m[39m
[35m[HTTP][39m [37m-->[39m [37mGET[39m [37m/wd/hub/session/ff509808-4cd1-46d1-a8e5-ca8a4a85708d/window/rect[39m
[35m[HTTP][39m [90m{}[39m
[35m[HTTP][39m [37m<-- GET /wd/hub/session/ff509808-4cd1-46d1-a8e5-ca8a4a85708d/window/rect [39m[32m200[39m [90m13 ms - 49[39m
[35m[HTTP][39m [90m[39m
[35m[HTTP][39m [37m-->[39m [37mPOST[39m [37m/wd/hub/session/ff509808-4cd1-46d1-a8e5-ca8a4a85708d/elements[39m
[35m[HTTP][39m [90m{"using":"xpath","value":"//*[@class = 'android.widget.CheckBox' and (@text = 'Acepto los términos y condiciones' or . = 'Acepto los términos y condiciones') and @resource-id = 'com.banorte.segurosdev:id/checkbox_condiciones']"}[39m
[35m[HTTP][39m [37m<-- POST /wd/hub/session/ff509808-4cd1-46d1-a8e5-ca8a4a85708d/elements [39m[32m200[39m [90m1529 ms - 139[39m
[35m[HTTP][39m [90m[39m
[35m[HTTP][39m [37m-->[39m [37mGET[39m [37m/wd/hub/session/ff509808-4cd1-46d1-a8e5-ca8a4a85708d/element/49b19672-5854-4dc9-8466-a34c5f67a837/location[39m
[35m[HTTP][39m [90m{}[39m
[35m[W3C (ff509808)][39m Driver proxy active, passing request on via HTTP proxy
[35m[WD Proxy][39m Replacing sessionId 2d111248-fb4c-4a3e-8a85-19697798f81a with ff509808-4cd1-46d1-a8e5-ca8a4a85708d
[35m[HTTP][39m [37m<-- GET /wd/hub/session/ff509808-4cd1-46d1-a8e5-ca8a4a85708d/element/49b19672-5854-4dc9-8466-a34c5f67a837/location [39m[32m200[39m [90m13 ms - 78[39m
[35m[HTTP][39m [90m[39m
[35m[HTTP][39m [37m-->[39m [37mPOST[39m [37m/wd/hub/session/ff509808-4cd1-46d1-a8e5-ca8a4a85708d/timeouts[39m
[35m[HTTP][39m [90m{"implicit":30000}[39m
[35m[HTTP][39m [37m<-- POST /wd/hub/session/ff509808-4cd1-46d1-a8e5-ca8a4a85708d/timeouts [39m[32m200[39m [90m1 ms - 14[39m
[35m[HTTP][39m [90m[39m
[35m[HTTP][39m [37m-->[39m [37mPOST[39m [37m/wd/hub/session/ff509808-4cd1-46d1-a8e5-ca8a4a85708d/touch/perform[39m
[35m[HTTP][39m [90m{"actions":[{"action":"tap","options":{"x":1,"y":1,"element":"49b19672-5854-4dc9-8466-a34c5f67a837"}},{"action":"release","options":{}}]}[39m
[35m[UiAutomator2][39m calling get location: 49b19672-5854-4dc9-8466-a34c5f67a837
[35m[HTTP][39m [37m<-- POST /wd/hub/session/ff509808-4cd1-46d1-a8e5-ca8a4a85708d/touch/perform [39m[32m200[39m [90m133 ms - 14[39m
[35m[HTTP][39m [90m[39m
[35m[HTTP][39m [37m-->[39m [37mPOST[39m [37m/wd/hub/session/ff509808-4cd1-46d1-a8e5-ca8a4a85708d/timeouts[39m
[35m[HTTP][39m [90m{"implicit":50}[39m
[35m[HTTP][39m [37m<-- POST /wd/hub/session/ff509808-4cd1-46d1-a8e5-ca8a4a85708d/timeouts [39m[32m200[39m [90m1 ms - 14[39m
[35m[HTTP][39m [90m[39m
[35m[HTTP][39m [37m-->[39m [37mGET[39m [37m/wd/hub/session/ff509808-4cd1-46d1-a8e5-ca8a4a85708d/window/rect[39m
[35m[HTTP][39m [90m{}[39m
[35m[HTTP][39m [37m<-- GET /wd/hub/session/ff509808-4cd1-46d1-a8e5-ca8a4a85708d/window/rect [39m[32m200[39m [90m19 ms - 49[39m
[35m[HTTP][39m [90m[39m
[35m[HTTP][39m [37m-->[39m [37mPOST[39m [37m/wd/hub/session/ff509808-4cd1-46d1-a8e5-ca8a4a85708d/elements[39m
[35m[HTTP][39m [90m{"using":"xpath","value":"//*[@class = 'android.widget.Button' and (@text = 'Registrar' or . = 'Registrar') and @resource-id = 'com.banorte.segurosdev:id/registar']"}[39m
[35m[HTTP][39m [37m<-- POST /wd/hub/session/ff509808-4cd1-46d1-a8e5-ca8a4a85708d/elements [39m[32m200[39m [90m558 ms - 139[39m
[35m[HTTP][39m [90m[39m
[35m[HTTP][39m [37m-->[39m [37mGET[39m [37m/wd/hub/session/ff509808-4cd1-46d1-a8e5-ca8a4a85708d/element/3ed53dc7-045b-4164-b366-5298391e9dd5/location[39m
[35m[HTTP][39m [90m{}[39m
[35m[W3C (ff509808)][39m Driver proxy active, passing request on via HTTP proxy
[35m[WD Proxy][39m Replacing sessionId 2d111248-fb4c-4a3e-8a85-19697798f81a with ff509808-4cd1-46d1-a8e5-ca8a4a85708d
[35m[HTTP][39m [37m<-- GET /wd/hub/session/ff509808-4cd1-46d1-a8e5-ca8a4a85708d/element/3ed53dc7-045b-4164-b366-5298391e9dd5/location [39m[32m200[39m [90m16 ms - 77[39m
[35m[HTTP][39m [90m[39m
[35m[HTTP][39m [37m-->[39m [37mPOST[39m [37m/wd/hub/session/ff509808-4cd1-46d1-a8e5-ca8a4a85708d/timeouts[39m
[35m[HTTP][39m [90m{"implicit":30000}[39m
[35m[HTTP][39m [37m<-- POST /wd/hub/session/ff509808-4cd1-46d1-a8e5-ca8a4a85708d/timeouts [39m[32m200[39m [90m1 ms - 14[39m
[35m[HTTP][39m [90m[39m
[35m[HTTP][39m [37m-->[39m [37mPOST[39m [37m/wd/hub/session/ff509808-4cd1-46d1-a8e5-ca8a4a85708d/touch/perform[39m
[35m[HTTP][39m [90m{"actions":[{"action":"tap","options":{"x":1,"y":1,"element":"3ed53dc7-045b-4164-b366-5298391e9dd5"}},{"action":"release","options":{}}]}[39m
[35m[UiAutomator2][39m calling get location: 3ed53dc7-045b-4164-b366-5298391e9dd5
[35m[HTTP][39m [37m<-- POST /wd/hub/session/ff509808-4cd1-46d1-a8e5-ca8a4a85708d/touch/perform [39m[32m200[39m [90m622 ms - 14[39m
[35m[HTTP][39m [90m[39m
[35m[HTTP][39m [37m-->[39m [37mGET[39m [37m/wd/hub/session/ff509808-4cd1-46d1-a8e5-ca8a4a85708d/context[39m
[35m[HTTP][39m [90m{}[39m
[35m[HTTP][39m [37m<-- GET /wd/hub/session/ff509808-4cd1-46d1-a8e5-ca8a4a85708d/context [39m[32m200[39m [90m1 ms - 22[39m
[35m[HTTP][39m [90m[39m
[35m[HTTP][39m [37m-->[39m [37mGET[39m [37m/wd/hub/session/ff509808-4cd1-46d1-a8e5-ca8a4a85708d/contexts[39m
[35m[HTTP][39m [90m{}[39m
[35m[HTTP][39m [37m<-- GET /wd/hub/session/ff509808-4cd1-46d1-a8e5-ca8a4a85708d/contexts [39m[32m200[39m [90m68 ms - 24[39m
[35m[HTTP][39m [90m[39m
[35m[HTTP][39m [37m-->[39m [37mPOST[39m [37m/wd/hub/session/ff509808-4cd1-46d1-a8e5-ca8a4a85708d/context[39m
[35m[HTTP][39m [90m{"name":"NATIVE_APP"}[39m
[35m[HTTP][39m [37m<-- POST /wd/hub/session/ff509808-4cd1-46d1-a8e5-ca8a4a85708d/context [39m[32m200[39m [90m2 ms - 14[39m
[35m[HTTP][39m [90m[39m
[35m[HTTP][39m [37m-->[39m [37mGET[39m [37m/wd/hub/session/ff509808-4cd1-46d1-a8e5-ca8a4a85708d/screenshot[39m
[35m[HTTP][39m [90m{}[39m
[35m[HTTP][39m [37m<-- GET /wd/hub/session/ff509808-4cd1-46d1-a8e5-ca8a4a85708d/screenshot [39m[32m200[39m [90m672 ms - 176210[39m
[35m[HTTP][39m [90m[39m
[35m[HTTP][39m [37m-->[39m [37mPOST[39m [37m/wd/hub/session/ff509808-4cd1-46d1-a8e5-ca8a4a85708d/context[39m
[35m[HTTP][39m [90m{"name":"NATIVE_APP"}[39m
[35m[HTTP][39m [37m<-- POST /wd/hub/session/ff509808-4cd1-46d1-a8e5-ca8a4a85708d/context [39m[32m200[39m [90m1 ms - 14[39m
[35m[HTTP][39m [90m[39m
[35m[HTTP][39m [37m-->[39m [37mDELETE[39m [37m/wd/hub/session/ff509808-4cd1-46d1-a8e5-ca8a4a85708d[39m
[35m[HTTP][39m [90m{}[39m
[35m[Appium][39m Removing session ff509808-4cd1-46d1-a8e5-ca8a4a85708d from our master session list
[35m[ADB][39m com.banorte.segurosdev was successfully uninstalled
[35m[HTTP][39m [37m<-- DELETE /wd/hub/session/ff509808-4cd1-46d1-a8e5-ca8a4a85708d [39m[32m200[39m [90m3769 ms - 14[39m
[35m[HTTP][39m [90m[39m
