[35m[Appium][39m Welcome to Appium v1.20.2
[35m[Appium][39m Non-default server args:
[35m[Appium][39m   port: 53765
[35m[Appium][39m   loglevel: info
[35m[Appium][39m   tmpDir: /var/folders/fv/3lsmmqq16cj0hvn9c57pkryc0000gn/T//Katalon/Appium/Temp1615866575261
[35m[Appium][39m   chromedriverPort: 53766
[35m[Appium][39m Deprecated server args:
[35m[Appium][39m   [31m--chromedriver-port[39m => --default-capabilities
[35m[Appium][39m Default capabilities, which will be added to each request unless overridden by desired capabilities:
[35m[Appium][39m   chromedriverPort: 53766
[35m[Appium][39m Appium REST http interface listener started on 0.0.0.0:53765
[35m[HTTP][39m [37m-->[39m [37mGET[39m [37m/wd/hub/status[39m
[35m[HTTP][39m [90m{}[39m
[35m[HTTP][39m [37m<-- GET /wd/hub/status [39m[32m200[39m [90m4 ms - 68[39m
[35m[HTTP][39m [90m[39m
[35m[HTTP][39m [37m-->[39m [37mPOST[39m [37m/wd/hub/session[39m
[35m[HTTP][39m [90m{"desiredCapabilities":{"app":"/Users/a2274333/Downloads/AppClientes_327-clear-preprod-debug.apk","noReset":false,"deviceId":"","deviceName":"HUAWEI HUAWEI (Android 6.0.1)","fullReset":true,"platform":"ANDROID","newCommandTimeout":1800,"platformVersion":"6.0.1","autoGrantPermissions":true,"platformName":"Android","udid":"L5Y7N15A12003367","systemPort":53764},"capabilities":{"firstMatch":[{"appium:app":"/Users/a2274333/Downloads/AppClientes_327-clear-preprod-debug.apk","appium:autoGrantPermissions":true,"deviceId":"","appium:deviceName":"HUAWEI HUAWEI (Android 6.0.1)","appium:fullReset":true,"appium:newCommandTimeout":1800,"appium:noReset":false,"platform":"ANDROID","platformName":"android","appium:platformVersion":"6.0.1","appium:systemPort":53764,"appium:udid":"L5Y7N15A12003367"}]}}[39m
[35m[BaseDriver][39m The following capabilities are not standard capabilities and should have an extension prefix:
[35m[BaseDriver][39m   deviceId
[35m[BaseDriver][39m   platform
[35m[BaseDriver][39m   chromedriverPort
[35m[Appium][39m 
[35m[Appium][39m ======================================================================
[35m[Appium][39m   DEPRECATION WARNING:
[35m[Appium][39m 
[35m[Appium][39m   The 'automationName' capability was not provided in the desired 
[35m[Appium][39m   capabilities for this Android session
[35m[Appium][39m 
[35m[Appium][39m   Setting 'automationName=UiAutomator2' by default and using the 
[35m[Appium][39m   UiAutomator2 Driver
[35m[Appium][39m 
[35m[Appium][39m   The next major version of Appium (2.x) will **require** the 
[35m[Appium][39m   'automationName' capability to be set for all sessions on all 
[35m[Appium][39m   platforms
[35m[Appium][39m 
[35m[Appium][39m   In previous versions (Appium <= 1.13.x), the default was 
[35m[Appium][39m   'automationName=UiAutomator1'
[35m[Appium][39m 
[35m[Appium][39m   If you wish to use that automation instead of UiAutomator2, please 
[35m[Appium][39m   add 'automationName=UiAutomator1' to your desired capabilities
[35m[Appium][39m 
[35m[Appium][39m   For more information about drivers, please visit 
[35m[Appium][39m   http://appium.io/docs/en/about-appium/intro/ and explore the 
[35m[Appium][39m   'Drivers' menu
[35m[Appium][39m 
[35m[Appium][39m ======================================================================
[35m[Appium][39m 
[35m[Appium][39m Appium v1.20.2 creating new AndroidUiautomator2Driver (v1.61.2) session
[35m[BaseDriver][39m The following capabilities were provided, but are not recognized by Appium:
[35m[BaseDriver][39m   deviceId
[35m[BaseDriver][39m   platform
[35m[BaseDriver][39m Session created with session id: c6236eed-6828-49e9-9790-ab9aa192962f
[35m[BaseDriver][39m Using local app '/Users/a2274333/Downloads/AppClientes_327-clear-preprod-debug.apk'
[35m[ADB][39m Found 1 'build-tools' folders under '/Users/a2274333/.katalon/tools/android_sdk' (newest first):
[35m[ADB][39m     /Users/a2274333/.katalon/tools/android_sdk/build-tools/29.0.3
[35m[ADB][39m Using 'adb' from '/Users/a2274333/.katalon/tools/android_sdk/platform-tools/adb'
[35m[AndroidDriver][39m Retrieving device list
[35m[AndroidDriver][39m Using device: L5Y7N15A12003367
[35m[ADB][39m Using 'adb' from '/Users/a2274333/.katalon/tools/android_sdk/platform-tools/adb'
[35m[ADB][39m Package name: 'com.banorte.segurosdev'
[35m[ADB][39m Main activity name: 'com.banorte.seguros.vistas.general.EmptyStateScreen'
[35m[AndroidDriver][39m Granting permissions SET_ANIMATION_SCALE,CHANGE_CONFIGURATION,ACCESS_FINE_LOCATION to 'io.appium.settings'
[35m[ADB][39m Using 'apksigner.jar' from '/Users/a2274333/.katalon/tools/android_sdk/build-tools/29.0.3/lib/apksigner.jar'
[35m[ADB][39m '/Users/a2274333/node_modules/appium/node_modules/appium-uiautomator2-server/apks/appium-uiautomator2-server-v4.17.4.apk' is signed with the default certificate
[35m[ADB][39m '/Users/a2274333/node_modules/appium/node_modules/appium-uiautomator2-server/apks/appium-uiautomator2-server-debug-androidTest.apk' is signed with the default certificate
[35m[UiAutomator2][39m Server packages are not going to be (re)installed
[35m[ADB][39m Adding packages ["io.appium.settings","io.appium.uiautomator2.server","io.appium.uiautomator2.server.test"] to Doze whitelist
[35m[ADB][39m '/Users/a2274333/Downloads/AppClientes_327-clear-preprod-debug.apk' is signed with a non-default certificate
[35m[ADB][39m com.banorte.segurosdev was not uninstalled, because it was not present on the device
[35m[ADB][39m The application at '/Users/a2274333/Downloads/AppClientes_327-clear-preprod-debug.apk' is already cached to '/data/local/tmp/appium_cache/940849ba0c1b2fd651806cef90e91f0cb398620f.apk'
[35m[ADB][39m The installation of 'AppClientes_327-clear-preprod-debug.apk' took 33781ms
[35m[UiAutomator2][39m Starting UIAutomator2 server 4.17.4
[35m[UiAutomator2][39m Using UIAutomator2 server from '/Users/a2274333/node_modules/appium/node_modules/appium-uiautomator2-server/apks/appium-uiautomator2-server-v4.17.4.apk' and test from '/Users/a2274333/node_modules/appium/node_modules/appium-uiautomator2-server/apks/appium-uiautomator2-server-debug-androidTest.apk'
[35m[UiAutomator2][39m Waiting up to 30000ms for UiAutomator2 to be online...
[35m[WD Proxy][39m socket hang up
[35m[WD Proxy][39m socket hang up
[35m[WD Proxy][39m socket hang up
[35m[WD Proxy][39m socket hang up
[35m[WD Proxy][39m Determined the downstream protocol as 'W3C'
[35m[AndroidDriver][39m Screen already unlocked, doing nothing
[35m[UiAutomator2][39m Starting 'com.banorte.segurosdev/com.banorte.seguros.vistas.general.EmptyStateScreen and waiting for 'com.banorte.segurosdev/com.banorte.seguros.vistas.general.EmptyStateScreen'
[35m[Appium][39m New AndroidUiautomator2Driver session created successfully, session c6236eed-6828-49e9-9790-ab9aa192962f added to master session list
[35m[HTTP][39m [37m<-- POST /wd/hub/session [39m[32m200[39m [90m53599 ms - 1269[39m
[35m[HTTP][39m [90m[39m
[35m[HTTP][39m [37m-->[39m [37mGET[39m [37m/wd/hub/session/c6236eed-6828-49e9-9790-ab9aa192962f[39m
[35m[HTTP][39m [90m{}[39m
[35m[HTTP][39m [37m<-- GET /wd/hub/session/c6236eed-6828-49e9-9790-ab9aa192962f [39m[32m200[39m [90m11 ms - 1223[39m
[35m[HTTP][39m [90m[39m
[35m[HTTP][39m [37m-->[39m [37mGET[39m [37m/wd/hub/session/c6236eed-6828-49e9-9790-ab9aa192962f[39m
[35m[HTTP][39m [90m{}[39m
[35m[HTTP][39m [37m<-- GET /wd/hub/session/c6236eed-6828-49e9-9790-ab9aa192962f [39m[32m200[39m [90m9 ms - 1223[39m
[35m[HTTP][39m [90m[39m
[35m[HTTP][39m [37m-->[39m [37mGET[39m [37m/wd/hub/status[39m
[35m[HTTP][39m [90m{}[39m
[35m[HTTP][39m [37m<-- GET /wd/hub/status [39m[32m200[39m [90m1 ms - 68[39m
[35m[HTTP][39m [90m[39m
[35m[HTTP][39m [37m-->[39m [37mPOST[39m [37m/wd/hub/session/c6236eed-6828-49e9-9790-ab9aa192962f/timeouts[39m
[35m[HTTP][39m [90m{"implicit":30000}[39m
[35m[HTTP][39m [37m<-- POST /wd/hub/session/c6236eed-6828-49e9-9790-ab9aa192962f/timeouts [39m[32m200[39m [90m2 ms - 14[39m
[35m[HTTP][39m [90m[39m
[35m[HTTP][39m [37m-->[39m [37mGET[39m [37m/wd/hub/session/c6236eed-6828-49e9-9790-ab9aa192962f/screenshot[39m
[35m[HTTP][39m [90m{}[39m
[35m[HTTP][39m [37m<-- GET /wd/hub/session/c6236eed-6828-49e9-9790-ab9aa192962f/screenshot [39m[32m200[39m [90m499 ms - 41234[39m
[35m[HTTP][39m [90m[39m
[35m[HTTP][39m [37m-->[39m [37mGET[39m [37m/wd/hub/session/c6236eed-6828-49e9-9790-ab9aa192962f/window/rect[39m
[35m[HTTP][39m [90m{}[39m
[35m[HTTP][39m [37m<-- GET /wd/hub/session/c6236eed-6828-49e9-9790-ab9aa192962f/window/rect [39m[32m200[39m [90m15 ms - 49[39m
[35m[HTTP][39m [90m[39m
[35m[HTTP][39m [37m-->[39m [37mGET[39m [37m/wd/hub/session/c6236eed-6828-49e9-9790-ab9aa192962f/appium/device/system_bars[39m
[35m[HTTP][39m [90m{}[39m
[35m[HTTP][39m [37m<-- GET /wd/hub/session/c6236eed-6828-49e9-9790-ab9aa192962f/appium/device/system_bars [39m[32m200[39m [90m56 ms - 148[39m
[35m[HTTP][39m [90m[39m
[35m[HTTP][39m [37m-->[39m [37mPOST[39m [37m/wd/hub/session/c6236eed-6828-49e9-9790-ab9aa192962f/timeouts[39m
[35m[HTTP][39m [90m{"implicit":50}[39m
[35m[HTTP][39m [37m<-- POST /wd/hub/session/c6236eed-6828-49e9-9790-ab9aa192962f/timeouts [39m[32m200[39m [90m2 ms - 14[39m
[35m[HTTP][39m [90m[39m
[35m[HTTP][39m [37m-->[39m [37mGET[39m [37m/wd/hub/session/c6236eed-6828-49e9-9790-ab9aa192962f/window/rect[39m
[35m[HTTP][39m [90m{}[39m
[35m[HTTP][39m [37m<-- GET /wd/hub/session/c6236eed-6828-49e9-9790-ab9aa192962f/window/rect [39m[32m200[39m [90m26 ms - 49[39m
[35m[HTTP][39m [90m[39m
[35m[HTTP][39m [37m-->[39m [37mPOST[39m [37m/wd/hub/session/c6236eed-6828-49e9-9790-ab9aa192962f/elements[39m
[35m[HTTP][39m [90m{"using":"xpath","value":"//*[@class = 'android.widget.Button' and (@text = 'Permitir' or . = 'Permitir') and @resource-id = 'android:id/button1']"}[39m
[35m[HTTP][39m [37m<-- POST /wd/hub/session/c6236eed-6828-49e9-9790-ab9aa192962f/elements [39m[32m200[39m [90m196 ms - 139[39m
[35m[HTTP][39m [90m[39m
[35m[HTTP][39m [37m-->[39m [37mGET[39m [37m/wd/hub/session/c6236eed-6828-49e9-9790-ab9aa192962f/element/0f8caf46-aaf1-4845-aa35-b96982cfcd8a/location[39m
[35m[HTTP][39m [90m{}[39m
[35m[W3C (c6236eed)][39m Driver proxy active, passing request on via HTTP proxy
[35m[WD Proxy][39m Replacing sessionId 97d92599-c2a2-42a3-b8e0-d443bc9f71a5 with c6236eed-6828-49e9-9790-ab9aa192962f
[35m[HTTP][39m [37m<-- GET /wd/hub/session/c6236eed-6828-49e9-9790-ab9aa192962f/element/0f8caf46-aaf1-4845-aa35-b96982cfcd8a/location [39m[32m200[39m [90m35 ms - 78[39m
[35m[HTTP][39m [90m[39m
[35m[HTTP][39m [37m-->[39m [37mPOST[39m [37m/wd/hub/session/c6236eed-6828-49e9-9790-ab9aa192962f/timeouts[39m
[35m[HTTP][39m [90m{"implicit":30000}[39m
[35m[HTTP][39m [37m<-- POST /wd/hub/session/c6236eed-6828-49e9-9790-ab9aa192962f/timeouts [39m[32m200[39m [90m1 ms - 14[39m
[35m[HTTP][39m [90m[39m
[35m[HTTP][39m [37m-->[39m [37mPOST[39m [37m/wd/hub/session/c6236eed-6828-49e9-9790-ab9aa192962f/touch/perform[39m
[35m[HTTP][39m [90m{"actions":[{"action":"tap","options":{"x":1,"y":1,"element":"0f8caf46-aaf1-4845-aa35-b96982cfcd8a"}},{"action":"release","options":{}}]}[39m
[35m[UiAutomator2][39m calling get location: 0f8caf46-aaf1-4845-aa35-b96982cfcd8a
[35m[HTTP][39m [37m<-- POST /wd/hub/session/c6236eed-6828-49e9-9790-ab9aa192962f/touch/perform [39m[32m200[39m [90m1551 ms - 14[39m
[35m[HTTP][39m [90m[39m
[35m[HTTP][39m [37m-->[39m [37mPOST[39m [37m/wd/hub/session/c6236eed-6828-49e9-9790-ab9aa192962f/timeouts[39m
[35m[HTTP][39m [90m{"implicit":50}[39m
[35m[HTTP][39m [37m<-- POST /wd/hub/session/c6236eed-6828-49e9-9790-ab9aa192962f/timeouts [39m[32m200[39m [90m1 ms - 14[39m
[35m[HTTP][39m [90m[39m
[35m[HTTP][39m [37m-->[39m [37mGET[39m [37m/wd/hub/session/c6236eed-6828-49e9-9790-ab9aa192962f/window/rect[39m
[35m[HTTP][39m [90m{}[39m
[35m[HTTP][39m [37m<-- GET /wd/hub/session/c6236eed-6828-49e9-9790-ab9aa192962f/window/rect [39m[32m200[39m [90m14 ms - 49[39m
[35m[HTTP][39m [90m[39m
[35m[HTTP][39m [37m-->[39m [37mPOST[39m [37m/wd/hub/session/c6236eed-6828-49e9-9790-ab9aa192962f/elements[39m
[35m[HTTP][39m [90m{"using":"xpath","value":"//*[@class = 'android.widget.Button' and (@text = 'Allow' or . = 'Allow') and @resource-id = 'com.android.packageinstaller:id/permission_allow_button']"}[39m
[35m[HTTP][39m [37m<-- POST /wd/hub/session/c6236eed-6828-49e9-9790-ab9aa192962f/elements [39m[32m200[39m [90m432 ms - 139[39m
[35m[HTTP][39m [90m[39m
[35m[HTTP][39m [37m-->[39m [37mGET[39m [37m/wd/hub/session/c6236eed-6828-49e9-9790-ab9aa192962f/element/c228f248-87a8-449b-bc11-8e7e17e2740c/location[39m
[35m[HTTP][39m [90m{}[39m
[35m[W3C (c6236eed)][39m Driver proxy active, passing request on via HTTP proxy
[35m[WD Proxy][39m Replacing sessionId 97d92599-c2a2-42a3-b8e0-d443bc9f71a5 with c6236eed-6828-49e9-9790-ab9aa192962f
[35m[HTTP][39m [37m<-- GET /wd/hub/session/c6236eed-6828-49e9-9790-ab9aa192962f/element/c228f248-87a8-449b-bc11-8e7e17e2740c/location [39m[32m200[39m [90m14 ms - 78[39m
[35m[HTTP][39m [90m[39m
[35m[HTTP][39m [37m-->[39m [37mPOST[39m [37m/wd/hub/session/c6236eed-6828-49e9-9790-ab9aa192962f/timeouts[39m
[35m[HTTP][39m [90m{"implicit":30000}[39m
[35m[HTTP][39m [37m<-- POST /wd/hub/session/c6236eed-6828-49e9-9790-ab9aa192962f/timeouts [39m[32m200[39m [90m1 ms - 14[39m
[35m[HTTP][39m [90m[39m
[35m[HTTP][39m [37m-->[39m [37mPOST[39m [37m/wd/hub/session/c6236eed-6828-49e9-9790-ab9aa192962f/touch/perform[39m
[35m[HTTP][39m [90m{"actions":[{"action":"tap","options":{"x":1,"y":1,"element":"c228f248-87a8-449b-bc11-8e7e17e2740c"}},{"action":"release","options":{}}]}[39m
[35m[UiAutomator2][39m calling get location: c228f248-87a8-449b-bc11-8e7e17e2740c
[35m[HTTP][39m [37m<-- POST /wd/hub/session/c6236eed-6828-49e9-9790-ab9aa192962f/touch/perform [39m[32m200[39m [90m141 ms - 14[39m
[35m[HTTP][39m [90m[39m
[35m[HTTP][39m [37m-->[39m [37mGET[39m [37m/wd/hub/session/c6236eed-6828-49e9-9790-ab9aa192962f/context[39m
[35m[HTTP][39m [90m{}[39m
[35m[HTTP][39m [37m<-- GET /wd/hub/session/c6236eed-6828-49e9-9790-ab9aa192962f/context [39m[32m200[39m [90m1 ms - 22[39m
[35m[HTTP][39m [90m[39m
[35m[HTTP][39m [37m-->[39m [37mGET[39m [37m/wd/hub/session/c6236eed-6828-49e9-9790-ab9aa192962f/contexts[39m
[35m[HTTP][39m [90m{}[39m
[35m[HTTP][39m [37m<-- GET /wd/hub/session/c6236eed-6828-49e9-9790-ab9aa192962f/contexts [39m[32m200[39m [90m83 ms - 24[39m
[35m[HTTP][39m [90m[39m
[35m[HTTP][39m [37m-->[39m [37mPOST[39m [37m/wd/hub/session/c6236eed-6828-49e9-9790-ab9aa192962f/context[39m
[35m[HTTP][39m [90m{"name":"NATIVE_APP"}[39m
[35m[HTTP][39m [37m<-- POST /wd/hub/session/c6236eed-6828-49e9-9790-ab9aa192962f/context [39m[32m200[39m [90m1 ms - 14[39m
[35m[HTTP][39m [90m[39m
[35m[HTTP][39m [37m-->[39m [37mGET[39m [37m/wd/hub/session/c6236eed-6828-49e9-9790-ab9aa192962f/screenshot[39m
[35m[HTTP][39m [90m{}[39m
[35m[HTTP][39m [37m<-- GET /wd/hub/session/c6236eed-6828-49e9-9790-ab9aa192962f/screenshot [39m[32m200[39m [90m2377 ms - 1291848[39m
[35m[HTTP][39m [90m[39m
[35m[HTTP][39m [37m-->[39m [37mPOST[39m [37m/wd/hub/session/c6236eed-6828-49e9-9790-ab9aa192962f/context[39m
[35m[HTTP][39m [90m{"name":"NATIVE_APP"}[39m
[35m[HTTP][39m [37m<-- POST /wd/hub/session/c6236eed-6828-49e9-9790-ab9aa192962f/context [39m[32m200[39m [90m1 ms - 14[39m
[35m[HTTP][39m [90m[39m
[35m[HTTP][39m [37m-->[39m [37mPOST[39m [37m/wd/hub/session/c6236eed-6828-49e9-9790-ab9aa192962f/timeouts[39m
[35m[HTTP][39m [90m{"implicit":50}[39m
[35m[HTTP][39m [37m<-- POST /wd/hub/session/c6236eed-6828-49e9-9790-ab9aa192962f/timeouts [39m[32m200[39m [90m1 ms - 14[39m
[35m[HTTP][39m [90m[39m
[35m[HTTP][39m [37m-->[39m [37mGET[39m [37m/wd/hub/session/c6236eed-6828-49e9-9790-ab9aa192962f/window/rect[39m
[35m[HTTP][39m [90m{}[39m
[35m[HTTP][39m [37m<-- GET /wd/hub/session/c6236eed-6828-49e9-9790-ab9aa192962f/window/rect [39m[32m200[39m [90m14 ms - 49[39m
[35m[HTTP][39m [90m[39m
[35m[HTTP][39m [37m-->[39m [37mPOST[39m [37m/wd/hub/session/c6236eed-6828-49e9-9790-ab9aa192962f/elements[39m
[35m[HTTP][39m [90m{"using":"xpath","value":"//*[@class = 'android.widget.Button' and (@text = 'Registrarme' or . = 'Registrarme') and @resource-id = 'com.banorte.segurosdev:id/btn_registro']"}[39m
[35m[HTTP][39m [37m<-- POST /wd/hub/session/c6236eed-6828-49e9-9790-ab9aa192962f/elements [39m[32m200[39m [90m145 ms - 139[39m
[35m[HTTP][39m [90m[39m
[35m[HTTP][39m [37m-->[39m [37mGET[39m [37m/wd/hub/session/c6236eed-6828-49e9-9790-ab9aa192962f/element/57beaf1a-8463-43ad-b85d-c2f00f9b9f5f/location[39m
[35m[HTTP][39m [90m{}[39m
[35m[W3C (c6236eed)][39m Driver proxy active, passing request on via HTTP proxy
[35m[WD Proxy][39m Replacing sessionId 97d92599-c2a2-42a3-b8e0-d443bc9f71a5 with c6236eed-6828-49e9-9790-ab9aa192962f
[35m[HTTP][39m [37m<-- GET /wd/hub/session/c6236eed-6828-49e9-9790-ab9aa192962f/element/57beaf1a-8463-43ad-b85d-c2f00f9b9f5f/location [39m[32m200[39m [90m16 ms - 77[39m
[35m[HTTP][39m [90m[39m
[35m[HTTP][39m [37m-->[39m [37mPOST[39m [37m/wd/hub/session/c6236eed-6828-49e9-9790-ab9aa192962f/timeouts[39m
[35m[HTTP][39m [90m{"implicit":30000}[39m
[35m[HTTP][39m [37m<-- POST /wd/hub/session/c6236eed-6828-49e9-9790-ab9aa192962f/timeouts [39m[32m200[39m [90m1 ms - 14[39m
[35m[HTTP][39m [90m[39m
[35m[HTTP][39m [37m-->[39m [37mPOST[39m [37m/wd/hub/session/c6236eed-6828-49e9-9790-ab9aa192962f/touch/perform[39m
[35m[HTTP][39m [90m{"actions":[{"action":"tap","options":{"x":1,"y":1,"element":"57beaf1a-8463-43ad-b85d-c2f00f9b9f5f"}},{"action":"release","options":{}}]}[39m
[35m[UiAutomator2][39m calling get location: 57beaf1a-8463-43ad-b85d-c2f00f9b9f5f
[35m[HTTP][39m [37m<-- POST /wd/hub/session/c6236eed-6828-49e9-9790-ab9aa192962f/touch/perform [39m[32m200[39m [90m149 ms - 14[39m
[35m[HTTP][39m [90m[39m
[35m[HTTP][39m [37m-->[39m [37mGET[39m [37m/wd/hub/session/c6236eed-6828-49e9-9790-ab9aa192962f/context[39m
[35m[HTTP][39m [90m{}[39m
[35m[HTTP][39m [37m<-- GET /wd/hub/session/c6236eed-6828-49e9-9790-ab9aa192962f/context [39m[32m200[39m [90m1 ms - 22[39m
[35m[HTTP][39m [90m[39m
[35m[HTTP][39m [37m-->[39m [37mGET[39m [37m/wd/hub/session/c6236eed-6828-49e9-9790-ab9aa192962f/contexts[39m
[35m[HTTP][39m [90m{}[39m
[35m[HTTP][39m [37m<-- GET /wd/hub/session/c6236eed-6828-49e9-9790-ab9aa192962f/contexts [39m[32m200[39m [90m42 ms - 24[39m
[35m[HTTP][39m [90m[39m
[35m[HTTP][39m [37m-->[39m [37mPOST[39m [37m/wd/hub/session/c6236eed-6828-49e9-9790-ab9aa192962f/context[39m
[35m[HTTP][39m [90m{"name":"NATIVE_APP"}[39m
[35m[HTTP][39m [37m<-- POST /wd/hub/session/c6236eed-6828-49e9-9790-ab9aa192962f/context [39m[32m200[39m [90m1 ms - 14[39m
[35m[HTTP][39m [90m[39m
[35m[HTTP][39m [37m-->[39m [37mPOST[39m [37m/wd/hub/session/c6236eed-6828-49e9-9790-ab9aa192962f/appium/device/hide_keyboard[39m
[35m[HTTP][39m [90m{}[39m
[35m[HTTP][39m [37m<-- POST /wd/hub/session/c6236eed-6828-49e9-9790-ab9aa192962f/appium/device/hide_keyboard [39m[32m200[39m [90m1582 ms - 14[39m
[35m[HTTP][39m [90m[39m
[35m[HTTP][39m [37m-->[39m [37mPOST[39m [37m/wd/hub/session/c6236eed-6828-49e9-9790-ab9aa192962f/context[39m
[35m[HTTP][39m [90m{"name":"NATIVE_APP"}[39m
[35m[HTTP][39m [37m<-- POST /wd/hub/session/c6236eed-6828-49e9-9790-ab9aa192962f/context [39m[32m200[39m [90m1 ms - 14[39m
[35m[HTTP][39m [90m[39m
[35m[HTTP][39m [37m-->[39m [37mPOST[39m [37m/wd/hub/session/c6236eed-6828-49e9-9790-ab9aa192962f/timeouts[39m
[35m[HTTP][39m [90m{"implicit":50}[39m
[35m[HTTP][39m [37m<-- POST /wd/hub/session/c6236eed-6828-49e9-9790-ab9aa192962f/timeouts [39m[32m200[39m [90m4 ms - 14[39m
[35m[HTTP][39m [90m[39m
[35m[HTTP][39m [37m-->[39m [37mGET[39m [37m/wd/hub/session/c6236eed-6828-49e9-9790-ab9aa192962f/window/rect[39m
[35m[HTTP][39m [90m{}[39m
[35m[HTTP][39m [37m<-- GET /wd/hub/session/c6236eed-6828-49e9-9790-ab9aa192962f/window/rect [39m[32m200[39m [90m15 ms - 49[39m
[35m[HTTP][39m [90m[39m
[35m[HTTP][39m [37m-->[39m [37mPOST[39m [37m/wd/hub/session/c6236eed-6828-49e9-9790-ab9aa192962f/elements[39m
[35m[HTTP][39m [90m{"using":"xpath","value":"//*[@class = 'android.widget.EditText' and (@text = 'Ingresa tu nombre' or . = 'Ingresa tu nombre') and @resource-id = 'com.banorte.segurosdev:id/txt_nombre']"}[39m
[35m[HTTP][39m [37m<-- POST /wd/hub/session/c6236eed-6828-49e9-9790-ab9aa192962f/elements [39m[32m200[39m [90m331 ms - 139[39m
[35m[HTTP][39m [90m[39m
[35m[HTTP][39m [37m-->[39m [37mGET[39m [37m/wd/hub/session/c6236eed-6828-49e9-9790-ab9aa192962f/element/0fa7a12f-4e40-4cea-b7b1-bd93e986e792/location[39m
[35m[HTTP][39m [90m{}[39m
[35m[W3C (c6236eed)][39m Driver proxy active, passing request on via HTTP proxy
[35m[WD Proxy][39m Replacing sessionId 97d92599-c2a2-42a3-b8e0-d443bc9f71a5 with c6236eed-6828-49e9-9790-ab9aa192962f
[35m[HTTP][39m [37m<-- GET /wd/hub/session/c6236eed-6828-49e9-9790-ab9aa192962f/element/0fa7a12f-4e40-4cea-b7b1-bd93e986e792/location [39m[32m200[39m [90m16 ms - 77[39m
[35m[HTTP][39m [90m[39m
[35m[HTTP][39m [37m-->[39m [37mPOST[39m [37m/wd/hub/session/c6236eed-6828-49e9-9790-ab9aa192962f/timeouts[39m
[35m[HTTP][39m [90m{"implicit":30000}[39m
[35m[HTTP][39m [37m<-- POST /wd/hub/session/c6236eed-6828-49e9-9790-ab9aa192962f/timeouts [39m[32m200[39m [90m1 ms - 14[39m
[35m[HTTP][39m [90m[39m
[35m[HTTP][39m [37m-->[39m [37mPOST[39m [37m/wd/hub/session/c6236eed-6828-49e9-9790-ab9aa192962f/element/0fa7a12f-4e40-4cea-b7b1-bd93e986e792/clear[39m
[35m[HTTP][39m [90m{"id":"0fa7a12f-4e40-4cea-b7b1-bd93e986e792"}[39m
[35m[HTTP][39m [37m<-- POST /wd/hub/session/c6236eed-6828-49e9-9790-ab9aa192962f/element/0fa7a12f-4e40-4cea-b7b1-bd93e986e792/clear [39m[32m200[39m [90m71 ms - 14[39m
[35m[HTTP][39m [90m[39m
[35m[HTTP][39m [37m-->[39m [37mPOST[39m [37m/wd/hub/session/c6236eed-6828-49e9-9790-ab9aa192962f/element/0fa7a12f-4e40-4cea-b7b1-bd93e986e792/value[39m
[35m[HTTP][39m [90m{"id":"0fa7a12f-4e40-4cea-b7b1-bd93e986e792","text":"Fernando","value":["F","e","r","n","a","n","d","o"]}[39m
[35m[HTTP][39m [37m<-- POST /wd/hub/session/c6236eed-6828-49e9-9790-ab9aa192962f/element/0fa7a12f-4e40-4cea-b7b1-bd93e986e792/value [39m[32m200[39m [90m1063 ms - 14[39m
[35m[HTTP][39m [90m[39m
[35m[HTTP][39m [37m-->[39m [37mGET[39m [37m/wd/hub/session/c6236eed-6828-49e9-9790-ab9aa192962f/context[39m
[35m[HTTP][39m [90m{}[39m
[35m[HTTP][39m [37m<-- GET /wd/hub/session/c6236eed-6828-49e9-9790-ab9aa192962f/context [39m[32m200[39m [90m1 ms - 22[39m
[35m[HTTP][39m [90m[39m
[35m[HTTP][39m [37m-->[39m [37mGET[39m [37m/wd/hub/session/c6236eed-6828-49e9-9790-ab9aa192962f/contexts[39m
[35m[HTTP][39m [90m{}[39m
[35m[HTTP][39m [37m<-- GET /wd/hub/session/c6236eed-6828-49e9-9790-ab9aa192962f/contexts [39m[32m200[39m [90m55 ms - 24[39m
[35m[HTTP][39m [90m[39m
[35m[HTTP][39m [37m-->[39m [37mPOST[39m [37m/wd/hub/session/c6236eed-6828-49e9-9790-ab9aa192962f/context[39m
[35m[HTTP][39m [90m{"name":"NATIVE_APP"}[39m
[35m[HTTP][39m [37m<-- POST /wd/hub/session/c6236eed-6828-49e9-9790-ab9aa192962f/context [39m[32m200[39m [90m2 ms - 14[39m
[35m[HTTP][39m [90m[39m
[35m[HTTP][39m [37m-->[39m [37mGET[39m [37m/wd/hub/session/c6236eed-6828-49e9-9790-ab9aa192962f/screenshot[39m
[35m[HTTP][39m [90m{}[39m
[35m[HTTP][39m [37m<-- GET /wd/hub/session/c6236eed-6828-49e9-9790-ab9aa192962f/screenshot [39m[32m200[39m [90m523 ms - 85648[39m
[35m[HTTP][39m [90m[39m
[35m[HTTP][39m [37m-->[39m [37mPOST[39m [37m/wd/hub/session/c6236eed-6828-49e9-9790-ab9aa192962f/context[39m
[35m[HTTP][39m [90m{"name":"NATIVE_APP"}[39m
[35m[HTTP][39m [37m<-- POST /wd/hub/session/c6236eed-6828-49e9-9790-ab9aa192962f/context [39m[32m200[39m [90m1 ms - 14[39m
[35m[HTTP][39m [90m[39m
[35m[HTTP][39m [37m-->[39m [37mPOST[39m [37m/wd/hub/session/c6236eed-6828-49e9-9790-ab9aa192962f/timeouts[39m
[35m[HTTP][39m [90m{"implicit":50}[39m
[35m[HTTP][39m [37m<-- POST /wd/hub/session/c6236eed-6828-49e9-9790-ab9aa192962f/timeouts [39m[32m200[39m [90m2 ms - 14[39m
[35m[HTTP][39m [90m[39m
[35m[HTTP][39m [37m-->[39m [37mGET[39m [37m/wd/hub/session/c6236eed-6828-49e9-9790-ab9aa192962f/window/rect[39m
[35m[HTTP][39m [90m{}[39m
[35m[HTTP][39m [37m<-- GET /wd/hub/session/c6236eed-6828-49e9-9790-ab9aa192962f/window/rect [39m[32m200[39m [90m12 ms - 49[39m
[35m[HTTP][39m [90m[39m
[35m[HTTP][39m [37m-->[39m [37mPOST[39m [37m/wd/hub/session/c6236eed-6828-49e9-9790-ab9aa192962f/elements[39m
[35m[HTTP][39m [90m{"using":"xpath","value":"//*[@class = 'android.widget.EditText'  and @resource-id = 'com.banorte.segurosdev:id/txt_apellido_paterno']"}[39m
[35m[HTTP][39m [37m<-- POST /wd/hub/session/c6236eed-6828-49e9-9790-ab9aa192962f/elements [39m[32m200[39m [90m60 ms - 139[39m
[35m[HTTP][39m [90m[39m
[35m[HTTP][39m [37m-->[39m [37mGET[39m [37m/wd/hub/session/c6236eed-6828-49e9-9790-ab9aa192962f/element/8a08cb67-d6dd-411f-94e1-afed071e2b3b/location[39m
[35m[HTTP][39m [90m{}[39m
[35m[W3C (c6236eed)][39m Driver proxy active, passing request on via HTTP proxy
[35m[WD Proxy][39m Replacing sessionId 97d92599-c2a2-42a3-b8e0-d443bc9f71a5 with c6236eed-6828-49e9-9790-ab9aa192962f
[35m[HTTP][39m [37m<-- GET /wd/hub/session/c6236eed-6828-49e9-9790-ab9aa192962f/element/8a08cb67-d6dd-411f-94e1-afed071e2b3b/location [39m[32m200[39m [90m15 ms - 77[39m
[35m[HTTP][39m [90m[39m
[35m[HTTP][39m [37m-->[39m [37mPOST[39m [37m/wd/hub/session/c6236eed-6828-49e9-9790-ab9aa192962f/timeouts[39m
[35m[HTTP][39m [90m{"implicit":30000}[39m
[35m[HTTP][39m [37m<-- POST /wd/hub/session/c6236eed-6828-49e9-9790-ab9aa192962f/timeouts [39m[32m200[39m [90m1 ms - 14[39m
[35m[HTTP][39m [90m[39m
[35m[HTTP][39m [37m-->[39m [37mPOST[39m [37m/wd/hub/session/c6236eed-6828-49e9-9790-ab9aa192962f/element/8a08cb67-d6dd-411f-94e1-afed071e2b3b/clear[39m
[35m[HTTP][39m [90m{"id":"8a08cb67-d6dd-411f-94e1-afed071e2b3b"}[39m
[35m[HTTP][39m [37m<-- POST /wd/hub/session/c6236eed-6828-49e9-9790-ab9aa192962f/element/8a08cb67-d6dd-411f-94e1-afed071e2b3b/clear [39m[32m200[39m [90m20 ms - 14[39m
[35m[HTTP][39m [90m[39m
[35m[HTTP][39m [37m-->[39m [37mPOST[39m [37m/wd/hub/session/c6236eed-6828-49e9-9790-ab9aa192962f/element/8a08cb67-d6dd-411f-94e1-afed071e2b3b/value[39m
[35m[HTTP][39m [90m{"id":"8a08cb67-d6dd-411f-94e1-afed071e2b3b","text":"Martinez","value":["M","a","r","t","i","n","e","z"]}[39m
[35m[HTTP][39m [37m<-- POST /wd/hub/session/c6236eed-6828-49e9-9790-ab9aa192962f/element/8a08cb67-d6dd-411f-94e1-afed071e2b3b/value [39m[32m200[39m [90m1022 ms - 14[39m
[35m[HTTP][39m [90m[39m
[35m[HTTP][39m [37m-->[39m [37mPOST[39m [37m/wd/hub/session/c6236eed-6828-49e9-9790-ab9aa192962f/timeouts[39m
[35m[HTTP][39m [90m{"implicit":50}[39m
[35m[HTTP][39m [37m<-- POST /wd/hub/session/c6236eed-6828-49e9-9790-ab9aa192962f/timeouts [39m[32m200[39m [90m1 ms - 14[39m
[35m[HTTP][39m [90m[39m
[35m[HTTP][39m [37m-->[39m [37mGET[39m [37m/wd/hub/session/c6236eed-6828-49e9-9790-ab9aa192962f/window/rect[39m
[35m[HTTP][39m [90m{}[39m
[35m[HTTP][39m [37m<-- GET /wd/hub/session/c6236eed-6828-49e9-9790-ab9aa192962f/window/rect [39m[32m200[39m [90m12 ms - 49[39m
[35m[HTTP][39m [90m[39m
[35m[HTTP][39m [37m-->[39m [37mPOST[39m [37m/wd/hub/session/c6236eed-6828-49e9-9790-ab9aa192962f/elements[39m
[35m[HTTP][39m [90m{"using":"xpath","value":"//*[@class = 'android.widget.EditText' and @resource-id = 'com.banorte.segurosdev:id/txt_apellido_materno']"}[39m
[35m[HTTP][39m [37m<-- POST /wd/hub/session/c6236eed-6828-49e9-9790-ab9aa192962f/elements [39m[32m200[39m [90m583 ms - 139[39m
[35m[HTTP][39m [90m[39m
[35m[HTTP][39m [37m-->[39m [37mGET[39m [37m/wd/hub/session/c6236eed-6828-49e9-9790-ab9aa192962f/element/70328002-ecda-4a1b-8b1b-6c3d3dcb1f2d/location[39m
[35m[HTTP][39m [90m{}[39m
[35m[W3C (c6236eed)][39m Driver proxy active, passing request on via HTTP proxy
[35m[WD Proxy][39m Replacing sessionId 97d92599-c2a2-42a3-b8e0-d443bc9f71a5 with c6236eed-6828-49e9-9790-ab9aa192962f
[35m[HTTP][39m [37m<-- GET /wd/hub/session/c6236eed-6828-49e9-9790-ab9aa192962f/element/70328002-ecda-4a1b-8b1b-6c3d3dcb1f2d/location [39m[32m200[39m [90m15 ms - 77[39m
[35m[HTTP][39m [90m[39m
[35m[HTTP][39m [37m-->[39m [37mPOST[39m [37m/wd/hub/session/c6236eed-6828-49e9-9790-ab9aa192962f/timeouts[39m
[35m[HTTP][39m [90m{"implicit":30000}[39m
[35m[HTTP][39m [37m<-- POST /wd/hub/session/c6236eed-6828-49e9-9790-ab9aa192962f/timeouts [39m[32m200[39m [90m1 ms - 14[39m
[35m[HTTP][39m [90m[39m
[35m[HTTP][39m [37m-->[39m [37mPOST[39m [37m/wd/hub/session/c6236eed-6828-49e9-9790-ab9aa192962f/element/70328002-ecda-4a1b-8b1b-6c3d3dcb1f2d/clear[39m
[35m[HTTP][39m [90m{"id":"70328002-ecda-4a1b-8b1b-6c3d3dcb1f2d"}[39m
[35m[HTTP][39m [37m<-- POST /wd/hub/session/c6236eed-6828-49e9-9790-ab9aa192962f/element/70328002-ecda-4a1b-8b1b-6c3d3dcb1f2d/clear [39m[32m200[39m [90m15 ms - 14[39m
[35m[HTTP][39m [90m[39m
[35m[HTTP][39m [37m-->[39m [37mPOST[39m [37m/wd/hub/session/c6236eed-6828-49e9-9790-ab9aa192962f/element/70328002-ecda-4a1b-8b1b-6c3d3dcb1f2d/value[39m
[35m[HTTP][39m [90m{"id":"70328002-ecda-4a1b-8b1b-6c3d3dcb1f2d","text":"Quezada","value":["Q","u","e","z","a","d","a"]}[39m
[35m[HTTP][39m [37m<-- POST /wd/hub/session/c6236eed-6828-49e9-9790-ab9aa192962f/element/70328002-ecda-4a1b-8b1b-6c3d3dcb1f2d/value [39m[32m200[39m [90m1469 ms - 14[39m
[35m[HTTP][39m [90m[39m
[35m[HTTP][39m [37m-->[39m [37mGET[39m [37m/wd/hub/session/c6236eed-6828-49e9-9790-ab9aa192962f/context[39m
[35m[HTTP][39m [90m{}[39m
[35m[HTTP][39m [37m<-- GET /wd/hub/session/c6236eed-6828-49e9-9790-ab9aa192962f/context [39m[32m200[39m [90m1 ms - 22[39m
[35m[HTTP][39m [90m[39m
[35m[HTTP][39m [37m-->[39m [37mGET[39m [37m/wd/hub/session/c6236eed-6828-49e9-9790-ab9aa192962f/contexts[39m
[35m[HTTP][39m [90m{}[39m
[35m[HTTP][39m [37m<-- GET /wd/hub/session/c6236eed-6828-49e9-9790-ab9aa192962f/contexts [39m[32m200[39m [90m47 ms - 24[39m
[35m[HTTP][39m [90m[39m
[35m[HTTP][39m [37m-->[39m [37mPOST[39m [37m/wd/hub/session/c6236eed-6828-49e9-9790-ab9aa192962f/context[39m
[35m[HTTP][39m [90m{"name":"NATIVE_APP"}[39m
[35m[HTTP][39m [37m<-- POST /wd/hub/session/c6236eed-6828-49e9-9790-ab9aa192962f/context [39m[32m200[39m [90m1 ms - 14[39m
[35m[HTTP][39m [90m[39m
[35m[HTTP][39m [37m-->[39m [37mPOST[39m [37m/wd/hub/session/c6236eed-6828-49e9-9790-ab9aa192962f/element[39m
[35m[HTTP][39m [90m{"using":"-android uiautomator","value":"new UiScrollable(new UiSelector().scrollable(true).instance(0)).scrollIntoView(new UiSelector().textContains(\"Mujer\"))"}[39m
[35m[HTTP][39m [37m<-- POST /wd/hub/session/c6236eed-6828-49e9-9790-ab9aa192962f/element [39m[32m200[39m [90m2580 ms - 137[39m
[35m[HTTP][39m [90m[39m
[35m[HTTP][39m [37m-->[39m [37mPOST[39m [37m/wd/hub/session/c6236eed-6828-49e9-9790-ab9aa192962f/context[39m
[35m[HTTP][39m [90m{"name":"NATIVE_APP"}[39m
[35m[HTTP][39m [37m<-- POST /wd/hub/session/c6236eed-6828-49e9-9790-ab9aa192962f/context [39m[32m200[39m [90m1 ms - 14[39m
[35m[HTTP][39m [90m[39m
[35m[HTTP][39m [37m-->[39m [37mPOST[39m [37m/wd/hub/session/c6236eed-6828-49e9-9790-ab9aa192962f/timeouts[39m
[35m[HTTP][39m [90m{"implicit":50}[39m
[35m[HTTP][39m [37m<-- POST /wd/hub/session/c6236eed-6828-49e9-9790-ab9aa192962f/timeouts [39m[32m200[39m [90m1 ms - 14[39m
[35m[HTTP][39m [90m[39m
[35m[HTTP][39m [37m-->[39m [37mGET[39m [37m/wd/hub/session/c6236eed-6828-49e9-9790-ab9aa192962f/window/rect[39m
[35m[HTTP][39m [90m{}[39m
[35m[HTTP][39m [37m<-- GET /wd/hub/session/c6236eed-6828-49e9-9790-ab9aa192962f/window/rect [39m[32m200[39m [90m13 ms - 49[39m
[35m[HTTP][39m [90m[39m
[35m[HTTP][39m [37m-->[39m [37mPOST[39m [37m/wd/hub/session/c6236eed-6828-49e9-9790-ab9aa192962f/elements[39m
[35m[HTTP][39m [90m{"using":"xpath","value":"//*[@class = 'android.widget.TextView' and (@text = 'Hombre' or . = 'Hombre')]"}[39m
[35m[HTTP][39m [37m<-- POST /wd/hub/session/c6236eed-6828-49e9-9790-ab9aa192962f/elements [39m[32m200[39m [90m459 ms - 139[39m
[35m[HTTP][39m [90m[39m
[35m[HTTP][39m [37m-->[39m [37mGET[39m [37m/wd/hub/session/c6236eed-6828-49e9-9790-ab9aa192962f/element/96de979a-f1d5-4507-99e1-aed1fa1510eb/location[39m
[35m[HTTP][39m [90m{}[39m
[35m[W3C (c6236eed)][39m Driver proxy active, passing request on via HTTP proxy
[35m[WD Proxy][39m Replacing sessionId 97d92599-c2a2-42a3-b8e0-d443bc9f71a5 with c6236eed-6828-49e9-9790-ab9aa192962f
[35m[HTTP][39m [37m<-- GET /wd/hub/session/c6236eed-6828-49e9-9790-ab9aa192962f/element/96de979a-f1d5-4507-99e1-aed1fa1510eb/location [39m[32m200[39m [90m12 ms - 78[39m
[35m[HTTP][39m [90m[39m
[35m[HTTP][39m [37m-->[39m [37mPOST[39m [37m/wd/hub/session/c6236eed-6828-49e9-9790-ab9aa192962f/timeouts[39m
[35m[HTTP][39m [90m{"implicit":30000}[39m
[35m[HTTP][39m [37m<-- POST /wd/hub/session/c6236eed-6828-49e9-9790-ab9aa192962f/timeouts [39m[32m200[39m [90m1 ms - 14[39m
[35m[HTTP][39m [90m[39m
[35m[HTTP][39m [37m-->[39m [37mPOST[39m [37m/wd/hub/session/c6236eed-6828-49e9-9790-ab9aa192962f/touch/perform[39m
[35m[HTTP][39m [90m{"actions":[{"action":"tap","options":{"x":1,"y":1,"element":"96de979a-f1d5-4507-99e1-aed1fa1510eb"}},{"action":"release","options":{}}]}[39m
[35m[UiAutomator2][39m calling get location: 96de979a-f1d5-4507-99e1-aed1fa1510eb
[35m[HTTP][39m [37m<-- POST /wd/hub/session/c6236eed-6828-49e9-9790-ab9aa192962f/touch/perform [39m[32m200[39m [90m134 ms - 14[39m
[35m[HTTP][39m [90m[39m
[35m[HTTP][39m [37m-->[39m [37mPOST[39m [37m/wd/hub/session/c6236eed-6828-49e9-9790-ab9aa192962f/timeouts[39m
[35m[HTTP][39m [90m{"implicit":50}[39m
[35m[HTTP][39m [37m<-- POST /wd/hub/session/c6236eed-6828-49e9-9790-ab9aa192962f/timeouts [39m[32m200[39m [90m1 ms - 14[39m
[35m[HTTP][39m [90m[39m
[35m[HTTP][39m [37m-->[39m [37mGET[39m [37m/wd/hub/session/c6236eed-6828-49e9-9790-ab9aa192962f/window/rect[39m
[35m[HTTP][39m [90m{}[39m
[35m[HTTP][39m [37m<-- GET /wd/hub/session/c6236eed-6828-49e9-9790-ab9aa192962f/window/rect [39m[32m200[39m [90m13 ms - 49[39m
[35m[HTTP][39m [90m[39m
[35m[HTTP][39m [37m-->[39m [37mPOST[39m [37m/wd/hub/session/c6236eed-6828-49e9-9790-ab9aa192962f/elements[39m
[35m[HTTP][39m [90m{"using":"xpath","value":"//*[@class = 'android.widget.EditText' and (@text = 'Ingresa tu número' or . = 'Ingresa tu número') and @resource-id = 'com.banorte.segurosdev:id/txt_numero_celular']"}[39m
[35m[HTTP][39m [37m<-- POST /wd/hub/session/c6236eed-6828-49e9-9790-ab9aa192962f/elements [39m[32m200[39m [90m448 ms - 139[39m
[35m[HTTP][39m [90m[39m
[35m[HTTP][39m [37m-->[39m [37mGET[39m [37m/wd/hub/session/c6236eed-6828-49e9-9790-ab9aa192962f/element/28c151fd-e2c3-40ad-bff3-90caa7cecce9/location[39m
[35m[HTTP][39m [90m{}[39m
[35m[W3C (c6236eed)][39m Driver proxy active, passing request on via HTTP proxy
[35m[WD Proxy][39m Replacing sessionId 97d92599-c2a2-42a3-b8e0-d443bc9f71a5 with c6236eed-6828-49e9-9790-ab9aa192962f
[35m[HTTP][39m [37m<-- GET /wd/hub/session/c6236eed-6828-49e9-9790-ab9aa192962f/element/28c151fd-e2c3-40ad-bff3-90caa7cecce9/location [39m[32m200[39m [90m22 ms - 77[39m
[35m[HTTP][39m [90m[39m
[35m[HTTP][39m [37m-->[39m [37mPOST[39m [37m/wd/hub/session/c6236eed-6828-49e9-9790-ab9aa192962f/timeouts[39m
[35m[HTTP][39m [90m{"implicit":30000}[39m
[35m[HTTP][39m [37m<-- POST /wd/hub/session/c6236eed-6828-49e9-9790-ab9aa192962f/timeouts [39m[32m200[39m [90m1 ms - 14[39m
[35m[HTTP][39m [90m[39m
[35m[HTTP][39m [37m-->[39m [37mPOST[39m [37m/wd/hub/session/c6236eed-6828-49e9-9790-ab9aa192962f/element/28c151fd-e2c3-40ad-bff3-90caa7cecce9/clear[39m
[35m[HTTP][39m [90m{"id":"28c151fd-e2c3-40ad-bff3-90caa7cecce9"}[39m
[35m[HTTP][39m [37m<-- POST /wd/hub/session/c6236eed-6828-49e9-9790-ab9aa192962f/element/28c151fd-e2c3-40ad-bff3-90caa7cecce9/clear [39m[32m200[39m [90m39 ms - 14[39m
[35m[HTTP][39m [90m[39m
[35m[HTTP][39m [37m-->[39m [37mPOST[39m [37m/wd/hub/session/c6236eed-6828-49e9-9790-ab9aa192962f/element/28c151fd-e2c3-40ad-bff3-90caa7cecce9/value[39m
[35m[HTTP][39m [90m{"id":"28c151fd-e2c3-40ad-bff3-90caa7cecce9","text":"8121715239","value":["8","1","2","1","7","1","5","2","3","9"]}[39m
[35m[HTTP][39m [37m<-- POST /wd/hub/session/c6236eed-6828-49e9-9790-ab9aa192962f/element/28c151fd-e2c3-40ad-bff3-90caa7cecce9/value [39m[32m200[39m [90m1119 ms - 14[39m
[35m[HTTP][39m [90m[39m
[35m[HTTP][39m [37m-->[39m [37mPOST[39m [37m/wd/hub/session/c6236eed-6828-49e9-9790-ab9aa192962f/timeouts[39m
[35m[HTTP][39m [90m{"implicit":50}[39m
[35m[HTTP][39m [37m<-- POST /wd/hub/session/c6236eed-6828-49e9-9790-ab9aa192962f/timeouts [39m[32m200[39m [90m1 ms - 14[39m
[35m[HTTP][39m [90m[39m
[35m[HTTP][39m [37m-->[39m [37mGET[39m [37m/wd/hub/session/c6236eed-6828-49e9-9790-ab9aa192962f/window/rect[39m
[35m[HTTP][39m [90m{}[39m
[35m[HTTP][39m [37m<-- GET /wd/hub/session/c6236eed-6828-49e9-9790-ab9aa192962f/window/rect [39m[32m200[39m [90m15 ms - 49[39m
[35m[HTTP][39m [90m[39m
[35m[HTTP][39m [37m-->[39m [37mPOST[39m [37m/wd/hub/session/c6236eed-6828-49e9-9790-ab9aa192962f/elements[39m
[35m[HTTP][39m [90m{"using":"xpath","value":"//*[@class = 'android.widget.EditText' and (@text = 'Correo electrónico' or . = 'Correo electrónico') and @resource-id = 'com.banorte.segurosdev:id/txt_correo_electronico']"}[39m
[35m[HTTP][39m [37m<-- POST /wd/hub/session/c6236eed-6828-49e9-9790-ab9aa192962f/elements [39m[32m200[39m [90m460 ms - 139[39m
[35m[HTTP][39m [90m[39m
[35m[HTTP][39m [37m-->[39m [37mGET[39m [37m/wd/hub/session/c6236eed-6828-49e9-9790-ab9aa192962f/element/2f97a0ff-d2ff-451e-868d-aa0ece10e2c8/location[39m
[35m[HTTP][39m [90m{}[39m
[35m[W3C (c6236eed)][39m Driver proxy active, passing request on via HTTP proxy
[35m[WD Proxy][39m Replacing sessionId 97d92599-c2a2-42a3-b8e0-d443bc9f71a5 with c6236eed-6828-49e9-9790-ab9aa192962f
[35m[HTTP][39m [37m<-- GET /wd/hub/session/c6236eed-6828-49e9-9790-ab9aa192962f/element/2f97a0ff-d2ff-451e-868d-aa0ece10e2c8/location [39m[32m200[39m [90m13 ms - 77[39m
[35m[HTTP][39m [90m[39m
[35m[HTTP][39m [37m-->[39m [37mPOST[39m [37m/wd/hub/session/c6236eed-6828-49e9-9790-ab9aa192962f/timeouts[39m
[35m[HTTP][39m [90m{"implicit":30000}[39m
[35m[HTTP][39m [37m<-- POST /wd/hub/session/c6236eed-6828-49e9-9790-ab9aa192962f/timeouts [39m[32m200[39m [90m1 ms - 14[39m
[35m[HTTP][39m [90m[39m
[35m[HTTP][39m [37m-->[39m [37mPOST[39m [37m/wd/hub/session/c6236eed-6828-49e9-9790-ab9aa192962f/element/2f97a0ff-d2ff-451e-868d-aa0ece10e2c8/clear[39m
[35m[HTTP][39m [90m{"id":"2f97a0ff-d2ff-451e-868d-aa0ece10e2c8"}[39m
[35m[HTTP][39m [37m<-- POST /wd/hub/session/c6236eed-6828-49e9-9790-ab9aa192962f/element/2f97a0ff-d2ff-451e-868d-aa0ece10e2c8/clear [39m[32m200[39m [90m24 ms - 14[39m
[35m[HTTP][39m [90m[39m
[35m[HTTP][39m [37m-->[39m [37mPOST[39m [37m/wd/hub/session/c6236eed-6828-49e9-9790-ab9aa192962f/element/2f97a0ff-d2ff-451e-868d-aa0ece10e2c8/value[39m
[35m[HTTP][39m [90m{"id":"2f97a0ff-d2ff-451e-868d-aa0ece10e2c8","text":"testing.syp@gmail.com","value":["t","e","s","t","i","n","g",".","s","y","p","@","g","m","a","i","l",".","c","o","m"]}[39m
[35m[HTTP][39m [37m<-- POST /wd/hub/session/c6236eed-6828-49e9-9790-ab9aa192962f/element/2f97a0ff-d2ff-451e-868d-aa0ece10e2c8/value [39m[32m200[39m [90m1123 ms - 14[39m
[35m[HTTP][39m [90m[39m
[35m[HTTP][39m [37m-->[39m [37mGET[39m [37m/wd/hub/session/c6236eed-6828-49e9-9790-ab9aa192962f/context[39m
[35m[HTTP][39m [90m{}[39m
[35m[HTTP][39m [37m<-- GET /wd/hub/session/c6236eed-6828-49e9-9790-ab9aa192962f/context [39m[32m200[39m [90m1 ms - 22[39m
[35m[HTTP][39m [90m[39m
[35m[HTTP][39m [37m-->[39m [37mGET[39m [37m/wd/hub/session/c6236eed-6828-49e9-9790-ab9aa192962f/contexts[39m
[35m[HTTP][39m [90m{}[39m
[35m[HTTP][39m [37m<-- GET /wd/hub/session/c6236eed-6828-49e9-9790-ab9aa192962f/contexts [39m[32m200[39m [90m72 ms - 24[39m
[35m[HTTP][39m [90m[39m
[35m[HTTP][39m [37m-->[39m [37mPOST[39m [37m/wd/hub/session/c6236eed-6828-49e9-9790-ab9aa192962f/context[39m
[35m[HTTP][39m [90m{"name":"NATIVE_APP"}[39m
[35m[HTTP][39m [37m<-- POST /wd/hub/session/c6236eed-6828-49e9-9790-ab9aa192962f/context [39m[32m200[39m [90m1 ms - 14[39m
[35m[HTTP][39m [90m[39m
[35m[HTTP][39m [37m-->[39m [37mGET[39m [37m/wd/hub/session/c6236eed-6828-49e9-9790-ab9aa192962f/screenshot[39m
[35m[HTTP][39m [90m{}[39m
[35m[HTTP][39m [37m<-- GET /wd/hub/session/c6236eed-6828-49e9-9790-ab9aa192962f/screenshot [39m[32m200[39m [90m499 ms - 96700[39m
[35m[HTTP][39m [90m[39m
[35m[HTTP][39m [37m-->[39m [37mPOST[39m [37m/wd/hub/session/c6236eed-6828-49e9-9790-ab9aa192962f/context[39m
[35m[HTTP][39m [90m{"name":"NATIVE_APP"}[39m
[35m[HTTP][39m [37m<-- POST /wd/hub/session/c6236eed-6828-49e9-9790-ab9aa192962f/context [39m[32m200[39m [90m1 ms - 14[39m
[35m[HTTP][39m [90m[39m
[35m[HTTP][39m [37m-->[39m [37mPOST[39m [37m/wd/hub/session/c6236eed-6828-49e9-9790-ab9aa192962f/timeouts[39m
[35m[HTTP][39m [90m{"implicit":50}[39m
[35m[HTTP][39m [37m<-- POST /wd/hub/session/c6236eed-6828-49e9-9790-ab9aa192962f/timeouts [39m[32m200[39m [90m2 ms - 14[39m
[35m[HTTP][39m [90m[39m
[35m[HTTP][39m [37m-->[39m [37mGET[39m [37m/wd/hub/session/c6236eed-6828-49e9-9790-ab9aa192962f/window/rect[39m
[35m[HTTP][39m [90m{}[39m
[35m[HTTP][39m [37m<-- GET /wd/hub/session/c6236eed-6828-49e9-9790-ab9aa192962f/window/rect [39m[32m200[39m [90m9 ms - 49[39m
[35m[HTTP][39m [90m[39m
[35m[HTTP][39m [37m-->[39m [37mPOST[39m [37m/wd/hub/session/c6236eed-6828-49e9-9790-ab9aa192962f/elements[39m
[35m[HTTP][39m [90m{"using":"xpath","value":"//*[@class = 'android.widget.Button' and (@text = 'Continuar' or . = 'Continuar') and @resource-id = 'com.banorte.segurosdev:id/continuar']"}[39m
[35m[HTTP][39m [37m<-- POST /wd/hub/session/c6236eed-6828-49e9-9790-ab9aa192962f/elements [39m[32m200[39m [90m67 ms - 139[39m
[35m[HTTP][39m [90m[39m
[35m[HTTP][39m [37m-->[39m [37mGET[39m [37m/wd/hub/session/c6236eed-6828-49e9-9790-ab9aa192962f/element/4f53ec63-2a2a-4b2f-938f-6a4aa5e469ce/location[39m
[35m[HTTP][39m [90m{}[39m
[35m[W3C (c6236eed)][39m Driver proxy active, passing request on via HTTP proxy
[35m[WD Proxy][39m Replacing sessionId 97d92599-c2a2-42a3-b8e0-d443bc9f71a5 with c6236eed-6828-49e9-9790-ab9aa192962f
[35m[HTTP][39m [37m<-- GET /wd/hub/session/c6236eed-6828-49e9-9790-ab9aa192962f/element/4f53ec63-2a2a-4b2f-938f-6a4aa5e469ce/location [39m[32m200[39m [90m18 ms - 78[39m
[35m[HTTP][39m [90m[39m
[35m[HTTP][39m [37m-->[39m [37mPOST[39m [37m/wd/hub/session/c6236eed-6828-49e9-9790-ab9aa192962f/timeouts[39m
[35m[HTTP][39m [90m{"implicit":30000}[39m
[35m[HTTP][39m [37m<-- POST /wd/hub/session/c6236eed-6828-49e9-9790-ab9aa192962f/timeouts [39m[32m200[39m [90m1 ms - 14[39m
[35m[HTTP][39m [90m[39m
[35m[HTTP][39m [37m-->[39m [37mPOST[39m [37m/wd/hub/session/c6236eed-6828-49e9-9790-ab9aa192962f/touch/perform[39m
[35m[HTTP][39m [90m{"actions":[{"action":"tap","options":{"x":1,"y":1,"element":"4f53ec63-2a2a-4b2f-938f-6a4aa5e469ce"}},{"action":"release","options":{}}]}[39m
[35m[UiAutomator2][39m calling get location: 4f53ec63-2a2a-4b2f-938f-6a4aa5e469ce
[35m[HTTP][39m [37m<-- POST /wd/hub/session/c6236eed-6828-49e9-9790-ab9aa192962f/touch/perform [39m[32m200[39m [90m145 ms - 14[39m
[35m[HTTP][39m [90m[39m
[35m[HTTP][39m [37m-->[39m [37mPOST[39m [37m/wd/hub/session/c6236eed-6828-49e9-9790-ab9aa192962f/timeouts[39m
[35m[HTTP][39m [90m{"implicit":50}[39m
[35m[HTTP][39m [37m<-- POST /wd/hub/session/c6236eed-6828-49e9-9790-ab9aa192962f/timeouts [39m[32m200[39m [90m1 ms - 14[39m
[35m[HTTP][39m [90m[39m
[35m[HTTP][39m [37m-->[39m [37mGET[39m [37m/wd/hub/session/c6236eed-6828-49e9-9790-ab9aa192962f/window/rect[39m
[35m[HTTP][39m [90m{}[39m
[35m[HTTP][39m [37m<-- GET /wd/hub/session/c6236eed-6828-49e9-9790-ab9aa192962f/window/rect [39m[32m200[39m [90m20 ms - 49[39m
[35m[HTTP][39m [90m[39m
[35m[HTTP][39m [37m-->[39m [37mPOST[39m [37m/wd/hub/session/c6236eed-6828-49e9-9790-ab9aa192962f/elements[39m
[35m[HTTP][39m [90m{"using":"xpath","value":"//*[@class = 'android.widget.EditText' and @resource-id = 'com.banorte.segurosdev:id/txt_contrasena' and (@text = '' or . = '')]"}[39m
[35m[HTTP][39m [37m<-- POST /wd/hub/session/c6236eed-6828-49e9-9790-ab9aa192962f/elements [39m[32m200[39m [90m1376 ms - 139[39m
[35m[HTTP][39m [90m[39m
[35m[HTTP][39m [37m-->[39m [37mGET[39m [37m/wd/hub/session/c6236eed-6828-49e9-9790-ab9aa192962f/element/a9ec4d2d-b4f9-4f48-843e-529f12bbd31c/location[39m
[35m[HTTP][39m [90m{}[39m
[35m[W3C (c6236eed)][39m Driver proxy active, passing request on via HTTP proxy
[35m[WD Proxy][39m Replacing sessionId 97d92599-c2a2-42a3-b8e0-d443bc9f71a5 with c6236eed-6828-49e9-9790-ab9aa192962f
[35m[HTTP][39m [37m<-- GET /wd/hub/session/c6236eed-6828-49e9-9790-ab9aa192962f/element/a9ec4d2d-b4f9-4f48-843e-529f12bbd31c/location [39m[32m200[39m [90m17 ms - 77[39m
[35m[HTTP][39m [90m[39m
[35m[HTTP][39m [37m-->[39m [37mPOST[39m [37m/wd/hub/session/c6236eed-6828-49e9-9790-ab9aa192962f/timeouts[39m
[35m[HTTP][39m [90m{"implicit":30000}[39m
[35m[HTTP][39m [37m<-- POST /wd/hub/session/c6236eed-6828-49e9-9790-ab9aa192962f/timeouts [39m[32m200[39m [90m1 ms - 14[39m
[35m[HTTP][39m [90m[39m
[35m[HTTP][39m [37m-->[39m [37mPOST[39m [37m/wd/hub/session/c6236eed-6828-49e9-9790-ab9aa192962f/element/a9ec4d2d-b4f9-4f48-843e-529f12bbd31c/clear[39m
[35m[HTTP][39m [90m{"id":"a9ec4d2d-b4f9-4f48-843e-529f12bbd31c"}[39m
[35m[HTTP][39m [37m<-- POST /wd/hub/session/c6236eed-6828-49e9-9790-ab9aa192962f/element/a9ec4d2d-b4f9-4f48-843e-529f12bbd31c/clear [39m[32m200[39m [90m30 ms - 14[39m
[35m[HTTP][39m [90m[39m
[35m[HTTP][39m [37m-->[39m [37mPOST[39m [37m/wd/hub/session/c6236eed-6828-49e9-9790-ab9aa192962f/element/a9ec4d2d-b4f9-4f48-843e-529f12bbd31c/value[39m
[35m[HTTP][39m [90m{"id":"a9ec4d2d-b4f9-4f48-843e-529f12bbd31c","text":"Passw0rd$","value":["P","a","s","s","w","0","r","d","$"]}[39m
[35m[HTTP][39m [37m<-- POST /wd/hub/session/c6236eed-6828-49e9-9790-ab9aa192962f/element/a9ec4d2d-b4f9-4f48-843e-529f12bbd31c/value [39m[32m200[39m [90m640 ms - 14[39m
[35m[HTTP][39m [90m[39m
[35m[HTTP][39m [37m-->[39m [37mGET[39m [37m/wd/hub/session/c6236eed-6828-49e9-9790-ab9aa192962f/context[39m
[35m[HTTP][39m [90m{}[39m
[35m[HTTP][39m [37m<-- GET /wd/hub/session/c6236eed-6828-49e9-9790-ab9aa192962f/context [39m[32m200[39m [90m1 ms - 22[39m
[35m[HTTP][39m [90m[39m
[35m[HTTP][39m [37m-->[39m [37mGET[39m [37m/wd/hub/session/c6236eed-6828-49e9-9790-ab9aa192962f/contexts[39m
[35m[HTTP][39m [90m{}[39m
[35m[HTTP][39m [37m<-- GET /wd/hub/session/c6236eed-6828-49e9-9790-ab9aa192962f/contexts [39m[32m200[39m [90m40 ms - 24[39m
[35m[HTTP][39m [90m[39m
[35m[HTTP][39m [37m-->[39m [37mPOST[39m [37m/wd/hub/session/c6236eed-6828-49e9-9790-ab9aa192962f/context[39m
[35m[HTTP][39m [90m{"name":"NATIVE_APP"}[39m
[35m[HTTP][39m [37m<-- POST /wd/hub/session/c6236eed-6828-49e9-9790-ab9aa192962f/context [39m[32m200[39m [90m2 ms - 14[39m
[35m[HTTP][39m [90m[39m
[35m[HTTP][39m [37m-->[39m [37mGET[39m [37m/wd/hub/session/c6236eed-6828-49e9-9790-ab9aa192962f/screenshot[39m
[35m[HTTP][39m [90m{}[39m
[35m[HTTP][39m [37m<-- GET /wd/hub/session/c6236eed-6828-49e9-9790-ab9aa192962f/screenshot [39m[32m200[39m [90m579 ms - 147844[39m
[35m[HTTP][39m [90m[39m
[35m[HTTP][39m [37m-->[39m [37mPOST[39m [37m/wd/hub/session/c6236eed-6828-49e9-9790-ab9aa192962f/context[39m
[35m[HTTP][39m [90m{"name":"NATIVE_APP"}[39m
[35m[HTTP][39m [37m<-- POST /wd/hub/session/c6236eed-6828-49e9-9790-ab9aa192962f/context [39m[32m200[39m [90m2 ms - 14[39m
[35m[HTTP][39m [90m[39m
[35m[HTTP][39m [37m-->[39m [37mPOST[39m [37m/wd/hub/session/c6236eed-6828-49e9-9790-ab9aa192962f/timeouts[39m
[35m[HTTP][39m [90m{"implicit":50}[39m
[35m[HTTP][39m [37m<-- POST /wd/hub/session/c6236eed-6828-49e9-9790-ab9aa192962f/timeouts [39m[32m200[39m [90m1 ms - 14[39m
[35m[HTTP][39m [90m[39m
[35m[HTTP][39m [37m-->[39m [37mGET[39m [37m/wd/hub/session/c6236eed-6828-49e9-9790-ab9aa192962f/window/rect[39m
[35m[HTTP][39m [90m{}[39m
[35m[HTTP][39m [37m<-- GET /wd/hub/session/c6236eed-6828-49e9-9790-ab9aa192962f/window/rect [39m[32m200[39m [90m8 ms - 49[39m
[35m[HTTP][39m [90m[39m
[35m[HTTP][39m [37m-->[39m [37mPOST[39m [37m/wd/hub/session/c6236eed-6828-49e9-9790-ab9aa192962f/elements[39m
[35m[HTTP][39m [90m{"using":"xpath","value":"//*[@class = 'android.widget.Button' and (@text = 'Continuar' or . = 'Continuar') and @resource-id = 'com.banorte.segurosdev:id/continuar']"}[39m
[35m[HTTP][39m [37m<-- POST /wd/hub/session/c6236eed-6828-49e9-9790-ab9aa192962f/elements [39m[32m200[39m [90m41 ms - 139[39m
[35m[HTTP][39m [90m[39m
[35m[HTTP][39m [37m-->[39m [37mGET[39m [37m/wd/hub/session/c6236eed-6828-49e9-9790-ab9aa192962f/element/7283d679-edd0-4a2b-ad80-d5f0f51abc09/location[39m
[35m[HTTP][39m [90m{}[39m
[35m[W3C (c6236eed)][39m Driver proxy active, passing request on via HTTP proxy
[35m[WD Proxy][39m Replacing sessionId 97d92599-c2a2-42a3-b8e0-d443bc9f71a5 with c6236eed-6828-49e9-9790-ab9aa192962f
[35m[HTTP][39m [37m<-- GET /wd/hub/session/c6236eed-6828-49e9-9790-ab9aa192962f/element/7283d679-edd0-4a2b-ad80-d5f0f51abc09/location [39m[32m200[39m [90m12 ms - 78[39m
[35m[HTTP][39m [90m[39m
[35m[HTTP][39m [37m-->[39m [37mPOST[39m [37m/wd/hub/session/c6236eed-6828-49e9-9790-ab9aa192962f/timeouts[39m
[35m[HTTP][39m [90m{"implicit":30000}[39m
[35m[HTTP][39m [37m<-- POST /wd/hub/session/c6236eed-6828-49e9-9790-ab9aa192962f/timeouts [39m[32m200[39m [90m1 ms - 14[39m
[35m[HTTP][39m [90m[39m
[35m[HTTP][39m [37m-->[39m [37mPOST[39m [37m/wd/hub/session/c6236eed-6828-49e9-9790-ab9aa192962f/touch/perform[39m
[35m[HTTP][39m [90m{"actions":[{"action":"tap","options":{"x":1,"y":1,"element":"7283d679-edd0-4a2b-ad80-d5f0f51abc09"}},{"action":"release","options":{}}]}[39m
[35m[UiAutomator2][39m calling get location: 7283d679-edd0-4a2b-ad80-d5f0f51abc09
[35m[HTTP][39m [37m<-- POST /wd/hub/session/c6236eed-6828-49e9-9790-ab9aa192962f/touch/perform [39m[32m200[39m [90m134 ms - 14[39m
[35m[HTTP][39m [90m[39m
[35m[HTTP][39m [37m-->[39m [37mPOST[39m [37m/wd/hub/session/c6236eed-6828-49e9-9790-ab9aa192962f/timeouts[39m
[35m[HTTP][39m [90m{"implicit":50}[39m
[35m[HTTP][39m [37m<-- POST /wd/hub/session/c6236eed-6828-49e9-9790-ab9aa192962f/timeouts [39m[32m200[39m [90m1 ms - 14[39m
[35m[HTTP][39m [90m[39m
[35m[HTTP][39m [37m-->[39m [37mGET[39m [37m/wd/hub/session/c6236eed-6828-49e9-9790-ab9aa192962f/window/rect[39m
[35m[HTTP][39m [90m{}[39m
[35m[HTTP][39m [37m<-- GET /wd/hub/session/c6236eed-6828-49e9-9790-ab9aa192962f/window/rect [39m[32m200[39m [90m19 ms - 49[39m
[35m[HTTP][39m [90m[39m
[35m[HTTP][39m [37m-->[39m [37mPOST[39m [37m/wd/hub/session/c6236eed-6828-49e9-9790-ab9aa192962f/elements[39m
[35m[HTTP][39m [90m{"using":"xpath","value":"//*[@class = 'android.widget.CheckBox' and (@text = 'Acepto los términos y condiciones' or . = 'Acepto los términos y condiciones') and @resource-id = 'com.banorte.segurosdev:id/checkbox_condiciones']"}[39m
[35m[HTTP][39m [37m<-- POST /wd/hub/session/c6236eed-6828-49e9-9790-ab9aa192962f/elements [39m[32m200[39m [90m1452 ms - 12[39m
[35m[HTTP][39m [90m[39m
[35m[HTTP][39m [37m-->[39m [37mPOST[39m [37m/wd/hub/session/c6236eed-6828-49e9-9790-ab9aa192962f/elements[39m
[35m[HTTP][39m [90m{"using":"xpath","value":"//*[@class = 'android.widget.CheckBox' and (@text = 'Acepto los términos y condiciones' or . = 'Acepto los términos y condiciones') and @resource-id = 'com.banorte.segurosdev:id/checkbox_condiciones']"}[39m
[35m[HTTP][39m [37m<-- POST /wd/hub/session/c6236eed-6828-49e9-9790-ab9aa192962f/elements [39m[32m200[39m [90m585 ms - 12[39m
[35m[HTTP][39m [90m[39m
[35m[HTTP][39m [37m-->[39m [37mPOST[39m [37m/wd/hub/session/c6236eed-6828-49e9-9790-ab9aa192962f/elements[39m
[35m[HTTP][39m [90m{"using":"xpath","value":"//*[@class = 'android.widget.CheckBox' and (@text = 'Acepto los términos y condiciones' or . = 'Acepto los términos y condiciones') and @resource-id = 'com.banorte.segurosdev:id/checkbox_condiciones']"}[39m
[35m[HTTP][39m [37m<-- POST /wd/hub/session/c6236eed-6828-49e9-9790-ab9aa192962f/elements [39m[32m200[39m [90m1113 ms - 139[39m
[35m[HTTP][39m [90m[39m
[35m[HTTP][39m [37m-->[39m [37mGET[39m [37m/wd/hub/session/c6236eed-6828-49e9-9790-ab9aa192962f/element/7c4b8de1-fa43-4ced-af0a-033cb0f8ea72/location[39m
[35m[HTTP][39m [90m{}[39m
[35m[W3C (c6236eed)][39m Driver proxy active, passing request on via HTTP proxy
[35m[WD Proxy][39m Replacing sessionId 97d92599-c2a2-42a3-b8e0-d443bc9f71a5 with c6236eed-6828-49e9-9790-ab9aa192962f
[35m[HTTP][39m [37m<-- GET /wd/hub/session/c6236eed-6828-49e9-9790-ab9aa192962f/element/7c4b8de1-fa43-4ced-af0a-033cb0f8ea72/location [39m[32m200[39m [90m13 ms - 78[39m
[35m[HTTP][39m [90m[39m
[35m[HTTP][39m [37m-->[39m [37mPOST[39m [37m/wd/hub/session/c6236eed-6828-49e9-9790-ab9aa192962f/timeouts[39m
[35m[HTTP][39m [90m{"implicit":30000}[39m
[35m[HTTP][39m [37m<-- POST /wd/hub/session/c6236eed-6828-49e9-9790-ab9aa192962f/timeouts [39m[32m200[39m [90m1 ms - 14[39m
[35m[HTTP][39m [90m[39m
[35m[HTTP][39m [37m-->[39m [37mPOST[39m [37m/wd/hub/session/c6236eed-6828-49e9-9790-ab9aa192962f/touch/perform[39m
[35m[HTTP][39m [90m{"actions":[{"action":"tap","options":{"x":1,"y":1,"element":"7c4b8de1-fa43-4ced-af0a-033cb0f8ea72"}},{"action":"release","options":{}}]}[39m
[35m[UiAutomator2][39m calling get location: 7c4b8de1-fa43-4ced-af0a-033cb0f8ea72
[35m[HTTP][39m [37m<-- POST /wd/hub/session/c6236eed-6828-49e9-9790-ab9aa192962f/touch/perform [39m[32m200[39m [90m147 ms - 14[39m
[35m[HTTP][39m [90m[39m
[35m[HTTP][39m [37m-->[39m [37mPOST[39m [37m/wd/hub/session/c6236eed-6828-49e9-9790-ab9aa192962f/timeouts[39m
[35m[HTTP][39m [90m{"implicit":50}[39m
[35m[HTTP][39m [37m<-- POST /wd/hub/session/c6236eed-6828-49e9-9790-ab9aa192962f/timeouts [39m[32m200[39m [90m1 ms - 14[39m
[35m[HTTP][39m [90m[39m
[35m[HTTP][39m [37m-->[39m [37mGET[39m [37m/wd/hub/session/c6236eed-6828-49e9-9790-ab9aa192962f/window/rect[39m
[35m[HTTP][39m [90m{}[39m
[35m[HTTP][39m [37m<-- GET /wd/hub/session/c6236eed-6828-49e9-9790-ab9aa192962f/window/rect [39m[32m200[39m [90m15 ms - 49[39m
[35m[HTTP][39m [90m[39m
[35m[HTTP][39m [37m-->[39m [37mPOST[39m [37m/wd/hub/session/c6236eed-6828-49e9-9790-ab9aa192962f/elements[39m
[35m[HTTP][39m [90m{"using":"xpath","value":"//*[@class = 'android.widget.Button' and (@text = 'Registrar' or . = 'Registrar') and @resource-id = 'com.banorte.segurosdev:id/registar']"}[39m
[35m[HTTP][39m [37m<-- POST /wd/hub/session/c6236eed-6828-49e9-9790-ab9aa192962f/elements [39m[32m200[39m [90m609 ms - 139[39m
[35m[HTTP][39m [90m[39m
[35m[HTTP][39m [37m-->[39m [37mGET[39m [37m/wd/hub/session/c6236eed-6828-49e9-9790-ab9aa192962f/element/25c93e23-fee4-4df0-a371-8033351da838/location[39m
[35m[HTTP][39m [90m{}[39m
[35m[W3C (c6236eed)][39m Driver proxy active, passing request on via HTTP proxy
[35m[WD Proxy][39m Replacing sessionId 97d92599-c2a2-42a3-b8e0-d443bc9f71a5 with c6236eed-6828-49e9-9790-ab9aa192962f
[35m[HTTP][39m [37m<-- GET /wd/hub/session/c6236eed-6828-49e9-9790-ab9aa192962f/element/25c93e23-fee4-4df0-a371-8033351da838/location [39m[32m200[39m [90m14 ms - 77[39m
[35m[HTTP][39m [90m[39m
[35m[HTTP][39m [37m-->[39m [37mPOST[39m [37m/wd/hub/session/c6236eed-6828-49e9-9790-ab9aa192962f/timeouts[39m
[35m[HTTP][39m [90m{"implicit":30000}[39m
[35m[HTTP][39m [37m<-- POST /wd/hub/session/c6236eed-6828-49e9-9790-ab9aa192962f/timeouts [39m[32m200[39m [90m1 ms - 14[39m
[35m[HTTP][39m [90m[39m
[35m[HTTP][39m [37m-->[39m [37mPOST[39m [37m/wd/hub/session/c6236eed-6828-49e9-9790-ab9aa192962f/touch/perform[39m
[35m[HTTP][39m [90m{"actions":[{"action":"tap","options":{"x":1,"y":1,"element":"25c93e23-fee4-4df0-a371-8033351da838"}},{"action":"release","options":{}}]}[39m
[35m[UiAutomator2][39m calling get location: 25c93e23-fee4-4df0-a371-8033351da838
[35m[HTTP][39m [37m<-- POST /wd/hub/session/c6236eed-6828-49e9-9790-ab9aa192962f/touch/perform [39m[32m200[39m [90m137 ms - 14[39m
[35m[HTTP][39m [90m[39m
[35m[HTTP][39m [37m-->[39m [37mGET[39m [37m/wd/hub/session/c6236eed-6828-49e9-9790-ab9aa192962f/context[39m
[35m[HTTP][39m [90m{}[39m
[35m[HTTP][39m [37m<-- GET /wd/hub/session/c6236eed-6828-49e9-9790-ab9aa192962f/context [39m[32m200[39m [90m1 ms - 22[39m
[35m[HTTP][39m [90m[39m
[35m[HTTP][39m [37m-->[39m [37mGET[39m [37m/wd/hub/session/c6236eed-6828-49e9-9790-ab9aa192962f/contexts[39m
[35m[HTTP][39m [90m{}[39m
[35m[HTTP][39m [37m<-- GET /wd/hub/session/c6236eed-6828-49e9-9790-ab9aa192962f/contexts [39m[32m200[39m [90m45 ms - 24[39m
[35m[HTTP][39m [90m[39m
[35m[HTTP][39m [37m-->[39m [37mPOST[39m [37m/wd/hub/session/c6236eed-6828-49e9-9790-ab9aa192962f/context[39m
[35m[HTTP][39m [90m{"name":"NATIVE_APP"}[39m
[35m[HTTP][39m [37m<-- POST /wd/hub/session/c6236eed-6828-49e9-9790-ab9aa192962f/context [39m[32m200[39m [90m1 ms - 14[39m
[35m[HTTP][39m [90m[39m
[35m[HTTP][39m [37m-->[39m [37mGET[39m [37m/wd/hub/session/c6236eed-6828-49e9-9790-ab9aa192962f/screenshot[39m
[35m[HTTP][39m [90m{}[39m
[35m[HTTP][39m [37m<-- GET /wd/hub/session/c6236eed-6828-49e9-9790-ab9aa192962f/screenshot [39m[32m200[39m [90m615 ms - 202242[39m
[35m[HTTP][39m [90m[39m
[35m[HTTP][39m [37m-->[39m [37mPOST[39m [37m/wd/hub/session/c6236eed-6828-49e9-9790-ab9aa192962f/context[39m
[35m[HTTP][39m [90m{"name":"NATIVE_APP"}[39m
[35m[HTTP][39m [37m<-- POST /wd/hub/session/c6236eed-6828-49e9-9790-ab9aa192962f/context [39m[32m200[39m [90m1 ms - 14[39m
[35m[HTTP][39m [90m[39m
[35m[HTTP][39m [37m-->[39m [37mDELETE[39m [37m/wd/hub/session/c6236eed-6828-49e9-9790-ab9aa192962f[39m
[35m[HTTP][39m [90m{}[39m
[35m[Appium][39m Removing session c6236eed-6828-49e9-9790-ab9aa192962f from our master session list
[35m[ADB][39m com.banorte.segurosdev was successfully uninstalled
[35m[HTTP][39m [37m<-- DELETE /wd/hub/session/c6236eed-6828-49e9-9790-ab9aa192962f [39m[32m200[39m [90m3829 ms - 14[39m
[35m[HTTP][39m [90m[39m
