[35m[Appium][39m Welcome to Appium v1.20.2
[35m[Appium][39m Non-default server args:
[35m[Appium][39m   port: 57791
[35m[Appium][39m   loglevel: info
[35m[Appium][39m   tmpDir: /var/folders/fv/3lsmmqq16cj0hvn9c57pkryc0000gn/T//Katalon/Appium/Temp1615878846901
[35m[Appium][39m   chromedriverPort: 57792
[35m[Appium][39m Deprecated server args:
[35m[Appium][39m   [31m--chromedriver-port[39m => --default-capabilities
[35m[Appium][39m Default capabilities, which will be added to each request unless overridden by desired capabilities:
[35m[Appium][39m   chromedriverPort: 57792
[35m[Appium][39m Appium REST http interface listener started on 0.0.0.0:57791
[35m[HTTP][39m [37m-->[39m [37mGET[39m [37m/wd/hub/status[39m
[35m[HTTP][39m [90m{}[39m
[35m[HTTP][39m [37m<-- GET /wd/hub/status [39m[32m200[39m [90m4 ms - 68[39m
[35m[HTTP][39m [90m[39m
[35m[HTTP][39m [37m-->[39m [37mPOST[39m [37m/wd/hub/session[39m
[35m[HTTP][39m [90m{"desiredCapabilities":{"app":"/Users/a2274333/Downloads/AppClientes_327-clear-preprod-debug.apk","noReset":false,"deviceId":"","deviceName":"HUAWEI HUAWEI (Android 6.0.1)","fullReset":true,"platform":"ANDROID","newCommandTimeout":1800,"platformVersion":"6.0.1","autoGrantPermissions":true,"platformName":"Android","udid":"L5Y7N15A12003367","systemPort":57790},"capabilities":{"firstMatch":[{"appium:app":"/Users/a2274333/Downloads/AppClientes_327-clear-preprod-debug.apk","appium:autoGrantPermissions":true,"deviceId":"","appium:deviceName":"HUAWEI HUAWEI (Android 6.0.1)","appium:fullReset":true,"appium:newCommandTimeout":1800,"appium:noReset":false,"platform":"ANDROID","platformName":"android","appium:platformVersion":"6.0.1","appium:systemPort":57790,"appium:udid":"L5Y7N15A12003367"}]}}[39m
[35m[BaseDriver][39m The following capabilities are not standard capabilities and should have an extension prefix:
[35m[BaseDriver][39m   deviceId
[35m[BaseDriver][39m   platform
[35m[BaseDriver][39m   chromedriverPort
[35m[Appium][39m 
[35m[Appium][39m ======================================================================
[35m[Appium][39m   DEPRECATION WARNING:
[35m[Appium][39m 
[35m[Appium][39m   The 'automationName' capability was not provided in the desired 
[35m[Appium][39m   capabilities for this Android session
[35m[Appium][39m 
[35m[Appium][39m   Setting 'automationName=UiAutomator2' by default and using the 
[35m[Appium][39m   UiAutomator2 Driver
[35m[Appium][39m 
[35m[Appium][39m   The next major version of Appium (2.x) will **require** the 
[35m[Appium][39m   'automationName' capability to be set for all sessions on all 
[35m[Appium][39m   platforms
[35m[Appium][39m 
[35m[Appium][39m   In previous versions (Appium <= 1.13.x), the default was 
[35m[Appium][39m   'automationName=UiAutomator1'
[35m[Appium][39m 
[35m[Appium][39m   If you wish to use that automation instead of UiAutomator2, please 
[35m[Appium][39m   add 'automationName=UiAutomator1' to your desired capabilities
[35m[Appium][39m 
[35m[Appium][39m   For more information about drivers, please visit 
[35m[Appium][39m   http://appium.io/docs/en/about-appium/intro/ and explore the 
[35m[Appium][39m   'Drivers' menu
[35m[Appium][39m 
[35m[Appium][39m ======================================================================
[35m[Appium][39m 
[35m[Appium][39m Appium v1.20.2 creating new AndroidUiautomator2Driver (v1.61.2) session
[35m[BaseDriver][39m The following capabilities were provided, but are not recognized by Appium:
[35m[BaseDriver][39m   deviceId
[35m[BaseDriver][39m   platform
[35m[BaseDriver][39m Session created with session id: 550325d2-2895-4d4c-884f-e329aa7ee7a2
[35m[BaseDriver][39m Using local app '/Users/a2274333/Downloads/AppClientes_327-clear-preprod-debug.apk'
[35m[ADB][39m Found 1 'build-tools' folders under '/Users/a2274333/.katalon/tools/android_sdk' (newest first):
[35m[ADB][39m     /Users/a2274333/.katalon/tools/android_sdk/build-tools/29.0.3
[35m[ADB][39m Using 'adb' from '/Users/a2274333/.katalon/tools/android_sdk/platform-tools/adb'
[35m[AndroidDriver][39m Retrieving device list
[35m[AndroidDriver][39m Using device: L5Y7N15A12003367
[35m[ADB][39m Using 'adb' from '/Users/a2274333/.katalon/tools/android_sdk/platform-tools/adb'
[35m[ADB][39m Package name: 'com.banorte.segurosdev'
[35m[ADB][39m Main activity name: 'com.banorte.seguros.vistas.general.EmptyStateScreen'
[35m[AndroidDriver][39m Granting permissions SET_ANIMATION_SCALE,CHANGE_CONFIGURATION,ACCESS_FINE_LOCATION to 'io.appium.settings'
[35m[ADB][39m Using 'apksigner.jar' from '/Users/a2274333/.katalon/tools/android_sdk/build-tools/29.0.3/lib/apksigner.jar'
[35m[ADB][39m '/Users/a2274333/node_modules/appium/node_modules/appium-uiautomator2-server/apks/appium-uiautomator2-server-v4.17.4.apk' is signed with the default certificate
[35m[ADB][39m '/Users/a2274333/node_modules/appium/node_modules/appium-uiautomator2-server/apks/appium-uiautomator2-server-debug-androidTest.apk' is signed with the default certificate
[35m[UiAutomator2][39m Server packages are not going to be (re)installed
[35m[ADB][39m Adding packages ["io.appium.settings","io.appium.uiautomator2.server","io.appium.uiautomator2.server.test"] to Doze whitelist
[35m[ADB][39m '/Users/a2274333/Downloads/AppClientes_327-clear-preprod-debug.apk' is signed with a non-default certificate
[35m[ADB][39m com.banorte.segurosdev was not uninstalled, because it was not present on the device
[35m[ADB][39m The application at '/Users/a2274333/Downloads/AppClientes_327-clear-preprod-debug.apk' is already cached to '/data/local/tmp/appium_cache/940849ba0c1b2fd651806cef90e91f0cb398620f.apk'
[35m[ADB][39m The installation of 'AppClientes_327-clear-preprod-debug.apk' took 35632ms
[35m[UiAutomator2][39m Starting UIAutomator2 server 4.17.4
[35m[UiAutomator2][39m Using UIAutomator2 server from '/Users/a2274333/node_modules/appium/node_modules/appium-uiautomator2-server/apks/appium-uiautomator2-server-v4.17.4.apk' and test from '/Users/a2274333/node_modules/appium/node_modules/appium-uiautomator2-server/apks/appium-uiautomator2-server-debug-androidTest.apk'
[35m[UiAutomator2][39m Waiting up to 30000ms for UiAutomator2 to be online...
[35m[WD Proxy][39m socket hang up
[35m[WD Proxy][39m socket hang up
[35m[WD Proxy][39m socket hang up
[35m[WD Proxy][39m socket hang up
[35m[WD Proxy][39m Determined the downstream protocol as 'W3C'
[35m[AndroidDriver][39m Screen already unlocked, doing nothing
[35m[UiAutomator2][39m Starting 'com.banorte.segurosdev/com.banorte.seguros.vistas.general.EmptyStateScreen and waiting for 'com.banorte.segurosdev/com.banorte.seguros.vistas.general.EmptyStateScreen'
[35m[Appium][39m New AndroidUiautomator2Driver session created successfully, session 550325d2-2895-4d4c-884f-e329aa7ee7a2 added to master session list
[35m[HTTP][39m [37m<-- POST /wd/hub/session [39m[32m200[39m [90m55565 ms - 1269[39m
[35m[HTTP][39m [90m[39m
[35m[HTTP][39m [37m-->[39m [37mGET[39m [37m/wd/hub/session/550325d2-2895-4d4c-884f-e329aa7ee7a2[39m
[35m[HTTP][39m [90m{}[39m
[35m[HTTP][39m [37m<-- GET /wd/hub/session/550325d2-2895-4d4c-884f-e329aa7ee7a2 [39m[32m200[39m [90m11 ms - 1223[39m
[35m[HTTP][39m [90m[39m
[35m[HTTP][39m [37m-->[39m [37mGET[39m [37m/wd/hub/session/550325d2-2895-4d4c-884f-e329aa7ee7a2[39m
[35m[HTTP][39m [90m{}[39m
[35m[HTTP][39m [37m<-- GET /wd/hub/session/550325d2-2895-4d4c-884f-e329aa7ee7a2 [39m[32m200[39m [90m9 ms - 1223[39m
[35m[HTTP][39m [90m[39m
[35m[HTTP][39m [37m-->[39m [37mGET[39m [37m/wd/hub/status[39m
[35m[HTTP][39m [90m{}[39m
[35m[HTTP][39m [37m<-- GET /wd/hub/status [39m[32m200[39m [90m1 ms - 68[39m
[35m[HTTP][39m [90m[39m
[35m[HTTP][39m [37m-->[39m [37mPOST[39m [37m/wd/hub/session/550325d2-2895-4d4c-884f-e329aa7ee7a2/timeouts[39m
[35m[HTTP][39m [90m{"implicit":30000}[39m
[35m[HTTP][39m [37m<-- POST /wd/hub/session/550325d2-2895-4d4c-884f-e329aa7ee7a2/timeouts [39m[32m200[39m [90m3 ms - 14[39m
[35m[HTTP][39m [90m[39m
[35m[HTTP][39m [37m-->[39m [37mGET[39m [37m/wd/hub/session/550325d2-2895-4d4c-884f-e329aa7ee7a2/screenshot[39m
[35m[HTTP][39m [90m{}[39m
[35m[HTTP][39m [37m<-- GET /wd/hub/session/550325d2-2895-4d4c-884f-e329aa7ee7a2/screenshot [39m[32m200[39m [90m482 ms - 40348[39m
[35m[HTTP][39m [90m[39m
[35m[HTTP][39m [37m-->[39m [37mGET[39m [37m/wd/hub/session/550325d2-2895-4d4c-884f-e329aa7ee7a2/window/rect[39m
[35m[HTTP][39m [90m{}[39m
[35m[HTTP][39m [37m<-- GET /wd/hub/session/550325d2-2895-4d4c-884f-e329aa7ee7a2/window/rect [39m[32m200[39m [90m16 ms - 49[39m
[35m[HTTP][39m [90m[39m
[35m[HTTP][39m [37m-->[39m [37mGET[39m [37m/wd/hub/session/550325d2-2895-4d4c-884f-e329aa7ee7a2/appium/device/system_bars[39m
[35m[HTTP][39m [90m{}[39m
[35m[HTTP][39m [37m<-- GET /wd/hub/session/550325d2-2895-4d4c-884f-e329aa7ee7a2/appium/device/system_bars [39m[32m200[39m [90m58 ms - 148[39m
[35m[HTTP][39m [90m[39m
[35m[HTTP][39m [37m-->[39m [37mPOST[39m [37m/wd/hub/session/550325d2-2895-4d4c-884f-e329aa7ee7a2/timeouts[39m
[35m[HTTP][39m [90m{"implicit":50}[39m
[35m[HTTP][39m [37m<-- POST /wd/hub/session/550325d2-2895-4d4c-884f-e329aa7ee7a2/timeouts [39m[32m200[39m [90m2 ms - 14[39m
[35m[HTTP][39m [90m[39m
[35m[HTTP][39m [37m-->[39m [37mGET[39m [37m/wd/hub/session/550325d2-2895-4d4c-884f-e329aa7ee7a2/window/rect[39m
[35m[HTTP][39m [90m{}[39m
[35m[HTTP][39m [37m<-- GET /wd/hub/session/550325d2-2895-4d4c-884f-e329aa7ee7a2/window/rect [39m[32m200[39m [90m23 ms - 49[39m
[35m[HTTP][39m [90m[39m
[35m[HTTP][39m [37m-->[39m [37mPOST[39m [37m/wd/hub/session/550325d2-2895-4d4c-884f-e329aa7ee7a2/elements[39m
[35m[HTTP][39m [90m{"using":"xpath","value":"//*[@class = 'android.widget.Button' and (@text = 'Permitir' or . = 'Permitir') and @resource-id = 'android:id/button1']"}[39m
[35m[HTTP][39m [37m<-- POST /wd/hub/session/550325d2-2895-4d4c-884f-e329aa7ee7a2/elements [39m[32m200[39m [90m356 ms - 139[39m
[35m[HTTP][39m [90m[39m
[35m[HTTP][39m [37m-->[39m [37mGET[39m [37m/wd/hub/session/550325d2-2895-4d4c-884f-e329aa7ee7a2/element/99c90eec-334a-4f65-8fcb-b520fada46c9/location[39m
[35m[HTTP][39m [90m{}[39m
[35m[W3C (550325d2)][39m Driver proxy active, passing request on via HTTP proxy
[35m[WD Proxy][39m Replacing sessionId d8e7527a-59c9-4b35-b6aa-5ffcc35ffc20 with 550325d2-2895-4d4c-884f-e329aa7ee7a2
[35m[HTTP][39m [37m<-- GET /wd/hub/session/550325d2-2895-4d4c-884f-e329aa7ee7a2/element/99c90eec-334a-4f65-8fcb-b520fada46c9/location [39m[32m200[39m [90m787 ms - 78[39m
[35m[HTTP][39m [90m[39m
[35m[HTTP][39m [37m-->[39m [37mPOST[39m [37m/wd/hub/session/550325d2-2895-4d4c-884f-e329aa7ee7a2/timeouts[39m
[35m[HTTP][39m [90m{"implicit":30000}[39m
[35m[HTTP][39m [37m<-- POST /wd/hub/session/550325d2-2895-4d4c-884f-e329aa7ee7a2/timeouts [39m[32m200[39m [90m1 ms - 14[39m
[35m[HTTP][39m [90m[39m
[35m[HTTP][39m [37m-->[39m [37mPOST[39m [37m/wd/hub/session/550325d2-2895-4d4c-884f-e329aa7ee7a2/touch/perform[39m
[35m[HTTP][39m [90m{"actions":[{"action":"tap","options":{"x":1,"y":1,"element":"99c90eec-334a-4f65-8fcb-b520fada46c9"}},{"action":"release","options":{}}]}[39m
[35m[UiAutomator2][39m calling get location: 99c90eec-334a-4f65-8fcb-b520fada46c9
[35m[HTTP][39m [37m<-- POST /wd/hub/session/550325d2-2895-4d4c-884f-e329aa7ee7a2/touch/perform [39m[32m200[39m [90m138 ms - 14[39m
[35m[HTTP][39m [90m[39m
[35m[HTTP][39m [37m-->[39m [37mPOST[39m [37m/wd/hub/session/550325d2-2895-4d4c-884f-e329aa7ee7a2/timeouts[39m
[35m[HTTP][39m [90m{"implicit":50}[39m
[35m[HTTP][39m [37m<-- POST /wd/hub/session/550325d2-2895-4d4c-884f-e329aa7ee7a2/timeouts [39m[32m200[39m [90m1 ms - 14[39m
[35m[HTTP][39m [90m[39m
[35m[HTTP][39m [37m-->[39m [37mGET[39m [37m/wd/hub/session/550325d2-2895-4d4c-884f-e329aa7ee7a2/window/rect[39m
[35m[HTTP][39m [90m{}[39m
[35m[HTTP][39m [37m<-- GET /wd/hub/session/550325d2-2895-4d4c-884f-e329aa7ee7a2/window/rect [39m[32m200[39m [90m16 ms - 49[39m
[35m[HTTP][39m [90m[39m
[35m[HTTP][39m [37m-->[39m [37mPOST[39m [37m/wd/hub/session/550325d2-2895-4d4c-884f-e329aa7ee7a2/elements[39m
[35m[HTTP][39m [90m{"using":"xpath","value":"//*[@class = 'android.widget.Button' and (@text = 'Allow' or . = 'Allow') and @resource-id = 'com.android.packageinstaller:id/permission_allow_button']"}[39m
[35m[HTTP][39m [37m<-- POST /wd/hub/session/550325d2-2895-4d4c-884f-e329aa7ee7a2/elements [39m[32m200[39m [90m1113 ms - 139[39m
[35m[HTTP][39m [90m[39m
[35m[HTTP][39m [37m-->[39m [37mGET[39m [37m/wd/hub/session/550325d2-2895-4d4c-884f-e329aa7ee7a2/element/60fce565-a4fa-4197-b76c-ce44013600c7/location[39m
[35m[HTTP][39m [90m{}[39m
[35m[W3C (550325d2)][39m Driver proxy active, passing request on via HTTP proxy
[35m[WD Proxy][39m Replacing sessionId d8e7527a-59c9-4b35-b6aa-5ffcc35ffc20 with 550325d2-2895-4d4c-884f-e329aa7ee7a2
[35m[HTTP][39m [37m<-- GET /wd/hub/session/550325d2-2895-4d4c-884f-e329aa7ee7a2/element/60fce565-a4fa-4197-b76c-ce44013600c7/location [39m[32m200[39m [90m20 ms - 78[39m
[35m[HTTP][39m [90m[39m
[35m[HTTP][39m [37m-->[39m [37mPOST[39m [37m/wd/hub/session/550325d2-2895-4d4c-884f-e329aa7ee7a2/timeouts[39m
[35m[HTTP][39m [90m{"implicit":30000}[39m
[35m[HTTP][39m [37m<-- POST /wd/hub/session/550325d2-2895-4d4c-884f-e329aa7ee7a2/timeouts [39m[32m200[39m [90m1 ms - 14[39m
[35m[HTTP][39m [90m[39m
[35m[HTTP][39m [37m-->[39m [37mPOST[39m [37m/wd/hub/session/550325d2-2895-4d4c-884f-e329aa7ee7a2/touch/perform[39m
[35m[HTTP][39m [90m{"actions":[{"action":"tap","options":{"x":1,"y":1,"element":"60fce565-a4fa-4197-b76c-ce44013600c7"}},{"action":"release","options":{}}]}[39m
[35m[UiAutomator2][39m calling get location: 60fce565-a4fa-4197-b76c-ce44013600c7
[35m[HTTP][39m [37m<-- POST /wd/hub/session/550325d2-2895-4d4c-884f-e329aa7ee7a2/touch/perform [39m[32m200[39m [90m164 ms - 14[39m
[35m[HTTP][39m [90m[39m
[35m[HTTP][39m [37m-->[39m [37mGET[39m [37m/wd/hub/session/550325d2-2895-4d4c-884f-e329aa7ee7a2/context[39m
[35m[HTTP][39m [90m{}[39m
[35m[HTTP][39m [37m<-- GET /wd/hub/session/550325d2-2895-4d4c-884f-e329aa7ee7a2/context [39m[32m200[39m [90m1 ms - 22[39m
[35m[HTTP][39m [90m[39m
[35m[HTTP][39m [37m-->[39m [37mGET[39m [37m/wd/hub/session/550325d2-2895-4d4c-884f-e329aa7ee7a2/contexts[39m
[35m[HTTP][39m [90m{}[39m
[35m[HTTP][39m [37m<-- GET /wd/hub/session/550325d2-2895-4d4c-884f-e329aa7ee7a2/contexts [39m[32m200[39m [90m59 ms - 24[39m
[35m[HTTP][39m [90m[39m
[35m[HTTP][39m [37m-->[39m [37mPOST[39m [37m/wd/hub/session/550325d2-2895-4d4c-884f-e329aa7ee7a2/context[39m
[35m[HTTP][39m [90m{"name":"NATIVE_APP"}[39m
[35m[HTTP][39m [37m<-- POST /wd/hub/session/550325d2-2895-4d4c-884f-e329aa7ee7a2/context [39m[32m200[39m [90m2 ms - 14[39m
[35m[HTTP][39m [90m[39m
[35m[HTTP][39m [37m-->[39m [37mGET[39m [37m/wd/hub/session/550325d2-2895-4d4c-884f-e329aa7ee7a2/screenshot[39m
[35m[HTTP][39m [90m{}[39m
[35m[HTTP][39m [37m<-- GET /wd/hub/session/550325d2-2895-4d4c-884f-e329aa7ee7a2/screenshot [39m[32m200[39m [90m1862 ms - 1147774[39m
[35m[HTTP][39m [90m[39m
[35m[HTTP][39m [37m-->[39m [37mPOST[39m [37m/wd/hub/session/550325d2-2895-4d4c-884f-e329aa7ee7a2/context[39m
[35m[HTTP][39m [90m{"name":"NATIVE_APP"}[39m
[35m[HTTP][39m [37m<-- POST /wd/hub/session/550325d2-2895-4d4c-884f-e329aa7ee7a2/context [39m[32m200[39m [90m1 ms - 14[39m
[35m[HTTP][39m [90m[39m
[35m[HTTP][39m [37m-->[39m [37mPOST[39m [37m/wd/hub/session/550325d2-2895-4d4c-884f-e329aa7ee7a2/timeouts[39m
[35m[HTTP][39m [90m{"implicit":50}[39m
[35m[HTTP][39m [37m<-- POST /wd/hub/session/550325d2-2895-4d4c-884f-e329aa7ee7a2/timeouts [39m[32m200[39m [90m4 ms - 14[39m
[35m[HTTP][39m [90m[39m
[35m[HTTP][39m [37m-->[39m [37mGET[39m [37m/wd/hub/session/550325d2-2895-4d4c-884f-e329aa7ee7a2/window/rect[39m
[35m[HTTP][39m [90m{}[39m
[35m[HTTP][39m [37m<-- GET /wd/hub/session/550325d2-2895-4d4c-884f-e329aa7ee7a2/window/rect [39m[32m200[39m [90m14 ms - 49[39m
[35m[HTTP][39m [90m[39m
[35m[HTTP][39m [37m-->[39m [37mPOST[39m [37m/wd/hub/session/550325d2-2895-4d4c-884f-e329aa7ee7a2/elements[39m
[35m[HTTP][39m [90m{"using":"xpath","value":"//*[@class = 'android.widget.Button' and (@text = 'Registrarme' or . = 'Registrarme') and @resource-id = 'com.banorte.segurosdev:id/btn_registro']"}[39m
[35m[HTTP][39m [37m<-- POST /wd/hub/session/550325d2-2895-4d4c-884f-e329aa7ee7a2/elements [39m[32m200[39m [90m55 ms - 139[39m
[35m[HTTP][39m [90m[39m
[35m[HTTP][39m [37m-->[39m [37mGET[39m [37m/wd/hub/session/550325d2-2895-4d4c-884f-e329aa7ee7a2/element/02329793-c952-4fc2-8e3f-b4d1ab37935d/location[39m
[35m[HTTP][39m [90m{}[39m
[35m[W3C (550325d2)][39m Driver proxy active, passing request on via HTTP proxy
[35m[WD Proxy][39m Replacing sessionId d8e7527a-59c9-4b35-b6aa-5ffcc35ffc20 with 550325d2-2895-4d4c-884f-e329aa7ee7a2
[35m[HTTP][39m [37m<-- GET /wd/hub/session/550325d2-2895-4d4c-884f-e329aa7ee7a2/element/02329793-c952-4fc2-8e3f-b4d1ab37935d/location [39m[32m200[39m [90m16 ms - 77[39m
[35m[HTTP][39m [90m[39m
[35m[HTTP][39m [37m-->[39m [37mPOST[39m [37m/wd/hub/session/550325d2-2895-4d4c-884f-e329aa7ee7a2/timeouts[39m
[35m[HTTP][39m [90m{"implicit":30000}[39m
[35m[HTTP][39m [37m<-- POST /wd/hub/session/550325d2-2895-4d4c-884f-e329aa7ee7a2/timeouts [39m[32m200[39m [90m1 ms - 14[39m
[35m[HTTP][39m [90m[39m
[35m[HTTP][39m [37m-->[39m [37mPOST[39m [37m/wd/hub/session/550325d2-2895-4d4c-884f-e329aa7ee7a2/touch/perform[39m
[35m[HTTP][39m [90m{"actions":[{"action":"tap","options":{"x":1,"y":1,"element":"02329793-c952-4fc2-8e3f-b4d1ab37935d"}},{"action":"release","options":{}}]}[39m
[35m[UiAutomator2][39m calling get location: 02329793-c952-4fc2-8e3f-b4d1ab37935d
[35m[HTTP][39m [37m<-- POST /wd/hub/session/550325d2-2895-4d4c-884f-e329aa7ee7a2/touch/perform [39m[32m200[39m [90m151 ms - 14[39m
[35m[HTTP][39m [90m[39m
[35m[HTTP][39m [37m-->[39m [37mGET[39m [37m/wd/hub/session/550325d2-2895-4d4c-884f-e329aa7ee7a2/context[39m
[35m[HTTP][39m [90m{}[39m
[35m[HTTP][39m [37m<-- GET /wd/hub/session/550325d2-2895-4d4c-884f-e329aa7ee7a2/context [39m[32m200[39m [90m1 ms - 22[39m
[35m[HTTP][39m [90m[39m
[35m[HTTP][39m [37m-->[39m [37mGET[39m [37m/wd/hub/session/550325d2-2895-4d4c-884f-e329aa7ee7a2/contexts[39m
[35m[HTTP][39m [90m{}[39m
[35m[HTTP][39m [37m<-- GET /wd/hub/session/550325d2-2895-4d4c-884f-e329aa7ee7a2/contexts [39m[32m200[39m [90m41 ms - 24[39m
[35m[HTTP][39m [90m[39m
[35m[HTTP][39m [37m-->[39m [37mPOST[39m [37m/wd/hub/session/550325d2-2895-4d4c-884f-e329aa7ee7a2/context[39m
[35m[HTTP][39m [90m{"name":"NATIVE_APP"}[39m
[35m[HTTP][39m [37m<-- POST /wd/hub/session/550325d2-2895-4d4c-884f-e329aa7ee7a2/context [39m[32m200[39m [90m1 ms - 14[39m
[35m[HTTP][39m [90m[39m
[35m[HTTP][39m [37m-->[39m [37mPOST[39m [37m/wd/hub/session/550325d2-2895-4d4c-884f-e329aa7ee7a2/appium/device/hide_keyboard[39m
[35m[HTTP][39m [90m{}[39m
[35m[HTTP][39m [37m<-- POST /wd/hub/session/550325d2-2895-4d4c-884f-e329aa7ee7a2/appium/device/hide_keyboard [39m[32m200[39m [90m1631 ms - 14[39m
[35m[HTTP][39m [90m[39m
[35m[HTTP][39m [37m-->[39m [37mPOST[39m [37m/wd/hub/session/550325d2-2895-4d4c-884f-e329aa7ee7a2/context[39m
[35m[HTTP][39m [90m{"name":"NATIVE_APP"}[39m
[35m[HTTP][39m [37m<-- POST /wd/hub/session/550325d2-2895-4d4c-884f-e329aa7ee7a2/context [39m[32m200[39m [90m1 ms - 14[39m
[35m[HTTP][39m [90m[39m
[35m[HTTP][39m [37m-->[39m [37mPOST[39m [37m/wd/hub/session/550325d2-2895-4d4c-884f-e329aa7ee7a2/timeouts[39m
[35m[HTTP][39m [90m{"implicit":50}[39m
[35m[HTTP][39m [37m<-- POST /wd/hub/session/550325d2-2895-4d4c-884f-e329aa7ee7a2/timeouts [39m[32m200[39m [90m4 ms - 14[39m
[35m[HTTP][39m [90m[39m
[35m[HTTP][39m [37m-->[39m [37mGET[39m [37m/wd/hub/session/550325d2-2895-4d4c-884f-e329aa7ee7a2/window/rect[39m
[35m[HTTP][39m [90m{}[39m
[35m[HTTP][39m [37m<-- GET /wd/hub/session/550325d2-2895-4d4c-884f-e329aa7ee7a2/window/rect [39m[32m200[39m [90m14 ms - 49[39m
[35m[HTTP][39m [90m[39m
[35m[HTTP][39m [37m-->[39m [37mPOST[39m [37m/wd/hub/session/550325d2-2895-4d4c-884f-e329aa7ee7a2/elements[39m
[35m[HTTP][39m [90m{"using":"xpath","value":"//*[@class = 'android.widget.EditText' and (@text = 'Ingresa tu nombre' or . = 'Ingresa tu nombre') and @resource-id = 'com.banorte.segurosdev:id/txt_nombre']"}[39m
[35m[HTTP][39m [37m<-- POST /wd/hub/session/550325d2-2895-4d4c-884f-e329aa7ee7a2/elements [39m[32m200[39m [90m360 ms - 139[39m
[35m[HTTP][39m [90m[39m
[35m[HTTP][39m [37m-->[39m [37mGET[39m [37m/wd/hub/session/550325d2-2895-4d4c-884f-e329aa7ee7a2/element/f4f9506e-cbdd-43c1-a2eb-115a5cc13905/location[39m
[35m[HTTP][39m [90m{}[39m
[35m[W3C (550325d2)][39m Driver proxy active, passing request on via HTTP proxy
[35m[WD Proxy][39m Replacing sessionId d8e7527a-59c9-4b35-b6aa-5ffcc35ffc20 with 550325d2-2895-4d4c-884f-e329aa7ee7a2
[35m[HTTP][39m [37m<-- GET /wd/hub/session/550325d2-2895-4d4c-884f-e329aa7ee7a2/element/f4f9506e-cbdd-43c1-a2eb-115a5cc13905/location [39m[32m200[39m [90m14 ms - 77[39m
[35m[HTTP][39m [90m[39m
[35m[HTTP][39m [37m-->[39m [37mPOST[39m [37m/wd/hub/session/550325d2-2895-4d4c-884f-e329aa7ee7a2/timeouts[39m
[35m[HTTP][39m [90m{"implicit":30000}[39m
[35m[HTTP][39m [37m<-- POST /wd/hub/session/550325d2-2895-4d4c-884f-e329aa7ee7a2/timeouts [39m[32m200[39m [90m1 ms - 14[39m
[35m[HTTP][39m [90m[39m
[35m[HTTP][39m [37m-->[39m [37mPOST[39m [37m/wd/hub/session/550325d2-2895-4d4c-884f-e329aa7ee7a2/element/f4f9506e-cbdd-43c1-a2eb-115a5cc13905/clear[39m
[35m[HTTP][39m [90m{"id":"f4f9506e-cbdd-43c1-a2eb-115a5cc13905"}[39m
[35m[HTTP][39m [37m<-- POST /wd/hub/session/550325d2-2895-4d4c-884f-e329aa7ee7a2/element/f4f9506e-cbdd-43c1-a2eb-115a5cc13905/clear [39m[32m200[39m [90m37 ms - 14[39m
[35m[HTTP][39m [90m[39m
[35m[HTTP][39m [37m-->[39m [37mPOST[39m [37m/wd/hub/session/550325d2-2895-4d4c-884f-e329aa7ee7a2/element/f4f9506e-cbdd-43c1-a2eb-115a5cc13905/value[39m
[35m[HTTP][39m [90m{"id":"f4f9506e-cbdd-43c1-a2eb-115a5cc13905","text":"Fernando","value":["F","e","r","n","a","n","d","o"]}[39m
[35m[HTTP][39m [37m<-- POST /wd/hub/session/550325d2-2895-4d4c-884f-e329aa7ee7a2/element/f4f9506e-cbdd-43c1-a2eb-115a5cc13905/value [39m[32m200[39m [90m1043 ms - 14[39m
[35m[HTTP][39m [90m[39m
[35m[HTTP][39m [37m-->[39m [37mGET[39m [37m/wd/hub/session/550325d2-2895-4d4c-884f-e329aa7ee7a2/context[39m
[35m[HTTP][39m [90m{}[39m
[35m[HTTP][39m [37m<-- GET /wd/hub/session/550325d2-2895-4d4c-884f-e329aa7ee7a2/context [39m[32m200[39m [90m1 ms - 22[39m
[35m[HTTP][39m [90m[39m
[35m[HTTP][39m [37m-->[39m [37mGET[39m [37m/wd/hub/session/550325d2-2895-4d4c-884f-e329aa7ee7a2/contexts[39m
[35m[HTTP][39m [90m{}[39m
[35m[HTTP][39m [37m<-- GET /wd/hub/session/550325d2-2895-4d4c-884f-e329aa7ee7a2/contexts [39m[32m200[39m [90m41 ms - 24[39m
[35m[HTTP][39m [90m[39m
[35m[HTTP][39m [37m-->[39m [37mPOST[39m [37m/wd/hub/session/550325d2-2895-4d4c-884f-e329aa7ee7a2/context[39m
[35m[HTTP][39m [90m{"name":"NATIVE_APP"}[39m
[35m[HTTP][39m [37m<-- POST /wd/hub/session/550325d2-2895-4d4c-884f-e329aa7ee7a2/context [39m[32m200[39m [90m1 ms - 14[39m
[35m[HTTP][39m [90m[39m
[35m[HTTP][39m [37m-->[39m [37mGET[39m [37m/wd/hub/session/550325d2-2895-4d4c-884f-e329aa7ee7a2/screenshot[39m
[35m[HTTP][39m [90m{}[39m
[35m[HTTP][39m [37m<-- GET /wd/hub/session/550325d2-2895-4d4c-884f-e329aa7ee7a2/screenshot [39m[32m200[39m [90m504 ms - 84890[39m
[35m[HTTP][39m [90m[39m
[35m[HTTP][39m [37m-->[39m [37mPOST[39m [37m/wd/hub/session/550325d2-2895-4d4c-884f-e329aa7ee7a2/context[39m
[35m[HTTP][39m [90m{"name":"NATIVE_APP"}[39m
[35m[HTTP][39m [37m<-- POST /wd/hub/session/550325d2-2895-4d4c-884f-e329aa7ee7a2/context [39m[32m200[39m [90m1 ms - 14[39m
[35m[HTTP][39m [90m[39m
[35m[HTTP][39m [37m-->[39m [37mPOST[39m [37m/wd/hub/session/550325d2-2895-4d4c-884f-e329aa7ee7a2/timeouts[39m
[35m[HTTP][39m [90m{"implicit":50}[39m
[35m[HTTP][39m [37m<-- POST /wd/hub/session/550325d2-2895-4d4c-884f-e329aa7ee7a2/timeouts [39m[32m200[39m [90m2 ms - 14[39m
[35m[HTTP][39m [90m[39m
[35m[HTTP][39m [37m-->[39m [37mGET[39m [37m/wd/hub/session/550325d2-2895-4d4c-884f-e329aa7ee7a2/window/rect[39m
[35m[HTTP][39m [90m{}[39m
[35m[HTTP][39m [37m<-- GET /wd/hub/session/550325d2-2895-4d4c-884f-e329aa7ee7a2/window/rect [39m[32m200[39m [90m13 ms - 49[39m
[35m[HTTP][39m [90m[39m
[35m[HTTP][39m [37m-->[39m [37mPOST[39m [37m/wd/hub/session/550325d2-2895-4d4c-884f-e329aa7ee7a2/elements[39m
[35m[HTTP][39m [90m{"using":"xpath","value":"//*[@class = 'android.widget.EditText'  and @resource-id = 'com.banorte.segurosdev:id/txt_apellido_paterno']"}[39m
[35m[HTTP][39m [37m<-- POST /wd/hub/session/550325d2-2895-4d4c-884f-e329aa7ee7a2/elements [39m[32m200[39m [90m53 ms - 139[39m
[35m[HTTP][39m [90m[39m
[35m[HTTP][39m [37m-->[39m [37mGET[39m [37m/wd/hub/session/550325d2-2895-4d4c-884f-e329aa7ee7a2/element/ec1ee68f-1b67-485c-8517-a6b406bd0665/location[39m
[35m[HTTP][39m [90m{}[39m
[35m[W3C (550325d2)][39m Driver proxy active, passing request on via HTTP proxy
[35m[WD Proxy][39m Replacing sessionId d8e7527a-59c9-4b35-b6aa-5ffcc35ffc20 with 550325d2-2895-4d4c-884f-e329aa7ee7a2
[35m[HTTP][39m [37m<-- GET /wd/hub/session/550325d2-2895-4d4c-884f-e329aa7ee7a2/element/ec1ee68f-1b67-485c-8517-a6b406bd0665/location [39m[32m200[39m [90m14 ms - 77[39m
[35m[HTTP][39m [90m[39m
[35m[HTTP][39m [37m-->[39m [37mPOST[39m [37m/wd/hub/session/550325d2-2895-4d4c-884f-e329aa7ee7a2/timeouts[39m
[35m[HTTP][39m [90m{"implicit":30000}[39m
[35m[HTTP][39m [37m<-- POST /wd/hub/session/550325d2-2895-4d4c-884f-e329aa7ee7a2/timeouts [39m[32m200[39m [90m1 ms - 14[39m
[35m[HTTP][39m [90m[39m
[35m[HTTP][39m [37m-->[39m [37mPOST[39m [37m/wd/hub/session/550325d2-2895-4d4c-884f-e329aa7ee7a2/element/ec1ee68f-1b67-485c-8517-a6b406bd0665/clear[39m
[35m[HTTP][39m [90m{"id":"ec1ee68f-1b67-485c-8517-a6b406bd0665"}[39m
[35m[HTTP][39m [37m<-- POST /wd/hub/session/550325d2-2895-4d4c-884f-e329aa7ee7a2/element/ec1ee68f-1b67-485c-8517-a6b406bd0665/clear [39m[32m200[39m [90m22 ms - 14[39m
[35m[HTTP][39m [90m[39m
[35m[HTTP][39m [37m-->[39m [37mPOST[39m [37m/wd/hub/session/550325d2-2895-4d4c-884f-e329aa7ee7a2/element/ec1ee68f-1b67-485c-8517-a6b406bd0665/value[39m
[35m[HTTP][39m [90m{"id":"ec1ee68f-1b67-485c-8517-a6b406bd0665","text":"Martinez","value":["M","a","r","t","i","n","e","z"]}[39m
[35m[HTTP][39m [37m<-- POST /wd/hub/session/550325d2-2895-4d4c-884f-e329aa7ee7a2/element/ec1ee68f-1b67-485c-8517-a6b406bd0665/value [39m[32m200[39m [90m1024 ms - 14[39m
[35m[HTTP][39m [90m[39m
[35m[HTTP][39m [37m-->[39m [37mPOST[39m [37m/wd/hub/session/550325d2-2895-4d4c-884f-e329aa7ee7a2/timeouts[39m
[35m[HTTP][39m [90m{"implicit":50}[39m
[35m[HTTP][39m [37m<-- POST /wd/hub/session/550325d2-2895-4d4c-884f-e329aa7ee7a2/timeouts [39m[32m200[39m [90m2 ms - 14[39m
[35m[HTTP][39m [90m[39m
[35m[HTTP][39m [37m-->[39m [37mGET[39m [37m/wd/hub/session/550325d2-2895-4d4c-884f-e329aa7ee7a2/window/rect[39m
[35m[HTTP][39m [90m{}[39m
[35m[HTTP][39m [37m<-- GET /wd/hub/session/550325d2-2895-4d4c-884f-e329aa7ee7a2/window/rect [39m[32m200[39m [90m15 ms - 49[39m
[35m[HTTP][39m [90m[39m
[35m[HTTP][39m [37m-->[39m [37mPOST[39m [37m/wd/hub/session/550325d2-2895-4d4c-884f-e329aa7ee7a2/elements[39m
[35m[HTTP][39m [90m{"using":"xpath","value":"//*[@class = 'android.widget.EditText' and @resource-id = 'com.banorte.segurosdev:id/txt_apellido_materno']"}[39m
[35m[HTTP][39m [37m<-- POST /wd/hub/session/550325d2-2895-4d4c-884f-e329aa7ee7a2/elements [39m[32m200[39m [90m463 ms - 139[39m
[35m[HTTP][39m [90m[39m
[35m[HTTP][39m [37m-->[39m [37mGET[39m [37m/wd/hub/session/550325d2-2895-4d4c-884f-e329aa7ee7a2/element/c67ebf6a-6ad5-4210-90ec-176e6c2d8faf/location[39m
[35m[HTTP][39m [90m{}[39m
[35m[W3C (550325d2)][39m Driver proxy active, passing request on via HTTP proxy
[35m[WD Proxy][39m Replacing sessionId d8e7527a-59c9-4b35-b6aa-5ffcc35ffc20 with 550325d2-2895-4d4c-884f-e329aa7ee7a2
[35m[HTTP][39m [37m<-- GET /wd/hub/session/550325d2-2895-4d4c-884f-e329aa7ee7a2/element/c67ebf6a-6ad5-4210-90ec-176e6c2d8faf/location [39m[32m200[39m [90m13 ms - 77[39m
[35m[HTTP][39m [90m[39m
[35m[HTTP][39m [37m-->[39m [37mPOST[39m [37m/wd/hub/session/550325d2-2895-4d4c-884f-e329aa7ee7a2/timeouts[39m
[35m[HTTP][39m [90m{"implicit":30000}[39m
[35m[HTTP][39m [37m<-- POST /wd/hub/session/550325d2-2895-4d4c-884f-e329aa7ee7a2/timeouts [39m[32m200[39m [90m1 ms - 14[39m
[35m[HTTP][39m [90m[39m
[35m[HTTP][39m [37m-->[39m [37mPOST[39m [37m/wd/hub/session/550325d2-2895-4d4c-884f-e329aa7ee7a2/element/c67ebf6a-6ad5-4210-90ec-176e6c2d8faf/clear[39m
[35m[HTTP][39m [90m{"id":"c67ebf6a-6ad5-4210-90ec-176e6c2d8faf"}[39m
[35m[HTTP][39m [37m<-- POST /wd/hub/session/550325d2-2895-4d4c-884f-e329aa7ee7a2/element/c67ebf6a-6ad5-4210-90ec-176e6c2d8faf/clear [39m[32m200[39m [90m18 ms - 14[39m
[35m[HTTP][39m [90m[39m
[35m[HTTP][39m [37m-->[39m [37mPOST[39m [37m/wd/hub/session/550325d2-2895-4d4c-884f-e329aa7ee7a2/element/c67ebf6a-6ad5-4210-90ec-176e6c2d8faf/value[39m
[35m[HTTP][39m [90m{"id":"c67ebf6a-6ad5-4210-90ec-176e6c2d8faf","text":"Quezada","value":["Q","u","e","z","a","d","a"]}[39m
[35m[HTTP][39m [37m<-- POST /wd/hub/session/550325d2-2895-4d4c-884f-e329aa7ee7a2/element/c67ebf6a-6ad5-4210-90ec-176e6c2d8faf/value [39m[32m200[39m [90m1026 ms - 14[39m
[35m[HTTP][39m [90m[39m
[35m[HTTP][39m [37m-->[39m [37mGET[39m [37m/wd/hub/session/550325d2-2895-4d4c-884f-e329aa7ee7a2/context[39m
[35m[HTTP][39m [90m{}[39m
[35m[HTTP][39m [37m<-- GET /wd/hub/session/550325d2-2895-4d4c-884f-e329aa7ee7a2/context [39m[32m200[39m [90m1 ms - 22[39m
[35m[HTTP][39m [90m[39m
[35m[HTTP][39m [37m-->[39m [37mGET[39m [37m/wd/hub/session/550325d2-2895-4d4c-884f-e329aa7ee7a2/contexts[39m
[35m[HTTP][39m [90m{}[39m
[35m[HTTP][39m [37m<-- GET /wd/hub/session/550325d2-2895-4d4c-884f-e329aa7ee7a2/contexts [39m[32m200[39m [90m50 ms - 24[39m
[35m[HTTP][39m [90m[39m
[35m[HTTP][39m [37m-->[39m [37mPOST[39m [37m/wd/hub/session/550325d2-2895-4d4c-884f-e329aa7ee7a2/context[39m
[35m[HTTP][39m [90m{"name":"NATIVE_APP"}[39m
[35m[HTTP][39m [37m<-- POST /wd/hub/session/550325d2-2895-4d4c-884f-e329aa7ee7a2/context [39m[32m200[39m [90m2 ms - 14[39m
[35m[HTTP][39m [90m[39m
[35m[HTTP][39m [37m-->[39m [37mPOST[39m [37m/wd/hub/session/550325d2-2895-4d4c-884f-e329aa7ee7a2/element[39m
[35m[HTTP][39m [90m{"using":"-android uiautomator","value":"new UiScrollable(new UiSelector().scrollable(true).instance(0)).scrollIntoView(new UiSelector().textContains(\"Mujer\"))"}[39m
[35m[HTTP][39m [37m<-- POST /wd/hub/session/550325d2-2895-4d4c-884f-e329aa7ee7a2/element [39m[32m200[39m [90m3351 ms - 137[39m
[35m[HTTP][39m [90m[39m
[35m[HTTP][39m [37m-->[39m [37mPOST[39m [37m/wd/hub/session/550325d2-2895-4d4c-884f-e329aa7ee7a2/context[39m
[35m[HTTP][39m [90m{"name":"NATIVE_APP"}[39m
[35m[HTTP][39m [37m<-- POST /wd/hub/session/550325d2-2895-4d4c-884f-e329aa7ee7a2/context [39m[32m200[39m [90m1 ms - 14[39m
[35m[HTTP][39m [90m[39m
[35m[HTTP][39m [37m-->[39m [37mPOST[39m [37m/wd/hub/session/550325d2-2895-4d4c-884f-e329aa7ee7a2/timeouts[39m
[35m[HTTP][39m [90m{"implicit":50}[39m
[35m[HTTP][39m [37m<-- POST /wd/hub/session/550325d2-2895-4d4c-884f-e329aa7ee7a2/timeouts [39m[32m200[39m [90m2 ms - 14[39m
[35m[HTTP][39m [90m[39m
[35m[HTTP][39m [37m-->[39m [37mGET[39m [37m/wd/hub/session/550325d2-2895-4d4c-884f-e329aa7ee7a2/window/rect[39m
[35m[HTTP][39m [90m{}[39m
[35m[HTTP][39m [37m<-- GET /wd/hub/session/550325d2-2895-4d4c-884f-e329aa7ee7a2/window/rect [39m[32m200[39m [90m12 ms - 49[39m
[35m[HTTP][39m [90m[39m
[35m[HTTP][39m [37m-->[39m [37mPOST[39m [37m/wd/hub/session/550325d2-2895-4d4c-884f-e329aa7ee7a2/elements[39m
[35m[HTTP][39m [90m{"using":"xpath","value":"//*[@class = 'android.widget.TextView' and (@text = 'Mujer' or . = 'Mujer')]"}[39m
[35m[HTTP][39m [37m<-- POST /wd/hub/session/550325d2-2895-4d4c-884f-e329aa7ee7a2/elements [39m[32m200[39m [90m43 ms - 139[39m
[35m[HTTP][39m [90m[39m
[35m[HTTP][39m [37m-->[39m [37mGET[39m [37m/wd/hub/session/550325d2-2895-4d4c-884f-e329aa7ee7a2/element/a916c4d7-9a79-484e-b994-cf3cd8cf2f31/location[39m
[35m[HTTP][39m [90m{}[39m
[35m[W3C (550325d2)][39m Driver proxy active, passing request on via HTTP proxy
[35m[WD Proxy][39m Replacing sessionId d8e7527a-59c9-4b35-b6aa-5ffcc35ffc20 with 550325d2-2895-4d4c-884f-e329aa7ee7a2
[35m[HTTP][39m [37m<-- GET /wd/hub/session/550325d2-2895-4d4c-884f-e329aa7ee7a2/element/a916c4d7-9a79-484e-b994-cf3cd8cf2f31/location [39m[32m200[39m [90m11 ms - 78[39m
[35m[HTTP][39m [90m[39m
[35m[HTTP][39m [37m-->[39m [37mPOST[39m [37m/wd/hub/session/550325d2-2895-4d4c-884f-e329aa7ee7a2/timeouts[39m
[35m[HTTP][39m [90m{"implicit":30000}[39m
[35m[HTTP][39m [37m<-- POST /wd/hub/session/550325d2-2895-4d4c-884f-e329aa7ee7a2/timeouts [39m[32m200[39m [90m1 ms - 14[39m
[35m[HTTP][39m [90m[39m
[35m[HTTP][39m [37m-->[39m [37mPOST[39m [37m/wd/hub/session/550325d2-2895-4d4c-884f-e329aa7ee7a2/touch/perform[39m
[35m[HTTP][39m [90m{"actions":[{"action":"tap","options":{"x":1,"y":1,"element":"a916c4d7-9a79-484e-b994-cf3cd8cf2f31"}},{"action":"release","options":{}}]}[39m
[35m[UiAutomator2][39m calling get location: a916c4d7-9a79-484e-b994-cf3cd8cf2f31
[35m[HTTP][39m [37m<-- POST /wd/hub/session/550325d2-2895-4d4c-884f-e329aa7ee7a2/touch/perform [39m[32m200[39m [90m133 ms - 14[39m
[35m[HTTP][39m [90m[39m
[35m[HTTP][39m [37m-->[39m [37mPOST[39m [37m/wd/hub/session/550325d2-2895-4d4c-884f-e329aa7ee7a2/timeouts[39m
[35m[HTTP][39m [90m{"implicit":50}[39m
[35m[HTTP][39m [37m<-- POST /wd/hub/session/550325d2-2895-4d4c-884f-e329aa7ee7a2/timeouts [39m[32m200[39m [90m1 ms - 14[39m
[35m[HTTP][39m [90m[39m
[35m[HTTP][39m [37m-->[39m [37mGET[39m [37m/wd/hub/session/550325d2-2895-4d4c-884f-e329aa7ee7a2/window/rect[39m
[35m[HTTP][39m [90m{}[39m
[35m[HTTP][39m [37m<-- GET /wd/hub/session/550325d2-2895-4d4c-884f-e329aa7ee7a2/window/rect [39m[32m200[39m [90m20 ms - 49[39m
[35m[HTTP][39m [90m[39m
[35m[HTTP][39m [37m-->[39m [37mPOST[39m [37m/wd/hub/session/550325d2-2895-4d4c-884f-e329aa7ee7a2/elements[39m
[35m[HTTP][39m [90m{"using":"xpath","value":"//*[@class = 'android.widget.EditText' and (@text = 'Ingresa tu número' or . = 'Ingresa tu número') and @resource-id = 'com.banorte.segurosdev:id/txt_numero_celular']"}[39m
[35m[HTTP][39m [37m<-- POST /wd/hub/session/550325d2-2895-4d4c-884f-e329aa7ee7a2/elements [39m[32m200[39m [90m571 ms - 139[39m
[35m[HTTP][39m [90m[39m
[35m[HTTP][39m [37m-->[39m [37mGET[39m [37m/wd/hub/session/550325d2-2895-4d4c-884f-e329aa7ee7a2/element/bfcd45a3-dd08-468c-b73d-e8453c8dd363/location[39m
[35m[HTTP][39m [90m{}[39m
[35m[W3C (550325d2)][39m Driver proxy active, passing request on via HTTP proxy
[35m[WD Proxy][39m Replacing sessionId d8e7527a-59c9-4b35-b6aa-5ffcc35ffc20 with 550325d2-2895-4d4c-884f-e329aa7ee7a2
[35m[HTTP][39m [37m<-- GET /wd/hub/session/550325d2-2895-4d4c-884f-e329aa7ee7a2/element/bfcd45a3-dd08-468c-b73d-e8453c8dd363/location [39m[32m200[39m [90m14 ms - 77[39m
[35m[HTTP][39m [90m[39m
[35m[HTTP][39m [37m-->[39m [37mPOST[39m [37m/wd/hub/session/550325d2-2895-4d4c-884f-e329aa7ee7a2/timeouts[39m
[35m[HTTP][39m [90m{"implicit":30000}[39m
[35m[HTTP][39m [37m<-- POST /wd/hub/session/550325d2-2895-4d4c-884f-e329aa7ee7a2/timeouts [39m[32m200[39m [90m1 ms - 14[39m
[35m[HTTP][39m [90m[39m
[35m[HTTP][39m [37m-->[39m [37mPOST[39m [37m/wd/hub/session/550325d2-2895-4d4c-884f-e329aa7ee7a2/element/bfcd45a3-dd08-468c-b73d-e8453c8dd363/clear[39m
[35m[HTTP][39m [90m{"id":"bfcd45a3-dd08-468c-b73d-e8453c8dd363"}[39m
[35m[HTTP][39m [37m<-- POST /wd/hub/session/550325d2-2895-4d4c-884f-e329aa7ee7a2/element/bfcd45a3-dd08-468c-b73d-e8453c8dd363/clear [39m[32m200[39m [90m30 ms - 14[39m
[35m[HTTP][39m [90m[39m
[35m[HTTP][39m [37m-->[39m [37mPOST[39m [37m/wd/hub/session/550325d2-2895-4d4c-884f-e329aa7ee7a2/element/bfcd45a3-dd08-468c-b73d-e8453c8dd363/value[39m
[35m[HTTP][39m [90m{"id":"bfcd45a3-dd08-468c-b73d-e8453c8dd363","text":"8121715239","value":["8","1","2","1","7","1","5","2","3","9"]}[39m
[35m[HTTP][39m [37m<-- POST /wd/hub/session/550325d2-2895-4d4c-884f-e329aa7ee7a2/element/bfcd45a3-dd08-468c-b73d-e8453c8dd363/value [39m[32m200[39m [90m1138 ms - 14[39m
[35m[HTTP][39m [90m[39m
[35m[HTTP][39m [37m-->[39m [37mPOST[39m [37m/wd/hub/session/550325d2-2895-4d4c-884f-e329aa7ee7a2/timeouts[39m
[35m[HTTP][39m [90m{"implicit":50}[39m
[35m[HTTP][39m [37m<-- POST /wd/hub/session/550325d2-2895-4d4c-884f-e329aa7ee7a2/timeouts [39m[32m200[39m [90m1 ms - 14[39m
[35m[HTTP][39m [90m[39m
[35m[HTTP][39m [37m-->[39m [37mGET[39m [37m/wd/hub/session/550325d2-2895-4d4c-884f-e329aa7ee7a2/window/rect[39m
[35m[HTTP][39m [90m{}[39m
[35m[HTTP][39m [37m<-- GET /wd/hub/session/550325d2-2895-4d4c-884f-e329aa7ee7a2/window/rect [39m[32m200[39m [90m19 ms - 49[39m
[35m[HTTP][39m [90m[39m
[35m[HTTP][39m [37m-->[39m [37mPOST[39m [37m/wd/hub/session/550325d2-2895-4d4c-884f-e329aa7ee7a2/elements[39m
[35m[HTTP][39m [90m{"using":"xpath","value":"//*[@class = 'android.widget.EditText' and (@text = 'Correo electrónico' or . = 'Correo electrónico') and @resource-id = 'com.banorte.segurosdev:id/txt_correo_electronico']"}[39m
[35m[HTTP][39m [37m<-- POST /wd/hub/session/550325d2-2895-4d4c-884f-e329aa7ee7a2/elements [39m[32m200[39m [90m387 ms - 139[39m
[35m[HTTP][39m [90m[39m
[35m[HTTP][39m [37m-->[39m [37mGET[39m [37m/wd/hub/session/550325d2-2895-4d4c-884f-e329aa7ee7a2/element/fede7833-0cda-4484-bf15-01e06a2fe4fd/location[39m
[35m[HTTP][39m [90m{}[39m
[35m[W3C (550325d2)][39m Driver proxy active, passing request on via HTTP proxy
[35m[WD Proxy][39m Replacing sessionId d8e7527a-59c9-4b35-b6aa-5ffcc35ffc20 with 550325d2-2895-4d4c-884f-e329aa7ee7a2
[35m[HTTP][39m [37m<-- GET /wd/hub/session/550325d2-2895-4d4c-884f-e329aa7ee7a2/element/fede7833-0cda-4484-bf15-01e06a2fe4fd/location [39m[32m200[39m [90m12 ms - 77[39m
[35m[HTTP][39m [90m[39m
[35m[HTTP][39m [37m-->[39m [37mPOST[39m [37m/wd/hub/session/550325d2-2895-4d4c-884f-e329aa7ee7a2/timeouts[39m
[35m[HTTP][39m [90m{"implicit":30000}[39m
[35m[HTTP][39m [37m<-- POST /wd/hub/session/550325d2-2895-4d4c-884f-e329aa7ee7a2/timeouts [39m[32m200[39m [90m1 ms - 14[39m
[35m[HTTP][39m [90m[39m
[35m[HTTP][39m [37m-->[39m [37mPOST[39m [37m/wd/hub/session/550325d2-2895-4d4c-884f-e329aa7ee7a2/element/fede7833-0cda-4484-bf15-01e06a2fe4fd/clear[39m
[35m[HTTP][39m [90m{"id":"fede7833-0cda-4484-bf15-01e06a2fe4fd"}[39m
[35m[HTTP][39m [37m<-- POST /wd/hub/session/550325d2-2895-4d4c-884f-e329aa7ee7a2/element/fede7833-0cda-4484-bf15-01e06a2fe4fd/clear [39m[32m200[39m [90m21 ms - 14[39m
[35m[HTTP][39m [90m[39m
[35m[HTTP][39m [37m-->[39m [37mPOST[39m [37m/wd/hub/session/550325d2-2895-4d4c-884f-e329aa7ee7a2/element/fede7833-0cda-4484-bf15-01e06a2fe4fd/value[39m
[35m[HTTP][39m [90m{"id":"fede7833-0cda-4484-bf15-01e06a2fe4fd","text":"testing.syp@gmail.com","value":["t","e","s","t","i","n","g",".","s","y","p","@","g","m","a","i","l",".","c","o","m"]}[39m
[35m[HTTP][39m [37m<-- POST /wd/hub/session/550325d2-2895-4d4c-884f-e329aa7ee7a2/element/fede7833-0cda-4484-bf15-01e06a2fe4fd/value [39m[32m200[39m [90m1119 ms - 14[39m
[35m[HTTP][39m [90m[39m
[35m[HTTP][39m [37m-->[39m [37mGET[39m [37m/wd/hub/session/550325d2-2895-4d4c-884f-e329aa7ee7a2/context[39m
[35m[HTTP][39m [90m{}[39m
[35m[HTTP][39m [37m<-- GET /wd/hub/session/550325d2-2895-4d4c-884f-e329aa7ee7a2/context [39m[32m200[39m [90m1 ms - 22[39m
[35m[HTTP][39m [90m[39m
[35m[HTTP][39m [37m-->[39m [37mGET[39m [37m/wd/hub/session/550325d2-2895-4d4c-884f-e329aa7ee7a2/contexts[39m
[35m[HTTP][39m [90m{}[39m
[35m[HTTP][39m [37m<-- GET /wd/hub/session/550325d2-2895-4d4c-884f-e329aa7ee7a2/contexts [39m[32m200[39m [90m41 ms - 24[39m
[35m[HTTP][39m [90m[39m
[35m[HTTP][39m [37m-->[39m [37mPOST[39m [37m/wd/hub/session/550325d2-2895-4d4c-884f-e329aa7ee7a2/context[39m
[35m[HTTP][39m [90m{"name":"NATIVE_APP"}[39m
[35m[HTTP][39m [37m<-- POST /wd/hub/session/550325d2-2895-4d4c-884f-e329aa7ee7a2/context [39m[32m200[39m [90m1 ms - 14[39m
[35m[HTTP][39m [90m[39m
[35m[HTTP][39m [37m-->[39m [37mGET[39m [37m/wd/hub/session/550325d2-2895-4d4c-884f-e329aa7ee7a2/screenshot[39m
[35m[HTTP][39m [90m{}[39m
[35m[HTTP][39m [37m<-- GET /wd/hub/session/550325d2-2895-4d4c-884f-e329aa7ee7a2/screenshot [39m[32m200[39m [90m505 ms - 96352[39m
[35m[HTTP][39m [90m[39m
[35m[HTTP][39m [37m-->[39m [37mPOST[39m [37m/wd/hub/session/550325d2-2895-4d4c-884f-e329aa7ee7a2/context[39m
[35m[HTTP][39m [90m{"name":"NATIVE_APP"}[39m
[35m[HTTP][39m [37m<-- POST /wd/hub/session/550325d2-2895-4d4c-884f-e329aa7ee7a2/context [39m[32m200[39m [90m1 ms - 14[39m
[35m[HTTP][39m [90m[39m
[35m[HTTP][39m [37m-->[39m [37mPOST[39m [37m/wd/hub/session/550325d2-2895-4d4c-884f-e329aa7ee7a2/timeouts[39m
[35m[HTTP][39m [90m{"implicit":50}[39m
[35m[HTTP][39m [37m<-- POST /wd/hub/session/550325d2-2895-4d4c-884f-e329aa7ee7a2/timeouts [39m[32m200[39m [90m2 ms - 14[39m
[35m[HTTP][39m [90m[39m
[35m[HTTP][39m [37m-->[39m [37mGET[39m [37m/wd/hub/session/550325d2-2895-4d4c-884f-e329aa7ee7a2/window/rect[39m
[35m[HTTP][39m [90m{}[39m
[35m[HTTP][39m [37m<-- GET /wd/hub/session/550325d2-2895-4d4c-884f-e329aa7ee7a2/window/rect [39m[32m200[39m [90m10 ms - 49[39m
[35m[HTTP][39m [90m[39m
[35m[HTTP][39m [37m-->[39m [37mPOST[39m [37m/wd/hub/session/550325d2-2895-4d4c-884f-e329aa7ee7a2/elements[39m
[35m[HTTP][39m [90m{"using":"xpath","value":"//*[@class = 'android.widget.Button' and (@text = 'Continuar' or . = 'Continuar') and @resource-id = 'com.banorte.segurosdev:id/continuar']"}[39m
[35m[HTTP][39m [37m<-- POST /wd/hub/session/550325d2-2895-4d4c-884f-e329aa7ee7a2/elements [39m[32m200[39m [90m55 ms - 139[39m
[35m[HTTP][39m [90m[39m
[35m[HTTP][39m [37m-->[39m [37mGET[39m [37m/wd/hub/session/550325d2-2895-4d4c-884f-e329aa7ee7a2/element/e912cb16-21bf-4a28-99e8-864b0809c4e2/location[39m
[35m[HTTP][39m [90m{}[39m
[35m[W3C (550325d2)][39m Driver proxy active, passing request on via HTTP proxy
[35m[WD Proxy][39m Replacing sessionId d8e7527a-59c9-4b35-b6aa-5ffcc35ffc20 with 550325d2-2895-4d4c-884f-e329aa7ee7a2
[35m[HTTP][39m [37m<-- GET /wd/hub/session/550325d2-2895-4d4c-884f-e329aa7ee7a2/element/e912cb16-21bf-4a28-99e8-864b0809c4e2/location [39m[32m200[39m [90m13 ms - 78[39m
[35m[HTTP][39m [90m[39m
[35m[HTTP][39m [37m-->[39m [37mPOST[39m [37m/wd/hub/session/550325d2-2895-4d4c-884f-e329aa7ee7a2/timeouts[39m
[35m[HTTP][39m [90m{"implicit":30000}[39m
[35m[HTTP][39m [37m<-- POST /wd/hub/session/550325d2-2895-4d4c-884f-e329aa7ee7a2/timeouts [39m[32m200[39m [90m1 ms - 14[39m
[35m[HTTP][39m [90m[39m
[35m[HTTP][39m [37m-->[39m [37mPOST[39m [37m/wd/hub/session/550325d2-2895-4d4c-884f-e329aa7ee7a2/touch/perform[39m
[35m[HTTP][39m [90m{"actions":[{"action":"tap","options":{"x":1,"y":1,"element":"e912cb16-21bf-4a28-99e8-864b0809c4e2"}},{"action":"release","options":{}}]}[39m
[35m[UiAutomator2][39m calling get location: e912cb16-21bf-4a28-99e8-864b0809c4e2
[35m[HTTP][39m [37m<-- POST /wd/hub/session/550325d2-2895-4d4c-884f-e329aa7ee7a2/touch/perform [39m[32m200[39m [90m139 ms - 14[39m
[35m[HTTP][39m [90m[39m
[35m[HTTP][39m [37m-->[39m [37mPOST[39m [37m/wd/hub/session/550325d2-2895-4d4c-884f-e329aa7ee7a2/timeouts[39m
[35m[HTTP][39m [90m{"implicit":50}[39m
[35m[HTTP][39m [37m<-- POST /wd/hub/session/550325d2-2895-4d4c-884f-e329aa7ee7a2/timeouts [39m[32m200[39m [90m1 ms - 14[39m
[35m[HTTP][39m [90m[39m
[35m[HTTP][39m [37m-->[39m [37mGET[39m [37m/wd/hub/session/550325d2-2895-4d4c-884f-e329aa7ee7a2/window/rect[39m
[35m[HTTP][39m [90m{}[39m
[35m[HTTP][39m [37m<-- GET /wd/hub/session/550325d2-2895-4d4c-884f-e329aa7ee7a2/window/rect [39m[32m200[39m [90m14 ms - 49[39m
[35m[HTTP][39m [90m[39m
[35m[HTTP][39m [37m-->[39m [37mPOST[39m [37m/wd/hub/session/550325d2-2895-4d4c-884f-e329aa7ee7a2/elements[39m
[35m[HTTP][39m [90m{"using":"xpath","value":"//*[@class = 'android.widget.EditText' and @resource-id = 'com.banorte.segurosdev:id/txt_contrasena' and (@text = '' or . = '')]"}[39m
[35m[HTTP][39m [37m<-- POST /wd/hub/session/550325d2-2895-4d4c-884f-e329aa7ee7a2/elements [39m[32m200[39m [90m1356 ms - 139[39m
[35m[HTTP][39m [90m[39m
[35m[HTTP][39m [37m-->[39m [37mGET[39m [37m/wd/hub/session/550325d2-2895-4d4c-884f-e329aa7ee7a2/element/9a525f0d-5b0a-407b-b6f9-03b8890a29b4/location[39m
[35m[HTTP][39m [90m{}[39m
[35m[W3C (550325d2)][39m Driver proxy active, passing request on via HTTP proxy
[35m[WD Proxy][39m Replacing sessionId d8e7527a-59c9-4b35-b6aa-5ffcc35ffc20 with 550325d2-2895-4d4c-884f-e329aa7ee7a2
[35m[HTTP][39m [37m<-- GET /wd/hub/session/550325d2-2895-4d4c-884f-e329aa7ee7a2/element/9a525f0d-5b0a-407b-b6f9-03b8890a29b4/location [39m[32m200[39m [90m20 ms - 77[39m
[35m[HTTP][39m [90m[39m
[35m[HTTP][39m [37m-->[39m [37mPOST[39m [37m/wd/hub/session/550325d2-2895-4d4c-884f-e329aa7ee7a2/timeouts[39m
[35m[HTTP][39m [90m{"implicit":30000}[39m
[35m[HTTP][39m [37m<-- POST /wd/hub/session/550325d2-2895-4d4c-884f-e329aa7ee7a2/timeouts [39m[32m200[39m [90m1 ms - 14[39m
[35m[HTTP][39m [90m[39m
[35m[HTTP][39m [37m-->[39m [37mPOST[39m [37m/wd/hub/session/550325d2-2895-4d4c-884f-e329aa7ee7a2/element/9a525f0d-5b0a-407b-b6f9-03b8890a29b4/clear[39m
[35m[HTTP][39m [90m{"id":"9a525f0d-5b0a-407b-b6f9-03b8890a29b4"}[39m
[35m[HTTP][39m [37m<-- POST /wd/hub/session/550325d2-2895-4d4c-884f-e329aa7ee7a2/element/9a525f0d-5b0a-407b-b6f9-03b8890a29b4/clear [39m[32m200[39m [90m37 ms - 14[39m
[35m[HTTP][39m [90m[39m
[35m[HTTP][39m [37m-->[39m [37mPOST[39m [37m/wd/hub/session/550325d2-2895-4d4c-884f-e329aa7ee7a2/element/9a525f0d-5b0a-407b-b6f9-03b8890a29b4/value[39m
[35m[HTTP][39m [90m{"id":"9a525f0d-5b0a-407b-b6f9-03b8890a29b4","text":"Passw0rd$","value":["P","a","s","s","w","0","r","d","$"]}[39m
[35m[HTTP][39m [37m<-- POST /wd/hub/session/550325d2-2895-4d4c-884f-e329aa7ee7a2/element/9a525f0d-5b0a-407b-b6f9-03b8890a29b4/value [39m[32m200[39m [90m646 ms - 14[39m
[35m[HTTP][39m [90m[39m
[35m[HTTP][39m [37m-->[39m [37mGET[39m [37m/wd/hub/session/550325d2-2895-4d4c-884f-e329aa7ee7a2/context[39m
[35m[HTTP][39m [90m{}[39m
[35m[HTTP][39m [37m<-- GET /wd/hub/session/550325d2-2895-4d4c-884f-e329aa7ee7a2/context [39m[32m200[39m [90m1 ms - 22[39m
[35m[HTTP][39m [90m[39m
[35m[HTTP][39m [37m-->[39m [37mGET[39m [37m/wd/hub/session/550325d2-2895-4d4c-884f-e329aa7ee7a2/contexts[39m
[35m[HTTP][39m [90m{}[39m
[35m[HTTP][39m [37m<-- GET /wd/hub/session/550325d2-2895-4d4c-884f-e329aa7ee7a2/contexts [39m[32m200[39m [90m71 ms - 24[39m
[35m[HTTP][39m [90m[39m
[35m[HTTP][39m [37m-->[39m [37mPOST[39m [37m/wd/hub/session/550325d2-2895-4d4c-884f-e329aa7ee7a2/context[39m
[35m[HTTP][39m [90m{"name":"NATIVE_APP"}[39m
[35m[HTTP][39m [37m<-- POST /wd/hub/session/550325d2-2895-4d4c-884f-e329aa7ee7a2/context [39m[32m200[39m [90m5 ms - 14[39m
[35m[HTTP][39m [90m[39m
[35m[HTTP][39m [37m-->[39m [37mGET[39m [37m/wd/hub/session/550325d2-2895-4d4c-884f-e329aa7ee7a2/screenshot[39m
[35m[HTTP][39m [90m{}[39m
[35m[HTTP][39m [37m<-- GET /wd/hub/session/550325d2-2895-4d4c-884f-e329aa7ee7a2/screenshot [39m[32m200[39m [90m581 ms - 148066[39m
[35m[HTTP][39m [90m[39m
[35m[HTTP][39m [37m-->[39m [37mPOST[39m [37m/wd/hub/session/550325d2-2895-4d4c-884f-e329aa7ee7a2/context[39m
[35m[HTTP][39m [90m{"name":"NATIVE_APP"}[39m
[35m[HTTP][39m [37m<-- POST /wd/hub/session/550325d2-2895-4d4c-884f-e329aa7ee7a2/context [39m[32m200[39m [90m1 ms - 14[39m
[35m[HTTP][39m [90m[39m
[35m[HTTP][39m [37m-->[39m [37mPOST[39m [37m/wd/hub/session/550325d2-2895-4d4c-884f-e329aa7ee7a2/timeouts[39m
[35m[HTTP][39m [90m{"implicit":50}[39m
[35m[HTTP][39m [37m<-- POST /wd/hub/session/550325d2-2895-4d4c-884f-e329aa7ee7a2/timeouts [39m[32m200[39m [90m1 ms - 14[39m
[35m[HTTP][39m [90m[39m
[35m[HTTP][39m [37m-->[39m [37mGET[39m [37m/wd/hub/session/550325d2-2895-4d4c-884f-e329aa7ee7a2/window/rect[39m
[35m[HTTP][39m [90m{}[39m
[35m[HTTP][39m [37m<-- GET /wd/hub/session/550325d2-2895-4d4c-884f-e329aa7ee7a2/window/rect [39m[32m200[39m [90m13 ms - 49[39m
[35m[HTTP][39m [90m[39m
[35m[HTTP][39m [37m-->[39m [37mPOST[39m [37m/wd/hub/session/550325d2-2895-4d4c-884f-e329aa7ee7a2/elements[39m
[35m[HTTP][39m [90m{"using":"xpath","value":"//*[@class = 'android.widget.Button' and (@text = 'Continuar' or . = 'Continuar') and @resource-id = 'com.banorte.segurosdev:id/continuar']"}[39m
[35m[HTTP][39m [37m<-- POST /wd/hub/session/550325d2-2895-4d4c-884f-e329aa7ee7a2/elements [39m[32m200[39m [90m61 ms - 139[39m
[35m[HTTP][39m [90m[39m
[35m[HTTP][39m [37m-->[39m [37mGET[39m [37m/wd/hub/session/550325d2-2895-4d4c-884f-e329aa7ee7a2/element/3606b565-b012-4d6c-a7c2-bc8af6dfc666/location[39m
[35m[HTTP][39m [90m{}[39m
[35m[W3C (550325d2)][39m Driver proxy active, passing request on via HTTP proxy
[35m[WD Proxy][39m Replacing sessionId d8e7527a-59c9-4b35-b6aa-5ffcc35ffc20 with 550325d2-2895-4d4c-884f-e329aa7ee7a2
[35m[HTTP][39m [37m<-- GET /wd/hub/session/550325d2-2895-4d4c-884f-e329aa7ee7a2/element/3606b565-b012-4d6c-a7c2-bc8af6dfc666/location [39m[32m200[39m [90m14 ms - 78[39m
[35m[HTTP][39m [90m[39m
[35m[HTTP][39m [37m-->[39m [37mPOST[39m [37m/wd/hub/session/550325d2-2895-4d4c-884f-e329aa7ee7a2/timeouts[39m
[35m[HTTP][39m [90m{"implicit":30000}[39m
[35m[HTTP][39m [37m<-- POST /wd/hub/session/550325d2-2895-4d4c-884f-e329aa7ee7a2/timeouts [39m[32m200[39m [90m1 ms - 14[39m
[35m[HTTP][39m [90m[39m
[35m[HTTP][39m [37m-->[39m [37mPOST[39m [37m/wd/hub/session/550325d2-2895-4d4c-884f-e329aa7ee7a2/touch/perform[39m
[35m[HTTP][39m [90m{"actions":[{"action":"tap","options":{"x":1,"y":1,"element":"3606b565-b012-4d6c-a7c2-bc8af6dfc666"}},{"action":"release","options":{}}]}[39m
[35m[UiAutomator2][39m calling get location: 3606b565-b012-4d6c-a7c2-bc8af6dfc666
[35m[HTTP][39m [37m<-- POST /wd/hub/session/550325d2-2895-4d4c-884f-e329aa7ee7a2/touch/perform [39m[32m200[39m [90m144 ms - 14[39m
[35m[HTTP][39m [90m[39m
[35m[HTTP][39m [37m-->[39m [37mPOST[39m [37m/wd/hub/session/550325d2-2895-4d4c-884f-e329aa7ee7a2/timeouts[39m
[35m[HTTP][39m [90m{"implicit":50}[39m
[35m[HTTP][39m [37m<-- POST /wd/hub/session/550325d2-2895-4d4c-884f-e329aa7ee7a2/timeouts [39m[32m200[39m [90m1 ms - 14[39m
[35m[HTTP][39m [90m[39m
[35m[HTTP][39m [37m-->[39m [37mGET[39m [37m/wd/hub/session/550325d2-2895-4d4c-884f-e329aa7ee7a2/window/rect[39m
[35m[HTTP][39m [90m{}[39m
[35m[HTTP][39m [37m<-- GET /wd/hub/session/550325d2-2895-4d4c-884f-e329aa7ee7a2/window/rect [39m[32m200[39m [90m13 ms - 49[39m
[35m[HTTP][39m [90m[39m
[35m[HTTP][39m [37m-->[39m [37mPOST[39m [37m/wd/hub/session/550325d2-2895-4d4c-884f-e329aa7ee7a2/elements[39m
[35m[HTTP][39m [90m{"using":"xpath","value":"//*[@class = 'android.widget.CheckBox' and (@text = 'Acepto los términos y condiciones' or . = 'Acepto los términos y condiciones') and @resource-id = 'com.banorte.segurosdev:id/checkbox_condiciones']"}[39m
[35m[HTTP][39m [37m<-- POST /wd/hub/session/550325d2-2895-4d4c-884f-e329aa7ee7a2/elements [39m[32m200[39m [90m1624 ms - 139[39m
[35m[HTTP][39m [90m[39m
[35m[HTTP][39m [37m-->[39m [37mGET[39m [37m/wd/hub/session/550325d2-2895-4d4c-884f-e329aa7ee7a2/element/dd5409c5-6a1e-43bb-8ff2-3f7344004a0d/location[39m
[35m[HTTP][39m [90m{}[39m
[35m[W3C (550325d2)][39m Driver proxy active, passing request on via HTTP proxy
[35m[WD Proxy][39m Replacing sessionId d8e7527a-59c9-4b35-b6aa-5ffcc35ffc20 with 550325d2-2895-4d4c-884f-e329aa7ee7a2
[35m[HTTP][39m [37m<-- GET /wd/hub/session/550325d2-2895-4d4c-884f-e329aa7ee7a2/element/dd5409c5-6a1e-43bb-8ff2-3f7344004a0d/location [39m[32m200[39m [90m12 ms - 78[39m
[35m[HTTP][39m [90m[39m
[35m[HTTP][39m [37m-->[39m [37mPOST[39m [37m/wd/hub/session/550325d2-2895-4d4c-884f-e329aa7ee7a2/timeouts[39m
[35m[HTTP][39m [90m{"implicit":30000}[39m
[35m[HTTP][39m [37m<-- POST /wd/hub/session/550325d2-2895-4d4c-884f-e329aa7ee7a2/timeouts [39m[32m200[39m [90m1 ms - 14[39m
[35m[HTTP][39m [90m[39m
[35m[HTTP][39m [37m-->[39m [37mPOST[39m [37m/wd/hub/session/550325d2-2895-4d4c-884f-e329aa7ee7a2/touch/perform[39m
[35m[HTTP][39m [90m{"actions":[{"action":"tap","options":{"x":1,"y":1,"element":"dd5409c5-6a1e-43bb-8ff2-3f7344004a0d"}},{"action":"release","options":{}}]}[39m
[35m[UiAutomator2][39m calling get location: dd5409c5-6a1e-43bb-8ff2-3f7344004a0d
[35m[HTTP][39m [37m<-- POST /wd/hub/session/550325d2-2895-4d4c-884f-e329aa7ee7a2/touch/perform [39m[32m200[39m [90m137 ms - 14[39m
[35m[HTTP][39m [90m[39m
[35m[HTTP][39m [37m-->[39m [37mPOST[39m [37m/wd/hub/session/550325d2-2895-4d4c-884f-e329aa7ee7a2/timeouts[39m
[35m[HTTP][39m [90m{"implicit":50}[39m
[35m[HTTP][39m [37m<-- POST /wd/hub/session/550325d2-2895-4d4c-884f-e329aa7ee7a2/timeouts [39m[32m200[39m [90m1 ms - 14[39m
[35m[HTTP][39m [90m[39m
[35m[HTTP][39m [37m-->[39m [37mGET[39m [37m/wd/hub/session/550325d2-2895-4d4c-884f-e329aa7ee7a2/window/rect[39m
[35m[HTTP][39m [90m{}[39m
[35m[HTTP][39m [37m<-- GET /wd/hub/session/550325d2-2895-4d4c-884f-e329aa7ee7a2/window/rect [39m[32m200[39m [90m25 ms - 49[39m
[35m[HTTP][39m [90m[39m
[35m[HTTP][39m [37m-->[39m [37mPOST[39m [37m/wd/hub/session/550325d2-2895-4d4c-884f-e329aa7ee7a2/elements[39m
[35m[HTTP][39m [90m{"using":"xpath","value":"//*[@class = 'android.widget.Button' and (@text = 'Registrar' or . = 'Registrar') and @resource-id = 'com.banorte.segurosdev:id/registar']"}[39m
[35m[HTTP][39m [37m<-- POST /wd/hub/session/550325d2-2895-4d4c-884f-e329aa7ee7a2/elements [39m[32m200[39m [90m951 ms - 139[39m
[35m[HTTP][39m [90m[39m
[35m[HTTP][39m [37m-->[39m [37mGET[39m [37m/wd/hub/session/550325d2-2895-4d4c-884f-e329aa7ee7a2/element/4f7278e0-1ca9-4d45-b51e-c63979fbc97e/location[39m
[35m[HTTP][39m [90m{}[39m
[35m[W3C (550325d2)][39m Driver proxy active, passing request on via HTTP proxy
[35m[WD Proxy][39m Replacing sessionId d8e7527a-59c9-4b35-b6aa-5ffcc35ffc20 with 550325d2-2895-4d4c-884f-e329aa7ee7a2
[35m[HTTP][39m [37m<-- GET /wd/hub/session/550325d2-2895-4d4c-884f-e329aa7ee7a2/element/4f7278e0-1ca9-4d45-b51e-c63979fbc97e/location [39m[32m200[39m [90m14 ms - 77[39m
[35m[HTTP][39m [90m[39m
[35m[HTTP][39m [37m-->[39m [37mPOST[39m [37m/wd/hub/session/550325d2-2895-4d4c-884f-e329aa7ee7a2/timeouts[39m
[35m[HTTP][39m [90m{"implicit":30000}[39m
[35m[HTTP][39m [37m<-- POST /wd/hub/session/550325d2-2895-4d4c-884f-e329aa7ee7a2/timeouts [39m[32m200[39m [90m1 ms - 14[39m
[35m[HTTP][39m [90m[39m
[35m[HTTP][39m [37m-->[39m [37mPOST[39m [37m/wd/hub/session/550325d2-2895-4d4c-884f-e329aa7ee7a2/touch/perform[39m
[35m[HTTP][39m [90m{"actions":[{"action":"tap","options":{"x":1,"y":1,"element":"4f7278e0-1ca9-4d45-b51e-c63979fbc97e"}},{"action":"release","options":{}}]}[39m
[35m[UiAutomator2][39m calling get location: 4f7278e0-1ca9-4d45-b51e-c63979fbc97e
[35m[HTTP][39m [37m<-- POST /wd/hub/session/550325d2-2895-4d4c-884f-e329aa7ee7a2/touch/perform [39m[32m200[39m [90m151 ms - 14[39m
[35m[HTTP][39m [90m[39m
[35m[HTTP][39m [37m-->[39m [37mGET[39m [37m/wd/hub/session/550325d2-2895-4d4c-884f-e329aa7ee7a2/context[39m
[35m[HTTP][39m [90m{}[39m
[35m[HTTP][39m [37m<-- GET /wd/hub/session/550325d2-2895-4d4c-884f-e329aa7ee7a2/context [39m[32m200[39m [90m1 ms - 22[39m
[35m[HTTP][39m [90m[39m
[35m[HTTP][39m [37m-->[39m [37mGET[39m [37m/wd/hub/session/550325d2-2895-4d4c-884f-e329aa7ee7a2/contexts[39m
[35m[HTTP][39m [90m{}[39m
[35m[HTTP][39m [37m<-- GET /wd/hub/session/550325d2-2895-4d4c-884f-e329aa7ee7a2/contexts [39m[32m200[39m [90m51 ms - 24[39m
[35m[HTTP][39m [90m[39m
[35m[HTTP][39m [37m-->[39m [37mPOST[39m [37m/wd/hub/session/550325d2-2895-4d4c-884f-e329aa7ee7a2/context[39m
[35m[HTTP][39m [90m{"name":"NATIVE_APP"}[39m
[35m[HTTP][39m [37m<-- POST /wd/hub/session/550325d2-2895-4d4c-884f-e329aa7ee7a2/context [39m[32m200[39m [90m1 ms - 14[39m
[35m[HTTP][39m [90m[39m
[35m[HTTP][39m [37m-->[39m [37mGET[39m [37m/wd/hub/session/550325d2-2895-4d4c-884f-e329aa7ee7a2/screenshot[39m
[35m[HTTP][39m [90m{}[39m
[35m[HTTP][39m [37m<-- GET /wd/hub/session/550325d2-2895-4d4c-884f-e329aa7ee7a2/screenshot [39m[32m200[39m [90m651 ms - 215306[39m
[35m[HTTP][39m [90m[39m
[35m[HTTP][39m [37m-->[39m [37mPOST[39m [37m/wd/hub/session/550325d2-2895-4d4c-884f-e329aa7ee7a2/context[39m
[35m[HTTP][39m [90m{"name":"NATIVE_APP"}[39m
[35m[HTTP][39m [37m<-- POST /wd/hub/session/550325d2-2895-4d4c-884f-e329aa7ee7a2/context [39m[32m200[39m [90m3 ms - 14[39m
[35m[HTTP][39m [90m[39m
[35m[HTTP][39m [37m-->[39m [37mDELETE[39m [37m/wd/hub/session/550325d2-2895-4d4c-884f-e329aa7ee7a2[39m
[35m[HTTP][39m [90m{}[39m
[35m[Appium][39m Removing session 550325d2-2895-4d4c-884f-e329aa7ee7a2 from our master session list
[35m[ADB][39m com.banorte.segurosdev was successfully uninstalled
[35m[HTTP][39m [37m<-- DELETE /wd/hub/session/550325d2-2895-4d4c-884f-e329aa7ee7a2 [39m[32m200[39m [90m3823 ms - 14[39m
[35m[HTTP][39m [90m[39m
