[35m[Appium][39m Welcome to Appium v1.20.2
[35m[Appium][39m Non-default server args:
[35m[Appium][39m   port: 54960
[35m[Appium][39m   loglevel: info
[35m[Appium][39m   tmpDir: /var/folders/fv/3lsmmqq16cj0hvn9c57pkryc0000gn/T//Katalon/Appium/Temp1615867669852
[35m[Appium][39m   chromedriverPort: 54961
[35m[Appium][39m Deprecated server args:
[35m[Appium][39m   [31m--chromedriver-port[39m => --default-capabilities
[35m[Appium][39m Default capabilities, which will be added to each request unless overridden by desired capabilities:
[35m[Appium][39m   chromedriverPort: 54961
[35m[Appium][39m Appium REST http interface listener started on 0.0.0.0:54960
[35m[HTTP][39m [37m-->[39m [37mGET[39m [37m/wd/hub/status[39m
[35m[HTTP][39m [90m{}[39m
[35m[HTTP][39m [37m<-- GET /wd/hub/status [39m[32m200[39m [90m4 ms - 68[39m
[35m[HTTP][39m [90m[39m
[35m[HTTP][39m [37m-->[39m [37mPOST[39m [37m/wd/hub/session[39m
[35m[HTTP][39m [90m{"desiredCapabilities":{"app":"/Users/a2274333/Downloads/AppClientes_327-clear-preprod-debug.apk","noReset":false,"deviceId":"","deviceName":"HUAWEI HUAWEI (Android 6.0.1)","fullReset":true,"platform":"ANDROID","newCommandTimeout":1800,"platformVersion":"6.0.1","autoGrantPermissions":true,"platformName":"Android","udid":"L5Y7N15A12003367","systemPort":54959},"capabilities":{"firstMatch":[{"appium:app":"/Users/a2274333/Downloads/AppClientes_327-clear-preprod-debug.apk","appium:autoGrantPermissions":true,"deviceId":"","appium:deviceName":"HUAWEI HUAWEI (Android 6.0.1)","appium:fullReset":true,"appium:newCommandTimeout":1800,"appium:noReset":false,"platform":"ANDROID","platformName":"android","appium:platformVersion":"6.0.1","appium:systemPort":54959,"appium:udid":"L5Y7N15A12003367"}]}}[39m
[35m[BaseDriver][39m The following capabilities are not standard capabilities and should have an extension prefix:
[35m[BaseDriver][39m   deviceId
[35m[BaseDriver][39m   platform
[35m[BaseDriver][39m   chromedriverPort
[35m[Appium][39m 
[35m[Appium][39m ======================================================================
[35m[Appium][39m   DEPRECATION WARNING:
[35m[Appium][39m 
[35m[Appium][39m   The 'automationName' capability was not provided in the desired 
[35m[Appium][39m   capabilities for this Android session
[35m[Appium][39m 
[35m[Appium][39m   Setting 'automationName=UiAutomator2' by default and using the 
[35m[Appium][39m   UiAutomator2 Driver
[35m[Appium][39m 
[35m[Appium][39m   The next major version of Appium (2.x) will **require** the 
[35m[Appium][39m   'automationName' capability to be set for all sessions on all 
[35m[Appium][39m   platforms
[35m[Appium][39m 
[35m[Appium][39m   In previous versions (Appium <= 1.13.x), the default was 
[35m[Appium][39m   'automationName=UiAutomator1'
[35m[Appium][39m 
[35m[Appium][39m   If you wish to use that automation instead of UiAutomator2, please 
[35m[Appium][39m   add 'automationName=UiAutomator1' to your desired capabilities
[35m[Appium][39m 
[35m[Appium][39m   For more information about drivers, please visit 
[35m[Appium][39m   http://appium.io/docs/en/about-appium/intro/ and explore the 
[35m[Appium][39m   'Drivers' menu
[35m[Appium][39m 
[35m[Appium][39m ======================================================================
[35m[Appium][39m 
[35m[Appium][39m Appium v1.20.2 creating new AndroidUiautomator2Driver (v1.61.2) session
[35m[BaseDriver][39m The following capabilities were provided, but are not recognized by Appium:
[35m[BaseDriver][39m   deviceId
[35m[BaseDriver][39m   platform
[35m[BaseDriver][39m Session created with session id: 1090634e-2279-4d79-a7d4-900e7bd412b2
[35m[BaseDriver][39m Using local app '/Users/a2274333/Downloads/AppClientes_327-clear-preprod-debug.apk'
[35m[ADB][39m Found 1 'build-tools' folders under '/Users/a2274333/.katalon/tools/android_sdk' (newest first):
[35m[ADB][39m     /Users/a2274333/.katalon/tools/android_sdk/build-tools/29.0.3
[35m[ADB][39m Using 'adb' from '/Users/a2274333/.katalon/tools/android_sdk/platform-tools/adb'
[35m[AndroidDriver][39m Retrieving device list
[35m[AndroidDriver][39m Using device: L5Y7N15A12003367
[35m[ADB][39m Using 'adb' from '/Users/a2274333/.katalon/tools/android_sdk/platform-tools/adb'
[35m[ADB][39m Package name: 'com.banorte.segurosdev'
[35m[ADB][39m Main activity name: 'com.banorte.seguros.vistas.general.EmptyStateScreen'
[35m[AndroidDriver][39m Granting permissions SET_ANIMATION_SCALE,CHANGE_CONFIGURATION,ACCESS_FINE_LOCATION to 'io.appium.settings'
[35m[ADB][39m Using 'apksigner.jar' from '/Users/a2274333/.katalon/tools/android_sdk/build-tools/29.0.3/lib/apksigner.jar'
[35m[ADB][39m '/Users/a2274333/node_modules/appium/node_modules/appium-uiautomator2-server/apks/appium-uiautomator2-server-v4.17.4.apk' is signed with the default certificate
[35m[ADB][39m '/Users/a2274333/node_modules/appium/node_modules/appium-uiautomator2-server/apks/appium-uiautomator2-server-debug-androidTest.apk' is signed with the default certificate
[35m[UiAutomator2][39m Server packages are not going to be (re)installed
[35m[ADB][39m Adding packages ["io.appium.settings","io.appium.uiautomator2.server","io.appium.uiautomator2.server.test"] to Doze whitelist
[35m[ADB][39m '/Users/a2274333/Downloads/AppClientes_327-clear-preprod-debug.apk' is signed with a non-default certificate
[35m[ADB][39m com.banorte.segurosdev was not uninstalled, because it was not present on the device
[35m[ADB][39m The application at '/Users/a2274333/Downloads/AppClientes_327-clear-preprod-debug.apk' is already cached to '/data/local/tmp/appium_cache/940849ba0c1b2fd651806cef90e91f0cb398620f.apk'
[35m[ADB][39m The installation of 'AppClientes_327-clear-preprod-debug.apk' took 36648ms
[35m[UiAutomator2][39m Starting UIAutomator2 server 4.17.4
[35m[UiAutomator2][39m Using UIAutomator2 server from '/Users/a2274333/node_modules/appium/node_modules/appium-uiautomator2-server/apks/appium-uiautomator2-server-v4.17.4.apk' and test from '/Users/a2274333/node_modules/appium/node_modules/appium-uiautomator2-server/apks/appium-uiautomator2-server-debug-androidTest.apk'
[35m[UiAutomator2][39m Waiting up to 30000ms for UiAutomator2 to be online...
[35m[WD Proxy][39m socket hang up
[35m[WD Proxy][39m socket hang up
[35m[WD Proxy][39m socket hang up
[35m[WD Proxy][39m socket hang up
[35m[WD Proxy][39m Determined the downstream protocol as 'W3C'
[35m[AndroidDriver][39m Screen already unlocked, doing nothing
[35m[UiAutomator2][39m Starting 'com.banorte.segurosdev/com.banorte.seguros.vistas.general.EmptyStateScreen and waiting for 'com.banorte.segurosdev/com.banorte.seguros.vistas.general.EmptyStateScreen'
[35m[Appium][39m New AndroidUiautomator2Driver session created successfully, session 1090634e-2279-4d79-a7d4-900e7bd412b2 added to master session list
[35m[HTTP][39m [37m<-- POST /wd/hub/session [39m[32m200[39m [90m56634 ms - 1269[39m
[35m[HTTP][39m [90m[39m
[35m[HTTP][39m [37m-->[39m [37mGET[39m [37m/wd/hub/session/1090634e-2279-4d79-a7d4-900e7bd412b2[39m
[35m[HTTP][39m [90m{}[39m
[35m[HTTP][39m [37m<-- GET /wd/hub/session/1090634e-2279-4d79-a7d4-900e7bd412b2 [39m[32m200[39m [90m12 ms - 1223[39m
[35m[HTTP][39m [90m[39m
[35m[HTTP][39m [37m-->[39m [37mGET[39m [37m/wd/hub/session/1090634e-2279-4d79-a7d4-900e7bd412b2[39m
[35m[HTTP][39m [90m{}[39m
[35m[HTTP][39m [37m<-- GET /wd/hub/session/1090634e-2279-4d79-a7d4-900e7bd412b2 [39m[32m200[39m [90m14 ms - 1223[39m
[35m[HTTP][39m [90m[39m
[35m[HTTP][39m [37m-->[39m [37mGET[39m [37m/wd/hub/status[39m
[35m[HTTP][39m [90m{}[39m
[35m[HTTP][39m [37m<-- GET /wd/hub/status [39m[32m200[39m [90m1 ms - 68[39m
[35m[HTTP][39m [90m[39m
[35m[HTTP][39m [37m-->[39m [37mPOST[39m [37m/wd/hub/session/1090634e-2279-4d79-a7d4-900e7bd412b2/timeouts[39m
[35m[HTTP][39m [90m{"implicit":30000}[39m
[35m[HTTP][39m [37m<-- POST /wd/hub/session/1090634e-2279-4d79-a7d4-900e7bd412b2/timeouts [39m[32m200[39m [90m2 ms - 14[39m
[35m[HTTP][39m [90m[39m
[35m[HTTP][39m [37m-->[39m [37mGET[39m [37m/wd/hub/session/1090634e-2279-4d79-a7d4-900e7bd412b2/screenshot[39m
[35m[HTTP][39m [90m{}[39m
[35m[HTTP][39m [37m<-- GET /wd/hub/session/1090634e-2279-4d79-a7d4-900e7bd412b2/screenshot [39m[32m200[39m [90m514 ms - 40938[39m
[35m[HTTP][39m [90m[39m
[35m[HTTP][39m [37m-->[39m [37mGET[39m [37m/wd/hub/session/1090634e-2279-4d79-a7d4-900e7bd412b2/window/rect[39m
[35m[HTTP][39m [90m{}[39m
[35m[HTTP][39m [37m<-- GET /wd/hub/session/1090634e-2279-4d79-a7d4-900e7bd412b2/window/rect [39m[32m200[39m [90m16 ms - 49[39m
[35m[HTTP][39m [90m[39m
[35m[HTTP][39m [37m-->[39m [37mGET[39m [37m/wd/hub/session/1090634e-2279-4d79-a7d4-900e7bd412b2/appium/device/system_bars[39m
[35m[HTTP][39m [90m{}[39m
[35m[HTTP][39m [37m<-- GET /wd/hub/session/1090634e-2279-4d79-a7d4-900e7bd412b2/appium/device/system_bars [39m[32m200[39m [90m64 ms - 148[39m
[35m[HTTP][39m [90m[39m
[35m[HTTP][39m [37m-->[39m [37mPOST[39m [37m/wd/hub/session/1090634e-2279-4d79-a7d4-900e7bd412b2/timeouts[39m
[35m[HTTP][39m [90m{"implicit":50}[39m
[35m[HTTP][39m [37m<-- POST /wd/hub/session/1090634e-2279-4d79-a7d4-900e7bd412b2/timeouts [39m[32m200[39m [90m2 ms - 14[39m
[35m[HTTP][39m [90m[39m
[35m[HTTP][39m [37m-->[39m [37mGET[39m [37m/wd/hub/session/1090634e-2279-4d79-a7d4-900e7bd412b2/window/rect[39m
[35m[HTTP][39m [90m{}[39m
[35m[HTTP][39m [37m<-- GET /wd/hub/session/1090634e-2279-4d79-a7d4-900e7bd412b2/window/rect [39m[32m200[39m [90m12 ms - 49[39m
[35m[HTTP][39m [90m[39m
[35m[HTTP][39m [37m-->[39m [37mPOST[39m [37m/wd/hub/session/1090634e-2279-4d79-a7d4-900e7bd412b2/elements[39m
[35m[HTTP][39m [90m{"using":"xpath","value":"//*[@class = 'android.widget.Button' and (@text = 'Permitir' or . = 'Permitir') and @resource-id = 'android:id/button1']"}[39m
[35m[HTTP][39m [37m<-- POST /wd/hub/session/1090634e-2279-4d79-a7d4-900e7bd412b2/elements [39m[32m200[39m [90m138 ms - 139[39m
[35m[HTTP][39m [90m[39m
[35m[HTTP][39m [37m-->[39m [37mGET[39m [37m/wd/hub/session/1090634e-2279-4d79-a7d4-900e7bd412b2/element/42912194-bd09-4977-b2f3-e7087b02b091/location[39m
[35m[HTTP][39m [90m{}[39m
[35m[W3C (1090634e)][39m Driver proxy active, passing request on via HTTP proxy
[35m[WD Proxy][39m Replacing sessionId 9d18e50c-e497-4d3f-9923-dd2094017cd9 with 1090634e-2279-4d79-a7d4-900e7bd412b2
[35m[HTTP][39m [37m<-- GET /wd/hub/session/1090634e-2279-4d79-a7d4-900e7bd412b2/element/42912194-bd09-4977-b2f3-e7087b02b091/location [39m[32m200[39m [90m21 ms - 78[39m
[35m[HTTP][39m [90m[39m
[35m[HTTP][39m [37m-->[39m [37mPOST[39m [37m/wd/hub/session/1090634e-2279-4d79-a7d4-900e7bd412b2/timeouts[39m
[35m[HTTP][39m [90m{"implicit":30000}[39m
[35m[HTTP][39m [37m<-- POST /wd/hub/session/1090634e-2279-4d79-a7d4-900e7bd412b2/timeouts [39m[32m200[39m [90m2 ms - 14[39m
[35m[HTTP][39m [90m[39m
[35m[HTTP][39m [37m-->[39m [37mPOST[39m [37m/wd/hub/session/1090634e-2279-4d79-a7d4-900e7bd412b2/touch/perform[39m
[35m[HTTP][39m [90m{"actions":[{"action":"tap","options":{"x":1,"y":1,"element":"42912194-bd09-4977-b2f3-e7087b02b091"}},{"action":"release","options":{}}]}[39m
[35m[UiAutomator2][39m calling get location: 42912194-bd09-4977-b2f3-e7087b02b091
[35m[HTTP][39m [37m<-- POST /wd/hub/session/1090634e-2279-4d79-a7d4-900e7bd412b2/touch/perform [39m[32m200[39m [90m159 ms - 14[39m
[35m[HTTP][39m [90m[39m
[35m[HTTP][39m [37m-->[39m [37mPOST[39m [37m/wd/hub/session/1090634e-2279-4d79-a7d4-900e7bd412b2/timeouts[39m
[35m[HTTP][39m [90m{"implicit":50}[39m
[35m[HTTP][39m [37m<-- POST /wd/hub/session/1090634e-2279-4d79-a7d4-900e7bd412b2/timeouts [39m[32m200[39m [90m1 ms - 14[39m
[35m[HTTP][39m [90m[39m
[35m[HTTP][39m [37m-->[39m [37mGET[39m [37m/wd/hub/session/1090634e-2279-4d79-a7d4-900e7bd412b2/window/rect[39m
[35m[HTTP][39m [90m{}[39m
[35m[HTTP][39m [37m<-- GET /wd/hub/session/1090634e-2279-4d79-a7d4-900e7bd412b2/window/rect [39m[32m200[39m [90m12 ms - 49[39m
[35m[HTTP][39m [90m[39m
[35m[HTTP][39m [37m-->[39m [37mPOST[39m [37m/wd/hub/session/1090634e-2279-4d79-a7d4-900e7bd412b2/elements[39m
[35m[HTTP][39m [90m{"using":"xpath","value":"//*[@class = 'android.widget.Button' and (@text = 'Allow' or . = 'Allow') and @resource-id = 'com.android.packageinstaller:id/permission_allow_button']"}[39m
[35m[HTTP][39m [37m<-- POST /wd/hub/session/1090634e-2279-4d79-a7d4-900e7bd412b2/elements [39m[32m200[39m [90m1181 ms - 139[39m
[35m[HTTP][39m [90m[39m
[35m[HTTP][39m [37m-->[39m [37mGET[39m [37m/wd/hub/session/1090634e-2279-4d79-a7d4-900e7bd412b2/element/ce5ea4fc-199f-4e70-a0b4-4f63cd84307e/location[39m
[35m[HTTP][39m [90m{}[39m
[35m[W3C (1090634e)][39m Driver proxy active, passing request on via HTTP proxy
[35m[WD Proxy][39m Replacing sessionId 9d18e50c-e497-4d3f-9923-dd2094017cd9 with 1090634e-2279-4d79-a7d4-900e7bd412b2
[35m[HTTP][39m [37m<-- GET /wd/hub/session/1090634e-2279-4d79-a7d4-900e7bd412b2/element/ce5ea4fc-199f-4e70-a0b4-4f63cd84307e/location [39m[32m200[39m [90m15 ms - 78[39m
[35m[HTTP][39m [90m[39m
[35m[HTTP][39m [37m-->[39m [37mPOST[39m [37m/wd/hub/session/1090634e-2279-4d79-a7d4-900e7bd412b2/timeouts[39m
[35m[HTTP][39m [90m{"implicit":30000}[39m
[35m[HTTP][39m [37m<-- POST /wd/hub/session/1090634e-2279-4d79-a7d4-900e7bd412b2/timeouts [39m[32m200[39m [90m1 ms - 14[39m
[35m[HTTP][39m [90m[39m
[35m[HTTP][39m [37m-->[39m [37mPOST[39m [37m/wd/hub/session/1090634e-2279-4d79-a7d4-900e7bd412b2/touch/perform[39m
[35m[HTTP][39m [90m{"actions":[{"action":"tap","options":{"x":1,"y":1,"element":"ce5ea4fc-199f-4e70-a0b4-4f63cd84307e"}},{"action":"release","options":{}}]}[39m
[35m[UiAutomator2][39m calling get location: ce5ea4fc-199f-4e70-a0b4-4f63cd84307e
[35m[HTTP][39m [37m<-- POST /wd/hub/session/1090634e-2279-4d79-a7d4-900e7bd412b2/touch/perform [39m[32m200[39m [90m136 ms - 14[39m
[35m[HTTP][39m [90m[39m
[35m[HTTP][39m [37m-->[39m [37mGET[39m [37m/wd/hub/session/1090634e-2279-4d79-a7d4-900e7bd412b2/context[39m
[35m[HTTP][39m [90m{}[39m
[35m[HTTP][39m [37m<-- GET /wd/hub/session/1090634e-2279-4d79-a7d4-900e7bd412b2/context [39m[32m200[39m [90m1 ms - 22[39m
[35m[HTTP][39m [90m[39m
[35m[HTTP][39m [37m-->[39m [37mGET[39m [37m/wd/hub/session/1090634e-2279-4d79-a7d4-900e7bd412b2/contexts[39m
[35m[HTTP][39m [90m{}[39m
[35m[HTTP][39m [37m<-- GET /wd/hub/session/1090634e-2279-4d79-a7d4-900e7bd412b2/contexts [39m[32m200[39m [90m41 ms - 24[39m
[35m[HTTP][39m [90m[39m
[35m[HTTP][39m [37m-->[39m [37mPOST[39m [37m/wd/hub/session/1090634e-2279-4d79-a7d4-900e7bd412b2/context[39m
[35m[HTTP][39m [90m{"name":"NATIVE_APP"}[39m
[35m[HTTP][39m [37m<-- POST /wd/hub/session/1090634e-2279-4d79-a7d4-900e7bd412b2/context [39m[32m200[39m [90m1 ms - 14[39m
[35m[HTTP][39m [90m[39m
[35m[HTTP][39m [37m-->[39m [37mGET[39m [37m/wd/hub/session/1090634e-2279-4d79-a7d4-900e7bd412b2/screenshot[39m
[35m[HTTP][39m [90m{}[39m
[35m[HTTP][39m [37m<-- GET /wd/hub/session/1090634e-2279-4d79-a7d4-900e7bd412b2/screenshot [39m[32m200[39m [90m1881 ms - 1148128[39m
[35m[HTTP][39m [90m[39m
[35m[HTTP][39m [37m-->[39m [37mPOST[39m [37m/wd/hub/session/1090634e-2279-4d79-a7d4-900e7bd412b2/context[39m
[35m[HTTP][39m [90m{"name":"NATIVE_APP"}[39m
[35m[HTTP][39m [37m<-- POST /wd/hub/session/1090634e-2279-4d79-a7d4-900e7bd412b2/context [39m[32m200[39m [90m1 ms - 14[39m
[35m[HTTP][39m [90m[39m
[35m[HTTP][39m [37m-->[39m [37mPOST[39m [37m/wd/hub/session/1090634e-2279-4d79-a7d4-900e7bd412b2/timeouts[39m
[35m[HTTP][39m [90m{"implicit":50}[39m
[35m[HTTP][39m [37m<-- POST /wd/hub/session/1090634e-2279-4d79-a7d4-900e7bd412b2/timeouts [39m[32m200[39m [90m1 ms - 14[39m
[35m[HTTP][39m [90m[39m
[35m[HTTP][39m [37m-->[39m [37mGET[39m [37m/wd/hub/session/1090634e-2279-4d79-a7d4-900e7bd412b2/window/rect[39m
[35m[HTTP][39m [90m{}[39m
[35m[HTTP][39m [37m<-- GET /wd/hub/session/1090634e-2279-4d79-a7d4-900e7bd412b2/window/rect [39m[32m200[39m [90m24 ms - 49[39m
[35m[HTTP][39m [90m[39m
[35m[HTTP][39m [37m-->[39m [37mPOST[39m [37m/wd/hub/session/1090634e-2279-4d79-a7d4-900e7bd412b2/elements[39m
[35m[HTTP][39m [90m{"using":"xpath","value":"//*[@class = 'android.widget.Button' and (@text = 'Registrarme' or . = 'Registrarme') and @resource-id = 'com.banorte.segurosdev:id/btn_registro']"}[39m
[35m[HTTP][39m [37m<-- POST /wd/hub/session/1090634e-2279-4d79-a7d4-900e7bd412b2/elements [39m[32m200[39m [90m202 ms - 139[39m
[35m[HTTP][39m [90m[39m
[35m[HTTP][39m [37m-->[39m [37mGET[39m [37m/wd/hub/session/1090634e-2279-4d79-a7d4-900e7bd412b2/element/203e338d-6bb7-4077-975e-47f9ef8394da/location[39m
[35m[HTTP][39m [90m{}[39m
[35m[W3C (1090634e)][39m Driver proxy active, passing request on via HTTP proxy
[35m[WD Proxy][39m Replacing sessionId 9d18e50c-e497-4d3f-9923-dd2094017cd9 with 1090634e-2279-4d79-a7d4-900e7bd412b2
[35m[HTTP][39m [37m<-- GET /wd/hub/session/1090634e-2279-4d79-a7d4-900e7bd412b2/element/203e338d-6bb7-4077-975e-47f9ef8394da/location [39m[32m200[39m [90m15 ms - 77[39m
[35m[HTTP][39m [90m[39m
[35m[HTTP][39m [37m-->[39m [37mPOST[39m [37m/wd/hub/session/1090634e-2279-4d79-a7d4-900e7bd412b2/timeouts[39m
[35m[HTTP][39m [90m{"implicit":30000}[39m
[35m[HTTP][39m [37m<-- POST /wd/hub/session/1090634e-2279-4d79-a7d4-900e7bd412b2/timeouts [39m[32m200[39m [90m1 ms - 14[39m
[35m[HTTP][39m [90m[39m
[35m[HTTP][39m [37m-->[39m [37mPOST[39m [37m/wd/hub/session/1090634e-2279-4d79-a7d4-900e7bd412b2/touch/perform[39m
[35m[HTTP][39m [90m{"actions":[{"action":"tap","options":{"x":1,"y":1,"element":"203e338d-6bb7-4077-975e-47f9ef8394da"}},{"action":"release","options":{}}]}[39m
[35m[UiAutomator2][39m calling get location: 203e338d-6bb7-4077-975e-47f9ef8394da
[35m[HTTP][39m [37m<-- POST /wd/hub/session/1090634e-2279-4d79-a7d4-900e7bd412b2/touch/perform [39m[32m200[39m [90m148 ms - 14[39m
[35m[HTTP][39m [90m[39m
[35m[HTTP][39m [37m-->[39m [37mGET[39m [37m/wd/hub/session/1090634e-2279-4d79-a7d4-900e7bd412b2/context[39m
[35m[HTTP][39m [90m{}[39m
[35m[HTTP][39m [37m<-- GET /wd/hub/session/1090634e-2279-4d79-a7d4-900e7bd412b2/context [39m[32m200[39m [90m1 ms - 22[39m
[35m[HTTP][39m [90m[39m
[35m[HTTP][39m [37m-->[39m [37mGET[39m [37m/wd/hub/session/1090634e-2279-4d79-a7d4-900e7bd412b2/contexts[39m
[35m[HTTP][39m [90m{}[39m
[35m[HTTP][39m [37m<-- GET /wd/hub/session/1090634e-2279-4d79-a7d4-900e7bd412b2/contexts [39m[32m200[39m [90m44 ms - 24[39m
[35m[HTTP][39m [90m[39m
[35m[HTTP][39m [37m-->[39m [37mPOST[39m [37m/wd/hub/session/1090634e-2279-4d79-a7d4-900e7bd412b2/context[39m
[35m[HTTP][39m [90m{"name":"NATIVE_APP"}[39m
[35m[HTTP][39m [37m<-- POST /wd/hub/session/1090634e-2279-4d79-a7d4-900e7bd412b2/context [39m[32m200[39m [90m1 ms - 14[39m
[35m[HTTP][39m [90m[39m
[35m[HTTP][39m [37m-->[39m [37mPOST[39m [37m/wd/hub/session/1090634e-2279-4d79-a7d4-900e7bd412b2/appium/device/hide_keyboard[39m
[35m[HTTP][39m [90m{}[39m
[35m[HTTP][39m [37m<-- POST /wd/hub/session/1090634e-2279-4d79-a7d4-900e7bd412b2/appium/device/hide_keyboard [39m[32m200[39m [90m1601 ms - 14[39m
[35m[HTTP][39m [90m[39m
[35m[HTTP][39m [37m-->[39m [37mPOST[39m [37m/wd/hub/session/1090634e-2279-4d79-a7d4-900e7bd412b2/context[39m
[35m[HTTP][39m [90m{"name":"NATIVE_APP"}[39m
[35m[HTTP][39m [37m<-- POST /wd/hub/session/1090634e-2279-4d79-a7d4-900e7bd412b2/context [39m[32m200[39m [90m1 ms - 14[39m
[35m[HTTP][39m [90m[39m
[35m[HTTP][39m [37m-->[39m [37mPOST[39m [37m/wd/hub/session/1090634e-2279-4d79-a7d4-900e7bd412b2/timeouts[39m
[35m[HTTP][39m [90m{"implicit":50}[39m
[35m[HTTP][39m [37m<-- POST /wd/hub/session/1090634e-2279-4d79-a7d4-900e7bd412b2/timeouts [39m[32m200[39m [90m3 ms - 14[39m
[35m[HTTP][39m [90m[39m
[35m[HTTP][39m [37m-->[39m [37mGET[39m [37m/wd/hub/session/1090634e-2279-4d79-a7d4-900e7bd412b2/window/rect[39m
[35m[HTTP][39m [90m{}[39m
[35m[HTTP][39m [37m<-- GET /wd/hub/session/1090634e-2279-4d79-a7d4-900e7bd412b2/window/rect [39m[32m200[39m [90m15 ms - 49[39m
[35m[HTTP][39m [90m[39m
[35m[HTTP][39m [37m-->[39m [37mPOST[39m [37m/wd/hub/session/1090634e-2279-4d79-a7d4-900e7bd412b2/elements[39m
[35m[HTTP][39m [90m{"using":"xpath","value":"//*[@class = 'android.widget.EditText' and (@text = 'Ingresa tu nombre' or . = 'Ingresa tu nombre') and @resource-id = 'com.banorte.segurosdev:id/txt_nombre']"}[39m
[35m[HTTP][39m [37m<-- POST /wd/hub/session/1090634e-2279-4d79-a7d4-900e7bd412b2/elements [39m[32m200[39m [90m376 ms - 139[39m
[35m[HTTP][39m [90m[39m
[35m[HTTP][39m [37m-->[39m [37mGET[39m [37m/wd/hub/session/1090634e-2279-4d79-a7d4-900e7bd412b2/element/d84c13e4-a0ba-4db6-9974-88aae4c8cfba/location[39m
[35m[HTTP][39m [90m{}[39m
[35m[W3C (1090634e)][39m Driver proxy active, passing request on via HTTP proxy
[35m[WD Proxy][39m Replacing sessionId 9d18e50c-e497-4d3f-9923-dd2094017cd9 with 1090634e-2279-4d79-a7d4-900e7bd412b2
[35m[HTTP][39m [37m<-- GET /wd/hub/session/1090634e-2279-4d79-a7d4-900e7bd412b2/element/d84c13e4-a0ba-4db6-9974-88aae4c8cfba/location [39m[32m200[39m [90m15 ms - 77[39m
[35m[HTTP][39m [90m[39m
[35m[HTTP][39m [37m-->[39m [37mPOST[39m [37m/wd/hub/session/1090634e-2279-4d79-a7d4-900e7bd412b2/timeouts[39m
[35m[HTTP][39m [90m{"implicit":30000}[39m
[35m[HTTP][39m [37m<-- POST /wd/hub/session/1090634e-2279-4d79-a7d4-900e7bd412b2/timeouts [39m[32m200[39m [90m1 ms - 14[39m
[35m[HTTP][39m [90m[39m
[35m[HTTP][39m [37m-->[39m [37mPOST[39m [37m/wd/hub/session/1090634e-2279-4d79-a7d4-900e7bd412b2/element/d84c13e4-a0ba-4db6-9974-88aae4c8cfba/clear[39m
[35m[HTTP][39m [90m{"id":"d84c13e4-a0ba-4db6-9974-88aae4c8cfba"}[39m
[35m[HTTP][39m [37m<-- POST /wd/hub/session/1090634e-2279-4d79-a7d4-900e7bd412b2/element/d84c13e4-a0ba-4db6-9974-88aae4c8cfba/clear [39m[32m200[39m [90m55 ms - 14[39m
[35m[HTTP][39m [90m[39m
[35m[HTTP][39m [37m-->[39m [37mPOST[39m [37m/wd/hub/session/1090634e-2279-4d79-a7d4-900e7bd412b2/element/d84c13e4-a0ba-4db6-9974-88aae4c8cfba/value[39m
[35m[HTTP][39m [90m{"id":"d84c13e4-a0ba-4db6-9974-88aae4c8cfba","text":"Fernando","value":["F","e","r","n","a","n","d","o"]}[39m
[35m[HTTP][39m [37m<-- POST /wd/hub/session/1090634e-2279-4d79-a7d4-900e7bd412b2/element/d84c13e4-a0ba-4db6-9974-88aae4c8cfba/value [39m[32m200[39m [90m1032 ms - 14[39m
[35m[HTTP][39m [90m[39m
[35m[HTTP][39m [37m-->[39m [37mGET[39m [37m/wd/hub/session/1090634e-2279-4d79-a7d4-900e7bd412b2/context[39m
[35m[HTTP][39m [90m{}[39m
[35m[HTTP][39m [37m<-- GET /wd/hub/session/1090634e-2279-4d79-a7d4-900e7bd412b2/context [39m[32m200[39m [90m1 ms - 22[39m
[35m[HTTP][39m [90m[39m
[35m[HTTP][39m [37m-->[39m [37mGET[39m [37m/wd/hub/session/1090634e-2279-4d79-a7d4-900e7bd412b2/contexts[39m
[35m[HTTP][39m [90m{}[39m
[35m[HTTP][39m [37m<-- GET /wd/hub/session/1090634e-2279-4d79-a7d4-900e7bd412b2/contexts [39m[32m200[39m [90m33 ms - 24[39m
[35m[HTTP][39m [90m[39m
[35m[HTTP][39m [37m-->[39m [37mPOST[39m [37m/wd/hub/session/1090634e-2279-4d79-a7d4-900e7bd412b2/context[39m
[35m[HTTP][39m [90m{"name":"NATIVE_APP"}[39m
[35m[HTTP][39m [37m<-- POST /wd/hub/session/1090634e-2279-4d79-a7d4-900e7bd412b2/context [39m[32m200[39m [90m1 ms - 14[39m
[35m[HTTP][39m [90m[39m
[35m[HTTP][39m [37m-->[39m [37mGET[39m [37m/wd/hub/session/1090634e-2279-4d79-a7d4-900e7bd412b2/screenshot[39m
[35m[HTTP][39m [90m{}[39m
[35m[HTTP][39m [37m<-- GET /wd/hub/session/1090634e-2279-4d79-a7d4-900e7bd412b2/screenshot [39m[32m200[39m [90m512 ms - 85288[39m
[35m[HTTP][39m [90m[39m
[35m[HTTP][39m [37m-->[39m [37mPOST[39m [37m/wd/hub/session/1090634e-2279-4d79-a7d4-900e7bd412b2/context[39m
[35m[HTTP][39m [90m{"name":"NATIVE_APP"}[39m
[35m[HTTP][39m [37m<-- POST /wd/hub/session/1090634e-2279-4d79-a7d4-900e7bd412b2/context [39m[32m200[39m [90m1 ms - 14[39m
[35m[HTTP][39m [90m[39m
[35m[HTTP][39m [37m-->[39m [37mPOST[39m [37m/wd/hub/session/1090634e-2279-4d79-a7d4-900e7bd412b2/timeouts[39m
[35m[HTTP][39m [90m{"implicit":50}[39m
[35m[HTTP][39m [37m<-- POST /wd/hub/session/1090634e-2279-4d79-a7d4-900e7bd412b2/timeouts [39m[32m200[39m [90m1 ms - 14[39m
[35m[HTTP][39m [90m[39m
[35m[HTTP][39m [37m-->[39m [37mGET[39m [37m/wd/hub/session/1090634e-2279-4d79-a7d4-900e7bd412b2/window/rect[39m
[35m[HTTP][39m [90m{}[39m
[35m[HTTP][39m [37m<-- GET /wd/hub/session/1090634e-2279-4d79-a7d4-900e7bd412b2/window/rect [39m[32m200[39m [90m9 ms - 49[39m
[35m[HTTP][39m [90m[39m
[35m[HTTP][39m [37m-->[39m [37mPOST[39m [37m/wd/hub/session/1090634e-2279-4d79-a7d4-900e7bd412b2/elements[39m
[35m[HTTP][39m [90m{"using":"xpath","value":"//*[@class = 'android.widget.EditText'  and @resource-id = 'com.banorte.segurosdev:id/txt_apellido_paterno']"}[39m
[35m[HTTP][39m [37m<-- POST /wd/hub/session/1090634e-2279-4d79-a7d4-900e7bd412b2/elements [39m[32m200[39m [90m56 ms - 139[39m
[35m[HTTP][39m [90m[39m
[35m[HTTP][39m [37m-->[39m [37mGET[39m [37m/wd/hub/session/1090634e-2279-4d79-a7d4-900e7bd412b2/element/494aa8d5-1385-4ea6-97a3-28e96197d35d/location[39m
[35m[HTTP][39m [90m{}[39m
[35m[W3C (1090634e)][39m Driver proxy active, passing request on via HTTP proxy
[35m[WD Proxy][39m Replacing sessionId 9d18e50c-e497-4d3f-9923-dd2094017cd9 with 1090634e-2279-4d79-a7d4-900e7bd412b2
[35m[HTTP][39m [37m<-- GET /wd/hub/session/1090634e-2279-4d79-a7d4-900e7bd412b2/element/494aa8d5-1385-4ea6-97a3-28e96197d35d/location [39m[32m200[39m [90m15 ms - 77[39m
[35m[HTTP][39m [90m[39m
[35m[HTTP][39m [37m-->[39m [37mPOST[39m [37m/wd/hub/session/1090634e-2279-4d79-a7d4-900e7bd412b2/timeouts[39m
[35m[HTTP][39m [90m{"implicit":30000}[39m
[35m[HTTP][39m [37m<-- POST /wd/hub/session/1090634e-2279-4d79-a7d4-900e7bd412b2/timeouts [39m[32m200[39m [90m1 ms - 14[39m
[35m[HTTP][39m [90m[39m
[35m[HTTP][39m [37m-->[39m [37mPOST[39m [37m/wd/hub/session/1090634e-2279-4d79-a7d4-900e7bd412b2/element/494aa8d5-1385-4ea6-97a3-28e96197d35d/clear[39m
[35m[HTTP][39m [90m{"id":"494aa8d5-1385-4ea6-97a3-28e96197d35d"}[39m
[35m[HTTP][39m [37m<-- POST /wd/hub/session/1090634e-2279-4d79-a7d4-900e7bd412b2/element/494aa8d5-1385-4ea6-97a3-28e96197d35d/clear [39m[32m200[39m [90m17 ms - 14[39m
[35m[HTTP][39m [90m[39m
[35m[HTTP][39m [37m-->[39m [37mPOST[39m [37m/wd/hub/session/1090634e-2279-4d79-a7d4-900e7bd412b2/element/494aa8d5-1385-4ea6-97a3-28e96197d35d/value[39m
[35m[HTTP][39m [90m{"id":"494aa8d5-1385-4ea6-97a3-28e96197d35d","text":"Martinez","value":["M","a","r","t","i","n","e","z"]}[39m
[35m[HTTP][39m [37m<-- POST /wd/hub/session/1090634e-2279-4d79-a7d4-900e7bd412b2/element/494aa8d5-1385-4ea6-97a3-28e96197d35d/value [39m[32m200[39m [90m1023 ms - 14[39m
[35m[HTTP][39m [90m[39m
[35m[HTTP][39m [37m-->[39m [37mPOST[39m [37m/wd/hub/session/1090634e-2279-4d79-a7d4-900e7bd412b2/timeouts[39m
[35m[HTTP][39m [90m{"implicit":50}[39m
[35m[HTTP][39m [37m<-- POST /wd/hub/session/1090634e-2279-4d79-a7d4-900e7bd412b2/timeouts [39m[32m200[39m [90m1 ms - 14[39m
[35m[HTTP][39m [90m[39m
[35m[HTTP][39m [37m-->[39m [37mGET[39m [37m/wd/hub/session/1090634e-2279-4d79-a7d4-900e7bd412b2/window/rect[39m
[35m[HTTP][39m [90m{}[39m
[35m[HTTP][39m [37m<-- GET /wd/hub/session/1090634e-2279-4d79-a7d4-900e7bd412b2/window/rect [39m[32m200[39m [90m12 ms - 49[39m
[35m[HTTP][39m [90m[39m
[35m[HTTP][39m [37m-->[39m [37mPOST[39m [37m/wd/hub/session/1090634e-2279-4d79-a7d4-900e7bd412b2/elements[39m
[35m[HTTP][39m [90m{"using":"xpath","value":"//*[@class = 'android.widget.EditText' and @resource-id = 'com.banorte.segurosdev:id/txt_apellido_materno']"}[39m
[35m[HTTP][39m [37m<-- POST /wd/hub/session/1090634e-2279-4d79-a7d4-900e7bd412b2/elements [39m[32m200[39m [90m467 ms - 139[39m
[35m[HTTP][39m [90m[39m
[35m[HTTP][39m [37m-->[39m [37mGET[39m [37m/wd/hub/session/1090634e-2279-4d79-a7d4-900e7bd412b2/element/30ca50f5-5f7f-4234-ab19-c4ba9bb5d0b3/location[39m
[35m[HTTP][39m [90m{}[39m
[35m[W3C (1090634e)][39m Driver proxy active, passing request on via HTTP proxy
[35m[WD Proxy][39m Replacing sessionId 9d18e50c-e497-4d3f-9923-dd2094017cd9 with 1090634e-2279-4d79-a7d4-900e7bd412b2
[35m[HTTP][39m [37m<-- GET /wd/hub/session/1090634e-2279-4d79-a7d4-900e7bd412b2/element/30ca50f5-5f7f-4234-ab19-c4ba9bb5d0b3/location [39m[32m200[39m [90m13 ms - 77[39m
[35m[HTTP][39m [90m[39m
[35m[HTTP][39m [37m-->[39m [37mPOST[39m [37m/wd/hub/session/1090634e-2279-4d79-a7d4-900e7bd412b2/timeouts[39m
[35m[HTTP][39m [90m{"implicit":30000}[39m
[35m[HTTP][39m [37m<-- POST /wd/hub/session/1090634e-2279-4d79-a7d4-900e7bd412b2/timeouts [39m[32m200[39m [90m1 ms - 14[39m
[35m[HTTP][39m [90m[39m
[35m[HTTP][39m [37m-->[39m [37mPOST[39m [37m/wd/hub/session/1090634e-2279-4d79-a7d4-900e7bd412b2/element/30ca50f5-5f7f-4234-ab19-c4ba9bb5d0b3/clear[39m
[35m[HTTP][39m [90m{"id":"30ca50f5-5f7f-4234-ab19-c4ba9bb5d0b3"}[39m
[35m[HTTP][39m [37m<-- POST /wd/hub/session/1090634e-2279-4d79-a7d4-900e7bd412b2/element/30ca50f5-5f7f-4234-ab19-c4ba9bb5d0b3/clear [39m[32m200[39m [90m17 ms - 14[39m
[35m[HTTP][39m [90m[39m
[35m[HTTP][39m [37m-->[39m [37mPOST[39m [37m/wd/hub/session/1090634e-2279-4d79-a7d4-900e7bd412b2/element/30ca50f5-5f7f-4234-ab19-c4ba9bb5d0b3/value[39m
[35m[HTTP][39m [90m{"id":"30ca50f5-5f7f-4234-ab19-c4ba9bb5d0b3","text":"Quezada","value":["Q","u","e","z","a","d","a"]}[39m
[35m[HTTP][39m [37m<-- POST /wd/hub/session/1090634e-2279-4d79-a7d4-900e7bd412b2/element/30ca50f5-5f7f-4234-ab19-c4ba9bb5d0b3/value [39m[32m200[39m [90m1025 ms - 14[39m
[35m[HTTP][39m [90m[39m
[35m[HTTP][39m [37m-->[39m [37mGET[39m [37m/wd/hub/session/1090634e-2279-4d79-a7d4-900e7bd412b2/context[39m
[35m[HTTP][39m [90m{}[39m
[35m[HTTP][39m [37m<-- GET /wd/hub/session/1090634e-2279-4d79-a7d4-900e7bd412b2/context [39m[32m200[39m [90m1 ms - 22[39m
[35m[HTTP][39m [90m[39m
[35m[HTTP][39m [37m-->[39m [37mGET[39m [37m/wd/hub/session/1090634e-2279-4d79-a7d4-900e7bd412b2/contexts[39m
[35m[HTTP][39m [90m{}[39m
[35m[HTTP][39m [37m<-- GET /wd/hub/session/1090634e-2279-4d79-a7d4-900e7bd412b2/contexts [39m[32m200[39m [90m55 ms - 24[39m
[35m[HTTP][39m [90m[39m
[35m[HTTP][39m [37m-->[39m [37mPOST[39m [37m/wd/hub/session/1090634e-2279-4d79-a7d4-900e7bd412b2/context[39m
[35m[HTTP][39m [90m{"name":"NATIVE_APP"}[39m
[35m[HTTP][39m [37m<-- POST /wd/hub/session/1090634e-2279-4d79-a7d4-900e7bd412b2/context [39m[32m200[39m [90m1 ms - 14[39m
[35m[HTTP][39m [90m[39m
[35m[HTTP][39m [37m-->[39m [37mPOST[39m [37m/wd/hub/session/1090634e-2279-4d79-a7d4-900e7bd412b2/element[39m
[35m[HTTP][39m [90m{"using":"-android uiautomator","value":"new UiScrollable(new UiSelector().scrollable(true).instance(0)).scrollIntoView(new UiSelector().textContains(\"Mujer\"))"}[39m
[35m[HTTP][39m [37m<-- POST /wd/hub/session/1090634e-2279-4d79-a7d4-900e7bd412b2/element [39m[32m200[39m [90m3086 ms - 137[39m
[35m[HTTP][39m [90m[39m
[35m[HTTP][39m [37m-->[39m [37mPOST[39m [37m/wd/hub/session/1090634e-2279-4d79-a7d4-900e7bd412b2/context[39m
[35m[HTTP][39m [90m{"name":"NATIVE_APP"}[39m
[35m[HTTP][39m [37m<-- POST /wd/hub/session/1090634e-2279-4d79-a7d4-900e7bd412b2/context [39m[32m200[39m [90m1 ms - 14[39m
[35m[HTTP][39m [90m[39m
[35m[HTTP][39m [37m-->[39m [37mPOST[39m [37m/wd/hub/session/1090634e-2279-4d79-a7d4-900e7bd412b2/timeouts[39m
[35m[HTTP][39m [90m{"implicit":50}[39m
[35m[HTTP][39m [37m<-- POST /wd/hub/session/1090634e-2279-4d79-a7d4-900e7bd412b2/timeouts [39m[32m200[39m [90m1 ms - 14[39m
[35m[HTTP][39m [90m[39m
[35m[HTTP][39m [37m-->[39m [37mGET[39m [37m/wd/hub/session/1090634e-2279-4d79-a7d4-900e7bd412b2/window/rect[39m
[35m[HTTP][39m [90m{}[39m
[35m[HTTP][39m [37m<-- GET /wd/hub/session/1090634e-2279-4d79-a7d4-900e7bd412b2/window/rect [39m[32m200[39m [90m18 ms - 49[39m
[35m[HTTP][39m [90m[39m
[35m[HTTP][39m [37m-->[39m [37mPOST[39m [37m/wd/hub/session/1090634e-2279-4d79-a7d4-900e7bd412b2/elements[39m
[35m[HTTP][39m [90m{"using":"xpath","value":"//*[@class = 'android.widget.TextView' and (@text = 'Hombre' or . = 'Hombre')]"}[39m
[35m[HTTP][39m [37m<-- POST /wd/hub/session/1090634e-2279-4d79-a7d4-900e7bd412b2/elements [39m[32m200[39m [90m80 ms - 139[39m
[35m[HTTP][39m [90m[39m
[35m[HTTP][39m [37m-->[39m [37mGET[39m [37m/wd/hub/session/1090634e-2279-4d79-a7d4-900e7bd412b2/element/ca65c268-08a1-483a-85a4-01f7874c1ff2/location[39m
[35m[HTTP][39m [90m{}[39m
[35m[W3C (1090634e)][39m Driver proxy active, passing request on via HTTP proxy
[35m[WD Proxy][39m Replacing sessionId 9d18e50c-e497-4d3f-9923-dd2094017cd9 with 1090634e-2279-4d79-a7d4-900e7bd412b2
[35m[HTTP][39m [37m<-- GET /wd/hub/session/1090634e-2279-4d79-a7d4-900e7bd412b2/element/ca65c268-08a1-483a-85a4-01f7874c1ff2/location [39m[32m200[39m [90m19 ms - 78[39m
[35m[HTTP][39m [90m[39m
[35m[HTTP][39m [37m-->[39m [37mPOST[39m [37m/wd/hub/session/1090634e-2279-4d79-a7d4-900e7bd412b2/timeouts[39m
[35m[HTTP][39m [90m{"implicit":30000}[39m
[35m[HTTP][39m [37m<-- POST /wd/hub/session/1090634e-2279-4d79-a7d4-900e7bd412b2/timeouts [39m[32m200[39m [90m1 ms - 14[39m
[35m[HTTP][39m [90m[39m
[35m[HTTP][39m [37m-->[39m [37mPOST[39m [37m/wd/hub/session/1090634e-2279-4d79-a7d4-900e7bd412b2/touch/perform[39m
[35m[HTTP][39m [90m{"actions":[{"action":"tap","options":{"x":1,"y":1,"element":"ca65c268-08a1-483a-85a4-01f7874c1ff2"}},{"action":"release","options":{}}]}[39m
[35m[UiAutomator2][39m calling get location: ca65c268-08a1-483a-85a4-01f7874c1ff2
[35m[HTTP][39m [37m<-- POST /wd/hub/session/1090634e-2279-4d79-a7d4-900e7bd412b2/touch/perform [39m[32m200[39m [90m136 ms - 14[39m
[35m[HTTP][39m [90m[39m
[35m[HTTP][39m [37m-->[39m [37mPOST[39m [37m/wd/hub/session/1090634e-2279-4d79-a7d4-900e7bd412b2/timeouts[39m
[35m[HTTP][39m [90m{"implicit":50}[39m
[35m[HTTP][39m [37m<-- POST /wd/hub/session/1090634e-2279-4d79-a7d4-900e7bd412b2/timeouts [39m[32m200[39m [90m1 ms - 14[39m
[35m[HTTP][39m [90m[39m
[35m[HTTP][39m [37m-->[39m [37mGET[39m [37m/wd/hub/session/1090634e-2279-4d79-a7d4-900e7bd412b2/window/rect[39m
[35m[HTTP][39m [90m{}[39m
[35m[HTTP][39m [37m<-- GET /wd/hub/session/1090634e-2279-4d79-a7d4-900e7bd412b2/window/rect [39m[32m200[39m [90m12 ms - 49[39m
[35m[HTTP][39m [90m[39m
[35m[HTTP][39m [37m-->[39m [37mPOST[39m [37m/wd/hub/session/1090634e-2279-4d79-a7d4-900e7bd412b2/elements[39m
[35m[HTTP][39m [90m{"using":"xpath","value":"//*[@class = 'android.widget.EditText' and (@text = 'Ingresa tu número' or . = 'Ingresa tu número') and @resource-id = 'com.banorte.segurosdev:id/txt_numero_celular']"}[39m
[35m[HTTP][39m [37m<-- POST /wd/hub/session/1090634e-2279-4d79-a7d4-900e7bd412b2/elements [39m[32m200[39m [90m486 ms - 139[39m
[35m[HTTP][39m [90m[39m
[35m[HTTP][39m [37m-->[39m [37mGET[39m [37m/wd/hub/session/1090634e-2279-4d79-a7d4-900e7bd412b2/element/47dc5870-7350-43cb-94be-eeb2d3c34b88/location[39m
[35m[HTTP][39m [90m{}[39m
[35m[W3C (1090634e)][39m Driver proxy active, passing request on via HTTP proxy
[35m[WD Proxy][39m Replacing sessionId 9d18e50c-e497-4d3f-9923-dd2094017cd9 with 1090634e-2279-4d79-a7d4-900e7bd412b2
[35m[HTTP][39m [37m<-- GET /wd/hub/session/1090634e-2279-4d79-a7d4-900e7bd412b2/element/47dc5870-7350-43cb-94be-eeb2d3c34b88/location [39m[32m200[39m [90m15 ms - 77[39m
[35m[HTTP][39m [90m[39m
[35m[HTTP][39m [37m-->[39m [37mPOST[39m [37m/wd/hub/session/1090634e-2279-4d79-a7d4-900e7bd412b2/timeouts[39m
[35m[HTTP][39m [90m{"implicit":30000}[39m
[35m[HTTP][39m [37m<-- POST /wd/hub/session/1090634e-2279-4d79-a7d4-900e7bd412b2/timeouts [39m[32m200[39m [90m1 ms - 14[39m
[35m[HTTP][39m [90m[39m
[35m[HTTP][39m [37m-->[39m [37mPOST[39m [37m/wd/hub/session/1090634e-2279-4d79-a7d4-900e7bd412b2/element/47dc5870-7350-43cb-94be-eeb2d3c34b88/clear[39m
[35m[HTTP][39m [90m{"id":"47dc5870-7350-43cb-94be-eeb2d3c34b88"}[39m
[35m[HTTP][39m [37m<-- POST /wd/hub/session/1090634e-2279-4d79-a7d4-900e7bd412b2/element/47dc5870-7350-43cb-94be-eeb2d3c34b88/clear [39m[32m200[39m [90m40 ms - 14[39m
[35m[HTTP][39m [90m[39m
[35m[HTTP][39m [37m-->[39m [37mPOST[39m [37m/wd/hub/session/1090634e-2279-4d79-a7d4-900e7bd412b2/element/47dc5870-7350-43cb-94be-eeb2d3c34b88/value[39m
[35m[HTTP][39m [90m{"id":"47dc5870-7350-43cb-94be-eeb2d3c34b88","text":"8121715239","value":["8","1","2","1","7","1","5","2","3","9"]}[39m
[35m[HTTP][39m [37m<-- POST /wd/hub/session/1090634e-2279-4d79-a7d4-900e7bd412b2/element/47dc5870-7350-43cb-94be-eeb2d3c34b88/value [39m[32m200[39m [90m1517 ms - 14[39m
[35m[HTTP][39m [90m[39m
[35m[HTTP][39m [37m-->[39m [37mPOST[39m [37m/wd/hub/session/1090634e-2279-4d79-a7d4-900e7bd412b2/timeouts[39m
[35m[HTTP][39m [90m{"implicit":50}[39m
[35m[HTTP][39m [37m<-- POST /wd/hub/session/1090634e-2279-4d79-a7d4-900e7bd412b2/timeouts [39m[32m200[39m [90m1 ms - 14[39m
[35m[HTTP][39m [90m[39m
[35m[HTTP][39m [37m-->[39m [37mGET[39m [37m/wd/hub/session/1090634e-2279-4d79-a7d4-900e7bd412b2/window/rect[39m
[35m[HTTP][39m [90m{}[39m
[35m[HTTP][39m [37m<-- GET /wd/hub/session/1090634e-2279-4d79-a7d4-900e7bd412b2/window/rect [39m[32m200[39m [90m13 ms - 49[39m
[35m[HTTP][39m [90m[39m
[35m[HTTP][39m [37m-->[39m [37mPOST[39m [37m/wd/hub/session/1090634e-2279-4d79-a7d4-900e7bd412b2/elements[39m
[35m[HTTP][39m [90m{"using":"xpath","value":"//*[@class = 'android.widget.EditText' and (@text = 'Correo electrónico' or . = 'Correo electrónico') and @resource-id = 'com.banorte.segurosdev:id/txt_correo_electronico']"}[39m
[35m[HTTP][39m [37m<-- POST /wd/hub/session/1090634e-2279-4d79-a7d4-900e7bd412b2/elements [39m[32m200[39m [90m461 ms - 139[39m
[35m[HTTP][39m [90m[39m
[35m[HTTP][39m [37m-->[39m [37mGET[39m [37m/wd/hub/session/1090634e-2279-4d79-a7d4-900e7bd412b2/element/ac8554ff-78dd-4245-a31a-ebc4a07b45ff/location[39m
[35m[HTTP][39m [90m{}[39m
[35m[W3C (1090634e)][39m Driver proxy active, passing request on via HTTP proxy
[35m[WD Proxy][39m Replacing sessionId 9d18e50c-e497-4d3f-9923-dd2094017cd9 with 1090634e-2279-4d79-a7d4-900e7bd412b2
[35m[HTTP][39m [37m<-- GET /wd/hub/session/1090634e-2279-4d79-a7d4-900e7bd412b2/element/ac8554ff-78dd-4245-a31a-ebc4a07b45ff/location [39m[32m200[39m [90m15 ms - 77[39m
[35m[HTTP][39m [90m[39m
[35m[HTTP][39m [37m-->[39m [37mPOST[39m [37m/wd/hub/session/1090634e-2279-4d79-a7d4-900e7bd412b2/timeouts[39m
[35m[HTTP][39m [90m{"implicit":30000}[39m
[35m[HTTP][39m [37m<-- POST /wd/hub/session/1090634e-2279-4d79-a7d4-900e7bd412b2/timeouts [39m[32m200[39m [90m1 ms - 14[39m
[35m[HTTP][39m [90m[39m
[35m[HTTP][39m [37m-->[39m [37mPOST[39m [37m/wd/hub/session/1090634e-2279-4d79-a7d4-900e7bd412b2/element/ac8554ff-78dd-4245-a31a-ebc4a07b45ff/clear[39m
[35m[HTTP][39m [90m{"id":"ac8554ff-78dd-4245-a31a-ebc4a07b45ff"}[39m
[35m[HTTP][39m [37m<-- POST /wd/hub/session/1090634e-2279-4d79-a7d4-900e7bd412b2/element/ac8554ff-78dd-4245-a31a-ebc4a07b45ff/clear [39m[32m200[39m [90m23 ms - 14[39m
[35m[HTTP][39m [90m[39m
[35m[HTTP][39m [37m-->[39m [37mPOST[39m [37m/wd/hub/session/1090634e-2279-4d79-a7d4-900e7bd412b2/element/ac8554ff-78dd-4245-a31a-ebc4a07b45ff/value[39m
[35m[HTTP][39m [90m{"id":"ac8554ff-78dd-4245-a31a-ebc4a07b45ff","text":"testing.syp@gmail.com","value":["t","e","s","t","i","n","g",".","s","y","p","@","g","m","a","i","l",".","c","o","m"]}[39m
[35m[HTTP][39m [37m<-- POST /wd/hub/session/1090634e-2279-4d79-a7d4-900e7bd412b2/element/ac8554ff-78dd-4245-a31a-ebc4a07b45ff/value [39m[32m200[39m [90m1121 ms - 14[39m
[35m[HTTP][39m [90m[39m
[35m[HTTP][39m [37m-->[39m [37mGET[39m [37m/wd/hub/session/1090634e-2279-4d79-a7d4-900e7bd412b2/context[39m
[35m[HTTP][39m [90m{}[39m
[35m[HTTP][39m [37m<-- GET /wd/hub/session/1090634e-2279-4d79-a7d4-900e7bd412b2/context [39m[32m200[39m [90m1 ms - 22[39m
[35m[HTTP][39m [90m[39m
[35m[HTTP][39m [37m-->[39m [37mGET[39m [37m/wd/hub/session/1090634e-2279-4d79-a7d4-900e7bd412b2/contexts[39m
[35m[HTTP][39m [90m{}[39m
[35m[HTTP][39m [37m<-- GET /wd/hub/session/1090634e-2279-4d79-a7d4-900e7bd412b2/contexts [39m[32m200[39m [90m35 ms - 24[39m
[35m[HTTP][39m [90m[39m
[35m[HTTP][39m [37m-->[39m [37mPOST[39m [37m/wd/hub/session/1090634e-2279-4d79-a7d4-900e7bd412b2/context[39m
[35m[HTTP][39m [90m{"name":"NATIVE_APP"}[39m
[35m[HTTP][39m [37m<-- POST /wd/hub/session/1090634e-2279-4d79-a7d4-900e7bd412b2/context [39m[32m200[39m [90m1 ms - 14[39m
[35m[HTTP][39m [90m[39m
[35m[HTTP][39m [37m-->[39m [37mGET[39m [37m/wd/hub/session/1090634e-2279-4d79-a7d4-900e7bd412b2/screenshot[39m
[35m[HTTP][39m [90m{}[39m
[35m[HTTP][39m [37m<-- GET /wd/hub/session/1090634e-2279-4d79-a7d4-900e7bd412b2/screenshot [39m[32m200[39m [90m504 ms - 96778[39m
[35m[HTTP][39m [90m[39m
[35m[HTTP][39m [37m-->[39m [37mPOST[39m [37m/wd/hub/session/1090634e-2279-4d79-a7d4-900e7bd412b2/context[39m
[35m[HTTP][39m [90m{"name":"NATIVE_APP"}[39m
[35m[HTTP][39m [37m<-- POST /wd/hub/session/1090634e-2279-4d79-a7d4-900e7bd412b2/context [39m[32m200[39m [90m1 ms - 14[39m
[35m[HTTP][39m [90m[39m
[35m[HTTP][39m [37m-->[39m [37mPOST[39m [37m/wd/hub/session/1090634e-2279-4d79-a7d4-900e7bd412b2/timeouts[39m
[35m[HTTP][39m [90m{"implicit":50}[39m
[35m[HTTP][39m [37m<-- POST /wd/hub/session/1090634e-2279-4d79-a7d4-900e7bd412b2/timeouts [39m[32m200[39m [90m2 ms - 14[39m
[35m[HTTP][39m [90m[39m
[35m[HTTP][39m [37m-->[39m [37mGET[39m [37m/wd/hub/session/1090634e-2279-4d79-a7d4-900e7bd412b2/window/rect[39m
[35m[HTTP][39m [90m{}[39m
[35m[HTTP][39m [37m<-- GET /wd/hub/session/1090634e-2279-4d79-a7d4-900e7bd412b2/window/rect [39m[32m200[39m [90m15 ms - 49[39m
[35m[HTTP][39m [90m[39m
[35m[HTTP][39m [37m-->[39m [37mPOST[39m [37m/wd/hub/session/1090634e-2279-4d79-a7d4-900e7bd412b2/elements[39m
[35m[HTTP][39m [90m{"using":"xpath","value":"//*[@class = 'android.widget.Button' and (@text = 'Continuar' or . = 'Continuar') and @resource-id = 'com.banorte.segurosdev:id/continuar']"}[39m
[35m[HTTP][39m [37m<-- POST /wd/hub/session/1090634e-2279-4d79-a7d4-900e7bd412b2/elements [39m[32m200[39m [90m48 ms - 139[39m
[35m[HTTP][39m [90m[39m
[35m[HTTP][39m [37m-->[39m [37mGET[39m [37m/wd/hub/session/1090634e-2279-4d79-a7d4-900e7bd412b2/element/6a86f433-4e56-4a50-9c3b-09d4bbee7f11/location[39m
[35m[HTTP][39m [90m{}[39m
[35m[W3C (1090634e)][39m Driver proxy active, passing request on via HTTP proxy
[35m[WD Proxy][39m Replacing sessionId 9d18e50c-e497-4d3f-9923-dd2094017cd9 with 1090634e-2279-4d79-a7d4-900e7bd412b2
[35m[HTTP][39m [37m<-- GET /wd/hub/session/1090634e-2279-4d79-a7d4-900e7bd412b2/element/6a86f433-4e56-4a50-9c3b-09d4bbee7f11/location [39m[32m200[39m [90m13 ms - 78[39m
[35m[HTTP][39m [90m[39m
[35m[HTTP][39m [37m-->[39m [37mPOST[39m [37m/wd/hub/session/1090634e-2279-4d79-a7d4-900e7bd412b2/timeouts[39m
[35m[HTTP][39m [90m{"implicit":30000}[39m
[35m[HTTP][39m [37m<-- POST /wd/hub/session/1090634e-2279-4d79-a7d4-900e7bd412b2/timeouts [39m[32m200[39m [90m1 ms - 14[39m
[35m[HTTP][39m [90m[39m
[35m[HTTP][39m [37m-->[39m [37mPOST[39m [37m/wd/hub/session/1090634e-2279-4d79-a7d4-900e7bd412b2/touch/perform[39m
[35m[HTTP][39m [90m{"actions":[{"action":"tap","options":{"x":1,"y":1,"element":"6a86f433-4e56-4a50-9c3b-09d4bbee7f11"}},{"action":"release","options":{}}]}[39m
[35m[UiAutomator2][39m calling get location: 6a86f433-4e56-4a50-9c3b-09d4bbee7f11
[35m[HTTP][39m [37m<-- POST /wd/hub/session/1090634e-2279-4d79-a7d4-900e7bd412b2/touch/perform [39m[32m200[39m [90m137 ms - 14[39m
[35m[HTTP][39m [90m[39m
[35m[HTTP][39m [37m-->[39m [37mPOST[39m [37m/wd/hub/session/1090634e-2279-4d79-a7d4-900e7bd412b2/timeouts[39m
[35m[HTTP][39m [90m{"implicit":50}[39m
[35m[HTTP][39m [37m<-- POST /wd/hub/session/1090634e-2279-4d79-a7d4-900e7bd412b2/timeouts [39m[32m200[39m [90m1 ms - 14[39m
[35m[HTTP][39m [90m[39m
[35m[HTTP][39m [37m-->[39m [37mGET[39m [37m/wd/hub/session/1090634e-2279-4d79-a7d4-900e7bd412b2/window/rect[39m
[35m[HTTP][39m [90m{}[39m
[35m[HTTP][39m [37m<-- GET /wd/hub/session/1090634e-2279-4d79-a7d4-900e7bd412b2/window/rect [39m[32m200[39m [90m9 ms - 49[39m
[35m[HTTP][39m [90m[39m
[35m[HTTP][39m [37m-->[39m [37mPOST[39m [37m/wd/hub/session/1090634e-2279-4d79-a7d4-900e7bd412b2/elements[39m
[35m[HTTP][39m [90m{"using":"xpath","value":"//*[@class = 'android.widget.EditText' and @resource-id = 'com.banorte.segurosdev:id/txt_contrasena' and (@text = '' or . = '')]"}[39m
[35m[HTTP][39m [37m<-- POST /wd/hub/session/1090634e-2279-4d79-a7d4-900e7bd412b2/elements [39m[32m200[39m [90m1329 ms - 139[39m
[35m[HTTP][39m [90m[39m
[35m[HTTP][39m [37m-->[39m [37mGET[39m [37m/wd/hub/session/1090634e-2279-4d79-a7d4-900e7bd412b2/element/7c38b167-e5bf-4843-9ad1-f76b9e979baf/location[39m
[35m[HTTP][39m [90m{}[39m
[35m[W3C (1090634e)][39m Driver proxy active, passing request on via HTTP proxy
[35m[WD Proxy][39m Replacing sessionId 9d18e50c-e497-4d3f-9923-dd2094017cd9 with 1090634e-2279-4d79-a7d4-900e7bd412b2
[35m[HTTP][39m [37m<-- GET /wd/hub/session/1090634e-2279-4d79-a7d4-900e7bd412b2/element/7c38b167-e5bf-4843-9ad1-f76b9e979baf/location [39m[32m200[39m [90m17 ms - 77[39m
[35m[HTTP][39m [90m[39m
[35m[HTTP][39m [37m-->[39m [37mPOST[39m [37m/wd/hub/session/1090634e-2279-4d79-a7d4-900e7bd412b2/timeouts[39m
[35m[HTTP][39m [90m{"implicit":30000}[39m
[35m[HTTP][39m [37m<-- POST /wd/hub/session/1090634e-2279-4d79-a7d4-900e7bd412b2/timeouts [39m[32m200[39m [90m1 ms - 14[39m
[35m[HTTP][39m [90m[39m
[35m[HTTP][39m [37m-->[39m [37mPOST[39m [37m/wd/hub/session/1090634e-2279-4d79-a7d4-900e7bd412b2/element/7c38b167-e5bf-4843-9ad1-f76b9e979baf/clear[39m
[35m[HTTP][39m [90m{"id":"7c38b167-e5bf-4843-9ad1-f76b9e979baf"}[39m
[35m[HTTP][39m [37m<-- POST /wd/hub/session/1090634e-2279-4d79-a7d4-900e7bd412b2/element/7c38b167-e5bf-4843-9ad1-f76b9e979baf/clear [39m[32m200[39m [90m37 ms - 14[39m
[35m[HTTP][39m [90m[39m
[35m[HTTP][39m [37m-->[39m [37mPOST[39m [37m/wd/hub/session/1090634e-2279-4d79-a7d4-900e7bd412b2/element/7c38b167-e5bf-4843-9ad1-f76b9e979baf/value[39m
[35m[HTTP][39m [90m{"id":"7c38b167-e5bf-4843-9ad1-f76b9e979baf","text":"Passw0rd$","value":["P","a","s","s","w","0","r","d","$"]}[39m
[35m[HTTP][39m [37m<-- POST /wd/hub/session/1090634e-2279-4d79-a7d4-900e7bd412b2/element/7c38b167-e5bf-4843-9ad1-f76b9e979baf/value [39m[32m200[39m [90m641 ms - 14[39m
[35m[HTTP][39m [90m[39m
[35m[HTTP][39m [37m-->[39m [37mGET[39m [37m/wd/hub/session/1090634e-2279-4d79-a7d4-900e7bd412b2/context[39m
[35m[HTTP][39m [90m{}[39m
[35m[HTTP][39m [37m<-- GET /wd/hub/session/1090634e-2279-4d79-a7d4-900e7bd412b2/context [39m[32m200[39m [90m1 ms - 22[39m
[35m[HTTP][39m [90m[39m
[35m[HTTP][39m [37m-->[39m [37mGET[39m [37m/wd/hub/session/1090634e-2279-4d79-a7d4-900e7bd412b2/contexts[39m
[35m[HTTP][39m [90m{}[39m
[35m[HTTP][39m [37m<-- GET /wd/hub/session/1090634e-2279-4d79-a7d4-900e7bd412b2/contexts [39m[32m200[39m [90m56 ms - 24[39m
[35m[HTTP][39m [90m[39m
[35m[HTTP][39m [37m-->[39m [37mPOST[39m [37m/wd/hub/session/1090634e-2279-4d79-a7d4-900e7bd412b2/context[39m
[35m[HTTP][39m [90m{"name":"NATIVE_APP"}[39m
[35m[HTTP][39m [37m<-- POST /wd/hub/session/1090634e-2279-4d79-a7d4-900e7bd412b2/context [39m[32m200[39m [90m1 ms - 14[39m
[35m[HTTP][39m [90m[39m
[35m[HTTP][39m [37m-->[39m [37mGET[39m [37m/wd/hub/session/1090634e-2279-4d79-a7d4-900e7bd412b2/screenshot[39m
[35m[HTTP][39m [90m{}[39m
[35m[HTTP][39m [37m<-- GET /wd/hub/session/1090634e-2279-4d79-a7d4-900e7bd412b2/screenshot [39m[32m200[39m [90m587 ms - 148874[39m
[35m[HTTP][39m [90m[39m
[35m[HTTP][39m [37m-->[39m [37mPOST[39m [37m/wd/hub/session/1090634e-2279-4d79-a7d4-900e7bd412b2/context[39m
[35m[HTTP][39m [90m{"name":"NATIVE_APP"}[39m
[35m[HTTP][39m [37m<-- POST /wd/hub/session/1090634e-2279-4d79-a7d4-900e7bd412b2/context [39m[32m200[39m [90m1 ms - 14[39m
[35m[HTTP][39m [90m[39m
[35m[HTTP][39m [37m-->[39m [37mPOST[39m [37m/wd/hub/session/1090634e-2279-4d79-a7d4-900e7bd412b2/timeouts[39m
[35m[HTTP][39m [90m{"implicit":50}[39m
[35m[HTTP][39m [37m<-- POST /wd/hub/session/1090634e-2279-4d79-a7d4-900e7bd412b2/timeouts [39m[32m200[39m [90m1 ms - 14[39m
[35m[HTTP][39m [90m[39m
[35m[HTTP][39m [37m-->[39m [37mGET[39m [37m/wd/hub/session/1090634e-2279-4d79-a7d4-900e7bd412b2/window/rect[39m
[35m[HTTP][39m [90m{}[39m
[35m[HTTP][39m [37m<-- GET /wd/hub/session/1090634e-2279-4d79-a7d4-900e7bd412b2/window/rect [39m[32m200[39m [90m10 ms - 49[39m
[35m[HTTP][39m [90m[39m
[35m[HTTP][39m [37m-->[39m [37mPOST[39m [37m/wd/hub/session/1090634e-2279-4d79-a7d4-900e7bd412b2/elements[39m
[35m[HTTP][39m [90m{"using":"xpath","value":"//*[@class = 'android.widget.Button' and (@text = 'Continuar' or . = 'Continuar') and @resource-id = 'com.banorte.segurosdev:id/continuar']"}[39m
[35m[HTTP][39m [37m<-- POST /wd/hub/session/1090634e-2279-4d79-a7d4-900e7bd412b2/elements [39m[32m200[39m [90m57 ms - 139[39m
[35m[HTTP][39m [90m[39m
[35m[HTTP][39m [37m-->[39m [37mGET[39m [37m/wd/hub/session/1090634e-2279-4d79-a7d4-900e7bd412b2/element/f8067d24-4470-4e9d-bf25-27ccb736781f/location[39m
[35m[HTTP][39m [90m{}[39m
[35m[W3C (1090634e)][39m Driver proxy active, passing request on via HTTP proxy
[35m[WD Proxy][39m Replacing sessionId 9d18e50c-e497-4d3f-9923-dd2094017cd9 with 1090634e-2279-4d79-a7d4-900e7bd412b2
[35m[HTTP][39m [37m<-- GET /wd/hub/session/1090634e-2279-4d79-a7d4-900e7bd412b2/element/f8067d24-4470-4e9d-bf25-27ccb736781f/location [39m[32m200[39m [90m15 ms - 78[39m
[35m[HTTP][39m [90m[39m
[35m[HTTP][39m [37m-->[39m [37mPOST[39m [37m/wd/hub/session/1090634e-2279-4d79-a7d4-900e7bd412b2/timeouts[39m
[35m[HTTP][39m [90m{"implicit":30000}[39m
[35m[HTTP][39m [37m<-- POST /wd/hub/session/1090634e-2279-4d79-a7d4-900e7bd412b2/timeouts [39m[32m200[39m [90m1 ms - 14[39m
[35m[HTTP][39m [90m[39m
[35m[HTTP][39m [37m-->[39m [37mPOST[39m [37m/wd/hub/session/1090634e-2279-4d79-a7d4-900e7bd412b2/touch/perform[39m
[35m[HTTP][39m [90m{"actions":[{"action":"tap","options":{"x":1,"y":1,"element":"f8067d24-4470-4e9d-bf25-27ccb736781f"}},{"action":"release","options":{}}]}[39m
[35m[UiAutomator2][39m calling get location: f8067d24-4470-4e9d-bf25-27ccb736781f
[35m[HTTP][39m [37m<-- POST /wd/hub/session/1090634e-2279-4d79-a7d4-900e7bd412b2/touch/perform [39m[32m200[39m [90m147 ms - 14[39m
[35m[HTTP][39m [90m[39m
[35m[HTTP][39m [37m-->[39m [37mPOST[39m [37m/wd/hub/session/1090634e-2279-4d79-a7d4-900e7bd412b2/timeouts[39m
[35m[HTTP][39m [90m{"implicit":50}[39m
[35m[HTTP][39m [37m<-- POST /wd/hub/session/1090634e-2279-4d79-a7d4-900e7bd412b2/timeouts [39m[32m200[39m [90m1 ms - 14[39m
[35m[HTTP][39m [90m[39m
[35m[HTTP][39m [37m-->[39m [37mGET[39m [37m/wd/hub/session/1090634e-2279-4d79-a7d4-900e7bd412b2/window/rect[39m
[35m[HTTP][39m [90m{}[39m
[35m[HTTP][39m [37m<-- GET /wd/hub/session/1090634e-2279-4d79-a7d4-900e7bd412b2/window/rect [39m[32m200[39m [90m16 ms - 49[39m
[35m[HTTP][39m [90m[39m
[35m[HTTP][39m [37m-->[39m [37mPOST[39m [37m/wd/hub/session/1090634e-2279-4d79-a7d4-900e7bd412b2/elements[39m
[35m[HTTP][39m [90m{"using":"xpath","value":"//*[@class = 'android.widget.CheckBox' and (@text = 'Acepto los términos y condiciones' or . = 'Acepto los términos y condiciones') and @resource-id = 'com.banorte.segurosdev:id/checkbox_condiciones']"}[39m
[35m[HTTP][39m [37m<-- POST /wd/hub/session/1090634e-2279-4d79-a7d4-900e7bd412b2/elements [39m[32m200[39m [90m1518 ms - 139[39m
[35m[HTTP][39m [90m[39m
[35m[HTTP][39m [37m-->[39m [37mGET[39m [37m/wd/hub/session/1090634e-2279-4d79-a7d4-900e7bd412b2/element/2921f388-2f7e-4d3d-9f40-3f4a0971f6d3/location[39m
[35m[HTTP][39m [90m{}[39m
[35m[W3C (1090634e)][39m Driver proxy active, passing request on via HTTP proxy
[35m[WD Proxy][39m Replacing sessionId 9d18e50c-e497-4d3f-9923-dd2094017cd9 with 1090634e-2279-4d79-a7d4-900e7bd412b2
[35m[HTTP][39m [37m<-- GET /wd/hub/session/1090634e-2279-4d79-a7d4-900e7bd412b2/element/2921f388-2f7e-4d3d-9f40-3f4a0971f6d3/location [39m[32m200[39m [90m12 ms - 78[39m
[35m[HTTP][39m [90m[39m
[35m[HTTP][39m [37m-->[39m [37mPOST[39m [37m/wd/hub/session/1090634e-2279-4d79-a7d4-900e7bd412b2/timeouts[39m
[35m[HTTP][39m [90m{"implicit":30000}[39m
[35m[HTTP][39m [37m<-- POST /wd/hub/session/1090634e-2279-4d79-a7d4-900e7bd412b2/timeouts [39m[32m200[39m [90m1 ms - 14[39m
[35m[HTTP][39m [90m[39m
[35m[HTTP][39m [37m-->[39m [37mPOST[39m [37m/wd/hub/session/1090634e-2279-4d79-a7d4-900e7bd412b2/touch/perform[39m
[35m[HTTP][39m [90m{"actions":[{"action":"tap","options":{"x":1,"y":1,"element":"2921f388-2f7e-4d3d-9f40-3f4a0971f6d3"}},{"action":"release","options":{}}]}[39m
[35m[UiAutomator2][39m calling get location: 2921f388-2f7e-4d3d-9f40-3f4a0971f6d3
[35m[HTTP][39m [37m<-- POST /wd/hub/session/1090634e-2279-4d79-a7d4-900e7bd412b2/touch/perform [39m[32m200[39m [90m136 ms - 14[39m
[35m[HTTP][39m [90m[39m
[35m[HTTP][39m [37m-->[39m [37mPOST[39m [37m/wd/hub/session/1090634e-2279-4d79-a7d4-900e7bd412b2/timeouts[39m
[35m[HTTP][39m [90m{"implicit":50}[39m
[35m[HTTP][39m [37m<-- POST /wd/hub/session/1090634e-2279-4d79-a7d4-900e7bd412b2/timeouts [39m[32m200[39m [90m1 ms - 14[39m
[35m[HTTP][39m [90m[39m
[35m[HTTP][39m [37m-->[39m [37mGET[39m [37m/wd/hub/session/1090634e-2279-4d79-a7d4-900e7bd412b2/window/rect[39m
[35m[HTTP][39m [90m{}[39m
[35m[HTTP][39m [37m<-- GET /wd/hub/session/1090634e-2279-4d79-a7d4-900e7bd412b2/window/rect [39m[32m200[39m [90m24 ms - 49[39m
[35m[HTTP][39m [90m[39m
[35m[HTTP][39m [37m-->[39m [37mPOST[39m [37m/wd/hub/session/1090634e-2279-4d79-a7d4-900e7bd412b2/elements[39m
[35m[HTTP][39m [90m{"using":"xpath","value":"//*[@class = 'android.widget.Button' and (@text = 'Registrar' or . = 'Registrar') and @resource-id = 'com.banorte.segurosdev:id/registar']"}[39m
[35m[HTTP][39m [37m<-- POST /wd/hub/session/1090634e-2279-4d79-a7d4-900e7bd412b2/elements [39m[32m200[39m [90m570 ms - 139[39m
[35m[HTTP][39m [90m[39m
[35m[HTTP][39m [37m-->[39m [37mGET[39m [37m/wd/hub/session/1090634e-2279-4d79-a7d4-900e7bd412b2/element/34d4331e-9ec3-44ec-9e90-f968ed391b14/location[39m
[35m[HTTP][39m [90m{}[39m
[35m[W3C (1090634e)][39m Driver proxy active, passing request on via HTTP proxy
[35m[WD Proxy][39m Replacing sessionId 9d18e50c-e497-4d3f-9923-dd2094017cd9 with 1090634e-2279-4d79-a7d4-900e7bd412b2
[35m[HTTP][39m [37m<-- GET /wd/hub/session/1090634e-2279-4d79-a7d4-900e7bd412b2/element/34d4331e-9ec3-44ec-9e90-f968ed391b14/location [39m[32m200[39m [90m15 ms - 77[39m
[35m[HTTP][39m [90m[39m
[35m[HTTP][39m [37m-->[39m [37mPOST[39m [37m/wd/hub/session/1090634e-2279-4d79-a7d4-900e7bd412b2/timeouts[39m
[35m[HTTP][39m [90m{"implicit":30000}[39m
[35m[HTTP][39m [37m<-- POST /wd/hub/session/1090634e-2279-4d79-a7d4-900e7bd412b2/timeouts [39m[32m200[39m [90m1 ms - 14[39m
[35m[HTTP][39m [90m[39m
[35m[HTTP][39m [37m-->[39m [37mPOST[39m [37m/wd/hub/session/1090634e-2279-4d79-a7d4-900e7bd412b2/touch/perform[39m
[35m[HTTP][39m [90m{"actions":[{"action":"tap","options":{"x":1,"y":1,"element":"34d4331e-9ec3-44ec-9e90-f968ed391b14"}},{"action":"release","options":{}}]}[39m
[35m[UiAutomator2][39m calling get location: 34d4331e-9ec3-44ec-9e90-f968ed391b14
[35m[HTTP][39m [37m<-- POST /wd/hub/session/1090634e-2279-4d79-a7d4-900e7bd412b2/touch/perform [39m[32m200[39m [90m144 ms - 14[39m
[35m[HTTP][39m [90m[39m
[35m[HTTP][39m [37m-->[39m [37mGET[39m [37m/wd/hub/session/1090634e-2279-4d79-a7d4-900e7bd412b2/context[39m
[35m[HTTP][39m [90m{}[39m
[35m[HTTP][39m [37m<-- GET /wd/hub/session/1090634e-2279-4d79-a7d4-900e7bd412b2/context [39m[32m200[39m [90m1 ms - 22[39m
[35m[HTTP][39m [90m[39m
[35m[HTTP][39m [37m-->[39m [37mGET[39m [37m/wd/hub/session/1090634e-2279-4d79-a7d4-900e7bd412b2/contexts[39m
[35m[HTTP][39m [90m{}[39m
[35m[HTTP][39m [37m<-- GET /wd/hub/session/1090634e-2279-4d79-a7d4-900e7bd412b2/contexts [39m[32m200[39m [90m43 ms - 24[39m
[35m[HTTP][39m [90m[39m
[35m[HTTP][39m [37m-->[39m [37mPOST[39m [37m/wd/hub/session/1090634e-2279-4d79-a7d4-900e7bd412b2/context[39m
[35m[HTTP][39m [90m{"name":"NATIVE_APP"}[39m
[35m[HTTP][39m [37m<-- POST /wd/hub/session/1090634e-2279-4d79-a7d4-900e7bd412b2/context [39m[32m200[39m [90m1 ms - 14[39m
[35m[HTTP][39m [90m[39m
[35m[HTTP][39m [37m-->[39m [37mGET[39m [37m/wd/hub/session/1090634e-2279-4d79-a7d4-900e7bd412b2/screenshot[39m
[35m[HTTP][39m [90m{}[39m
[35m[HTTP][39m [37m<-- GET /wd/hub/session/1090634e-2279-4d79-a7d4-900e7bd412b2/screenshot [39m[32m200[39m [90m594 ms - 163936[39m
[35m[HTTP][39m [90m[39m
[35m[HTTP][39m [37m-->[39m [37mPOST[39m [37m/wd/hub/session/1090634e-2279-4d79-a7d4-900e7bd412b2/context[39m
[35m[HTTP][39m [90m{"name":"NATIVE_APP"}[39m
[35m[HTTP][39m [37m<-- POST /wd/hub/session/1090634e-2279-4d79-a7d4-900e7bd412b2/context [39m[32m200[39m [90m1 ms - 14[39m
[35m[HTTP][39m [90m[39m
[35m[HTTP][39m [37m-->[39m [37mDELETE[39m [37m/wd/hub/session/1090634e-2279-4d79-a7d4-900e7bd412b2[39m
[35m[HTTP][39m [90m{}[39m
[35m[Appium][39m Removing session 1090634e-2279-4d79-a7d4-900e7bd412b2 from our master session list
[35m[ADB][39m com.banorte.segurosdev was successfully uninstalled
[35m[HTTP][39m [37m<-- DELETE /wd/hub/session/1090634e-2279-4d79-a7d4-900e7bd412b2 [39m[32m200[39m [90m3717 ms - 14[39m
[35m[HTTP][39m [90m[39m
