[35m[Appium][39m Welcome to Appium v1.20.2
[35m[Appium][39m Non-default server args:
[35m[Appium][39m   port: 51463
[35m[Appium][39m   loglevel: info
[35m[Appium][39m   tmpDir: /var/folders/fv/3lsmmqq16cj0hvn9c57pkryc0000gn/T//Katalon/Appium/Temp1615909137419
[35m[Appium][39m   chromedriverPort: 51464
[35m[Appium][39m Deprecated server args:
[35m[Appium][39m   [31m--chromedriver-port[39m => --default-capabilities
[35m[Appium][39m Default capabilities, which will be added to each request unless overridden by desired capabilities:
[35m[Appium][39m   chromedriverPort: 51464
[35m[Appium][39m Appium REST http interface listener started on 0.0.0.0:51463
[35m[HTTP][39m [37m-->[39m [37mGET[39m [37m/wd/hub/status[39m
[35m[HTTP][39m [90m{}[39m
[35m[HTTP][39m [37m<-- GET /wd/hub/status [39m[32m200[39m [90m7 ms - 68[39m
[35m[HTTP][39m [90m[39m
[35m[HTTP][39m [37m-->[39m [37mPOST[39m [37m/wd/hub/session[39m
[35m[HTTP][39m [90m{"desiredCapabilities":{"app":"/Users/a2274333/Downloads/AppClientes_327-clear-preprod-debug.apk","noReset":false,"deviceId":"","deviceName":"HUAWEI HUAWEI (Android 6.0.1)","fullReset":true,"platform":"ANDROID","newCommandTimeout":1800,"platformVersion":"6.0.1","autoGrantPermissions":true,"platformName":"Android","udid":"L5Y7N15A12003367","systemPort":51462},"capabilities":{"firstMatch":[{"appium:app":"/Users/a2274333/Downloads/AppClientes_327-clear-preprod-debug.apk","appium:autoGrantPermissions":true,"deviceId":"","appium:deviceName":"HUAWEI HUAWEI (Android 6.0.1)","appium:fullReset":true,"appium:newCommandTimeout":1800,"appium:noReset":false,"platform":"ANDROID","platformName":"android","appium:platformVersion":"6.0.1","appium:systemPort":51462,"appium:udid":"L5Y7N15A12003367"}]}}[39m
[35m[BaseDriver][39m The following capabilities are not standard capabilities and should have an extension prefix:
[35m[BaseDriver][39m   deviceId
[35m[BaseDriver][39m   platform
[35m[BaseDriver][39m   chromedriverPort
[35m[Appium][39m 
[35m[Appium][39m ======================================================================
[35m[Appium][39m   DEPRECATION WARNING:
[35m[Appium][39m 
[35m[Appium][39m   The 'automationName' capability was not provided in the desired 
[35m[Appium][39m   capabilities for this Android session
[35m[Appium][39m 
[35m[Appium][39m   Setting 'automationName=UiAutomator2' by default and using the 
[35m[Appium][39m   UiAutomator2 Driver
[35m[Appium][39m 
[35m[Appium][39m   The next major version of Appium (2.x) will **require** the 
[35m[Appium][39m   'automationName' capability to be set for all sessions on all 
[35m[Appium][39m   platforms
[35m[Appium][39m 
[35m[Appium][39m   In previous versions (Appium <= 1.13.x), the default was 
[35m[Appium][39m   'automationName=UiAutomator1'
[35m[Appium][39m 
[35m[Appium][39m   If you wish to use that automation instead of UiAutomator2, please 
[35m[Appium][39m   add 'automationName=UiAutomator1' to your desired capabilities
[35m[Appium][39m 
[35m[Appium][39m   For more information about drivers, please visit 
[35m[Appium][39m   http://appium.io/docs/en/about-appium/intro/ and explore the 
[35m[Appium][39m   'Drivers' menu
[35m[Appium][39m 
[35m[Appium][39m ======================================================================
[35m[Appium][39m 
[35m[Appium][39m Appium v1.20.2 creating new AndroidUiautomator2Driver (v1.61.2) session
[35m[BaseDriver][39m The following capabilities were provided, but are not recognized by Appium:
[35m[BaseDriver][39m   deviceId
[35m[BaseDriver][39m   platform
[35m[BaseDriver][39m Session created with session id: 67c8863e-6890-4c11-bdd5-7b3ca5abd9bf
[35m[BaseDriver][39m Using local app '/Users/a2274333/Downloads/AppClientes_327-clear-preprod-debug.apk'
[35m[ADB][39m Found 1 'build-tools' folders under '/Users/a2274333/.katalon/tools/android_sdk' (newest first):
[35m[ADB][39m     /Users/a2274333/.katalon/tools/android_sdk/build-tools/29.0.3
[35m[ADB][39m Using 'adb' from '/Users/a2274333/.katalon/tools/android_sdk/platform-tools/adb'
[35m[AndroidDriver][39m Retrieving device list
[35m[AndroidDriver][39m Using device: L5Y7N15A12003367
[35m[ADB][39m Using 'adb' from '/Users/a2274333/.katalon/tools/android_sdk/platform-tools/adb'
[35m[ADB][39m Package name: 'com.banorte.segurosdev'
[35m[ADB][39m Main activity name: 'com.banorte.seguros.vistas.general.EmptyStateScreen'
[35m[AndroidDriver][39m Granting permissions SET_ANIMATION_SCALE,CHANGE_CONFIGURATION,ACCESS_FINE_LOCATION to 'io.appium.settings'
[35m[ADB][39m Using 'apksigner.jar' from '/Users/a2274333/.katalon/tools/android_sdk/build-tools/29.0.3/lib/apksigner.jar'
[35m[ADB][39m '/Users/a2274333/node_modules/appium/node_modules/appium-uiautomator2-server/apks/appium-uiautomator2-server-v4.17.4.apk' is signed with the default certificate
[35m[ADB][39m '/Users/a2274333/node_modules/appium/node_modules/appium-uiautomator2-server/apks/appium-uiautomator2-server-debug-androidTest.apk' is signed with the default certificate
[35m[UiAutomator2][39m Server packages are not going to be (re)installed
[35m[ADB][39m Adding packages ["io.appium.settings","io.appium.uiautomator2.server","io.appium.uiautomator2.server.test"] to Doze whitelist
[35m[ADB][39m '/Users/a2274333/Downloads/AppClientes_327-clear-preprod-debug.apk' is signed with a non-default certificate
[35m[ADB][39m com.banorte.segurosdev was not uninstalled, because it was not present on the device
[35m[ADB][39m Caching the application at '/Users/a2274333/Downloads/AppClientes_327-clear-preprod-debug.apk' to '/data/local/tmp/appium_cache/940849ba0c1b2fd651806cef90e91f0cb398620f.apk'
[35m[ADB][39m The upload of 'AppClientes_327-clear-preprod-debug.apk' (79.20 MB) took 15877ms
[35m[ADB][39m The installation of 'AppClientes_327-clear-preprod-debug.apk' took 36091ms
[35m[UiAutomator2][39m Starting UIAutomator2 server 4.17.4
[35m[UiAutomator2][39m Using UIAutomator2 server from '/Users/a2274333/node_modules/appium/node_modules/appium-uiautomator2-server/apks/appium-uiautomator2-server-v4.17.4.apk' and test from '/Users/a2274333/node_modules/appium/node_modules/appium-uiautomator2-server/apks/appium-uiautomator2-server-debug-androidTest.apk'
[35m[UiAutomator2][39m Waiting up to 30000ms for UiAutomator2 to be online...
[35m[WD Proxy][39m socket hang up
[35m[WD Proxy][39m socket hang up
[35m[WD Proxy][39m socket hang up
[35m[WD Proxy][39m socket hang up
[35m[WD Proxy][39m Determined the downstream protocol as 'W3C'
[35m[AndroidDriver][39m Screen already unlocked, doing nothing
[35m[UiAutomator2][39m Starting 'com.banorte.segurosdev/com.banorte.seguros.vistas.general.EmptyStateScreen and waiting for 'com.banorte.segurosdev/com.banorte.seguros.vistas.general.EmptyStateScreen'
[35m[Appium][39m New AndroidUiautomator2Driver session created successfully, session 67c8863e-6890-4c11-bdd5-7b3ca5abd9bf added to master session list
[35m[HTTP][39m [37m<-- POST /wd/hub/session [39m[32m200[39m [90m74141 ms - 1269[39m
[35m[HTTP][39m [90m[39m
[35m[HTTP][39m [37m-->[39m [37mGET[39m [37m/wd/hub/session/67c8863e-6890-4c11-bdd5-7b3ca5abd9bf[39m
[35m[HTTP][39m [90m{}[39m
[35m[HTTP][39m [37m<-- GET /wd/hub/session/67c8863e-6890-4c11-bdd5-7b3ca5abd9bf [39m[32m200[39m [90m15 ms - 1223[39m
[35m[HTTP][39m [90m[39m
[35m[HTTP][39m [37m-->[39m [37mGET[39m [37m/wd/hub/session/67c8863e-6890-4c11-bdd5-7b3ca5abd9bf[39m
[35m[HTTP][39m [90m{}[39m
[35m[HTTP][39m [37m<-- GET /wd/hub/session/67c8863e-6890-4c11-bdd5-7b3ca5abd9bf [39m[32m200[39m [90m11 ms - 1223[39m
[35m[HTTP][39m [90m[39m
[35m[HTTP][39m [37m-->[39m [37mGET[39m [37m/wd/hub/status[39m
[35m[HTTP][39m [90m{}[39m
[35m[HTTP][39m [37m<-- GET /wd/hub/status [39m[32m200[39m [90m1 ms - 68[39m
[35m[HTTP][39m [90m[39m
[35m[HTTP][39m [37m-->[39m [37mPOST[39m [37m/wd/hub/session/67c8863e-6890-4c11-bdd5-7b3ca5abd9bf/timeouts[39m
[35m[HTTP][39m [90m{"implicit":30000}[39m
[35m[HTTP][39m [37m<-- POST /wd/hub/session/67c8863e-6890-4c11-bdd5-7b3ca5abd9bf/timeouts [39m[32m200[39m [90m4 ms - 14[39m
[35m[HTTP][39m [90m[39m
[35m[HTTP][39m [37m-->[39m [37mGET[39m [37m/wd/hub/session/67c8863e-6890-4c11-bdd5-7b3ca5abd9bf/screenshot[39m
[35m[HTTP][39m [90m{}[39m
[35m[HTTP][39m [37m<-- GET /wd/hub/session/67c8863e-6890-4c11-bdd5-7b3ca5abd9bf/screenshot [39m[32m200[39m [90m482 ms - 41308[39m
[35m[HTTP][39m [90m[39m
[35m[HTTP][39m [37m-->[39m [37mGET[39m [37m/wd/hub/session/67c8863e-6890-4c11-bdd5-7b3ca5abd9bf/window/rect[39m
[35m[HTTP][39m [90m{}[39m
[35m[HTTP][39m [37m<-- GET /wd/hub/session/67c8863e-6890-4c11-bdd5-7b3ca5abd9bf/window/rect [39m[32m200[39m [90m19 ms - 49[39m
[35m[HTTP][39m [90m[39m
[35m[HTTP][39m [37m-->[39m [37mGET[39m [37m/wd/hub/session/67c8863e-6890-4c11-bdd5-7b3ca5abd9bf/appium/device/system_bars[39m
[35m[HTTP][39m [90m{}[39m
[35m[HTTP][39m [37m<-- GET /wd/hub/session/67c8863e-6890-4c11-bdd5-7b3ca5abd9bf/appium/device/system_bars [39m[32m200[39m [90m56 ms - 148[39m
[35m[HTTP][39m [90m[39m
[35m[HTTP][39m [37m-->[39m [37mPOST[39m [37m/wd/hub/session/67c8863e-6890-4c11-bdd5-7b3ca5abd9bf/timeouts[39m
[35m[HTTP][39m [90m{"implicit":50}[39m
[35m[HTTP][39m [37m<-- POST /wd/hub/session/67c8863e-6890-4c11-bdd5-7b3ca5abd9bf/timeouts [39m[32m200[39m [90m2 ms - 14[39m
[35m[HTTP][39m [90m[39m
[35m[HTTP][39m [37m-->[39m [37mGET[39m [37m/wd/hub/session/67c8863e-6890-4c11-bdd5-7b3ca5abd9bf/window/rect[39m
[35m[HTTP][39m [90m{}[39m
[35m[HTTP][39m [37m<-- GET /wd/hub/session/67c8863e-6890-4c11-bdd5-7b3ca5abd9bf/window/rect [39m[32m200[39m [90m13 ms - 49[39m
[35m[HTTP][39m [90m[39m
[35m[HTTP][39m [37m-->[39m [37mPOST[39m [37m/wd/hub/session/67c8863e-6890-4c11-bdd5-7b3ca5abd9bf/elements[39m
[35m[HTTP][39m [90m{"using":"xpath","value":"//*[@class = 'android.widget.Button' and (@text = 'Permitir' or . = 'Permitir') and @resource-id = 'android:id/button1']"}[39m
[35m[HTTP][39m [37m<-- POST /wd/hub/session/67c8863e-6890-4c11-bdd5-7b3ca5abd9bf/elements [39m[32m200[39m [90m138 ms - 139[39m
[35m[HTTP][39m [90m[39m
[35m[HTTP][39m [37m-->[39m [37mGET[39m [37m/wd/hub/session/67c8863e-6890-4c11-bdd5-7b3ca5abd9bf/element/bd47330b-efdc-4fc3-9817-782fa31645f1/location[39m
[35m[HTTP][39m [90m{}[39m
[35m[W3C (67c8863e)][39m Driver proxy active, passing request on via HTTP proxy
[35m[WD Proxy][39m Replacing sessionId 8d43dbb6-9008-4bc4-996e-a4d99f49c621 with 67c8863e-6890-4c11-bdd5-7b3ca5abd9bf
[35m[HTTP][39m [37m<-- GET /wd/hub/session/67c8863e-6890-4c11-bdd5-7b3ca5abd9bf/element/bd47330b-efdc-4fc3-9817-782fa31645f1/location [39m[32m200[39m [90m16 ms - 78[39m
[35m[HTTP][39m [90m[39m
[35m[HTTP][39m [37m-->[39m [37mPOST[39m [37m/wd/hub/session/67c8863e-6890-4c11-bdd5-7b3ca5abd9bf/timeouts[39m
[35m[HTTP][39m [90m{"implicit":30000}[39m
[35m[HTTP][39m [37m<-- POST /wd/hub/session/67c8863e-6890-4c11-bdd5-7b3ca5abd9bf/timeouts [39m[32m200[39m [90m1 ms - 14[39m
[35m[HTTP][39m [90m[39m
[35m[HTTP][39m [37m-->[39m [37mPOST[39m [37m/wd/hub/session/67c8863e-6890-4c11-bdd5-7b3ca5abd9bf/touch/perform[39m
[35m[HTTP][39m [90m{"actions":[{"action":"tap","options":{"x":1,"y":1,"element":"bd47330b-efdc-4fc3-9817-782fa31645f1"}},{"action":"release","options":{}}]}[39m
[35m[UiAutomator2][39m calling get location: bd47330b-efdc-4fc3-9817-782fa31645f1
[35m[HTTP][39m [37m<-- POST /wd/hub/session/67c8863e-6890-4c11-bdd5-7b3ca5abd9bf/touch/perform [39m[32m200[39m [90m199 ms - 14[39m
[35m[HTTP][39m [90m[39m
[35m[HTTP][39m [37m-->[39m [37mPOST[39m [37m/wd/hub/session/67c8863e-6890-4c11-bdd5-7b3ca5abd9bf/timeouts[39m
[35m[HTTP][39m [90m{"implicit":50}[39m
[35m[HTTP][39m [37m<-- POST /wd/hub/session/67c8863e-6890-4c11-bdd5-7b3ca5abd9bf/timeouts [39m[32m200[39m [90m1 ms - 14[39m
[35m[HTTP][39m [90m[39m
[35m[HTTP][39m [37m-->[39m [37mGET[39m [37m/wd/hub/session/67c8863e-6890-4c11-bdd5-7b3ca5abd9bf/window/rect[39m
[35m[HTTP][39m [90m{}[39m
[35m[HTTP][39m [37m<-- GET /wd/hub/session/67c8863e-6890-4c11-bdd5-7b3ca5abd9bf/window/rect [39m[32m200[39m [90m13 ms - 49[39m
[35m[HTTP][39m [90m[39m
[35m[HTTP][39m [37m-->[39m [37mPOST[39m [37m/wd/hub/session/67c8863e-6890-4c11-bdd5-7b3ca5abd9bf/elements[39m
[35m[HTTP][39m [90m{"using":"xpath","value":"//*[@class = 'android.widget.Button' and (@text = 'Allow' or . = 'Allow') and @resource-id = 'com.android.packageinstaller:id/permission_allow_button']"}[39m
[35m[HTTP][39m [37m<-- POST /wd/hub/session/67c8863e-6890-4c11-bdd5-7b3ca5abd9bf/elements [39m[32m200[39m [90m1215 ms - 139[39m
[35m[HTTP][39m [90m[39m
[35m[HTTP][39m [37m-->[39m [37mGET[39m [37m/wd/hub/session/67c8863e-6890-4c11-bdd5-7b3ca5abd9bf/element/db732c1c-b2ee-414e-8a0a-bfc7e6c37427/location[39m
[35m[HTTP][39m [90m{}[39m
[35m[W3C (67c8863e)][39m Driver proxy active, passing request on via HTTP proxy
[35m[WD Proxy][39m Replacing sessionId 8d43dbb6-9008-4bc4-996e-a4d99f49c621 with 67c8863e-6890-4c11-bdd5-7b3ca5abd9bf
[35m[HTTP][39m [37m<-- GET /wd/hub/session/67c8863e-6890-4c11-bdd5-7b3ca5abd9bf/element/db732c1c-b2ee-414e-8a0a-bfc7e6c37427/location [39m[32m200[39m [90m16 ms - 78[39m
[35m[HTTP][39m [90m[39m
[35m[HTTP][39m [37m-->[39m [37mPOST[39m [37m/wd/hub/session/67c8863e-6890-4c11-bdd5-7b3ca5abd9bf/timeouts[39m
[35m[HTTP][39m [90m{"implicit":30000}[39m
[35m[HTTP][39m [37m<-- POST /wd/hub/session/67c8863e-6890-4c11-bdd5-7b3ca5abd9bf/timeouts [39m[32m200[39m [90m1 ms - 14[39m
[35m[HTTP][39m [90m[39m
[35m[HTTP][39m [37m-->[39m [37mPOST[39m [37m/wd/hub/session/67c8863e-6890-4c11-bdd5-7b3ca5abd9bf/touch/perform[39m
[35m[HTTP][39m [90m{"actions":[{"action":"tap","options":{"x":1,"y":1,"element":"db732c1c-b2ee-414e-8a0a-bfc7e6c37427"}},{"action":"release","options":{}}]}[39m
[35m[UiAutomator2][39m calling get location: db732c1c-b2ee-414e-8a0a-bfc7e6c37427
[35m[HTTP][39m [37m<-- POST /wd/hub/session/67c8863e-6890-4c11-bdd5-7b3ca5abd9bf/touch/perform [39m[32m200[39m [90m1609 ms - 14[39m
[35m[HTTP][39m [90m[39m
[35m[HTTP][39m [37m-->[39m [37mGET[39m [37m/wd/hub/session/67c8863e-6890-4c11-bdd5-7b3ca5abd9bf/context[39m
[35m[HTTP][39m [90m{}[39m
[35m[HTTP][39m [37m<-- GET /wd/hub/session/67c8863e-6890-4c11-bdd5-7b3ca5abd9bf/context [39m[32m200[39m [90m1 ms - 22[39m
[35m[HTTP][39m [90m[39m
[35m[HTTP][39m [37m-->[39m [37mGET[39m [37m/wd/hub/session/67c8863e-6890-4c11-bdd5-7b3ca5abd9bf/contexts[39m
[35m[HTTP][39m [90m{}[39m
[35m[HTTP][39m [37m<-- GET /wd/hub/session/67c8863e-6890-4c11-bdd5-7b3ca5abd9bf/contexts [39m[32m200[39m [90m49 ms - 24[39m
[35m[HTTP][39m [90m[39m
[35m[HTTP][39m [37m-->[39m [37mPOST[39m [37m/wd/hub/session/67c8863e-6890-4c11-bdd5-7b3ca5abd9bf/context[39m
[35m[HTTP][39m [90m{"name":"NATIVE_APP"}[39m
[35m[HTTP][39m [37m<-- POST /wd/hub/session/67c8863e-6890-4c11-bdd5-7b3ca5abd9bf/context [39m[32m200[39m [90m1 ms - 14[39m
[35m[HTTP][39m [90m[39m
[35m[HTTP][39m [37m-->[39m [37mGET[39m [37m/wd/hub/session/67c8863e-6890-4c11-bdd5-7b3ca5abd9bf/screenshot[39m
[35m[HTTP][39m [90m{}[39m
[35m[HTTP][39m [37m<-- GET /wd/hub/session/67c8863e-6890-4c11-bdd5-7b3ca5abd9bf/screenshot [39m[32m200[39m [90m2246 ms - 1341178[39m
[35m[HTTP][39m [90m[39m
[35m[HTTP][39m [37m-->[39m [37mPOST[39m [37m/wd/hub/session/67c8863e-6890-4c11-bdd5-7b3ca5abd9bf/context[39m
[35m[HTTP][39m [90m{"name":"NATIVE_APP"}[39m
[35m[HTTP][39m [37m<-- POST /wd/hub/session/67c8863e-6890-4c11-bdd5-7b3ca5abd9bf/context [39m[32m200[39m [90m5 ms - 14[39m
[35m[HTTP][39m [90m[39m
[35m[HTTP][39m [37m-->[39m [37mPOST[39m [37m/wd/hub/session/67c8863e-6890-4c11-bdd5-7b3ca5abd9bf/timeouts[39m
[35m[HTTP][39m [90m{"implicit":50}[39m
[35m[HTTP][39m [37m<-- POST /wd/hub/session/67c8863e-6890-4c11-bdd5-7b3ca5abd9bf/timeouts [39m[32m200[39m [90m3 ms - 14[39m
[35m[HTTP][39m [90m[39m
[35m[HTTP][39m [37m-->[39m [37mGET[39m [37m/wd/hub/session/67c8863e-6890-4c11-bdd5-7b3ca5abd9bf/window/rect[39m
[35m[HTTP][39m [90m{}[39m
[35m[HTTP][39m [37m<-- GET /wd/hub/session/67c8863e-6890-4c11-bdd5-7b3ca5abd9bf/window/rect [39m[32m200[39m [90m14 ms - 49[39m
[35m[HTTP][39m [90m[39m
[35m[HTTP][39m [37m-->[39m [37mPOST[39m [37m/wd/hub/session/67c8863e-6890-4c11-bdd5-7b3ca5abd9bf/elements[39m
[35m[HTTP][39m [90m{"using":"xpath","value":"//*[@class = 'android.widget.Button' and (@text = 'Registrarme' or . = 'Registrarme') and @resource-id = 'com.banorte.segurosdev:id/btn_registro']"}[39m
[35m[HTTP][39m [37m<-- POST /wd/hub/session/67c8863e-6890-4c11-bdd5-7b3ca5abd9bf/elements [39m[32m200[39m [90m61 ms - 139[39m
[35m[HTTP][39m [90m[39m
[35m[HTTP][39m [37m-->[39m [37mGET[39m [37m/wd/hub/session/67c8863e-6890-4c11-bdd5-7b3ca5abd9bf/element/9fbef4af-b2fa-4b71-a841-9b80ec642cdd/location[39m
[35m[HTTP][39m [90m{}[39m
[35m[W3C (67c8863e)][39m Driver proxy active, passing request on via HTTP proxy
[35m[WD Proxy][39m Replacing sessionId 8d43dbb6-9008-4bc4-996e-a4d99f49c621 with 67c8863e-6890-4c11-bdd5-7b3ca5abd9bf
[35m[HTTP][39m [37m<-- GET /wd/hub/session/67c8863e-6890-4c11-bdd5-7b3ca5abd9bf/element/9fbef4af-b2fa-4b71-a841-9b80ec642cdd/location [39m[32m200[39m [90m15 ms - 77[39m
[35m[HTTP][39m [90m[39m
[35m[HTTP][39m [37m-->[39m [37mPOST[39m [37m/wd/hub/session/67c8863e-6890-4c11-bdd5-7b3ca5abd9bf/timeouts[39m
[35m[HTTP][39m [90m{"implicit":30000}[39m
[35m[HTTP][39m [37m<-- POST /wd/hub/session/67c8863e-6890-4c11-bdd5-7b3ca5abd9bf/timeouts [39m[32m200[39m [90m1 ms - 14[39m
[35m[HTTP][39m [90m[39m
[35m[HTTP][39m [37m-->[39m [37mPOST[39m [37m/wd/hub/session/67c8863e-6890-4c11-bdd5-7b3ca5abd9bf/touch/perform[39m
[35m[HTTP][39m [90m{"actions":[{"action":"tap","options":{"x":1,"y":1,"element":"9fbef4af-b2fa-4b71-a841-9b80ec642cdd"}},{"action":"release","options":{}}]}[39m
[35m[UiAutomator2][39m calling get location: 9fbef4af-b2fa-4b71-a841-9b80ec642cdd
[35m[HTTP][39m [37m<-- POST /wd/hub/session/67c8863e-6890-4c11-bdd5-7b3ca5abd9bf/touch/perform [39m[32m200[39m [90m151 ms - 14[39m
[35m[HTTP][39m [90m[39m
[35m[HTTP][39m [37m-->[39m [37mGET[39m [37m/wd/hub/session/67c8863e-6890-4c11-bdd5-7b3ca5abd9bf/context[39m
[35m[HTTP][39m [90m{}[39m
[35m[HTTP][39m [37m<-- GET /wd/hub/session/67c8863e-6890-4c11-bdd5-7b3ca5abd9bf/context [39m[32m200[39m [90m1 ms - 22[39m
[35m[HTTP][39m [90m[39m
[35m[HTTP][39m [37m-->[39m [37mGET[39m [37m/wd/hub/session/67c8863e-6890-4c11-bdd5-7b3ca5abd9bf/contexts[39m
[35m[HTTP][39m [90m{}[39m
[35m[HTTP][39m [37m<-- GET /wd/hub/session/67c8863e-6890-4c11-bdd5-7b3ca5abd9bf/contexts [39m[32m200[39m [90m43 ms - 24[39m
[35m[HTTP][39m [90m[39m
[35m[HTTP][39m [37m-->[39m [37mPOST[39m [37m/wd/hub/session/67c8863e-6890-4c11-bdd5-7b3ca5abd9bf/context[39m
[35m[HTTP][39m [90m{"name":"NATIVE_APP"}[39m
[35m[HTTP][39m [37m<-- POST /wd/hub/session/67c8863e-6890-4c11-bdd5-7b3ca5abd9bf/context [39m[32m200[39m [90m1 ms - 14[39m
[35m[HTTP][39m [90m[39m
[35m[HTTP][39m [37m-->[39m [37mPOST[39m [37m/wd/hub/session/67c8863e-6890-4c11-bdd5-7b3ca5abd9bf/appium/device/hide_keyboard[39m
[35m[HTTP][39m [90m{}[39m
[35m[HTTP][39m [37m<-- POST /wd/hub/session/67c8863e-6890-4c11-bdd5-7b3ca5abd9bf/appium/device/hide_keyboard [39m[32m200[39m [90m1625 ms - 14[39m
[35m[HTTP][39m [90m[39m
[35m[HTTP][39m [37m-->[39m [37mPOST[39m [37m/wd/hub/session/67c8863e-6890-4c11-bdd5-7b3ca5abd9bf/context[39m
[35m[HTTP][39m [90m{"name":"NATIVE_APP"}[39m
[35m[HTTP][39m [37m<-- POST /wd/hub/session/67c8863e-6890-4c11-bdd5-7b3ca5abd9bf/context [39m[32m200[39m [90m1 ms - 14[39m
[35m[HTTP][39m [90m[39m
[35m[HTTP][39m [37m-->[39m [37mPOST[39m [37m/wd/hub/session/67c8863e-6890-4c11-bdd5-7b3ca5abd9bf/timeouts[39m
[35m[HTTP][39m [90m{"implicit":50}[39m
[35m[HTTP][39m [37m<-- POST /wd/hub/session/67c8863e-6890-4c11-bdd5-7b3ca5abd9bf/timeouts [39m[32m200[39m [90m3 ms - 14[39m
[35m[HTTP][39m [90m[39m
[35m[HTTP][39m [37m-->[39m [37mGET[39m [37m/wd/hub/session/67c8863e-6890-4c11-bdd5-7b3ca5abd9bf/window/rect[39m
[35m[HTTP][39m [90m{}[39m
[35m[HTTP][39m [37m<-- GET /wd/hub/session/67c8863e-6890-4c11-bdd5-7b3ca5abd9bf/window/rect [39m[32m200[39m [90m11 ms - 49[39m
[35m[HTTP][39m [90m[39m
[35m[HTTP][39m [37m-->[39m [37mPOST[39m [37m/wd/hub/session/67c8863e-6890-4c11-bdd5-7b3ca5abd9bf/elements[39m
[35m[HTTP][39m [90m{"using":"xpath","value":"//*[@class = 'android.widget.EditText' and (@text = 'Ingresa tu nombre' or . = 'Ingresa tu nombre') and @resource-id = 'com.banorte.segurosdev:id/txt_nombre']"}[39m
[35m[HTTP][39m [37m<-- POST /wd/hub/session/67c8863e-6890-4c11-bdd5-7b3ca5abd9bf/elements [39m[32m200[39m [90m309 ms - 139[39m
[35m[HTTP][39m [90m[39m
[35m[HTTP][39m [37m-->[39m [37mGET[39m [37m/wd/hub/session/67c8863e-6890-4c11-bdd5-7b3ca5abd9bf/element/4d17632b-5920-478a-a9f7-310709a0780b/location[39m
[35m[HTTP][39m [90m{}[39m
[35m[W3C (67c8863e)][39m Driver proxy active, passing request on via HTTP proxy
[35m[WD Proxy][39m Replacing sessionId 8d43dbb6-9008-4bc4-996e-a4d99f49c621 with 67c8863e-6890-4c11-bdd5-7b3ca5abd9bf
[35m[HTTP][39m [37m<-- GET /wd/hub/session/67c8863e-6890-4c11-bdd5-7b3ca5abd9bf/element/4d17632b-5920-478a-a9f7-310709a0780b/location [39m[32m200[39m [90m13 ms - 77[39m
[35m[HTTP][39m [90m[39m
[35m[HTTP][39m [37m-->[39m [37mPOST[39m [37m/wd/hub/session/67c8863e-6890-4c11-bdd5-7b3ca5abd9bf/timeouts[39m
[35m[HTTP][39m [90m{"implicit":30000}[39m
[35m[HTTP][39m [37m<-- POST /wd/hub/session/67c8863e-6890-4c11-bdd5-7b3ca5abd9bf/timeouts [39m[32m200[39m [90m2 ms - 14[39m
[35m[HTTP][39m [90m[39m
[35m[HTTP][39m [37m-->[39m [37mPOST[39m [37m/wd/hub/session/67c8863e-6890-4c11-bdd5-7b3ca5abd9bf/element/4d17632b-5920-478a-a9f7-310709a0780b/clear[39m
[35m[HTTP][39m [90m{"id":"4d17632b-5920-478a-a9f7-310709a0780b"}[39m
[35m[HTTP][39m [37m<-- POST /wd/hub/session/67c8863e-6890-4c11-bdd5-7b3ca5abd9bf/element/4d17632b-5920-478a-a9f7-310709a0780b/clear [39m[32m200[39m [90m23 ms - 14[39m
[35m[HTTP][39m [90m[39m
[35m[HTTP][39m [37m-->[39m [37mPOST[39m [37m/wd/hub/session/67c8863e-6890-4c11-bdd5-7b3ca5abd9bf/element/4d17632b-5920-478a-a9f7-310709a0780b/value[39m
[35m[HTTP][39m [90m{"id":"4d17632b-5920-478a-a9f7-310709a0780b","text":"Fernando","value":["F","e","r","n","a","n","d","o"]}[39m
[35m[HTTP][39m [37m<-- POST /wd/hub/session/67c8863e-6890-4c11-bdd5-7b3ca5abd9bf/element/4d17632b-5920-478a-a9f7-310709a0780b/value [39m[32m200[39m [90m1058 ms - 14[39m
[35m[HTTP][39m [90m[39m
[35m[HTTP][39m [37m-->[39m [37mGET[39m [37m/wd/hub/session/67c8863e-6890-4c11-bdd5-7b3ca5abd9bf/context[39m
[35m[HTTP][39m [90m{}[39m
[35m[HTTP][39m [37m<-- GET /wd/hub/session/67c8863e-6890-4c11-bdd5-7b3ca5abd9bf/context [39m[32m200[39m [90m1 ms - 22[39m
[35m[HTTP][39m [90m[39m
[35m[HTTP][39m [37m-->[39m [37mGET[39m [37m/wd/hub/session/67c8863e-6890-4c11-bdd5-7b3ca5abd9bf/contexts[39m
[35m[HTTP][39m [90m{}[39m
[35m[HTTP][39m [37m<-- GET /wd/hub/session/67c8863e-6890-4c11-bdd5-7b3ca5abd9bf/contexts [39m[32m200[39m [90m38 ms - 24[39m
[35m[HTTP][39m [90m[39m
[35m[HTTP][39m [37m-->[39m [37mPOST[39m [37m/wd/hub/session/67c8863e-6890-4c11-bdd5-7b3ca5abd9bf/context[39m
[35m[HTTP][39m [90m{"name":"NATIVE_APP"}[39m
[35m[HTTP][39m [37m<-- POST /wd/hub/session/67c8863e-6890-4c11-bdd5-7b3ca5abd9bf/context [39m[32m200[39m [90m1 ms - 14[39m
[35m[HTTP][39m [90m[39m
[35m[HTTP][39m [37m-->[39m [37mGET[39m [37m/wd/hub/session/67c8863e-6890-4c11-bdd5-7b3ca5abd9bf/screenshot[39m
[35m[HTTP][39m [90m{}[39m
[35m[HTTP][39m [37m<-- GET /wd/hub/session/67c8863e-6890-4c11-bdd5-7b3ca5abd9bf/screenshot [39m[32m200[39m [90m482 ms - 86528[39m
[35m[HTTP][39m [90m[39m
[35m[HTTP][39m [37m-->[39m [37mPOST[39m [37m/wd/hub/session/67c8863e-6890-4c11-bdd5-7b3ca5abd9bf/context[39m
[35m[HTTP][39m [90m{"name":"NATIVE_APP"}[39m
[35m[HTTP][39m [37m<-- POST /wd/hub/session/67c8863e-6890-4c11-bdd5-7b3ca5abd9bf/context [39m[32m200[39m [90m2 ms - 14[39m
[35m[HTTP][39m [90m[39m
[35m[HTTP][39m [37m-->[39m [37mPOST[39m [37m/wd/hub/session/67c8863e-6890-4c11-bdd5-7b3ca5abd9bf/timeouts[39m
[35m[HTTP][39m [90m{"implicit":50}[39m
[35m[HTTP][39m [37m<-- POST /wd/hub/session/67c8863e-6890-4c11-bdd5-7b3ca5abd9bf/timeouts [39m[32m200[39m [90m2 ms - 14[39m
[35m[HTTP][39m [90m[39m
[35m[HTTP][39m [37m-->[39m [37mGET[39m [37m/wd/hub/session/67c8863e-6890-4c11-bdd5-7b3ca5abd9bf/window/rect[39m
[35m[HTTP][39m [90m{}[39m
[35m[HTTP][39m [37m<-- GET /wd/hub/session/67c8863e-6890-4c11-bdd5-7b3ca5abd9bf/window/rect [39m[32m200[39m [90m13 ms - 49[39m
[35m[HTTP][39m [90m[39m
[35m[HTTP][39m [37m-->[39m [37mPOST[39m [37m/wd/hub/session/67c8863e-6890-4c11-bdd5-7b3ca5abd9bf/elements[39m
[35m[HTTP][39m [90m{"using":"xpath","value":"//*[@class = 'android.widget.EditText'  and @resource-id = 'com.banorte.segurosdev:id/txt_apellido_paterno']"}[39m
[35m[HTTP][39m [37m<-- POST /wd/hub/session/67c8863e-6890-4c11-bdd5-7b3ca5abd9bf/elements [39m[32m200[39m [90m59 ms - 139[39m
[35m[HTTP][39m [90m[39m
[35m[HTTP][39m [37m-->[39m [37mGET[39m [37m/wd/hub/session/67c8863e-6890-4c11-bdd5-7b3ca5abd9bf/element/e9f28f1e-809d-40ca-aafb-1c14daa648dd/location[39m
[35m[HTTP][39m [90m{}[39m
[35m[W3C (67c8863e)][39m Driver proxy active, passing request on via HTTP proxy
[35m[WD Proxy][39m Replacing sessionId 8d43dbb6-9008-4bc4-996e-a4d99f49c621 with 67c8863e-6890-4c11-bdd5-7b3ca5abd9bf
[35m[HTTP][39m [37m<-- GET /wd/hub/session/67c8863e-6890-4c11-bdd5-7b3ca5abd9bf/element/e9f28f1e-809d-40ca-aafb-1c14daa648dd/location [39m[32m200[39m [90m14 ms - 77[39m
[35m[HTTP][39m [90m[39m
[35m[HTTP][39m [37m-->[39m [37mPOST[39m [37m/wd/hub/session/67c8863e-6890-4c11-bdd5-7b3ca5abd9bf/timeouts[39m
[35m[HTTP][39m [90m{"implicit":30000}[39m
[35m[HTTP][39m [37m<-- POST /wd/hub/session/67c8863e-6890-4c11-bdd5-7b3ca5abd9bf/timeouts [39m[32m200[39m [90m1 ms - 14[39m
[35m[HTTP][39m [90m[39m
[35m[HTTP][39m [37m-->[39m [37mPOST[39m [37m/wd/hub/session/67c8863e-6890-4c11-bdd5-7b3ca5abd9bf/element/e9f28f1e-809d-40ca-aafb-1c14daa648dd/clear[39m
[35m[HTTP][39m [90m{"id":"e9f28f1e-809d-40ca-aafb-1c14daa648dd"}[39m
[35m[HTTP][39m [37m<-- POST /wd/hub/session/67c8863e-6890-4c11-bdd5-7b3ca5abd9bf/element/e9f28f1e-809d-40ca-aafb-1c14daa648dd/clear [39m[32m200[39m [90m17 ms - 14[39m
[35m[HTTP][39m [90m[39m
[35m[HTTP][39m [37m-->[39m [37mPOST[39m [37m/wd/hub/session/67c8863e-6890-4c11-bdd5-7b3ca5abd9bf/element/e9f28f1e-809d-40ca-aafb-1c14daa648dd/value[39m
[35m[HTTP][39m [90m{"id":"e9f28f1e-809d-40ca-aafb-1c14daa648dd","text":"Martinez","value":["M","a","r","t","i","n","e","z"]}[39m
[35m[HTTP][39m [37m<-- POST /wd/hub/session/67c8863e-6890-4c11-bdd5-7b3ca5abd9bf/element/e9f28f1e-809d-40ca-aafb-1c14daa648dd/value [39m[32m200[39m [90m1090 ms - 14[39m
[35m[HTTP][39m [90m[39m
[35m[HTTP][39m [37m-->[39m [37mPOST[39m [37m/wd/hub/session/67c8863e-6890-4c11-bdd5-7b3ca5abd9bf/timeouts[39m
[35m[HTTP][39m [90m{"implicit":50}[39m
[35m[HTTP][39m [37m<-- POST /wd/hub/session/67c8863e-6890-4c11-bdd5-7b3ca5abd9bf/timeouts [39m[32m200[39m [90m1 ms - 14[39m
[35m[HTTP][39m [90m[39m
[35m[HTTP][39m [37m-->[39m [37mGET[39m [37m/wd/hub/session/67c8863e-6890-4c11-bdd5-7b3ca5abd9bf/window/rect[39m
[35m[HTTP][39m [90m{}[39m
[35m[HTTP][39m [37m<-- GET /wd/hub/session/67c8863e-6890-4c11-bdd5-7b3ca5abd9bf/window/rect [39m[32m200[39m [90m13 ms - 49[39m
[35m[HTTP][39m [90m[39m
[35m[HTTP][39m [37m-->[39m [37mPOST[39m [37m/wd/hub/session/67c8863e-6890-4c11-bdd5-7b3ca5abd9bf/elements[39m
[35m[HTTP][39m [90m{"using":"xpath","value":"//*[@class = 'android.widget.EditText' and @resource-id = 'com.banorte.segurosdev:id/txt_apellido_materno']"}[39m
[35m[HTTP][39m [37m<-- POST /wd/hub/session/67c8863e-6890-4c11-bdd5-7b3ca5abd9bf/elements [39m[32m200[39m [90m441 ms - 139[39m
[35m[HTTP][39m [90m[39m
[35m[HTTP][39m [37m-->[39m [37mGET[39m [37m/wd/hub/session/67c8863e-6890-4c11-bdd5-7b3ca5abd9bf/element/fd1da9b3-5d32-412f-9e1f-7857edc72ff8/location[39m
[35m[HTTP][39m [90m{}[39m
[35m[W3C (67c8863e)][39m Driver proxy active, passing request on via HTTP proxy
[35m[WD Proxy][39m Replacing sessionId 8d43dbb6-9008-4bc4-996e-a4d99f49c621 with 67c8863e-6890-4c11-bdd5-7b3ca5abd9bf
[35m[HTTP][39m [37m<-- GET /wd/hub/session/67c8863e-6890-4c11-bdd5-7b3ca5abd9bf/element/fd1da9b3-5d32-412f-9e1f-7857edc72ff8/location [39m[32m200[39m [90m14 ms - 77[39m
[35m[HTTP][39m [90m[39m
[35m[HTTP][39m [37m-->[39m [37mPOST[39m [37m/wd/hub/session/67c8863e-6890-4c11-bdd5-7b3ca5abd9bf/timeouts[39m
[35m[HTTP][39m [90m{"implicit":30000}[39m
[35m[HTTP][39m [37m<-- POST /wd/hub/session/67c8863e-6890-4c11-bdd5-7b3ca5abd9bf/timeouts [39m[32m200[39m [90m1 ms - 14[39m
[35m[HTTP][39m [90m[39m
[35m[HTTP][39m [37m-->[39m [37mPOST[39m [37m/wd/hub/session/67c8863e-6890-4c11-bdd5-7b3ca5abd9bf/element/fd1da9b3-5d32-412f-9e1f-7857edc72ff8/clear[39m
[35m[HTTP][39m [90m{"id":"fd1da9b3-5d32-412f-9e1f-7857edc72ff8"}[39m
[35m[HTTP][39m [37m<-- POST /wd/hub/session/67c8863e-6890-4c11-bdd5-7b3ca5abd9bf/element/fd1da9b3-5d32-412f-9e1f-7857edc72ff8/clear [39m[32m200[39m [90m16 ms - 14[39m
[35m[HTTP][39m [90m[39m
[35m[HTTP][39m [37m-->[39m [37mPOST[39m [37m/wd/hub/session/67c8863e-6890-4c11-bdd5-7b3ca5abd9bf/element/fd1da9b3-5d32-412f-9e1f-7857edc72ff8/value[39m
[35m[HTTP][39m [90m{"id":"fd1da9b3-5d32-412f-9e1f-7857edc72ff8","text":"Quezada","value":["Q","u","e","z","a","d","a"]}[39m
[35m[HTTP][39m [37m<-- POST /wd/hub/session/67c8863e-6890-4c11-bdd5-7b3ca5abd9bf/element/fd1da9b3-5d32-412f-9e1f-7857edc72ff8/value [39m[32m200[39m [90m1024 ms - 14[39m
[35m[HTTP][39m [90m[39m
[35m[HTTP][39m [37m-->[39m [37mGET[39m [37m/wd/hub/session/67c8863e-6890-4c11-bdd5-7b3ca5abd9bf/context[39m
[35m[HTTP][39m [90m{}[39m
[35m[HTTP][39m [37m<-- GET /wd/hub/session/67c8863e-6890-4c11-bdd5-7b3ca5abd9bf/context [39m[32m200[39m [90m1 ms - 22[39m
[35m[HTTP][39m [90m[39m
[35m[HTTP][39m [37m-->[39m [37mGET[39m [37m/wd/hub/session/67c8863e-6890-4c11-bdd5-7b3ca5abd9bf/contexts[39m
[35m[HTTP][39m [90m{}[39m
[35m[HTTP][39m [37m<-- GET /wd/hub/session/67c8863e-6890-4c11-bdd5-7b3ca5abd9bf/contexts [39m[32m200[39m [90m59 ms - 24[39m
[35m[HTTP][39m [90m[39m
[35m[HTTP][39m [37m-->[39m [37mPOST[39m [37m/wd/hub/session/67c8863e-6890-4c11-bdd5-7b3ca5abd9bf/context[39m
[35m[HTTP][39m [90m{"name":"NATIVE_APP"}[39m
[35m[HTTP][39m [37m<-- POST /wd/hub/session/67c8863e-6890-4c11-bdd5-7b3ca5abd9bf/context [39m[32m200[39m [90m1 ms - 14[39m
[35m[HTTP][39m [90m[39m
[35m[HTTP][39m [37m-->[39m [37mPOST[39m [37m/wd/hub/session/67c8863e-6890-4c11-bdd5-7b3ca5abd9bf/element[39m
[35m[HTTP][39m [90m{"using":"-android uiautomator","value":"new UiScrollable(new UiSelector().scrollable(true).instance(0)).scrollIntoView(new UiSelector().textContains(\"Mujer\"))"}[39m
[35m[HTTP][39m [37m<-- POST /wd/hub/session/67c8863e-6890-4c11-bdd5-7b3ca5abd9bf/element [39m[32m200[39m [90m2692 ms - 137[39m
[35m[HTTP][39m [90m[39m
[35m[HTTP][39m [37m-->[39m [37mPOST[39m [37m/wd/hub/session/67c8863e-6890-4c11-bdd5-7b3ca5abd9bf/context[39m
[35m[HTTP][39m [90m{"name":"NATIVE_APP"}[39m
[35m[HTTP][39m [37m<-- POST /wd/hub/session/67c8863e-6890-4c11-bdd5-7b3ca5abd9bf/context [39m[32m200[39m [90m1 ms - 14[39m
[35m[HTTP][39m [90m[39m
[35m[HTTP][39m [37m-->[39m [37mPOST[39m [37m/wd/hub/session/67c8863e-6890-4c11-bdd5-7b3ca5abd9bf/timeouts[39m
[35m[HTTP][39m [90m{"implicit":50}[39m
[35m[HTTP][39m [37m<-- POST /wd/hub/session/67c8863e-6890-4c11-bdd5-7b3ca5abd9bf/timeouts [39m[32m200[39m [90m1 ms - 14[39m
[35m[HTTP][39m [90m[39m
[35m[HTTP][39m [37m-->[39m [37mGET[39m [37m/wd/hub/session/67c8863e-6890-4c11-bdd5-7b3ca5abd9bf/window/rect[39m
[35m[HTTP][39m [90m{}[39m
[35m[HTTP][39m [37m<-- GET /wd/hub/session/67c8863e-6890-4c11-bdd5-7b3ca5abd9bf/window/rect [39m[32m200[39m [90m13 ms - 49[39m
[35m[HTTP][39m [90m[39m
[35m[HTTP][39m [37m-->[39m [37mPOST[39m [37m/wd/hub/session/67c8863e-6890-4c11-bdd5-7b3ca5abd9bf/elements[39m
[35m[HTTP][39m [90m{"using":"xpath","value":"//*[@class = 'android.widget.TextView' and (@text = 'Hombre' or . = 'Hombre')]"}[39m
[35m[HTTP][39m [37m<-- POST /wd/hub/session/67c8863e-6890-4c11-bdd5-7b3ca5abd9bf/elements [39m[32m200[39m [90m72 ms - 139[39m
[35m[HTTP][39m [90m[39m
[35m[HTTP][39m [37m-->[39m [37mGET[39m [37m/wd/hub/session/67c8863e-6890-4c11-bdd5-7b3ca5abd9bf/element/73ccad03-26d2-4795-88ab-6b96a94ceebb/location[39m
[35m[HTTP][39m [90m{}[39m
[35m[W3C (67c8863e)][39m Driver proxy active, passing request on via HTTP proxy
[35m[WD Proxy][39m Replacing sessionId 8d43dbb6-9008-4bc4-996e-a4d99f49c621 with 67c8863e-6890-4c11-bdd5-7b3ca5abd9bf
[35m[HTTP][39m [37m<-- GET /wd/hub/session/67c8863e-6890-4c11-bdd5-7b3ca5abd9bf/element/73ccad03-26d2-4795-88ab-6b96a94ceebb/location [39m[32m200[39m [90m14 ms - 78[39m
[35m[HTTP][39m [90m[39m
[35m[HTTP][39m [37m-->[39m [37mPOST[39m [37m/wd/hub/session/67c8863e-6890-4c11-bdd5-7b3ca5abd9bf/timeouts[39m
[35m[HTTP][39m [90m{"implicit":30000}[39m
[35m[HTTP][39m [37m<-- POST /wd/hub/session/67c8863e-6890-4c11-bdd5-7b3ca5abd9bf/timeouts [39m[32m200[39m [90m1 ms - 14[39m
[35m[HTTP][39m [90m[39m
[35m[HTTP][39m [37m-->[39m [37mPOST[39m [37m/wd/hub/session/67c8863e-6890-4c11-bdd5-7b3ca5abd9bf/touch/perform[39m
[35m[HTTP][39m [90m{"actions":[{"action":"tap","options":{"x":1,"y":1,"element":"73ccad03-26d2-4795-88ab-6b96a94ceebb"}},{"action":"release","options":{}}]}[39m
[35m[UiAutomator2][39m calling get location: 73ccad03-26d2-4795-88ab-6b96a94ceebb
[35m[HTTP][39m [37m<-- POST /wd/hub/session/67c8863e-6890-4c11-bdd5-7b3ca5abd9bf/touch/perform [39m[32m200[39m [90m141 ms - 14[39m
[35m[HTTP][39m [90m[39m
[35m[HTTP][39m [37m-->[39m [37mPOST[39m [37m/wd/hub/session/67c8863e-6890-4c11-bdd5-7b3ca5abd9bf/timeouts[39m
[35m[HTTP][39m [90m{"implicit":50}[39m
[35m[HTTP][39m [37m<-- POST /wd/hub/session/67c8863e-6890-4c11-bdd5-7b3ca5abd9bf/timeouts [39m[32m200[39m [90m1 ms - 14[39m
[35m[HTTP][39m [90m[39m
[35m[HTTP][39m [37m-->[39m [37mGET[39m [37m/wd/hub/session/67c8863e-6890-4c11-bdd5-7b3ca5abd9bf/window/rect[39m
[35m[HTTP][39m [90m{}[39m
[35m[HTTP][39m [37m<-- GET /wd/hub/session/67c8863e-6890-4c11-bdd5-7b3ca5abd9bf/window/rect [39m[32m200[39m [90m10 ms - 49[39m
[35m[HTTP][39m [90m[39m
[35m[HTTP][39m [37m-->[39m [37mPOST[39m [37m/wd/hub/session/67c8863e-6890-4c11-bdd5-7b3ca5abd9bf/elements[39m
[35m[HTTP][39m [90m{"using":"xpath","value":"//*[@class = 'android.widget.EditText' and (@text = 'Ingresa tu número' or . = 'Ingresa tu número') and @resource-id = 'com.banorte.segurosdev:id/txt_numero_celular']"}[39m
[35m[HTTP][39m [37m<-- POST /wd/hub/session/67c8863e-6890-4c11-bdd5-7b3ca5abd9bf/elements [39m[32m200[39m [90m476 ms - 139[39m
[35m[HTTP][39m [90m[39m
[35m[HTTP][39m [37m-->[39m [37mGET[39m [37m/wd/hub/session/67c8863e-6890-4c11-bdd5-7b3ca5abd9bf/element/9b8d42fa-290a-4ba9-81ce-313e78071cb7/location[39m
[35m[HTTP][39m [90m{}[39m
[35m[W3C (67c8863e)][39m Driver proxy active, passing request on via HTTP proxy
[35m[WD Proxy][39m Replacing sessionId 8d43dbb6-9008-4bc4-996e-a4d99f49c621 with 67c8863e-6890-4c11-bdd5-7b3ca5abd9bf
[35m[HTTP][39m [37m<-- GET /wd/hub/session/67c8863e-6890-4c11-bdd5-7b3ca5abd9bf/element/9b8d42fa-290a-4ba9-81ce-313e78071cb7/location [39m[32m200[39m [90m13 ms - 77[39m
[35m[HTTP][39m [90m[39m
[35m[HTTP][39m [37m-->[39m [37mPOST[39m [37m/wd/hub/session/67c8863e-6890-4c11-bdd5-7b3ca5abd9bf/timeouts[39m
[35m[HTTP][39m [90m{"implicit":30000}[39m
[35m[HTTP][39m [37m<-- POST /wd/hub/session/67c8863e-6890-4c11-bdd5-7b3ca5abd9bf/timeouts [39m[32m200[39m [90m1 ms - 14[39m
[35m[HTTP][39m [90m[39m
[35m[HTTP][39m [37m-->[39m [37mPOST[39m [37m/wd/hub/session/67c8863e-6890-4c11-bdd5-7b3ca5abd9bf/element/9b8d42fa-290a-4ba9-81ce-313e78071cb7/clear[39m
[35m[HTTP][39m [90m{"id":"9b8d42fa-290a-4ba9-81ce-313e78071cb7"}[39m
[35m[HTTP][39m [37m<-- POST /wd/hub/session/67c8863e-6890-4c11-bdd5-7b3ca5abd9bf/element/9b8d42fa-290a-4ba9-81ce-313e78071cb7/clear [39m[32m200[39m [90m24 ms - 14[39m
[35m[HTTP][39m [90m[39m
[35m[HTTP][39m [37m-->[39m [37mPOST[39m [37m/wd/hub/session/67c8863e-6890-4c11-bdd5-7b3ca5abd9bf/element/9b8d42fa-290a-4ba9-81ce-313e78071cb7/value[39m
[35m[HTTP][39m [90m{"id":"9b8d42fa-290a-4ba9-81ce-313e78071cb7","text":"8121715239","value":["8","1","2","1","7","1","5","2","3","9"]}[39m
[35m[HTTP][39m [37m<-- POST /wd/hub/session/67c8863e-6890-4c11-bdd5-7b3ca5abd9bf/element/9b8d42fa-290a-4ba9-81ce-313e78071cb7/value [39m[32m200[39m [90m1539 ms - 14[39m
[35m[HTTP][39m [90m[39m
[35m[HTTP][39m [37m-->[39m [37mPOST[39m [37m/wd/hub/session/67c8863e-6890-4c11-bdd5-7b3ca5abd9bf/timeouts[39m
[35m[HTTP][39m [90m{"implicit":50}[39m
[35m[HTTP][39m [37m<-- POST /wd/hub/session/67c8863e-6890-4c11-bdd5-7b3ca5abd9bf/timeouts [39m[32m200[39m [90m1 ms - 14[39m
[35m[HTTP][39m [90m[39m
[35m[HTTP][39m [37m-->[39m [37mGET[39m [37m/wd/hub/session/67c8863e-6890-4c11-bdd5-7b3ca5abd9bf/window/rect[39m
[35m[HTTP][39m [90m{}[39m
[35m[HTTP][39m [37m<-- GET /wd/hub/session/67c8863e-6890-4c11-bdd5-7b3ca5abd9bf/window/rect [39m[32m200[39m [90m11 ms - 49[39m
[35m[HTTP][39m [90m[39m
[35m[HTTP][39m [37m-->[39m [37mPOST[39m [37m/wd/hub/session/67c8863e-6890-4c11-bdd5-7b3ca5abd9bf/elements[39m
[35m[HTTP][39m [90m{"using":"xpath","value":"//*[@class = 'android.widget.EditText' and (@text = 'Correo electrónico' or . = 'Correo electrónico') and @resource-id = 'com.banorte.segurosdev:id/txt_correo_electronico']"}[39m
[35m[HTTP][39m [37m<-- POST /wd/hub/session/67c8863e-6890-4c11-bdd5-7b3ca5abd9bf/elements [39m[32m200[39m [90m888 ms - 139[39m
[35m[HTTP][39m [90m[39m
[35m[HTTP][39m [37m-->[39m [37mGET[39m [37m/wd/hub/session/67c8863e-6890-4c11-bdd5-7b3ca5abd9bf/element/794bf8a4-661a-4671-a0af-52168b13542d/location[39m
[35m[HTTP][39m [90m{}[39m
[35m[W3C (67c8863e)][39m Driver proxy active, passing request on via HTTP proxy
[35m[WD Proxy][39m Replacing sessionId 8d43dbb6-9008-4bc4-996e-a4d99f49c621 with 67c8863e-6890-4c11-bdd5-7b3ca5abd9bf
[35m[HTTP][39m [37m<-- GET /wd/hub/session/67c8863e-6890-4c11-bdd5-7b3ca5abd9bf/element/794bf8a4-661a-4671-a0af-52168b13542d/location [39m[32m200[39m [90m14 ms - 77[39m
[35m[HTTP][39m [90m[39m
[35m[HTTP][39m [37m-->[39m [37mPOST[39m [37m/wd/hub/session/67c8863e-6890-4c11-bdd5-7b3ca5abd9bf/timeouts[39m
[35m[HTTP][39m [90m{"implicit":30000}[39m
[35m[HTTP][39m [37m<-- POST /wd/hub/session/67c8863e-6890-4c11-bdd5-7b3ca5abd9bf/timeouts [39m[32m200[39m [90m1 ms - 14[39m
[35m[HTTP][39m [90m[39m
[35m[HTTP][39m [37m-->[39m [37mPOST[39m [37m/wd/hub/session/67c8863e-6890-4c11-bdd5-7b3ca5abd9bf/element/794bf8a4-661a-4671-a0af-52168b13542d/clear[39m
[35m[HTTP][39m [90m{"id":"794bf8a4-661a-4671-a0af-52168b13542d"}[39m
[35m[HTTP][39m [37m<-- POST /wd/hub/session/67c8863e-6890-4c11-bdd5-7b3ca5abd9bf/element/794bf8a4-661a-4671-a0af-52168b13542d/clear [39m[32m200[39m [90m20 ms - 14[39m
[35m[HTTP][39m [90m[39m
[35m[HTTP][39m [37m-->[39m [37mPOST[39m [37m/wd/hub/session/67c8863e-6890-4c11-bdd5-7b3ca5abd9bf/element/794bf8a4-661a-4671-a0af-52168b13542d/value[39m
[35m[HTTP][39m [90m{"id":"794bf8a4-661a-4671-a0af-52168b13542d","text":"testing.syp@gmail.com","value":["t","e","s","t","i","n","g",".","s","y","p","@","g","m","a","i","l",".","c","o","m"]}[39m
[35m[HTTP][39m [37m<-- POST /wd/hub/session/67c8863e-6890-4c11-bdd5-7b3ca5abd9bf/element/794bf8a4-661a-4671-a0af-52168b13542d/value [39m[32m200[39m [90m1127 ms - 14[39m
[35m[HTTP][39m [90m[39m
[35m[HTTP][39m [37m-->[39m [37mGET[39m [37m/wd/hub/session/67c8863e-6890-4c11-bdd5-7b3ca5abd9bf/context[39m
[35m[HTTP][39m [90m{}[39m
[35m[HTTP][39m [37m<-- GET /wd/hub/session/67c8863e-6890-4c11-bdd5-7b3ca5abd9bf/context [39m[32m200[39m [90m1 ms - 22[39m
[35m[HTTP][39m [90m[39m
[35m[HTTP][39m [37m-->[39m [37mGET[39m [37m/wd/hub/session/67c8863e-6890-4c11-bdd5-7b3ca5abd9bf/contexts[39m
[35m[HTTP][39m [90m{}[39m
[35m[HTTP][39m [37m<-- GET /wd/hub/session/67c8863e-6890-4c11-bdd5-7b3ca5abd9bf/contexts [39m[32m200[39m [90m34 ms - 24[39m
[35m[HTTP][39m [90m[39m
[35m[HTTP][39m [37m-->[39m [37mPOST[39m [37m/wd/hub/session/67c8863e-6890-4c11-bdd5-7b3ca5abd9bf/context[39m
[35m[HTTP][39m [90m{"name":"NATIVE_APP"}[39m
[35m[HTTP][39m [37m<-- POST /wd/hub/session/67c8863e-6890-4c11-bdd5-7b3ca5abd9bf/context [39m[32m200[39m [90m1 ms - 14[39m
[35m[HTTP][39m [90m[39m
[35m[HTTP][39m [37m-->[39m [37mGET[39m [37m/wd/hub/session/67c8863e-6890-4c11-bdd5-7b3ca5abd9bf/screenshot[39m
[35m[HTTP][39m [90m{}[39m
[35m[HTTP][39m [37m<-- GET /wd/hub/session/67c8863e-6890-4c11-bdd5-7b3ca5abd9bf/screenshot [39m[32m200[39m [90m495 ms - 98064[39m
[35m[HTTP][39m [90m[39m
[35m[HTTP][39m [37m-->[39m [37mPOST[39m [37m/wd/hub/session/67c8863e-6890-4c11-bdd5-7b3ca5abd9bf/context[39m
[35m[HTTP][39m [90m{"name":"NATIVE_APP"}[39m
[35m[HTTP][39m [37m<-- POST /wd/hub/session/67c8863e-6890-4c11-bdd5-7b3ca5abd9bf/context [39m[32m200[39m [90m1 ms - 14[39m
[35m[HTTP][39m [90m[39m
[35m[HTTP][39m [37m-->[39m [37mPOST[39m [37m/wd/hub/session/67c8863e-6890-4c11-bdd5-7b3ca5abd9bf/timeouts[39m
[35m[HTTP][39m [90m{"implicit":50}[39m
[35m[HTTP][39m [37m<-- POST /wd/hub/session/67c8863e-6890-4c11-bdd5-7b3ca5abd9bf/timeouts [39m[32m200[39m [90m1 ms - 14[39m
[35m[HTTP][39m [90m[39m
[35m[HTTP][39m [37m-->[39m [37mGET[39m [37m/wd/hub/session/67c8863e-6890-4c11-bdd5-7b3ca5abd9bf/window/rect[39m
[35m[HTTP][39m [90m{}[39m
[35m[HTTP][39m [37m<-- GET /wd/hub/session/67c8863e-6890-4c11-bdd5-7b3ca5abd9bf/window/rect [39m[32m200[39m [90m25 ms - 49[39m
[35m[HTTP][39m [90m[39m
[35m[HTTP][39m [37m-->[39m [37mPOST[39m [37m/wd/hub/session/67c8863e-6890-4c11-bdd5-7b3ca5abd9bf/elements[39m
[35m[HTTP][39m [90m{"using":"xpath","value":"//*[@class = 'android.widget.Button' and (@text = 'Continuar' or . = 'Continuar') and @resource-id = 'com.banorte.segurosdev:id/continuar']"}[39m
[35m[HTTP][39m [37m<-- POST /wd/hub/session/67c8863e-6890-4c11-bdd5-7b3ca5abd9bf/elements [39m[32m200[39m [90m54 ms - 139[39m
[35m[HTTP][39m [90m[39m
[35m[HTTP][39m [37m-->[39m [37mGET[39m [37m/wd/hub/session/67c8863e-6890-4c11-bdd5-7b3ca5abd9bf/element/f80c3f8d-4beb-4a29-94a4-2e200c52c4c6/location[39m
[35m[HTTP][39m [90m{}[39m
[35m[W3C (67c8863e)][39m Driver proxy active, passing request on via HTTP proxy
[35m[WD Proxy][39m Replacing sessionId 8d43dbb6-9008-4bc4-996e-a4d99f49c621 with 67c8863e-6890-4c11-bdd5-7b3ca5abd9bf
[35m[HTTP][39m [37m<-- GET /wd/hub/session/67c8863e-6890-4c11-bdd5-7b3ca5abd9bf/element/f80c3f8d-4beb-4a29-94a4-2e200c52c4c6/location [39m[32m200[39m [90m13 ms - 78[39m
[35m[HTTP][39m [90m[39m
[35m[HTTP][39m [37m-->[39m [37mPOST[39m [37m/wd/hub/session/67c8863e-6890-4c11-bdd5-7b3ca5abd9bf/timeouts[39m
[35m[HTTP][39m [90m{"implicit":30000}[39m
[35m[HTTP][39m [37m<-- POST /wd/hub/session/67c8863e-6890-4c11-bdd5-7b3ca5abd9bf/timeouts [39m[32m200[39m [90m1 ms - 14[39m
[35m[HTTP][39m [90m[39m
[35m[HTTP][39m [37m-->[39m [37mPOST[39m [37m/wd/hub/session/67c8863e-6890-4c11-bdd5-7b3ca5abd9bf/touch/perform[39m
[35m[HTTP][39m [90m{"actions":[{"action":"tap","options":{"x":1,"y":1,"element":"f80c3f8d-4beb-4a29-94a4-2e200c52c4c6"}},{"action":"release","options":{}}]}[39m
[35m[UiAutomator2][39m calling get location: f80c3f8d-4beb-4a29-94a4-2e200c52c4c6
[35m[HTTP][39m [37m<-- POST /wd/hub/session/67c8863e-6890-4c11-bdd5-7b3ca5abd9bf/touch/perform [39m[32m200[39m [90m136 ms - 14[39m
[35m[HTTP][39m [90m[39m
[35m[HTTP][39m [37m-->[39m [37mPOST[39m [37m/wd/hub/session/67c8863e-6890-4c11-bdd5-7b3ca5abd9bf/timeouts[39m
[35m[HTTP][39m [90m{"implicit":50}[39m
[35m[HTTP][39m [37m<-- POST /wd/hub/session/67c8863e-6890-4c11-bdd5-7b3ca5abd9bf/timeouts [39m[32m200[39m [90m2 ms - 14[39m
[35m[HTTP][39m [90m[39m
[35m[HTTP][39m [37m-->[39m [37mGET[39m [37m/wd/hub/session/67c8863e-6890-4c11-bdd5-7b3ca5abd9bf/window/rect[39m
[35m[HTTP][39m [90m{}[39m
[35m[HTTP][39m [37m<-- GET /wd/hub/session/67c8863e-6890-4c11-bdd5-7b3ca5abd9bf/window/rect [39m[32m200[39m [90m12 ms - 49[39m
[35m[HTTP][39m [90m[39m
[35m[HTTP][39m [37m-->[39m [37mPOST[39m [37m/wd/hub/session/67c8863e-6890-4c11-bdd5-7b3ca5abd9bf/elements[39m
[35m[HTTP][39m [90m{"using":"xpath","value":"//*[@class = 'android.widget.EditText' and @resource-id = 'com.banorte.segurosdev:id/txt_contrasena' and (@text = '' or . = '')]"}[39m
[35m[HTTP][39m [37m<-- POST /wd/hub/session/67c8863e-6890-4c11-bdd5-7b3ca5abd9bf/elements [39m[32m200[39m [90m1139 ms - 139[39m
[35m[HTTP][39m [90m[39m
[35m[HTTP][39m [37m-->[39m [37mGET[39m [37m/wd/hub/session/67c8863e-6890-4c11-bdd5-7b3ca5abd9bf/element/0b929fad-d1b4-4283-9bc1-e459dfbec714/location[39m
[35m[HTTP][39m [90m{}[39m
[35m[W3C (67c8863e)][39m Driver proxy active, passing request on via HTTP proxy
[35m[WD Proxy][39m Replacing sessionId 8d43dbb6-9008-4bc4-996e-a4d99f49c621 with 67c8863e-6890-4c11-bdd5-7b3ca5abd9bf
[35m[HTTP][39m [37m<-- GET /wd/hub/session/67c8863e-6890-4c11-bdd5-7b3ca5abd9bf/element/0b929fad-d1b4-4283-9bc1-e459dfbec714/location [39m[32m200[39m [90m14 ms - 77[39m
[35m[HTTP][39m [90m[39m
[35m[HTTP][39m [37m-->[39m [37mPOST[39m [37m/wd/hub/session/67c8863e-6890-4c11-bdd5-7b3ca5abd9bf/timeouts[39m
[35m[HTTP][39m [90m{"implicit":30000}[39m
[35m[HTTP][39m [37m<-- POST /wd/hub/session/67c8863e-6890-4c11-bdd5-7b3ca5abd9bf/timeouts [39m[32m200[39m [90m1 ms - 14[39m
[35m[HTTP][39m [90m[39m
[35m[HTTP][39m [37m-->[39m [37mPOST[39m [37m/wd/hub/session/67c8863e-6890-4c11-bdd5-7b3ca5abd9bf/element/0b929fad-d1b4-4283-9bc1-e459dfbec714/clear[39m
[35m[HTTP][39m [90m{"id":"0b929fad-d1b4-4283-9bc1-e459dfbec714"}[39m
[35m[HTTP][39m [37m<-- POST /wd/hub/session/67c8863e-6890-4c11-bdd5-7b3ca5abd9bf/element/0b929fad-d1b4-4283-9bc1-e459dfbec714/clear [39m[32m200[39m [90m24 ms - 14[39m
[35m[HTTP][39m [90m[39m
[35m[HTTP][39m [37m-->[39m [37mPOST[39m [37m/wd/hub/session/67c8863e-6890-4c11-bdd5-7b3ca5abd9bf/element/0b929fad-d1b4-4283-9bc1-e459dfbec714/value[39m
[35m[HTTP][39m [90m{"id":"0b929fad-d1b4-4283-9bc1-e459dfbec714","text":"Passw0rd","value":["P","a","s","s","w","0","r","d"]}[39m
[35m[HTTP][39m [37m<-- POST /wd/hub/session/67c8863e-6890-4c11-bdd5-7b3ca5abd9bf/element/0b929fad-d1b4-4283-9bc1-e459dfbec714/value [39m[32m200[39m [90m647 ms - 14[39m
[35m[HTTP][39m [90m[39m
[35m[HTTP][39m [37m-->[39m [37mGET[39m [37m/wd/hub/session/67c8863e-6890-4c11-bdd5-7b3ca5abd9bf/context[39m
[35m[HTTP][39m [90m{}[39m
[35m[HTTP][39m [37m<-- GET /wd/hub/session/67c8863e-6890-4c11-bdd5-7b3ca5abd9bf/context [39m[32m200[39m [90m3 ms - 22[39m
[35m[HTTP][39m [90m[39m
[35m[HTTP][39m [37m-->[39m [37mGET[39m [37m/wd/hub/session/67c8863e-6890-4c11-bdd5-7b3ca5abd9bf/contexts[39m
[35m[HTTP][39m [90m{}[39m
[35m[HTTP][39m [37m<-- GET /wd/hub/session/67c8863e-6890-4c11-bdd5-7b3ca5abd9bf/contexts [39m[32m200[39m [90m53 ms - 24[39m
[35m[HTTP][39m [90m[39m
[35m[HTTP][39m [37m-->[39m [37mPOST[39m [37m/wd/hub/session/67c8863e-6890-4c11-bdd5-7b3ca5abd9bf/context[39m
[35m[HTTP][39m [90m{"name":"NATIVE_APP"}[39m
[35m[HTTP][39m [37m<-- POST /wd/hub/session/67c8863e-6890-4c11-bdd5-7b3ca5abd9bf/context [39m[32m200[39m [90m1 ms - 14[39m
[35m[HTTP][39m [90m[39m
[35m[HTTP][39m [37m-->[39m [37mGET[39m [37m/wd/hub/session/67c8863e-6890-4c11-bdd5-7b3ca5abd9bf/screenshot[39m
[35m[HTTP][39m [90m{}[39m
[35m[HTTP][39m [37m<-- GET /wd/hub/session/67c8863e-6890-4c11-bdd5-7b3ca5abd9bf/screenshot [39m[32m200[39m [90m570 ms - 148784[39m
[35m[HTTP][39m [90m[39m
[35m[HTTP][39m [37m-->[39m [37mPOST[39m [37m/wd/hub/session/67c8863e-6890-4c11-bdd5-7b3ca5abd9bf/context[39m
[35m[HTTP][39m [90m{"name":"NATIVE_APP"}[39m
[35m[HTTP][39m [37m<-- POST /wd/hub/session/67c8863e-6890-4c11-bdd5-7b3ca5abd9bf/context [39m[32m200[39m [90m1 ms - 14[39m
[35m[HTTP][39m [90m[39m
[35m[HTTP][39m [37m-->[39m [37mPOST[39m [37m/wd/hub/session/67c8863e-6890-4c11-bdd5-7b3ca5abd9bf/timeouts[39m
[35m[HTTP][39m [90m{"implicit":50}[39m
[35m[HTTP][39m [37m<-- POST /wd/hub/session/67c8863e-6890-4c11-bdd5-7b3ca5abd9bf/timeouts [39m[32m200[39m [90m1 ms - 14[39m
[35m[HTTP][39m [90m[39m
[35m[HTTP][39m [37m-->[39m [37mGET[39m [37m/wd/hub/session/67c8863e-6890-4c11-bdd5-7b3ca5abd9bf/window/rect[39m
[35m[HTTP][39m [90m{}[39m
[35m[HTTP][39m [37m<-- GET /wd/hub/session/67c8863e-6890-4c11-bdd5-7b3ca5abd9bf/window/rect [39m[32m200[39m [90m11 ms - 49[39m
[35m[HTTP][39m [90m[39m
[35m[HTTP][39m [37m-->[39m [37mPOST[39m [37m/wd/hub/session/67c8863e-6890-4c11-bdd5-7b3ca5abd9bf/elements[39m
[35m[HTTP][39m [90m{"using":"xpath","value":"//*[@class = 'android.widget.Button' and (@text = 'Continuar' or . = 'Continuar') and @resource-id = 'com.banorte.segurosdev:id/continuar']"}[39m
[35m[HTTP][39m [37m<-- POST /wd/hub/session/67c8863e-6890-4c11-bdd5-7b3ca5abd9bf/elements [39m[32m200[39m [90m52 ms - 139[39m
[35m[HTTP][39m [90m[39m
[35m[HTTP][39m [37m-->[39m [37mGET[39m [37m/wd/hub/session/67c8863e-6890-4c11-bdd5-7b3ca5abd9bf/element/a06e9cab-ee16-46a0-b5fa-c2cf2c215189/location[39m
[35m[HTTP][39m [90m{}[39m
[35m[W3C (67c8863e)][39m Driver proxy active, passing request on via HTTP proxy
[35m[WD Proxy][39m Replacing sessionId 8d43dbb6-9008-4bc4-996e-a4d99f49c621 with 67c8863e-6890-4c11-bdd5-7b3ca5abd9bf
[35m[HTTP][39m [37m<-- GET /wd/hub/session/67c8863e-6890-4c11-bdd5-7b3ca5abd9bf/element/a06e9cab-ee16-46a0-b5fa-c2cf2c215189/location [39m[32m200[39m [90m11 ms - 78[39m
[35m[HTTP][39m [90m[39m
[35m[HTTP][39m [37m-->[39m [37mPOST[39m [37m/wd/hub/session/67c8863e-6890-4c11-bdd5-7b3ca5abd9bf/timeouts[39m
[35m[HTTP][39m [90m{"implicit":30000}[39m
[35m[HTTP][39m [37m<-- POST /wd/hub/session/67c8863e-6890-4c11-bdd5-7b3ca5abd9bf/timeouts [39m[32m200[39m [90m1 ms - 14[39m
[35m[HTTP][39m [90m[39m
[35m[HTTP][39m [37m-->[39m [37mPOST[39m [37m/wd/hub/session/67c8863e-6890-4c11-bdd5-7b3ca5abd9bf/touch/perform[39m
[35m[HTTP][39m [90m{"actions":[{"action":"tap","options":{"x":1,"y":1,"element":"a06e9cab-ee16-46a0-b5fa-c2cf2c215189"}},{"action":"release","options":{}}]}[39m
[35m[UiAutomator2][39m calling get location: a06e9cab-ee16-46a0-b5fa-c2cf2c215189
[35m[HTTP][39m [37m<-- POST /wd/hub/session/67c8863e-6890-4c11-bdd5-7b3ca5abd9bf/touch/perform [39m[32m200[39m [90m165 ms - 14[39m
[35m[HTTP][39m [90m[39m
[35m[HTTP][39m [37m-->[39m [37mPOST[39m [37m/wd/hub/session/67c8863e-6890-4c11-bdd5-7b3ca5abd9bf/timeouts[39m
[35m[HTTP][39m [90m{"implicit":50}[39m
[35m[HTTP][39m [37m<-- POST /wd/hub/session/67c8863e-6890-4c11-bdd5-7b3ca5abd9bf/timeouts [39m[32m200[39m [90m1 ms - 14[39m
[35m[HTTP][39m [90m[39m
[35m[HTTP][39m [37m-->[39m [37mGET[39m [37m/wd/hub/session/67c8863e-6890-4c11-bdd5-7b3ca5abd9bf/window/rect[39m
[35m[HTTP][39m [90m{}[39m
[35m[HTTP][39m [37m<-- GET /wd/hub/session/67c8863e-6890-4c11-bdd5-7b3ca5abd9bf/window/rect [39m[32m200[39m [90m11 ms - 49[39m
[35m[HTTP][39m [90m[39m
[35m[HTTP][39m [37m-->[39m [37mPOST[39m [37m/wd/hub/session/67c8863e-6890-4c11-bdd5-7b3ca5abd9bf/elements[39m
[35m[HTTP][39m [90m{"using":"xpath","value":"//*[@class = 'android.widget.CheckBox' and (@text = 'Acepto los términos y condiciones' or . = 'Acepto los términos y condiciones') and @resource-id = 'com.banorte.segurosdev:id/checkbox_condiciones']"}[39m
[35m[HTTP][39m [37m<-- POST /wd/hub/session/67c8863e-6890-4c11-bdd5-7b3ca5abd9bf/elements [39m[32m200[39m [90m1184 ms - 12[39m
[35m[HTTP][39m [90m[39m
[35m[HTTP][39m [37m-->[39m [37mPOST[39m [37m/wd/hub/session/67c8863e-6890-4c11-bdd5-7b3ca5abd9bf/elements[39m
[35m[HTTP][39m [90m{"using":"xpath","value":"//*[@class = 'android.widget.CheckBox' and (@text = 'Acepto los términos y condiciones' or . = 'Acepto los términos y condiciones') and @resource-id = 'com.banorte.segurosdev:id/checkbox_condiciones']"}[39m
[35m[HTTP][39m [37m<-- POST /wd/hub/session/67c8863e-6890-4c11-bdd5-7b3ca5abd9bf/elements [39m[32m200[39m [90m58 ms - 12[39m
[35m[HTTP][39m [90m[39m
[35m[HTTP][39m [37m-->[39m [37mPOST[39m [37m/wd/hub/session/67c8863e-6890-4c11-bdd5-7b3ca5abd9bf/elements[39m
[35m[HTTP][39m [90m{"using":"xpath","value":"//*[@class = 'android.widget.CheckBox' and (@text = 'Acepto los términos y condiciones' or . = 'Acepto los términos y condiciones') and @resource-id = 'com.banorte.segurosdev:id/checkbox_condiciones']"}[39m
[35m[HTTP][39m [37m<-- POST /wd/hub/session/67c8863e-6890-4c11-bdd5-7b3ca5abd9bf/elements [39m[32m200[39m [90m607 ms - 12[39m
[35m[HTTP][39m [90m[39m
[35m[HTTP][39m [37m-->[39m [37mPOST[39m [37m/wd/hub/session/67c8863e-6890-4c11-bdd5-7b3ca5abd9bf/elements[39m
[35m[HTTP][39m [90m{"using":"xpath","value":"//*[@class = 'android.widget.CheckBox' and (@text = 'Acepto los términos y condiciones' or . = 'Acepto los términos y condiciones') and @resource-id = 'com.banorte.segurosdev:id/checkbox_condiciones']"}[39m
[35m[HTTP][39m [37m<-- POST /wd/hub/session/67c8863e-6890-4c11-bdd5-7b3ca5abd9bf/elements [39m[32m200[39m [90m52 ms - 12[39m
[35m[HTTP][39m [90m[39m
[35m[HTTP][39m [37m-->[39m [37mPOST[39m [37m/wd/hub/session/67c8863e-6890-4c11-bdd5-7b3ca5abd9bf/elements[39m
[35m[HTTP][39m [90m{"using":"xpath","value":"//*[@class = 'android.widget.CheckBox' and (@text = 'Acepto los términos y condiciones' or . = 'Acepto los términos y condiciones') and @resource-id = 'com.banorte.segurosdev:id/checkbox_condiciones']"}[39m
[35m[HTTP][39m [37m<-- POST /wd/hub/session/67c8863e-6890-4c11-bdd5-7b3ca5abd9bf/elements [39m[32m200[39m [90m849 ms - 139[39m
[35m[HTTP][39m [90m[39m
[35m[HTTP][39m [37m-->[39m [37mGET[39m [37m/wd/hub/session/67c8863e-6890-4c11-bdd5-7b3ca5abd9bf/element/75c0e632-f086-42c3-b964-f74885b67b5e/location[39m
[35m[HTTP][39m [90m{}[39m
[35m[W3C (67c8863e)][39m Driver proxy active, passing request on via HTTP proxy
[35m[WD Proxy][39m Replacing sessionId 8d43dbb6-9008-4bc4-996e-a4d99f49c621 with 67c8863e-6890-4c11-bdd5-7b3ca5abd9bf
[35m[HTTP][39m [37m<-- GET /wd/hub/session/67c8863e-6890-4c11-bdd5-7b3ca5abd9bf/element/75c0e632-f086-42c3-b964-f74885b67b5e/location [39m[32m200[39m [90m15 ms - 78[39m
[35m[HTTP][39m [90m[39m
[35m[HTTP][39m [37m-->[39m [37mPOST[39m [37m/wd/hub/session/67c8863e-6890-4c11-bdd5-7b3ca5abd9bf/timeouts[39m
[35m[HTTP][39m [90m{"implicit":30000}[39m
[35m[HTTP][39m [37m<-- POST /wd/hub/session/67c8863e-6890-4c11-bdd5-7b3ca5abd9bf/timeouts [39m[32m200[39m [90m1 ms - 14[39m
[35m[HTTP][39m [90m[39m
[35m[HTTP][39m [37m-->[39m [37mPOST[39m [37m/wd/hub/session/67c8863e-6890-4c11-bdd5-7b3ca5abd9bf/touch/perform[39m
[35m[HTTP][39m [90m{"actions":[{"action":"tap","options":{"x":1,"y":1,"element":"75c0e632-f086-42c3-b964-f74885b67b5e"}},{"action":"release","options":{}}]}[39m
[35m[UiAutomator2][39m calling get location: 75c0e632-f086-42c3-b964-f74885b67b5e
[35m[HTTP][39m [37m<-- POST /wd/hub/session/67c8863e-6890-4c11-bdd5-7b3ca5abd9bf/touch/perform [39m[32m200[39m [90m140 ms - 14[39m
[35m[HTTP][39m [90m[39m
[35m[HTTP][39m [37m-->[39m [37mPOST[39m [37m/wd/hub/session/67c8863e-6890-4c11-bdd5-7b3ca5abd9bf/timeouts[39m
[35m[HTTP][39m [90m{"implicit":50}[39m
[35m[HTTP][39m [37m<-- POST /wd/hub/session/67c8863e-6890-4c11-bdd5-7b3ca5abd9bf/timeouts [39m[32m200[39m [90m1 ms - 14[39m
[35m[HTTP][39m [90m[39m
[35m[HTTP][39m [37m-->[39m [37mGET[39m [37m/wd/hub/session/67c8863e-6890-4c11-bdd5-7b3ca5abd9bf/window/rect[39m
[35m[HTTP][39m [90m{}[39m
[35m[HTTP][39m [37m<-- GET /wd/hub/session/67c8863e-6890-4c11-bdd5-7b3ca5abd9bf/window/rect [39m[32m200[39m [90m13 ms - 49[39m
[35m[HTTP][39m [90m[39m
[35m[HTTP][39m [37m-->[39m [37mPOST[39m [37m/wd/hub/session/67c8863e-6890-4c11-bdd5-7b3ca5abd9bf/elements[39m
[35m[HTTP][39m [90m{"using":"xpath","value":"//*[@class = 'android.widget.Button' and (@text = 'Registrar' or . = 'Registrar') and @resource-id = 'com.banorte.segurosdev:id/registar']"}[39m
[35m[HTTP][39m [37m<-- POST /wd/hub/session/67c8863e-6890-4c11-bdd5-7b3ca5abd9bf/elements [39m[32m200[39m [90m698 ms - 139[39m
[35m[HTTP][39m [90m[39m
[35m[HTTP][39m [37m-->[39m [37mGET[39m [37m/wd/hub/session/67c8863e-6890-4c11-bdd5-7b3ca5abd9bf/element/6b14d91e-6dfe-42a8-ac4f-61524954a962/location[39m
[35m[HTTP][39m [90m{}[39m
[35m[W3C (67c8863e)][39m Driver proxy active, passing request on via HTTP proxy
[35m[WD Proxy][39m Replacing sessionId 8d43dbb6-9008-4bc4-996e-a4d99f49c621 with 67c8863e-6890-4c11-bdd5-7b3ca5abd9bf
[35m[HTTP][39m [37m<-- GET /wd/hub/session/67c8863e-6890-4c11-bdd5-7b3ca5abd9bf/element/6b14d91e-6dfe-42a8-ac4f-61524954a962/location [39m[32m200[39m [90m16 ms - 77[39m
[35m[HTTP][39m [90m[39m
[35m[HTTP][39m [37m-->[39m [37mPOST[39m [37m/wd/hub/session/67c8863e-6890-4c11-bdd5-7b3ca5abd9bf/timeouts[39m
[35m[HTTP][39m [90m{"implicit":30000}[39m
[35m[HTTP][39m [37m<-- POST /wd/hub/session/67c8863e-6890-4c11-bdd5-7b3ca5abd9bf/timeouts [39m[32m200[39m [90m1 ms - 14[39m
[35m[HTTP][39m [90m[39m
[35m[HTTP][39m [37m-->[39m [37mPOST[39m [37m/wd/hub/session/67c8863e-6890-4c11-bdd5-7b3ca5abd9bf/touch/perform[39m
[35m[HTTP][39m [90m{"actions":[{"action":"tap","options":{"x":1,"y":1,"element":"6b14d91e-6dfe-42a8-ac4f-61524954a962"}},{"action":"release","options":{}}]}[39m
[35m[UiAutomator2][39m calling get location: 6b14d91e-6dfe-42a8-ac4f-61524954a962
[35m[HTTP][39m [37m<-- POST /wd/hub/session/67c8863e-6890-4c11-bdd5-7b3ca5abd9bf/touch/perform [39m[32m200[39m [90m148 ms - 14[39m
[35m[HTTP][39m [90m[39m
[35m[HTTP][39m [37m-->[39m [37mGET[39m [37m/wd/hub/session/67c8863e-6890-4c11-bdd5-7b3ca5abd9bf/context[39m
[35m[HTTP][39m [90m{}[39m
[35m[HTTP][39m [37m<-- GET /wd/hub/session/67c8863e-6890-4c11-bdd5-7b3ca5abd9bf/context [39m[32m200[39m [90m3 ms - 22[39m
[35m[HTTP][39m [90m[39m
[35m[HTTP][39m [37m-->[39m [37mGET[39m [37m/wd/hub/session/67c8863e-6890-4c11-bdd5-7b3ca5abd9bf/contexts[39m
[35m[HTTP][39m [90m{}[39m
[35m[HTTP][39m [37m<-- GET /wd/hub/session/67c8863e-6890-4c11-bdd5-7b3ca5abd9bf/contexts [39m[32m200[39m [90m86 ms - 24[39m
[35m[HTTP][39m [90m[39m
[35m[HTTP][39m [37m-->[39m [37mPOST[39m [37m/wd/hub/session/67c8863e-6890-4c11-bdd5-7b3ca5abd9bf/context[39m
[35m[HTTP][39m [90m{"name":"NATIVE_APP"}[39m
[35m[HTTP][39m [37m<-- POST /wd/hub/session/67c8863e-6890-4c11-bdd5-7b3ca5abd9bf/context [39m[32m200[39m [90m1 ms - 14[39m
[35m[HTTP][39m [90m[39m
[35m[HTTP][39m [37m-->[39m [37mGET[39m [37m/wd/hub/session/67c8863e-6890-4c11-bdd5-7b3ca5abd9bf/screenshot[39m
[35m[HTTP][39m [90m{}[39m
[35m[HTTP][39m [37m<-- GET /wd/hub/session/67c8863e-6890-4c11-bdd5-7b3ca5abd9bf/screenshot [39m[32m200[39m [90m622 ms - 151542[39m
[35m[HTTP][39m [90m[39m
[35m[HTTP][39m [37m-->[39m [37mPOST[39m [37m/wd/hub/session/67c8863e-6890-4c11-bdd5-7b3ca5abd9bf/context[39m
[35m[HTTP][39m [90m{"name":"NATIVE_APP"}[39m
[35m[HTTP][39m [37m<-- POST /wd/hub/session/67c8863e-6890-4c11-bdd5-7b3ca5abd9bf/context [39m[32m200[39m [90m1 ms - 14[39m
[35m[HTTP][39m [90m[39m
[35m[HTTP][39m [37m-->[39m [37mDELETE[39m [37m/wd/hub/session/67c8863e-6890-4c11-bdd5-7b3ca5abd9bf[39m
[35m[HTTP][39m [90m{}[39m
[35m[Appium][39m Removing session 67c8863e-6890-4c11-bdd5-7b3ca5abd9bf from our master session list
[35m[ADB][39m com.banorte.segurosdev was successfully uninstalled
[35m[HTTP][39m [37m<-- DELETE /wd/hub/session/67c8863e-6890-4c11-bdd5-7b3ca5abd9bf [39m[32m200[39m [90m3707 ms - 14[39m
[35m[HTTP][39m [90m[39m
