[35m[Appium][39m Welcome to Appium v1.20.2
[35m[Appium][39m Non-default server args:
[35m[Appium][39m   port: 56317
[35m[Appium][39m   loglevel: info
[35m[Appium][39m   tmpDir: /var/folders/fv/3lsmmqq16cj0hvn9c57pkryc0000gn/T//Katalon/Appium/Temp1615874860275
[35m[Appium][39m   chromedriverPort: 56318
[35m[Appium][39m Deprecated server args:
[35m[Appium][39m   [31m--chromedriver-port[39m => --default-capabilities
[35m[Appium][39m Default capabilities, which will be added to each request unless overridden by desired capabilities:
[35m[Appium][39m   chromedriverPort: 56318
[35m[Appium][39m Appium REST http interface listener started on 0.0.0.0:56317
[35m[HTTP][39m [37m-->[39m [37mGET[39m [37m/wd/hub/status[39m
[35m[HTTP][39m [90m{}[39m
[35m[HTTP][39m [37m<-- GET /wd/hub/status [39m[32m200[39m [90m5 ms - 68[39m
[35m[HTTP][39m [90m[39m
[35m[HTTP][39m [37m-->[39m [37mPOST[39m [37m/wd/hub/session[39m
[35m[HTTP][39m [90m{"desiredCapabilities":{"app":"/Users/a2274333/Downloads/AppClientes_327-clear-preprod-debug.apk","noReset":false,"deviceId":"","deviceName":"HUAWEI HUAWEI (Android 6.0.1)","fullReset":true,"platform":"ANDROID","newCommandTimeout":1800,"platformVersion":"6.0.1","autoGrantPermissions":true,"platformName":"Android","udid":"L5Y7N15A12003367","systemPort":56316},"capabilities":{"firstMatch":[{"appium:app":"/Users/a2274333/Downloads/AppClientes_327-clear-preprod-debug.apk","appium:autoGrantPermissions":true,"deviceId":"","appium:deviceName":"HUAWEI HUAWEI (Android 6.0.1)","appium:fullReset":true,"appium:newCommandTimeout":1800,"appium:noReset":false,"platform":"ANDROID","platformName":"android","appium:platformVersion":"6.0.1","appium:systemPort":56316,"appium:udid":"L5Y7N15A12003367"}]}}[39m
[35m[BaseDriver][39m The following capabilities are not standard capabilities and should have an extension prefix:
[35m[BaseDriver][39m   deviceId
[35m[BaseDriver][39m   platform
[35m[BaseDriver][39m   chromedriverPort
[35m[Appium][39m 
[35m[Appium][39m ======================================================================
[35m[Appium][39m   DEPRECATION WARNING:
[35m[Appium][39m 
[35m[Appium][39m   The 'automationName' capability was not provided in the desired 
[35m[Appium][39m   capabilities for this Android session
[35m[Appium][39m 
[35m[Appium][39m   Setting 'automationName=UiAutomator2' by default and using the 
[35m[Appium][39m   UiAutomator2 Driver
[35m[Appium][39m 
[35m[Appium][39m   The next major version of Appium (2.x) will **require** the 
[35m[Appium][39m   'automationName' capability to be set for all sessions on all 
[35m[Appium][39m   platforms
[35m[Appium][39m 
[35m[Appium][39m   In previous versions (Appium <= 1.13.x), the default was 
[35m[Appium][39m   'automationName=UiAutomator1'
[35m[Appium][39m 
[35m[Appium][39m   If you wish to use that automation instead of UiAutomator2, please 
[35m[Appium][39m   add 'automationName=UiAutomator1' to your desired capabilities
[35m[Appium][39m 
[35m[Appium][39m   For more information about drivers, please visit 
[35m[Appium][39m   http://appium.io/docs/en/about-appium/intro/ and explore the 
[35m[Appium][39m   'Drivers' menu
[35m[Appium][39m 
[35m[Appium][39m ======================================================================
[35m[Appium][39m 
[35m[Appium][39m Appium v1.20.2 creating new AndroidUiautomator2Driver (v1.61.2) session
[35m[BaseDriver][39m The following capabilities were provided, but are not recognized by Appium:
[35m[BaseDriver][39m   deviceId
[35m[BaseDriver][39m   platform
[35m[BaseDriver][39m Session created with session id: 49650e28-d8d7-4890-9403-9a338390d767
[35m[BaseDriver][39m Using local app '/Users/a2274333/Downloads/AppClientes_327-clear-preprod-debug.apk'
[35m[ADB][39m Found 1 'build-tools' folders under '/Users/a2274333/.katalon/tools/android_sdk' (newest first):
[35m[ADB][39m     /Users/a2274333/.katalon/tools/android_sdk/build-tools/29.0.3
[35m[ADB][39m Using 'adb' from '/Users/a2274333/.katalon/tools/android_sdk/platform-tools/adb'
[35m[AndroidDriver][39m Retrieving device list
[35m[AndroidDriver][39m Using device: L5Y7N15A12003367
[35m[ADB][39m Using 'adb' from '/Users/a2274333/.katalon/tools/android_sdk/platform-tools/adb'
[35m[ADB][39m Package name: 'com.banorte.segurosdev'
[35m[ADB][39m Main activity name: 'com.banorte.seguros.vistas.general.EmptyStateScreen'
[35m[AndroidDriver][39m Granting permissions SET_ANIMATION_SCALE,CHANGE_CONFIGURATION,ACCESS_FINE_LOCATION to 'io.appium.settings'
[35m[ADB][39m Using 'apksigner.jar' from '/Users/a2274333/.katalon/tools/android_sdk/build-tools/29.0.3/lib/apksigner.jar'
[35m[ADB][39m '/Users/a2274333/node_modules/appium/node_modules/appium-uiautomator2-server/apks/appium-uiautomator2-server-v4.17.4.apk' is signed with the default certificate
[35m[ADB][39m '/Users/a2274333/node_modules/appium/node_modules/appium-uiautomator2-server/apks/appium-uiautomator2-server-debug-androidTest.apk' is signed with the default certificate
[35m[UiAutomator2][39m Server packages are not going to be (re)installed
[35m[ADB][39m Adding packages ["io.appium.settings","io.appium.uiautomator2.server","io.appium.uiautomator2.server.test"] to Doze whitelist
[35m[ADB][39m '/Users/a2274333/Downloads/AppClientes_327-clear-preprod-debug.apk' is signed with a non-default certificate
[35m[ADB][39m com.banorte.segurosdev was not uninstalled, because it was not present on the device
[35m[ADB][39m The application at '/Users/a2274333/Downloads/AppClientes_327-clear-preprod-debug.apk' is already cached to '/data/local/tmp/appium_cache/940849ba0c1b2fd651806cef90e91f0cb398620f.apk'
[35m[ADB][39m The installation of 'AppClientes_327-clear-preprod-debug.apk' took 37823ms
[35m[UiAutomator2][39m Starting UIAutomator2 server 4.17.4
[35m[UiAutomator2][39m Using UIAutomator2 server from '/Users/a2274333/node_modules/appium/node_modules/appium-uiautomator2-server/apks/appium-uiautomator2-server-v4.17.4.apk' and test from '/Users/a2274333/node_modules/appium/node_modules/appium-uiautomator2-server/apks/appium-uiautomator2-server-debug-androidTest.apk'
[35m[UiAutomator2][39m Waiting up to 30000ms for UiAutomator2 to be online...
[35m[WD Proxy][39m socket hang up
[35m[WD Proxy][39m socket hang up
[35m[WD Proxy][39m socket hang up
[35m[WD Proxy][39m socket hang up
[35m[WD Proxy][39m Determined the downstream protocol as 'W3C'
[35m[AndroidDriver][39m Screen already unlocked, doing nothing
[35m[UiAutomator2][39m Starting 'com.banorte.segurosdev/com.banorte.seguros.vistas.general.EmptyStateScreen and waiting for 'com.banorte.segurosdev/com.banorte.seguros.vistas.general.EmptyStateScreen'
[35m[Appium][39m New AndroidUiautomator2Driver session created successfully, session 49650e28-d8d7-4890-9403-9a338390d767 added to master session list
[35m[HTTP][39m [37m<-- POST /wd/hub/session [39m[32m200[39m [90m57622 ms - 1269[39m
[35m[HTTP][39m [90m[39m
[35m[HTTP][39m [37m-->[39m [37mGET[39m [37m/wd/hub/session/49650e28-d8d7-4890-9403-9a338390d767[39m
[35m[HTTP][39m [90m{}[39m
[35m[HTTP][39m [37m<-- GET /wd/hub/session/49650e28-d8d7-4890-9403-9a338390d767 [39m[32m200[39m [90m10 ms - 1223[39m
[35m[HTTP][39m [90m[39m
[35m[HTTP][39m [37m-->[39m [37mGET[39m [37m/wd/hub/session/49650e28-d8d7-4890-9403-9a338390d767[39m
[35m[HTTP][39m [90m{}[39m
[35m[HTTP][39m [37m<-- GET /wd/hub/session/49650e28-d8d7-4890-9403-9a338390d767 [39m[32m200[39m [90m8 ms - 1223[39m
[35m[HTTP][39m [90m[39m
[35m[HTTP][39m [37m-->[39m [37mGET[39m [37m/wd/hub/status[39m
[35m[HTTP][39m [90m{}[39m
[35m[HTTP][39m [37m<-- GET /wd/hub/status [39m[32m200[39m [90m1 ms - 68[39m
[35m[HTTP][39m [90m[39m
[35m[HTTP][39m [37m-->[39m [37mPOST[39m [37m/wd/hub/session/49650e28-d8d7-4890-9403-9a338390d767/timeouts[39m
[35m[HTTP][39m [90m{"implicit":30000}[39m
[35m[HTTP][39m [37m<-- POST /wd/hub/session/49650e28-d8d7-4890-9403-9a338390d767/timeouts [39m[32m200[39m [90m2 ms - 14[39m
[35m[HTTP][39m [90m[39m
[35m[HTTP][39m [37m-->[39m [37mGET[39m [37m/wd/hub/session/49650e28-d8d7-4890-9403-9a338390d767/screenshot[39m
[35m[HTTP][39m [90m{}[39m
[35m[HTTP][39m [37m<-- GET /wd/hub/session/49650e28-d8d7-4890-9403-9a338390d767/screenshot [39m[32m200[39m [90m473 ms - 41858[39m
[35m[HTTP][39m [90m[39m
[35m[HTTP][39m [37m-->[39m [37mGET[39m [37m/wd/hub/session/49650e28-d8d7-4890-9403-9a338390d767/window/rect[39m
[35m[HTTP][39m [90m{}[39m
[35m[HTTP][39m [37m<-- GET /wd/hub/session/49650e28-d8d7-4890-9403-9a338390d767/window/rect [39m[32m200[39m [90m15 ms - 49[39m
[35m[HTTP][39m [90m[39m
[35m[HTTP][39m [37m-->[39m [37mGET[39m [37m/wd/hub/session/49650e28-d8d7-4890-9403-9a338390d767/appium/device/system_bars[39m
[35m[HTTP][39m [90m{}[39m
[35m[HTTP][39m [37m<-- GET /wd/hub/session/49650e28-d8d7-4890-9403-9a338390d767/appium/device/system_bars [39m[32m200[39m [90m60 ms - 148[39m
[35m[HTTP][39m [90m[39m
[35m[HTTP][39m [37m-->[39m [37mPOST[39m [37m/wd/hub/session/49650e28-d8d7-4890-9403-9a338390d767/timeouts[39m
[35m[HTTP][39m [90m{"implicit":50}[39m
[35m[HTTP][39m [37m<-- POST /wd/hub/session/49650e28-d8d7-4890-9403-9a338390d767/timeouts [39m[32m200[39m [90m2 ms - 14[39m
[35m[HTTP][39m [90m[39m
[35m[HTTP][39m [37m-->[39m [37mGET[39m [37m/wd/hub/session/49650e28-d8d7-4890-9403-9a338390d767/window/rect[39m
[35m[HTTP][39m [90m{}[39m
[35m[HTTP][39m [37m<-- GET /wd/hub/session/49650e28-d8d7-4890-9403-9a338390d767/window/rect [39m[32m200[39m [90m12 ms - 49[39m
[35m[HTTP][39m [90m[39m
[35m[HTTP][39m [37m-->[39m [37mPOST[39m [37m/wd/hub/session/49650e28-d8d7-4890-9403-9a338390d767/elements[39m
[35m[HTTP][39m [90m{"using":"xpath","value":"//*[@class = 'android.widget.Button' and (@text = 'Permitir' or . = 'Permitir') and @resource-id = 'android:id/button1']"}[39m
[35m[HTTP][39m [37m<-- POST /wd/hub/session/49650e28-d8d7-4890-9403-9a338390d767/elements [39m[32m200[39m [90m288 ms - 139[39m
[35m[HTTP][39m [90m[39m
[35m[HTTP][39m [37m-->[39m [37mGET[39m [37m/wd/hub/session/49650e28-d8d7-4890-9403-9a338390d767/element/e062b409-83b3-4f56-bd32-f3a26908d10a/location[39m
[35m[HTTP][39m [90m{}[39m
[35m[W3C (49650e28)][39m Driver proxy active, passing request on via HTTP proxy
[35m[WD Proxy][39m Replacing sessionId 476a3084-e605-4096-b20b-4bf64d5865c9 with 49650e28-d8d7-4890-9403-9a338390d767
[35m[HTTP][39m [37m<-- GET /wd/hub/session/49650e28-d8d7-4890-9403-9a338390d767/element/e062b409-83b3-4f56-bd32-f3a26908d10a/location [39m[32m200[39m [90m23 ms - 78[39m
[35m[HTTP][39m [90m[39m
[35m[HTTP][39m [37m-->[39m [37mPOST[39m [37m/wd/hub/session/49650e28-d8d7-4890-9403-9a338390d767/timeouts[39m
[35m[HTTP][39m [90m{"implicit":30000}[39m
[35m[HTTP][39m [37m<-- POST /wd/hub/session/49650e28-d8d7-4890-9403-9a338390d767/timeouts [39m[32m200[39m [90m1 ms - 14[39m
[35m[HTTP][39m [90m[39m
[35m[HTTP][39m [37m-->[39m [37mPOST[39m [37m/wd/hub/session/49650e28-d8d7-4890-9403-9a338390d767/touch/perform[39m
[35m[HTTP][39m [90m{"actions":[{"action":"tap","options":{"x":1,"y":1,"element":"e062b409-83b3-4f56-bd32-f3a26908d10a"}},{"action":"release","options":{}}]}[39m
[35m[UiAutomator2][39m calling get location: e062b409-83b3-4f56-bd32-f3a26908d10a
[35m[HTTP][39m [37m<-- POST /wd/hub/session/49650e28-d8d7-4890-9403-9a338390d767/touch/perform [39m[32m200[39m [90m1487 ms - 14[39m
[35m[HTTP][39m [90m[39m
[35m[HTTP][39m [37m-->[39m [37mPOST[39m [37m/wd/hub/session/49650e28-d8d7-4890-9403-9a338390d767/timeouts[39m
[35m[HTTP][39m [90m{"implicit":50}[39m
[35m[HTTP][39m [37m<-- POST /wd/hub/session/49650e28-d8d7-4890-9403-9a338390d767/timeouts [39m[32m200[39m [90m1 ms - 14[39m
[35m[HTTP][39m [90m[39m
[35m[HTTP][39m [37m-->[39m [37mGET[39m [37m/wd/hub/session/49650e28-d8d7-4890-9403-9a338390d767/window/rect[39m
[35m[HTTP][39m [90m{}[39m
[35m[HTTP][39m [37m<-- GET /wd/hub/session/49650e28-d8d7-4890-9403-9a338390d767/window/rect [39m[32m200[39m [90m13 ms - 49[39m
[35m[HTTP][39m [90m[39m
[35m[HTTP][39m [37m-->[39m [37mPOST[39m [37m/wd/hub/session/49650e28-d8d7-4890-9403-9a338390d767/elements[39m
[35m[HTTP][39m [90m{"using":"xpath","value":"//*[@class = 'android.widget.Button' and (@text = 'Allow' or . = 'Allow') and @resource-id = 'com.android.packageinstaller:id/permission_allow_button']"}[39m
[35m[HTTP][39m [37m<-- POST /wd/hub/session/49650e28-d8d7-4890-9403-9a338390d767/elements [39m[32m200[39m [90m51 ms - 139[39m
[35m[HTTP][39m [90m[39m
[35m[HTTP][39m [37m-->[39m [37mGET[39m [37m/wd/hub/session/49650e28-d8d7-4890-9403-9a338390d767/element/dab72c79-b6ac-4d73-9e58-a07df15dc17f/location[39m
[35m[HTTP][39m [90m{}[39m
[35m[W3C (49650e28)][39m Driver proxy active, passing request on via HTTP proxy
[35m[WD Proxy][39m Replacing sessionId 476a3084-e605-4096-b20b-4bf64d5865c9 with 49650e28-d8d7-4890-9403-9a338390d767
[35m[HTTP][39m [37m<-- GET /wd/hub/session/49650e28-d8d7-4890-9403-9a338390d767/element/dab72c79-b6ac-4d73-9e58-a07df15dc17f/location [39m[32m200[39m [90m18 ms - 78[39m
[35m[HTTP][39m [90m[39m
[35m[HTTP][39m [37m-->[39m [37mPOST[39m [37m/wd/hub/session/49650e28-d8d7-4890-9403-9a338390d767/timeouts[39m
[35m[HTTP][39m [90m{"implicit":30000}[39m
[35m[HTTP][39m [37m<-- POST /wd/hub/session/49650e28-d8d7-4890-9403-9a338390d767/timeouts [39m[32m200[39m [90m1 ms - 14[39m
[35m[HTTP][39m [90m[39m
[35m[HTTP][39m [37m-->[39m [37mPOST[39m [37m/wd/hub/session/49650e28-d8d7-4890-9403-9a338390d767/touch/perform[39m
[35m[HTTP][39m [90m{"actions":[{"action":"tap","options":{"x":1,"y":1,"element":"dab72c79-b6ac-4d73-9e58-a07df15dc17f"}},{"action":"release","options":{}}]}[39m
[35m[UiAutomator2][39m calling get location: dab72c79-b6ac-4d73-9e58-a07df15dc17f
[35m[HTTP][39m [37m<-- POST /wd/hub/session/49650e28-d8d7-4890-9403-9a338390d767/touch/perform [39m[32m200[39m [90m139 ms - 14[39m
[35m[HTTP][39m [90m[39m
[35m[HTTP][39m [37m-->[39m [37mGET[39m [37m/wd/hub/session/49650e28-d8d7-4890-9403-9a338390d767/context[39m
[35m[HTTP][39m [90m{}[39m
[35m[HTTP][39m [37m<-- GET /wd/hub/session/49650e28-d8d7-4890-9403-9a338390d767/context [39m[32m200[39m [90m1 ms - 22[39m
[35m[HTTP][39m [90m[39m
[35m[HTTP][39m [37m-->[39m [37mGET[39m [37m/wd/hub/session/49650e28-d8d7-4890-9403-9a338390d767/contexts[39m
[35m[HTTP][39m [90m{}[39m
[35m[HTTP][39m [37m<-- GET /wd/hub/session/49650e28-d8d7-4890-9403-9a338390d767/contexts [39m[32m200[39m [90m60 ms - 24[39m
[35m[HTTP][39m [90m[39m
[35m[HTTP][39m [37m-->[39m [37mPOST[39m [37m/wd/hub/session/49650e28-d8d7-4890-9403-9a338390d767/context[39m
[35m[HTTP][39m [90m{"name":"NATIVE_APP"}[39m
[35m[HTTP][39m [37m<-- POST /wd/hub/session/49650e28-d8d7-4890-9403-9a338390d767/context [39m[32m200[39m [90m1 ms - 14[39m
[35m[HTTP][39m [90m[39m
[35m[HTTP][39m [37m-->[39m [37mGET[39m [37m/wd/hub/session/49650e28-d8d7-4890-9403-9a338390d767/screenshot[39m
[35m[HTTP][39m [90m{}[39m
[35m[HTTP][39m [37m<-- GET /wd/hub/session/49650e28-d8d7-4890-9403-9a338390d767/screenshot [39m[32m200[39m [90m1891 ms - 1149212[39m
[35m[HTTP][39m [90m[39m
[35m[HTTP][39m [37m-->[39m [37mPOST[39m [37m/wd/hub/session/49650e28-d8d7-4890-9403-9a338390d767/context[39m
[35m[HTTP][39m [90m{"name":"NATIVE_APP"}[39m
[35m[HTTP][39m [37m<-- POST /wd/hub/session/49650e28-d8d7-4890-9403-9a338390d767/context [39m[32m200[39m [90m2 ms - 14[39m
[35m[HTTP][39m [90m[39m
[35m[HTTP][39m [37m-->[39m [37mPOST[39m [37m/wd/hub/session/49650e28-d8d7-4890-9403-9a338390d767/timeouts[39m
[35m[HTTP][39m [90m{"implicit":50}[39m
[35m[HTTP][39m [37m<-- POST /wd/hub/session/49650e28-d8d7-4890-9403-9a338390d767/timeouts [39m[32m200[39m [90m1 ms - 14[39m
[35m[HTTP][39m [90m[39m
[35m[HTTP][39m [37m-->[39m [37mGET[39m [37m/wd/hub/session/49650e28-d8d7-4890-9403-9a338390d767/window/rect[39m
[35m[HTTP][39m [90m{}[39m
[35m[HTTP][39m [37m<-- GET /wd/hub/session/49650e28-d8d7-4890-9403-9a338390d767/window/rect [39m[32m200[39m [90m15 ms - 49[39m
[35m[HTTP][39m [90m[39m
[35m[HTTP][39m [37m-->[39m [37mPOST[39m [37m/wd/hub/session/49650e28-d8d7-4890-9403-9a338390d767/elements[39m
[35m[HTTP][39m [90m{"using":"xpath","value":"//*[@class = 'android.widget.Button' and (@text = 'Registrarme' or . = 'Registrarme') and @resource-id = 'com.banorte.segurosdev:id/btn_registro']"}[39m
[35m[HTTP][39m [37m<-- POST /wd/hub/session/49650e28-d8d7-4890-9403-9a338390d767/elements [39m[32m200[39m [90m54 ms - 139[39m
[35m[HTTP][39m [90m[39m
[35m[HTTP][39m [37m-->[39m [37mGET[39m [37m/wd/hub/session/49650e28-d8d7-4890-9403-9a338390d767/element/49c99691-dae6-417b-93a7-3aa1e0d69e63/location[39m
[35m[HTTP][39m [90m{}[39m
[35m[W3C (49650e28)][39m Driver proxy active, passing request on via HTTP proxy
[35m[WD Proxy][39m Replacing sessionId 476a3084-e605-4096-b20b-4bf64d5865c9 with 49650e28-d8d7-4890-9403-9a338390d767
[35m[HTTP][39m [37m<-- GET /wd/hub/session/49650e28-d8d7-4890-9403-9a338390d767/element/49c99691-dae6-417b-93a7-3aa1e0d69e63/location [39m[32m200[39m [90m18 ms - 77[39m
[35m[HTTP][39m [90m[39m
[35m[HTTP][39m [37m-->[39m [37mPOST[39m [37m/wd/hub/session/49650e28-d8d7-4890-9403-9a338390d767/timeouts[39m
[35m[HTTP][39m [90m{"implicit":30000}[39m
[35m[HTTP][39m [37m<-- POST /wd/hub/session/49650e28-d8d7-4890-9403-9a338390d767/timeouts [39m[32m200[39m [90m1 ms - 14[39m
[35m[HTTP][39m [90m[39m
[35m[HTTP][39m [37m-->[39m [37mPOST[39m [37m/wd/hub/session/49650e28-d8d7-4890-9403-9a338390d767/touch/perform[39m
[35m[HTTP][39m [90m{"actions":[{"action":"tap","options":{"x":1,"y":1,"element":"49c99691-dae6-417b-93a7-3aa1e0d69e63"}},{"action":"release","options":{}}]}[39m
[35m[UiAutomator2][39m calling get location: 49c99691-dae6-417b-93a7-3aa1e0d69e63
[35m[HTTP][39m [37m<-- POST /wd/hub/session/49650e28-d8d7-4890-9403-9a338390d767/touch/perform [39m[32m200[39m [90m145 ms - 14[39m
[35m[HTTP][39m [90m[39m
[35m[HTTP][39m [37m-->[39m [37mGET[39m [37m/wd/hub/session/49650e28-d8d7-4890-9403-9a338390d767/context[39m
[35m[HTTP][39m [90m{}[39m
[35m[HTTP][39m [37m<-- GET /wd/hub/session/49650e28-d8d7-4890-9403-9a338390d767/context [39m[32m200[39m [90m4 ms - 22[39m
[35m[HTTP][39m [90m[39m
[35m[HTTP][39m [37m-->[39m [37mGET[39m [37m/wd/hub/session/49650e28-d8d7-4890-9403-9a338390d767/contexts[39m
[35m[HTTP][39m [90m{}[39m
[35m[HTTP][39m [37m<-- GET /wd/hub/session/49650e28-d8d7-4890-9403-9a338390d767/contexts [39m[32m200[39m [90m47 ms - 24[39m
[35m[HTTP][39m [90m[39m
[35m[HTTP][39m [37m-->[39m [37mPOST[39m [37m/wd/hub/session/49650e28-d8d7-4890-9403-9a338390d767/context[39m
[35m[HTTP][39m [90m{"name":"NATIVE_APP"}[39m
[35m[HTTP][39m [37m<-- POST /wd/hub/session/49650e28-d8d7-4890-9403-9a338390d767/context [39m[32m200[39m [90m1 ms - 14[39m
[35m[HTTP][39m [90m[39m
[35m[HTTP][39m [37m-->[39m [37mPOST[39m [37m/wd/hub/session/49650e28-d8d7-4890-9403-9a338390d767/appium/device/hide_keyboard[39m
[35m[HTTP][39m [90m{}[39m
[35m[HTTP][39m [37m<-- POST /wd/hub/session/49650e28-d8d7-4890-9403-9a338390d767/appium/device/hide_keyboard [39m[32m200[39m [90m1631 ms - 14[39m
[35m[HTTP][39m [90m[39m
[35m[HTTP][39m [37m-->[39m [37mPOST[39m [37m/wd/hub/session/49650e28-d8d7-4890-9403-9a338390d767/context[39m
[35m[HTTP][39m [90m{"name":"NATIVE_APP"}[39m
[35m[HTTP][39m [37m<-- POST /wd/hub/session/49650e28-d8d7-4890-9403-9a338390d767/context [39m[32m200[39m [90m1 ms - 14[39m
[35m[HTTP][39m [90m[39m
[35m[HTTP][39m [37m-->[39m [37mPOST[39m [37m/wd/hub/session/49650e28-d8d7-4890-9403-9a338390d767/timeouts[39m
[35m[HTTP][39m [90m{"implicit":50}[39m
[35m[HTTP][39m [37m<-- POST /wd/hub/session/49650e28-d8d7-4890-9403-9a338390d767/timeouts [39m[32m200[39m [90m3 ms - 14[39m
[35m[HTTP][39m [90m[39m
[35m[HTTP][39m [37m-->[39m [37mGET[39m [37m/wd/hub/session/49650e28-d8d7-4890-9403-9a338390d767/window/rect[39m
[35m[HTTP][39m [90m{}[39m
[35m[HTTP][39m [37m<-- GET /wd/hub/session/49650e28-d8d7-4890-9403-9a338390d767/window/rect [39m[32m200[39m [90m13 ms - 49[39m
[35m[HTTP][39m [90m[39m
[35m[HTTP][39m [37m-->[39m [37mPOST[39m [37m/wd/hub/session/49650e28-d8d7-4890-9403-9a338390d767/elements[39m
[35m[HTTP][39m [90m{"using":"xpath","value":"//*[@class = 'android.widget.EditText' and (@text = 'Ingresa tu nombre' or . = 'Ingresa tu nombre') and @resource-id = 'com.banorte.segurosdev:id/txt_nombre']"}[39m
[35m[HTTP][39m [37m<-- POST /wd/hub/session/49650e28-d8d7-4890-9403-9a338390d767/elements [39m[32m200[39m [90m341 ms - 139[39m
[35m[HTTP][39m [90m[39m
[35m[HTTP][39m [37m-->[39m [37mGET[39m [37m/wd/hub/session/49650e28-d8d7-4890-9403-9a338390d767/element/5aedfa29-3b4a-4f2f-9f1c-ec97296335fc/location[39m
[35m[HTTP][39m [90m{}[39m
[35m[W3C (49650e28)][39m Driver proxy active, passing request on via HTTP proxy
[35m[WD Proxy][39m Replacing sessionId 476a3084-e605-4096-b20b-4bf64d5865c9 with 49650e28-d8d7-4890-9403-9a338390d767
[35m[HTTP][39m [37m<-- GET /wd/hub/session/49650e28-d8d7-4890-9403-9a338390d767/element/5aedfa29-3b4a-4f2f-9f1c-ec97296335fc/location [39m[32m200[39m [90m15 ms - 77[39m
[35m[HTTP][39m [90m[39m
[35m[HTTP][39m [37m-->[39m [37mPOST[39m [37m/wd/hub/session/49650e28-d8d7-4890-9403-9a338390d767/timeouts[39m
[35m[HTTP][39m [90m{"implicit":30000}[39m
[35m[HTTP][39m [37m<-- POST /wd/hub/session/49650e28-d8d7-4890-9403-9a338390d767/timeouts [39m[32m200[39m [90m1 ms - 14[39m
[35m[HTTP][39m [90m[39m
[35m[HTTP][39m [37m-->[39m [37mPOST[39m [37m/wd/hub/session/49650e28-d8d7-4890-9403-9a338390d767/element/5aedfa29-3b4a-4f2f-9f1c-ec97296335fc/clear[39m
[35m[HTTP][39m [90m{"id":"5aedfa29-3b4a-4f2f-9f1c-ec97296335fc"}[39m
[35m[HTTP][39m [37m<-- POST /wd/hub/session/49650e28-d8d7-4890-9403-9a338390d767/element/5aedfa29-3b4a-4f2f-9f1c-ec97296335fc/clear [39m[32m200[39m [90m110 ms - 14[39m
[35m[HTTP][39m [90m[39m
[35m[HTTP][39m [37m-->[39m [37mPOST[39m [37m/wd/hub/session/49650e28-d8d7-4890-9403-9a338390d767/element/5aedfa29-3b4a-4f2f-9f1c-ec97296335fc/value[39m
[35m[HTTP][39m [90m{"id":"5aedfa29-3b4a-4f2f-9f1c-ec97296335fc","text":"Fernando","value":["F","e","r","n","a","n","d","o"]}[39m
[35m[HTTP][39m [37m<-- POST /wd/hub/session/49650e28-d8d7-4890-9403-9a338390d767/element/5aedfa29-3b4a-4f2f-9f1c-ec97296335fc/value [39m[32m200[39m [90m1039 ms - 14[39m
[35m[HTTP][39m [90m[39m
[35m[HTTP][39m [37m-->[39m [37mGET[39m [37m/wd/hub/session/49650e28-d8d7-4890-9403-9a338390d767/context[39m
[35m[HTTP][39m [90m{}[39m
[35m[HTTP][39m [37m<-- GET /wd/hub/session/49650e28-d8d7-4890-9403-9a338390d767/context [39m[32m200[39m [90m1 ms - 22[39m
[35m[HTTP][39m [90m[39m
[35m[HTTP][39m [37m-->[39m [37mGET[39m [37m/wd/hub/session/49650e28-d8d7-4890-9403-9a338390d767/contexts[39m
[35m[HTTP][39m [90m{}[39m
[35m[HTTP][39m [37m<-- GET /wd/hub/session/49650e28-d8d7-4890-9403-9a338390d767/contexts [39m[32m200[39m [90m49 ms - 24[39m
[35m[HTTP][39m [90m[39m
[35m[HTTP][39m [37m-->[39m [37mPOST[39m [37m/wd/hub/session/49650e28-d8d7-4890-9403-9a338390d767/context[39m
[35m[HTTP][39m [90m{"name":"NATIVE_APP"}[39m
[35m[HTTP][39m [37m<-- POST /wd/hub/session/49650e28-d8d7-4890-9403-9a338390d767/context [39m[32m200[39m [90m1 ms - 14[39m
[35m[HTTP][39m [90m[39m
[35m[HTTP][39m [37m-->[39m [37mGET[39m [37m/wd/hub/session/49650e28-d8d7-4890-9403-9a338390d767/screenshot[39m
[35m[HTTP][39m [90m{}[39m
[35m[HTTP][39m [37m<-- GET /wd/hub/session/49650e28-d8d7-4890-9403-9a338390d767/screenshot [39m[32m200[39m [90m501 ms - 85978[39m
[35m[HTTP][39m [90m[39m
[35m[HTTP][39m [37m-->[39m [37mPOST[39m [37m/wd/hub/session/49650e28-d8d7-4890-9403-9a338390d767/context[39m
[35m[HTTP][39m [90m{"name":"NATIVE_APP"}[39m
[35m[HTTP][39m [37m<-- POST /wd/hub/session/49650e28-d8d7-4890-9403-9a338390d767/context [39m[32m200[39m [90m1 ms - 14[39m
[35m[HTTP][39m [90m[39m
[35m[HTTP][39m [37m-->[39m [37mPOST[39m [37m/wd/hub/session/49650e28-d8d7-4890-9403-9a338390d767/timeouts[39m
[35m[HTTP][39m [90m{"implicit":50}[39m
[35m[HTTP][39m [37m<-- POST /wd/hub/session/49650e28-d8d7-4890-9403-9a338390d767/timeouts [39m[32m200[39m [90m1 ms - 14[39m
[35m[HTTP][39m [90m[39m
[35m[HTTP][39m [37m-->[39m [37mGET[39m [37m/wd/hub/session/49650e28-d8d7-4890-9403-9a338390d767/window/rect[39m
[35m[HTTP][39m [90m{}[39m
[35m[HTTP][39m [37m<-- GET /wd/hub/session/49650e28-d8d7-4890-9403-9a338390d767/window/rect [39m[32m200[39m [90m12 ms - 49[39m
[35m[HTTP][39m [90m[39m
[35m[HTTP][39m [37m-->[39m [37mPOST[39m [37m/wd/hub/session/49650e28-d8d7-4890-9403-9a338390d767/elements[39m
[35m[HTTP][39m [90m{"using":"xpath","value":"//*[@class = 'android.widget.EditText'  and @resource-id = 'com.banorte.segurosdev:id/txt_apellido_paterno']"}[39m
[35m[HTTP][39m [37m<-- POST /wd/hub/session/49650e28-d8d7-4890-9403-9a338390d767/elements [39m[32m200[39m [90m58 ms - 139[39m
[35m[HTTP][39m [90m[39m
[35m[HTTP][39m [37m-->[39m [37mGET[39m [37m/wd/hub/session/49650e28-d8d7-4890-9403-9a338390d767/element/b3e81474-61c0-4369-ab3d-e1a39587fb07/location[39m
[35m[HTTP][39m [90m{}[39m
[35m[W3C (49650e28)][39m Driver proxy active, passing request on via HTTP proxy
[35m[WD Proxy][39m Replacing sessionId 476a3084-e605-4096-b20b-4bf64d5865c9 with 49650e28-d8d7-4890-9403-9a338390d767
[35m[HTTP][39m [37m<-- GET /wd/hub/session/49650e28-d8d7-4890-9403-9a338390d767/element/b3e81474-61c0-4369-ab3d-e1a39587fb07/location [39m[32m200[39m [90m16 ms - 77[39m
[35m[HTTP][39m [90m[39m
[35m[HTTP][39m [37m-->[39m [37mPOST[39m [37m/wd/hub/session/49650e28-d8d7-4890-9403-9a338390d767/timeouts[39m
[35m[HTTP][39m [90m{"implicit":30000}[39m
[35m[HTTP][39m [37m<-- POST /wd/hub/session/49650e28-d8d7-4890-9403-9a338390d767/timeouts [39m[32m200[39m [90m1 ms - 14[39m
[35m[HTTP][39m [90m[39m
[35m[HTTP][39m [37m-->[39m [37mPOST[39m [37m/wd/hub/session/49650e28-d8d7-4890-9403-9a338390d767/element/b3e81474-61c0-4369-ab3d-e1a39587fb07/clear[39m
[35m[HTTP][39m [90m{"id":"b3e81474-61c0-4369-ab3d-e1a39587fb07"}[39m
[35m[HTTP][39m [37m<-- POST /wd/hub/session/49650e28-d8d7-4890-9403-9a338390d767/element/b3e81474-61c0-4369-ab3d-e1a39587fb07/clear [39m[32m200[39m [90m20 ms - 14[39m
[35m[HTTP][39m [90m[39m
[35m[HTTP][39m [37m-->[39m [37mPOST[39m [37m/wd/hub/session/49650e28-d8d7-4890-9403-9a338390d767/element/b3e81474-61c0-4369-ab3d-e1a39587fb07/value[39m
[35m[HTTP][39m [90m{"id":"b3e81474-61c0-4369-ab3d-e1a39587fb07","text":"Martinez","value":["M","a","r","t","i","n","e","z"]}[39m
[35m[HTTP][39m [37m<-- POST /wd/hub/session/49650e28-d8d7-4890-9403-9a338390d767/element/b3e81474-61c0-4369-ab3d-e1a39587fb07/value [39m[32m200[39m [90m1031 ms - 14[39m
[35m[HTTP][39m [90m[39m
[35m[HTTP][39m [37m-->[39m [37mPOST[39m [37m/wd/hub/session/49650e28-d8d7-4890-9403-9a338390d767/timeouts[39m
[35m[HTTP][39m [90m{"implicit":50}[39m
[35m[HTTP][39m [37m<-- POST /wd/hub/session/49650e28-d8d7-4890-9403-9a338390d767/timeouts [39m[32m200[39m [90m1 ms - 14[39m
[35m[HTTP][39m [90m[39m
[35m[HTTP][39m [37m-->[39m [37mGET[39m [37m/wd/hub/session/49650e28-d8d7-4890-9403-9a338390d767/window/rect[39m
[35m[HTTP][39m [90m{}[39m
[35m[HTTP][39m [37m<-- GET /wd/hub/session/49650e28-d8d7-4890-9403-9a338390d767/window/rect [39m[32m200[39m [90m12 ms - 49[39m
[35m[HTTP][39m [90m[39m
[35m[HTTP][39m [37m-->[39m [37mPOST[39m [37m/wd/hub/session/49650e28-d8d7-4890-9403-9a338390d767/elements[39m
[35m[HTTP][39m [90m{"using":"xpath","value":"//*[@class = 'android.widget.EditText' and @resource-id = 'com.banorte.segurosdev:id/txt_apellido_materno']"}[39m
[35m[HTTP][39m [37m<-- POST /wd/hub/session/49650e28-d8d7-4890-9403-9a338390d767/elements [39m[32m200[39m [90m459 ms - 139[39m
[35m[HTTP][39m [90m[39m
[35m[HTTP][39m [37m-->[39m [37mGET[39m [37m/wd/hub/session/49650e28-d8d7-4890-9403-9a338390d767/element/1b95d1fe-b114-48f8-b8a0-04ca0d7278de/location[39m
[35m[HTTP][39m [90m{}[39m
[35m[W3C (49650e28)][39m Driver proxy active, passing request on via HTTP proxy
[35m[WD Proxy][39m Replacing sessionId 476a3084-e605-4096-b20b-4bf64d5865c9 with 49650e28-d8d7-4890-9403-9a338390d767
[35m[HTTP][39m [37m<-- GET /wd/hub/session/49650e28-d8d7-4890-9403-9a338390d767/element/1b95d1fe-b114-48f8-b8a0-04ca0d7278de/location [39m[32m200[39m [90m12 ms - 77[39m
[35m[HTTP][39m [90m[39m
[35m[HTTP][39m [37m-->[39m [37mPOST[39m [37m/wd/hub/session/49650e28-d8d7-4890-9403-9a338390d767/timeouts[39m
[35m[HTTP][39m [90m{"implicit":30000}[39m
[35m[HTTP][39m [37m<-- POST /wd/hub/session/49650e28-d8d7-4890-9403-9a338390d767/timeouts [39m[32m200[39m [90m2 ms - 14[39m
[35m[HTTP][39m [90m[39m
[35m[HTTP][39m [37m-->[39m [37mPOST[39m [37m/wd/hub/session/49650e28-d8d7-4890-9403-9a338390d767/element/1b95d1fe-b114-48f8-b8a0-04ca0d7278de/clear[39m
[35m[HTTP][39m [90m{"id":"1b95d1fe-b114-48f8-b8a0-04ca0d7278de"}[39m
[35m[HTTP][39m [37m<-- POST /wd/hub/session/49650e28-d8d7-4890-9403-9a338390d767/element/1b95d1fe-b114-48f8-b8a0-04ca0d7278de/clear [39m[32m200[39m [90m16 ms - 14[39m
[35m[HTTP][39m [90m[39m
[35m[HTTP][39m [37m-->[39m [37mPOST[39m [37m/wd/hub/session/49650e28-d8d7-4890-9403-9a338390d767/element/1b95d1fe-b114-48f8-b8a0-04ca0d7278de/value[39m
[35m[HTTP][39m [90m{"id":"1b95d1fe-b114-48f8-b8a0-04ca0d7278de","text":"Quezada","value":["Q","u","e","z","a","d","a"]}[39m
[35m[HTTP][39m [37m<-- POST /wd/hub/session/49650e28-d8d7-4890-9403-9a338390d767/element/1b95d1fe-b114-48f8-b8a0-04ca0d7278de/value [39m[32m200[39m [90m1028 ms - 14[39m
[35m[HTTP][39m [90m[39m
[35m[HTTP][39m [37m-->[39m [37mGET[39m [37m/wd/hub/session/49650e28-d8d7-4890-9403-9a338390d767/context[39m
[35m[HTTP][39m [90m{}[39m
[35m[HTTP][39m [37m<-- GET /wd/hub/session/49650e28-d8d7-4890-9403-9a338390d767/context [39m[32m200[39m [90m1 ms - 22[39m
[35m[HTTP][39m [90m[39m
[35m[HTTP][39m [37m-->[39m [37mGET[39m [37m/wd/hub/session/49650e28-d8d7-4890-9403-9a338390d767/contexts[39m
[35m[HTTP][39m [90m{}[39m
[35m[HTTP][39m [37m<-- GET /wd/hub/session/49650e28-d8d7-4890-9403-9a338390d767/contexts [39m[32m200[39m [90m38 ms - 24[39m
[35m[HTTP][39m [90m[39m
[35m[HTTP][39m [37m-->[39m [37mPOST[39m [37m/wd/hub/session/49650e28-d8d7-4890-9403-9a338390d767/context[39m
[35m[HTTP][39m [90m{"name":"NATIVE_APP"}[39m
[35m[HTTP][39m [37m<-- POST /wd/hub/session/49650e28-d8d7-4890-9403-9a338390d767/context [39m[32m200[39m [90m1 ms - 14[39m
[35m[HTTP][39m [90m[39m
[35m[HTTP][39m [37m-->[39m [37mPOST[39m [37m/wd/hub/session/49650e28-d8d7-4890-9403-9a338390d767/element[39m
[35m[HTTP][39m [90m{"using":"-android uiautomator","value":"new UiScrollable(new UiSelector().scrollable(true).instance(0)).scrollIntoView(new UiSelector().textContains(\"Mujer\"))"}[39m
[35m[HTTP][39m [37m<-- POST /wd/hub/session/49650e28-d8d7-4890-9403-9a338390d767/element [39m[32m200[39m [90m3193 ms - 137[39m
[35m[HTTP][39m [90m[39m
[35m[HTTP][39m [37m-->[39m [37mPOST[39m [37m/wd/hub/session/49650e28-d8d7-4890-9403-9a338390d767/context[39m
[35m[HTTP][39m [90m{"name":"NATIVE_APP"}[39m
[35m[HTTP][39m [37m<-- POST /wd/hub/session/49650e28-d8d7-4890-9403-9a338390d767/context [39m[32m200[39m [90m1 ms - 14[39m
[35m[HTTP][39m [90m[39m
[35m[HTTP][39m [37m-->[39m [37mDELETE[39m [37m/wd/hub/session/49650e28-d8d7-4890-9403-9a338390d767[39m
[35m[HTTP][39m [90m{}[39m
[35m[Appium][39m Removing session 49650e28-d8d7-4890-9403-9a338390d767 from our master session list
[35m[ADB][39m com.banorte.segurosdev was successfully uninstalled
[35m[HTTP][39m [37m<-- DELETE /wd/hub/session/49650e28-d8d7-4890-9403-9a338390d767 [39m[32m200[39m [90m3673 ms - 14[39m
[35m[HTTP][39m [90m[39m
