[35m[Appium][39m Welcome to Appium v1.20.2
[35m[Appium][39m Non-default server args:
[35m[Appium][39m   port: 58486
[35m[Appium][39m   loglevel: info
[35m[Appium][39m   tmpDir: /var/folders/fv/3lsmmqq16cj0hvn9c57pkryc0000gn/T//Katalon/Appium/Temp1615880529560
[35m[Appium][39m   chromedriverPort: 58487
[35m[Appium][39m Deprecated server args:
[35m[Appium][39m   [31m--chromedriver-port[39m => --default-capabilities
[35m[Appium][39m Default capabilities, which will be added to each request unless overridden by desired capabilities:
[35m[Appium][39m   chromedriverPort: 58487
[35m[Appium][39m Appium REST http interface listener started on 0.0.0.0:58486
[35m[HTTP][39m [37m-->[39m [37mGET[39m [37m/wd/hub/status[39m
[35m[HTTP][39m [90m{}[39m
[35m[HTTP][39m [37m<-- GET /wd/hub/status [39m[32m200[39m [90m4 ms - 68[39m
[35m[HTTP][39m [90m[39m
[35m[HTTP][39m [37m-->[39m [37mPOST[39m [37m/wd/hub/session[39m
[35m[HTTP][39m [90m{"desiredCapabilities":{"app":"/Users/a2274333/Downloads/AppClientes_327-clear-preprod-debug.apk","noReset":false,"deviceId":"","deviceName":"HUAWEI HUAWEI (Android 6.0.1)","fullReset":true,"platform":"ANDROID","newCommandTimeout":1800,"platformVersion":"6.0.1","autoGrantPermissions":true,"platformName":"Android","udid":"L5Y7N15A12003367","systemPort":58485},"capabilities":{"firstMatch":[{"appium:app":"/Users/a2274333/Downloads/AppClientes_327-clear-preprod-debug.apk","appium:autoGrantPermissions":true,"deviceId":"","appium:deviceName":"HUAWEI HUAWEI (Android 6.0.1)","appium:fullReset":true,"appium:newCommandTimeout":1800,"appium:noReset":false,"platform":"ANDROID","platformName":"android","appium:platformVersion":"6.0.1","appium:systemPort":58485,"appium:udid":"L5Y7N15A12003367"}]}}[39m
[35m[BaseDriver][39m The following capabilities are not standard capabilities and should have an extension prefix:
[35m[BaseDriver][39m   deviceId
[35m[BaseDriver][39m   platform
[35m[BaseDriver][39m   chromedriverPort
[35m[Appium][39m 
[35m[Appium][39m ======================================================================
[35m[Appium][39m   DEPRECATION WARNING:
[35m[Appium][39m 
[35m[Appium][39m   The 'automationName' capability was not provided in the desired 
[35m[Appium][39m   capabilities for this Android session
[35m[Appium][39m 
[35m[Appium][39m   Setting 'automationName=UiAutomator2' by default and using the 
[35m[Appium][39m   UiAutomator2 Driver
[35m[Appium][39m 
[35m[Appium][39m   The next major version of Appium (2.x) will **require** the 
[35m[Appium][39m   'automationName' capability to be set for all sessions on all 
[35m[Appium][39m   platforms
[35m[Appium][39m 
[35m[Appium][39m   In previous versions (Appium <= 1.13.x), the default was 
[35m[Appium][39m   'automationName=UiAutomator1'
[35m[Appium][39m 
[35m[Appium][39m   If you wish to use that automation instead of UiAutomator2, please 
[35m[Appium][39m   add 'automationName=UiAutomator1' to your desired capabilities
[35m[Appium][39m 
[35m[Appium][39m   For more information about drivers, please visit 
[35m[Appium][39m   http://appium.io/docs/en/about-appium/intro/ and explore the 
[35m[Appium][39m   'Drivers' menu
[35m[Appium][39m 
[35m[Appium][39m ======================================================================
[35m[Appium][39m 
[35m[Appium][39m Appium v1.20.2 creating new AndroidUiautomator2Driver (v1.61.2) session
[35m[BaseDriver][39m The following capabilities were provided, but are not recognized by Appium:
[35m[BaseDriver][39m   deviceId
[35m[BaseDriver][39m   platform
[35m[BaseDriver][39m Session created with session id: c54e0f43-5a21-4192-8473-575a3c50ecd8
[35m[BaseDriver][39m Using local app '/Users/a2274333/Downloads/AppClientes_327-clear-preprod-debug.apk'
[35m[ADB][39m Found 1 'build-tools' folders under '/Users/a2274333/.katalon/tools/android_sdk' (newest first):
[35m[ADB][39m     /Users/a2274333/.katalon/tools/android_sdk/build-tools/29.0.3
[35m[ADB][39m Using 'adb' from '/Users/a2274333/.katalon/tools/android_sdk/platform-tools/adb'
[35m[AndroidDriver][39m Retrieving device list
[35m[AndroidDriver][39m Using device: L5Y7N15A12003367
[35m[ADB][39m Using 'adb' from '/Users/a2274333/.katalon/tools/android_sdk/platform-tools/adb'
[35m[ADB][39m Package name: 'com.banorte.segurosdev'
[35m[ADB][39m Main activity name: 'com.banorte.seguros.vistas.general.EmptyStateScreen'
[35m[AndroidDriver][39m Granting permissions SET_ANIMATION_SCALE,CHANGE_CONFIGURATION,ACCESS_FINE_LOCATION to 'io.appium.settings'
[35m[ADB][39m Using 'apksigner.jar' from '/Users/a2274333/.katalon/tools/android_sdk/build-tools/29.0.3/lib/apksigner.jar'
[35m[ADB][39m '/Users/a2274333/node_modules/appium/node_modules/appium-uiautomator2-server/apks/appium-uiautomator2-server-v4.17.4.apk' is signed with the default certificate
[35m[ADB][39m '/Users/a2274333/node_modules/appium/node_modules/appium-uiautomator2-server/apks/appium-uiautomator2-server-debug-androidTest.apk' is signed with the default certificate
[35m[UiAutomator2][39m Server packages are not going to be (re)installed
[35m[ADB][39m Adding packages ["io.appium.settings","io.appium.uiautomator2.server","io.appium.uiautomator2.server.test"] to Doze whitelist
[35m[ADB][39m '/Users/a2274333/Downloads/AppClientes_327-clear-preprod-debug.apk' is signed with a non-default certificate
[35m[ADB][39m com.banorte.segurosdev was not uninstalled, because it was not present on the device
[35m[ADB][39m The application at '/Users/a2274333/Downloads/AppClientes_327-clear-preprod-debug.apk' is already cached to '/data/local/tmp/appium_cache/940849ba0c1b2fd651806cef90e91f0cb398620f.apk'
[35m[ADB][39m The installation of 'AppClientes_327-clear-preprod-debug.apk' took 35480ms
[35m[UiAutomator2][39m Starting UIAutomator2 server 4.17.4
[35m[UiAutomator2][39m Using UIAutomator2 server from '/Users/a2274333/node_modules/appium/node_modules/appium-uiautomator2-server/apks/appium-uiautomator2-server-v4.17.4.apk' and test from '/Users/a2274333/node_modules/appium/node_modules/appium-uiautomator2-server/apks/appium-uiautomator2-server-debug-androidTest.apk'
[35m[UiAutomator2][39m Waiting up to 30000ms for UiAutomator2 to be online...
[35m[WD Proxy][39m socket hang up
[35m[WD Proxy][39m socket hang up
[35m[WD Proxy][39m socket hang up
[35m[WD Proxy][39m socket hang up
[35m[WD Proxy][39m Determined the downstream protocol as 'W3C'
[35m[AndroidDriver][39m Screen already unlocked, doing nothing
[35m[UiAutomator2][39m Starting 'com.banorte.segurosdev/com.banorte.seguros.vistas.general.EmptyStateScreen and waiting for 'com.banorte.segurosdev/com.banorte.seguros.vistas.general.EmptyStateScreen'
[35m[Appium][39m New AndroidUiautomator2Driver session created successfully, session c54e0f43-5a21-4192-8473-575a3c50ecd8 added to master session list
[35m[HTTP][39m [37m<-- POST /wd/hub/session [39m[32m200[39m [90m55197 ms - 1269[39m
[35m[HTTP][39m [90m[39m
[35m[HTTP][39m [37m-->[39m [37mGET[39m [37m/wd/hub/session/c54e0f43-5a21-4192-8473-575a3c50ecd8[39m
[35m[HTTP][39m [90m{}[39m
[35m[HTTP][39m [37m<-- GET /wd/hub/session/c54e0f43-5a21-4192-8473-575a3c50ecd8 [39m[32m200[39m [90m11 ms - 1223[39m
[35m[HTTP][39m [90m[39m
[35m[HTTP][39m [37m-->[39m [37mGET[39m [37m/wd/hub/session/c54e0f43-5a21-4192-8473-575a3c50ecd8[39m
[35m[HTTP][39m [90m{}[39m
[35m[HTTP][39m [37m<-- GET /wd/hub/session/c54e0f43-5a21-4192-8473-575a3c50ecd8 [39m[32m200[39m [90m10 ms - 1223[39m
[35m[HTTP][39m [90m[39m
[35m[HTTP][39m [37m-->[39m [37mGET[39m [37m/wd/hub/status[39m
[35m[HTTP][39m [90m{}[39m
[35m[HTTP][39m [37m<-- GET /wd/hub/status [39m[32m200[39m [90m1 ms - 68[39m
[35m[HTTP][39m [90m[39m
[35m[HTTP][39m [37m-->[39m [37mPOST[39m [37m/wd/hub/session/c54e0f43-5a21-4192-8473-575a3c50ecd8/timeouts[39m
[35m[HTTP][39m [90m{"implicit":30000}[39m
[35m[HTTP][39m [37m<-- POST /wd/hub/session/c54e0f43-5a21-4192-8473-575a3c50ecd8/timeouts [39m[32m200[39m [90m2 ms - 14[39m
[35m[HTTP][39m [90m[39m
[35m[HTTP][39m [37m-->[39m [37mGET[39m [37m/wd/hub/session/c54e0f43-5a21-4192-8473-575a3c50ecd8/screenshot[39m
[35m[HTTP][39m [90m{}[39m
[35m[HTTP][39m [37m<-- GET /wd/hub/session/c54e0f43-5a21-4192-8473-575a3c50ecd8/screenshot [39m[32m200[39m [90m477 ms - 40884[39m
[35m[HTTP][39m [90m[39m
[35m[HTTP][39m [37m-->[39m [37mGET[39m [37m/wd/hub/session/c54e0f43-5a21-4192-8473-575a3c50ecd8/window/rect[39m
[35m[HTTP][39m [90m{}[39m
[35m[HTTP][39m [37m<-- GET /wd/hub/session/c54e0f43-5a21-4192-8473-575a3c50ecd8/window/rect [39m[32m200[39m [90m15 ms - 49[39m
[35m[HTTP][39m [90m[39m
[35m[HTTP][39m [37m-->[39m [37mGET[39m [37m/wd/hub/session/c54e0f43-5a21-4192-8473-575a3c50ecd8/appium/device/system_bars[39m
[35m[HTTP][39m [90m{}[39m
[35m[HTTP][39m [37m<-- GET /wd/hub/session/c54e0f43-5a21-4192-8473-575a3c50ecd8/appium/device/system_bars [39m[32m200[39m [90m56 ms - 148[39m
[35m[HTTP][39m [90m[39m
[35m[HTTP][39m [37m-->[39m [37mPOST[39m [37m/wd/hub/session/c54e0f43-5a21-4192-8473-575a3c50ecd8/timeouts[39m
[35m[HTTP][39m [90m{"implicit":50}[39m
[35m[HTTP][39m [37m<-- POST /wd/hub/session/c54e0f43-5a21-4192-8473-575a3c50ecd8/timeouts [39m[32m200[39m [90m2 ms - 14[39m
[35m[HTTP][39m [90m[39m
[35m[HTTP][39m [37m-->[39m [37mGET[39m [37m/wd/hub/session/c54e0f43-5a21-4192-8473-575a3c50ecd8/window/rect[39m
[35m[HTTP][39m [90m{}[39m
[35m[HTTP][39m [37m<-- GET /wd/hub/session/c54e0f43-5a21-4192-8473-575a3c50ecd8/window/rect [39m[32m200[39m [90m11 ms - 49[39m
[35m[HTTP][39m [90m[39m
[35m[HTTP][39m [37m-->[39m [37mPOST[39m [37m/wd/hub/session/c54e0f43-5a21-4192-8473-575a3c50ecd8/elements[39m
[35m[HTTP][39m [90m{"using":"xpath","value":"//*[@class = 'android.widget.Button' and (@text = 'Permitir' or . = 'Permitir') and @resource-id = 'android:id/button1']"}[39m
[35m[HTTP][39m [37m<-- POST /wd/hub/session/c54e0f43-5a21-4192-8473-575a3c50ecd8/elements [39m[32m200[39m [90m321 ms - 139[39m
[35m[HTTP][39m [90m[39m
[35m[HTTP][39m [37m-->[39m [37mGET[39m [37m/wd/hub/session/c54e0f43-5a21-4192-8473-575a3c50ecd8/element/2d6f858c-f0dd-4550-901d-6265567a9a56/location[39m
[35m[HTTP][39m [90m{}[39m
[35m[W3C (c54e0f43)][39m Driver proxy active, passing request on via HTTP proxy
[35m[WD Proxy][39m Replacing sessionId ffd594d9-a98d-4ba8-95a0-918cb90afeb8 with c54e0f43-5a21-4192-8473-575a3c50ecd8
[35m[HTTP][39m [37m<-- GET /wd/hub/session/c54e0f43-5a21-4192-8473-575a3c50ecd8/element/2d6f858c-f0dd-4550-901d-6265567a9a56/location [39m[32m200[39m [90m29 ms - 78[39m
[35m[HTTP][39m [90m[39m
[35m[HTTP][39m [37m-->[39m [37mPOST[39m [37m/wd/hub/session/c54e0f43-5a21-4192-8473-575a3c50ecd8/timeouts[39m
[35m[HTTP][39m [90m{"implicit":30000}[39m
[35m[HTTP][39m [37m<-- POST /wd/hub/session/c54e0f43-5a21-4192-8473-575a3c50ecd8/timeouts [39m[32m200[39m [90m1 ms - 14[39m
[35m[HTTP][39m [90m[39m
[35m[HTTP][39m [37m-->[39m [37mPOST[39m [37m/wd/hub/session/c54e0f43-5a21-4192-8473-575a3c50ecd8/touch/perform[39m
[35m[HTTP][39m [90m{"actions":[{"action":"tap","options":{"x":1,"y":1,"element":"2d6f858c-f0dd-4550-901d-6265567a9a56"}},{"action":"release","options":{}}]}[39m
[35m[UiAutomator2][39m calling get location: 2d6f858c-f0dd-4550-901d-6265567a9a56
[35m[HTTP][39m [37m<-- POST /wd/hub/session/c54e0f43-5a21-4192-8473-575a3c50ecd8/touch/perform [39m[32m200[39m [90m1615 ms - 14[39m
[35m[HTTP][39m [90m[39m
[35m[HTTP][39m [37m-->[39m [37mPOST[39m [37m/wd/hub/session/c54e0f43-5a21-4192-8473-575a3c50ecd8/timeouts[39m
[35m[HTTP][39m [90m{"implicit":50}[39m
[35m[HTTP][39m [37m<-- POST /wd/hub/session/c54e0f43-5a21-4192-8473-575a3c50ecd8/timeouts [39m[32m200[39m [90m1 ms - 14[39m
[35m[HTTP][39m [90m[39m
[35m[HTTP][39m [37m-->[39m [37mGET[39m [37m/wd/hub/session/c54e0f43-5a21-4192-8473-575a3c50ecd8/window/rect[39m
[35m[HTTP][39m [90m{}[39m
[35m[HTTP][39m [37m<-- GET /wd/hub/session/c54e0f43-5a21-4192-8473-575a3c50ecd8/window/rect [39m[32m200[39m [90m12 ms - 49[39m
[35m[HTTP][39m [90m[39m
[35m[HTTP][39m [37m-->[39m [37mPOST[39m [37m/wd/hub/session/c54e0f43-5a21-4192-8473-575a3c50ecd8/elements[39m
[35m[HTTP][39m [90m{"using":"xpath","value":"//*[@class = 'android.widget.Button' and (@text = 'Allow' or . = 'Allow') and @resource-id = 'com.android.packageinstaller:id/permission_allow_button']"}[39m
[35m[HTTP][39m [37m<-- POST /wd/hub/session/c54e0f43-5a21-4192-8473-575a3c50ecd8/elements [39m[32m200[39m [90m50 ms - 139[39m
[35m[HTTP][39m [90m[39m
[35m[HTTP][39m [37m-->[39m [37mGET[39m [37m/wd/hub/session/c54e0f43-5a21-4192-8473-575a3c50ecd8/element/39aa672b-779e-4316-8b31-8bcd635df4e3/location[39m
[35m[HTTP][39m [90m{}[39m
[35m[W3C (c54e0f43)][39m Driver proxy active, passing request on via HTTP proxy
[35m[WD Proxy][39m Replacing sessionId ffd594d9-a98d-4ba8-95a0-918cb90afeb8 with c54e0f43-5a21-4192-8473-575a3c50ecd8
[35m[HTTP][39m [37m<-- GET /wd/hub/session/c54e0f43-5a21-4192-8473-575a3c50ecd8/element/39aa672b-779e-4316-8b31-8bcd635df4e3/location [39m[32m200[39m [90m26 ms - 78[39m
[35m[HTTP][39m [90m[39m
[35m[HTTP][39m [37m-->[39m [37mPOST[39m [37m/wd/hub/session/c54e0f43-5a21-4192-8473-575a3c50ecd8/timeouts[39m
[35m[HTTP][39m [90m{"implicit":30000}[39m
[35m[HTTP][39m [37m<-- POST /wd/hub/session/c54e0f43-5a21-4192-8473-575a3c50ecd8/timeouts [39m[32m200[39m [90m1 ms - 14[39m
[35m[HTTP][39m [90m[39m
[35m[HTTP][39m [37m-->[39m [37mPOST[39m [37m/wd/hub/session/c54e0f43-5a21-4192-8473-575a3c50ecd8/touch/perform[39m
[35m[HTTP][39m [90m{"actions":[{"action":"tap","options":{"x":1,"y":1,"element":"39aa672b-779e-4316-8b31-8bcd635df4e3"}},{"action":"release","options":{}}]}[39m
[35m[UiAutomator2][39m calling get location: 39aa672b-779e-4316-8b31-8bcd635df4e3
[35m[HTTP][39m [37m<-- POST /wd/hub/session/c54e0f43-5a21-4192-8473-575a3c50ecd8/touch/perform [39m[32m200[39m [90m1603 ms - 14[39m
[35m[HTTP][39m [90m[39m
[35m[HTTP][39m [37m-->[39m [37mGET[39m [37m/wd/hub/session/c54e0f43-5a21-4192-8473-575a3c50ecd8/context[39m
[35m[HTTP][39m [90m{}[39m
[35m[HTTP][39m [37m<-- GET /wd/hub/session/c54e0f43-5a21-4192-8473-575a3c50ecd8/context [39m[32m200[39m [90m1 ms - 22[39m
[35m[HTTP][39m [90m[39m
[35m[HTTP][39m [37m-->[39m [37mGET[39m [37m/wd/hub/session/c54e0f43-5a21-4192-8473-575a3c50ecd8/contexts[39m
[35m[HTTP][39m [90m{}[39m
[35m[HTTP][39m [37m<-- GET /wd/hub/session/c54e0f43-5a21-4192-8473-575a3c50ecd8/contexts [39m[32m200[39m [90m48 ms - 24[39m
[35m[HTTP][39m [90m[39m
[35m[HTTP][39m [37m-->[39m [37mPOST[39m [37m/wd/hub/session/c54e0f43-5a21-4192-8473-575a3c50ecd8/context[39m
[35m[HTTP][39m [90m{"name":"NATIVE_APP"}[39m
[35m[HTTP][39m [37m<-- POST /wd/hub/session/c54e0f43-5a21-4192-8473-575a3c50ecd8/context [39m[32m200[39m [90m1 ms - 14[39m
[35m[HTTP][39m [90m[39m
[35m[HTTP][39m [37m-->[39m [37mGET[39m [37m/wd/hub/session/c54e0f43-5a21-4192-8473-575a3c50ecd8/screenshot[39m
[35m[HTTP][39m [90m{}[39m
[35m[HTTP][39m [37m<-- GET /wd/hub/session/c54e0f43-5a21-4192-8473-575a3c50ecd8/screenshot [39m[32m200[39m [90m2339 ms - 1339720[39m
[35m[HTTP][39m [90m[39m
[35m[HTTP][39m [37m-->[39m [37mPOST[39m [37m/wd/hub/session/c54e0f43-5a21-4192-8473-575a3c50ecd8/context[39m
[35m[HTTP][39m [90m{"name":"NATIVE_APP"}[39m
[35m[HTTP][39m [37m<-- POST /wd/hub/session/c54e0f43-5a21-4192-8473-575a3c50ecd8/context [39m[32m200[39m [90m1 ms - 14[39m
[35m[HTTP][39m [90m[39m
[35m[HTTP][39m [37m-->[39m [37mPOST[39m [37m/wd/hub/session/c54e0f43-5a21-4192-8473-575a3c50ecd8/timeouts[39m
[35m[HTTP][39m [90m{"implicit":50}[39m
[35m[HTTP][39m [37m<-- POST /wd/hub/session/c54e0f43-5a21-4192-8473-575a3c50ecd8/timeouts [39m[32m200[39m [90m1 ms - 14[39m
[35m[HTTP][39m [90m[39m
[35m[HTTP][39m [37m-->[39m [37mGET[39m [37m/wd/hub/session/c54e0f43-5a21-4192-8473-575a3c50ecd8/window/rect[39m
[35m[HTTP][39m [90m{}[39m
[35m[HTTP][39m [37m<-- GET /wd/hub/session/c54e0f43-5a21-4192-8473-575a3c50ecd8/window/rect [39m[32m200[39m [90m14 ms - 49[39m
[35m[HTTP][39m [90m[39m
[35m[HTTP][39m [37m-->[39m [37mPOST[39m [37m/wd/hub/session/c54e0f43-5a21-4192-8473-575a3c50ecd8/elements[39m
[35m[HTTP][39m [90m{"using":"xpath","value":"//*[@class = 'android.widget.Button' and (@text = 'Iniciar Sesión' or . = 'Iniciar Sesión') and @resource-id = 'com.banorte.segurosdev:id/btn_inicio']"}[39m
[35m[HTTP][39m [37m<-- POST /wd/hub/session/c54e0f43-5a21-4192-8473-575a3c50ecd8/elements [39m[32m200[39m [90m54 ms - 139[39m
[35m[HTTP][39m [90m[39m
[35m[HTTP][39m [37m-->[39m [37mGET[39m [37m/wd/hub/session/c54e0f43-5a21-4192-8473-575a3c50ecd8/element/a5bf5dc2-9aee-4ebb-af36-fab81f95251b/location[39m
[35m[HTTP][39m [90m{}[39m
[35m[W3C (c54e0f43)][39m Driver proxy active, passing request on via HTTP proxy
[35m[WD Proxy][39m Replacing sessionId ffd594d9-a98d-4ba8-95a0-918cb90afeb8 with c54e0f43-5a21-4192-8473-575a3c50ecd8
[35m[HTTP][39m [37m<-- GET /wd/hub/session/c54e0f43-5a21-4192-8473-575a3c50ecd8/element/a5bf5dc2-9aee-4ebb-af36-fab81f95251b/location [39m[32m200[39m [90m15 ms - 79[39m
[35m[HTTP][39m [90m[39m
[35m[HTTP][39m [37m-->[39m [37mPOST[39m [37m/wd/hub/session/c54e0f43-5a21-4192-8473-575a3c50ecd8/timeouts[39m
[35m[HTTP][39m [90m{"implicit":30000}[39m
[35m[HTTP][39m [37m<-- POST /wd/hub/session/c54e0f43-5a21-4192-8473-575a3c50ecd8/timeouts [39m[32m200[39m [90m1 ms - 14[39m
[35m[HTTP][39m [90m[39m
[35m[HTTP][39m [37m-->[39m [37mPOST[39m [37m/wd/hub/session/c54e0f43-5a21-4192-8473-575a3c50ecd8/touch/perform[39m
[35m[HTTP][39m [90m{"actions":[{"action":"tap","options":{"x":1,"y":1,"element":"a5bf5dc2-9aee-4ebb-af36-fab81f95251b"}},{"action":"release","options":{}}]}[39m
[35m[UiAutomator2][39m calling get location: a5bf5dc2-9aee-4ebb-af36-fab81f95251b
[35m[HTTP][39m [37m<-- POST /wd/hub/session/c54e0f43-5a21-4192-8473-575a3c50ecd8/touch/perform [39m[32m200[39m [90m150 ms - 14[39m
[35m[HTTP][39m [90m[39m
[35m[HTTP][39m [37m-->[39m [37mGET[39m [37m/wd/hub/session/c54e0f43-5a21-4192-8473-575a3c50ecd8/context[39m
[35m[HTTP][39m [90m{}[39m
[35m[HTTP][39m [37m<-- GET /wd/hub/session/c54e0f43-5a21-4192-8473-575a3c50ecd8/context [39m[32m200[39m [90m1 ms - 22[39m
[35m[HTTP][39m [90m[39m
[35m[HTTP][39m [37m-->[39m [37mGET[39m [37m/wd/hub/session/c54e0f43-5a21-4192-8473-575a3c50ecd8/contexts[39m
[35m[HTTP][39m [90m{}[39m
[35m[HTTP][39m [37m<-- GET /wd/hub/session/c54e0f43-5a21-4192-8473-575a3c50ecd8/contexts [39m[32m200[39m [90m67 ms - 24[39m
[35m[HTTP][39m [90m[39m
[35m[HTTP][39m [37m-->[39m [37mPOST[39m [37m/wd/hub/session/c54e0f43-5a21-4192-8473-575a3c50ecd8/context[39m
[35m[HTTP][39m [90m{"name":"NATIVE_APP"}[39m
[35m[HTTP][39m [37m<-- POST /wd/hub/session/c54e0f43-5a21-4192-8473-575a3c50ecd8/context [39m[32m200[39m [90m1 ms - 14[39m
[35m[HTTP][39m [90m[39m
[35m[HTTP][39m [37m-->[39m [37mGET[39m [37m/wd/hub/session/c54e0f43-5a21-4192-8473-575a3c50ecd8/screenshot[39m
[35m[HTTP][39m [90m{}[39m
[35m[HTTP][39m [37m<-- GET /wd/hub/session/c54e0f43-5a21-4192-8473-575a3c50ecd8/screenshot [39m[32m200[39m [90m1307 ms - 688178[39m
[35m[HTTP][39m [90m[39m
[35m[HTTP][39m [37m-->[39m [37mPOST[39m [37m/wd/hub/session/c54e0f43-5a21-4192-8473-575a3c50ecd8/context[39m
[35m[HTTP][39m [90m{"name":"NATIVE_APP"}[39m
[35m[HTTP][39m [37m<-- POST /wd/hub/session/c54e0f43-5a21-4192-8473-575a3c50ecd8/context [39m[32m200[39m [90m1 ms - 14[39m
[35m[HTTP][39m [90m[39m
[35m[HTTP][39m [37m-->[39m [37mPOST[39m [37m/wd/hub/session/c54e0f43-5a21-4192-8473-575a3c50ecd8/timeouts[39m
[35m[HTTP][39m [90m{"implicit":50}[39m
[35m[HTTP][39m [37m<-- POST /wd/hub/session/c54e0f43-5a21-4192-8473-575a3c50ecd8/timeouts [39m[32m200[39m [90m8 ms - 14[39m
[35m[HTTP][39m [90m[39m
[35m[HTTP][39m [37m-->[39m [37mGET[39m [37m/wd/hub/session/c54e0f43-5a21-4192-8473-575a3c50ecd8/window/rect[39m
[35m[HTTP][39m [90m{}[39m
[35m[HTTP][39m [37m<-- GET /wd/hub/session/c54e0f43-5a21-4192-8473-575a3c50ecd8/window/rect [39m[32m200[39m [90m13 ms - 49[39m
[35m[HTTP][39m [90m[39m
[35m[HTTP][39m [37m-->[39m [37mPOST[39m [37m/wd/hub/session/c54e0f43-5a21-4192-8473-575a3c50ecd8/elements[39m
[35m[HTTP][39m [90m{"using":"xpath","value":"//*[@class = 'android.widget.EditText' and @resource-id = 'com.banorte.segurosdev:id/login_txt_usuario' and (@text = '' or . = '')]"}[39m
[35m[HTTP][39m [37m<-- POST /wd/hub/session/c54e0f43-5a21-4192-8473-575a3c50ecd8/elements [39m[32m200[39m [90m71 ms - 139[39m
[35m[HTTP][39m [90m[39m
[35m[HTTP][39m [37m-->[39m [37mGET[39m [37m/wd/hub/session/c54e0f43-5a21-4192-8473-575a3c50ecd8/element/fad5486a-f543-4ddb-8883-30ee840d6f46/location[39m
[35m[HTTP][39m [90m{}[39m
[35m[W3C (c54e0f43)][39m Driver proxy active, passing request on via HTTP proxy
[35m[WD Proxy][39m Replacing sessionId ffd594d9-a98d-4ba8-95a0-918cb90afeb8 with c54e0f43-5a21-4192-8473-575a3c50ecd8
[35m[HTTP][39m [37m<-- GET /wd/hub/session/c54e0f43-5a21-4192-8473-575a3c50ecd8/element/fad5486a-f543-4ddb-8883-30ee840d6f46/location [39m[32m200[39m [90m16 ms - 77[39m
[35m[HTTP][39m [90m[39m
[35m[HTTP][39m [37m-->[39m [37mPOST[39m [37m/wd/hub/session/c54e0f43-5a21-4192-8473-575a3c50ecd8/timeouts[39m
[35m[HTTP][39m [90m{"implicit":30000}[39m
[35m[HTTP][39m [37m<-- POST /wd/hub/session/c54e0f43-5a21-4192-8473-575a3c50ecd8/timeouts [39m[32m200[39m [90m1 ms - 14[39m
[35m[HTTP][39m [90m[39m
[35m[HTTP][39m [37m-->[39m [37mPOST[39m [37m/wd/hub/session/c54e0f43-5a21-4192-8473-575a3c50ecd8/element/fad5486a-f543-4ddb-8883-30ee840d6f46/clear[39m
[35m[HTTP][39m [90m{"id":"fad5486a-f543-4ddb-8883-30ee840d6f46"}[39m
[35m[HTTP][39m [37m<-- POST /wd/hub/session/c54e0f43-5a21-4192-8473-575a3c50ecd8/element/fad5486a-f543-4ddb-8883-30ee840d6f46/clear [39m[32m200[39m [90m26 ms - 14[39m
[35m[HTTP][39m [90m[39m
[35m[HTTP][39m [37m-->[39m [37mPOST[39m [37m/wd/hub/session/c54e0f43-5a21-4192-8473-575a3c50ecd8/element/fad5486a-f543-4ddb-8883-30ee840d6f46/value[39m
[35m[HTTP][39m [90m{"id":"fad5486a-f543-4ddb-8883-30ee840d6f46","text":"testing.syp@banorte.com","value":["t","e","s","t","i","n","g",".","s","y","p","@","b","a","n","o","r","t","e",".","c","o","m"]}[39m
[35m[HTTP][39m [37m<-- POST /wd/hub/session/c54e0f43-5a21-4192-8473-575a3c50ecd8/element/fad5486a-f543-4ddb-8883-30ee840d6f46/value [39m[32m200[39m [90m518 ms - 14[39m
[35m[HTTP][39m [90m[39m
[35m[HTTP][39m [37m-->[39m [37mPOST[39m [37m/wd/hub/session/c54e0f43-5a21-4192-8473-575a3c50ecd8/timeouts[39m
[35m[HTTP][39m [90m{"implicit":50}[39m
[35m[HTTP][39m [37m<-- POST /wd/hub/session/c54e0f43-5a21-4192-8473-575a3c50ecd8/timeouts [39m[32m200[39m [90m2 ms - 14[39m
[35m[HTTP][39m [90m[39m
[35m[HTTP][39m [37m-->[39m [37mGET[39m [37m/wd/hub/session/c54e0f43-5a21-4192-8473-575a3c50ecd8/window/rect[39m
[35m[HTTP][39m [90m{}[39m
[35m[HTTP][39m [37m<-- GET /wd/hub/session/c54e0f43-5a21-4192-8473-575a3c50ecd8/window/rect [39m[32m200[39m [90m14 ms - 49[39m
[35m[HTTP][39m [90m[39m
[35m[HTTP][39m [37m-->[39m [37mPOST[39m [37m/wd/hub/session/c54e0f43-5a21-4192-8473-575a3c50ecd8/elements[39m
[35m[HTTP][39m [90m{"using":"xpath","value":"//*[@class = 'android.widget.EditText' and @resource-id = 'com.banorte.segurosdev:id/login_txt_contrasena' and (@text = '' or . = '')]"}[39m
[35m[HTTP][39m [37m<-- POST /wd/hub/session/c54e0f43-5a21-4192-8473-575a3c50ecd8/elements [39m[32m200[39m [90m454 ms - 139[39m
[35m[HTTP][39m [90m[39m
[35m[HTTP][39m [37m-->[39m [37mGET[39m [37m/wd/hub/session/c54e0f43-5a21-4192-8473-575a3c50ecd8/element/d9f506b5-7e8e-4c30-b6ff-f40bb4f18b7e/location[39m
[35m[HTTP][39m [90m{}[39m
[35m[W3C (c54e0f43)][39m Driver proxy active, passing request on via HTTP proxy
[35m[WD Proxy][39m Replacing sessionId ffd594d9-a98d-4ba8-95a0-918cb90afeb8 with c54e0f43-5a21-4192-8473-575a3c50ecd8
[35m[HTTP][39m [37m<-- GET /wd/hub/session/c54e0f43-5a21-4192-8473-575a3c50ecd8/element/d9f506b5-7e8e-4c30-b6ff-f40bb4f18b7e/location [39m[32m200[39m [90m13 ms - 77[39m
[35m[HTTP][39m [90m[39m
[35m[HTTP][39m [37m-->[39m [37mPOST[39m [37m/wd/hub/session/c54e0f43-5a21-4192-8473-575a3c50ecd8/timeouts[39m
[35m[HTTP][39m [90m{"implicit":30000}[39m
[35m[HTTP][39m [37m<-- POST /wd/hub/session/c54e0f43-5a21-4192-8473-575a3c50ecd8/timeouts [39m[32m200[39m [90m1 ms - 14[39m
[35m[HTTP][39m [90m[39m
[35m[HTTP][39m [37m-->[39m [37mPOST[39m [37m/wd/hub/session/c54e0f43-5a21-4192-8473-575a3c50ecd8/element/d9f506b5-7e8e-4c30-b6ff-f40bb4f18b7e/clear[39m
[35m[HTTP][39m [90m{"id":"d9f506b5-7e8e-4c30-b6ff-f40bb4f18b7e"}[39m
[35m[HTTP][39m [37m<-- POST /wd/hub/session/c54e0f43-5a21-4192-8473-575a3c50ecd8/element/d9f506b5-7e8e-4c30-b6ff-f40bb4f18b7e/clear [39m[32m200[39m [90m22 ms - 14[39m
[35m[HTTP][39m [90m[39m
[35m[HTTP][39m [37m-->[39m [37mPOST[39m [37m/wd/hub/session/c54e0f43-5a21-4192-8473-575a3c50ecd8/element/d9f506b5-7e8e-4c30-b6ff-f40bb4f18b7e/value[39m
[35m[HTTP][39m [90m{"id":"d9f506b5-7e8e-4c30-b6ff-f40bb4f18b7e","text":"Passw0rd","value":["P","a","s","s","w","0","r","d"]}[39m
[35m[HTTP][39m [37m<-- POST /wd/hub/session/c54e0f43-5a21-4192-8473-575a3c50ecd8/element/d9f506b5-7e8e-4c30-b6ff-f40bb4f18b7e/value [39m[32m200[39m [90m520 ms - 14[39m
[35m[HTTP][39m [90m[39m
[35m[HTTP][39m [37m-->[39m [37mPOST[39m [37m/wd/hub/session/c54e0f43-5a21-4192-8473-575a3c50ecd8/timeouts[39m
[35m[HTTP][39m [90m{"implicit":50}[39m
[35m[HTTP][39m [37m<-- POST /wd/hub/session/c54e0f43-5a21-4192-8473-575a3c50ecd8/timeouts [39m[32m200[39m [90m1 ms - 14[39m
[35m[HTTP][39m [90m[39m
[35m[HTTP][39m [37m-->[39m [37mGET[39m [37m/wd/hub/session/c54e0f43-5a21-4192-8473-575a3c50ecd8/window/rect[39m
[35m[HTTP][39m [90m{}[39m
[35m[HTTP][39m [37m<-- GET /wd/hub/session/c54e0f43-5a21-4192-8473-575a3c50ecd8/window/rect [39m[32m200[39m [90m16 ms - 49[39m
[35m[HTTP][39m [90m[39m
[35m[HTTP][39m [37m-->[39m [37mPOST[39m [37m/wd/hub/session/c54e0f43-5a21-4192-8473-575a3c50ecd8/elements[39m
[35m[HTTP][39m [90m{"using":"xpath","value":"//*[@class = 'android.widget.Button' and (@text = 'Ingresar' or . = 'Ingresar') and @resource-id = 'com.banorte.segurosdev:id/btn_iniciar_sesion']"}[39m
[35m[HTTP][39m [37m<-- POST /wd/hub/session/c54e0f43-5a21-4192-8473-575a3c50ecd8/elements [39m[32m200[39m [90m448 ms - 139[39m
[35m[HTTP][39m [90m[39m
[35m[HTTP][39m [37m-->[39m [37mGET[39m [37m/wd/hub/session/c54e0f43-5a21-4192-8473-575a3c50ecd8/element/2977e7b6-c461-434d-b16e-e73e9ecdfb70/location[39m
[35m[HTTP][39m [90m{}[39m
[35m[W3C (c54e0f43)][39m Driver proxy active, passing request on via HTTP proxy
[35m[WD Proxy][39m Replacing sessionId ffd594d9-a98d-4ba8-95a0-918cb90afeb8 with c54e0f43-5a21-4192-8473-575a3c50ecd8
[35m[HTTP][39m [37m<-- GET /wd/hub/session/c54e0f43-5a21-4192-8473-575a3c50ecd8/element/2977e7b6-c461-434d-b16e-e73e9ecdfb70/location [39m[32m200[39m [90m14 ms - 77[39m
[35m[HTTP][39m [90m[39m
[35m[HTTP][39m [37m-->[39m [37mPOST[39m [37m/wd/hub/session/c54e0f43-5a21-4192-8473-575a3c50ecd8/timeouts[39m
[35m[HTTP][39m [90m{"implicit":30000}[39m
[35m[HTTP][39m [37m<-- POST /wd/hub/session/c54e0f43-5a21-4192-8473-575a3c50ecd8/timeouts [39m[32m200[39m [90m1 ms - 14[39m
[35m[HTTP][39m [90m[39m
[35m[HTTP][39m [37m-->[39m [37mPOST[39m [37m/wd/hub/session/c54e0f43-5a21-4192-8473-575a3c50ecd8/touch/perform[39m
[35m[HTTP][39m [90m{"actions":[{"action":"tap","options":{"x":1,"y":1,"element":"2977e7b6-c461-434d-b16e-e73e9ecdfb70"}},{"action":"release","options":{}}]}[39m
[35m[UiAutomator2][39m calling get location: 2977e7b6-c461-434d-b16e-e73e9ecdfb70
[35m[HTTP][39m [37m<-- POST /wd/hub/session/c54e0f43-5a21-4192-8473-575a3c50ecd8/touch/perform [39m[32m200[39m [90m138 ms - 14[39m
[35m[HTTP][39m [90m[39m
[35m[HTTP][39m [37m-->[39m [37mGET[39m [37m/wd/hub/session/c54e0f43-5a21-4192-8473-575a3c50ecd8/context[39m
[35m[HTTP][39m [90m{}[39m
[35m[HTTP][39m [37m<-- GET /wd/hub/session/c54e0f43-5a21-4192-8473-575a3c50ecd8/context [39m[32m200[39m [90m1 ms - 22[39m
[35m[HTTP][39m [90m[39m
[35m[HTTP][39m [37m-->[39m [37mGET[39m [37m/wd/hub/session/c54e0f43-5a21-4192-8473-575a3c50ecd8/contexts[39m
[35m[HTTP][39m [90m{}[39m
[35m[HTTP][39m [37m<-- GET /wd/hub/session/c54e0f43-5a21-4192-8473-575a3c50ecd8/contexts [39m[32m200[39m [90m59 ms - 24[39m
[35m[HTTP][39m [90m[39m
[35m[HTTP][39m [37m-->[39m [37mPOST[39m [37m/wd/hub/session/c54e0f43-5a21-4192-8473-575a3c50ecd8/context[39m
[35m[HTTP][39m [90m{"name":"NATIVE_APP"}[39m
[35m[HTTP][39m [37m<-- POST /wd/hub/session/c54e0f43-5a21-4192-8473-575a3c50ecd8/context [39m[32m200[39m [90m1 ms - 14[39m
[35m[HTTP][39m [90m[39m
[35m[HTTP][39m [37m-->[39m [37mGET[39m [37m/wd/hub/session/c54e0f43-5a21-4192-8473-575a3c50ecd8/screenshot[39m
[35m[HTTP][39m [90m{}[39m
[35m[HTTP][39m [37m<-- GET /wd/hub/session/c54e0f43-5a21-4192-8473-575a3c50ecd8/screenshot [39m[32m200[39m [90m1346 ms - 677258[39m
[35m[HTTP][39m [90m[39m
[35m[HTTP][39m [37m-->[39m [37mPOST[39m [37m/wd/hub/session/c54e0f43-5a21-4192-8473-575a3c50ecd8/context[39m
[35m[HTTP][39m [90m{"name":"NATIVE_APP"}[39m
[35m[HTTP][39m [37m<-- POST /wd/hub/session/c54e0f43-5a21-4192-8473-575a3c50ecd8/context [39m[32m200[39m [90m1 ms - 14[39m
[35m[HTTP][39m [90m[39m
[35m[HTTP][39m [37m-->[39m [37mDELETE[39m [37m/wd/hub/session/c54e0f43-5a21-4192-8473-575a3c50ecd8[39m
[35m[HTTP][39m [90m{}[39m
[35m[Appium][39m Removing session c54e0f43-5a21-4192-8473-575a3c50ecd8 from our master session list
[35m[ADB][39m com.banorte.segurosdev was successfully uninstalled
[35m[HTTP][39m [37m<-- DELETE /wd/hub/session/c54e0f43-5a21-4192-8473-575a3c50ecd8 [39m[32m200[39m [90m3868 ms - 14[39m
[35m[HTTP][39m [90m[39m
